#======================================================================#
#| [1m             Welcome to ForceBalance version 1.2! =D              [0m |#
#| [1m                 Force Field Optimization System                  [0m |#
#| [1m               Author: Lee-Ping Wang, Arthur Vigil                [0m |#
#======================================================================#

                          [44m     [0m                                        
                       [44m        [0m      [43m     [0m                              
                    [44m        [0m   [44m  [0m    [43m         [0m                          
                 [44m       [0m    [44m      [0m      [43m         [0m                       
             [44m        [0m    [44m        [0m          [43m         [0m                    
          [44m        [0m    [44m        [0m                 [43m        [0m                 
       [44m        [0m    [44m       [0m                        [43m        [0m              
    [44m        [0m   [44m        [0m                              [43m         [0m          
   [44m      [0m   [44m        [0m               `.:+@@###@'          [43m         [0m       
    [44m [0m    [44m        [0m          ,;'+###############.             [43m     [0m       
      [44m        [0m         +################':`                    [43m [0m        
      [44m     [0m              `.,,...####+.                                  
                                ,#####      +##.               [44m   [0m   [44m   [0m
 [43m    [0m                            #####      ######             [44m   [0m   [44m   [0m
 [43m    [0m                ###'        ####'     :#####'             [44m   [0m   [44m   [0m
 [43m    [0m                :####@      ####.    ,####'               [44m   [0m   [44m   [0m
 [43m    [0m                 ######     ####    +###+                 [44m   [0m   [44m   [0m
 [43m    [0m                  #####     ####   ###;                   [44m   [0m   [44m   [0m
 [43m    [0m                   :##      ####  ++`                     [44m   [0m   [44m   [0m
 [43m    [0m                            ####``..:;+##############+`   [44m   [0m   [44m   [0m
 [43m    [0m             .,:;;'++##################################`  [44m   [0m   [44m   [0m
 [43m    [0m    `############################++++''';;;;;;;;;;;'';    [44m   [0m   [44m   [0m
 [43m    [0m      ,########':,.``       ####                          [44m   [0m   [44m   [0m
 [43m    [0m                            ####                          [44m   [0m   [44m   [0m
 [43m    [0m                            ####                          [44m   [0m   [44m   [0m
 [43m    [0m                            ####                          [44m   [0m   [44m   [0m
 [43m    [0m                            ####                          [44m   [0m   [44m   [0m
 [43m    [0m                            ####                          [44m   [0m   [44m   [0m
 [43m    [0m                            ####                          [44m   [0m   [44m   [0m
 [43m    [0m                            ####                          [44m   [0m   [44m   [0m
      [44m    [0m                       ####                                   
     [44m        [0m                    ####                                   
    [44m [0m    [44m       [0m                 ####                       [43m     [0m       
   [44m     [0m    [44m        [0m             ####                    [43m        [0m       
   [44m        [0m    [44m        [0m          ###                  [43m         [0m         
      [44m        [0m    [44m        [0m        +`               [43m        [0m             
          [44m        [0m   [44m        [0m                   [43m        [0m                
             [44m        [0m   [44m         [0m           [43m         [0m                   
                [44m        [0m    [44m       [0m      [43m         [0m                      
                   [44m        [0m    [44m   [0m    [43m        [0m                          
                      [44m        [0m       [43m      [0m                             
                          [44m      [0m      [43m  [0m                                
                             [44m  [0m                                         

Reading options from file: optimize.in
#========================================================#
#| [95m  Options at their default values are not printed   [0m |#
#| [95m        Use 'verbose_options True' to Enable        [0m |#
#========================================================#
Reading force field from file: cl4.prm
#=========================================================#
#| [92m Starting parameter indices, physical values and IDs [0m |#
#=========================================================#
   0 [  3.7300e+00 ] : VDWS402
   1 [  2.4000e-01 ] : VDWT402
-----------------------------------------------------------
#========================================================#
#| [91m    Rescaling Factors (Lower Takes Precedence):     [0m |#
#========================================================#
   VDWS                                 : 5.00000e+00
   VDWT                                 : 5.00000e-01
   VDWS                                 : 5.00000e+00
   VDWT                                 : 5.00000e-01
   VDWD                                 : 1.00000e+00
----------------------------------------------------------
#========================================================#
#| [92m               Setup for force field                [0m |#
#========================================================#
fnms                      ['cl4.prm'] 
priors                    OrderedDict([('VDWS', 5.0), ('VDWT', 0.5), ('VDWD', 1.0)]) 
----------------------------------------------------------
The energy denominator is: 1.0 kcal/mol
Interactions more repulsive than 20.0 will not be fitted
Found 0 .prm files in /home/leeping/src/forcebalance/studies/Future/ccl4/targets/CJ-mecl-wat
#========================================================#
#| [92m           Setup for target CJ-mecl-wat :           [0m |#
#========================================================#
name                      CJ-mecl-wat 
type                      INTERACTION_TINKER 
h                         0.0001 
tgtdir                    targets/CJ-mecl-wat 
attenuate                 True 
fragment1                 1-5 
fragment2                 6-8 
energy_upper              20.0 
----------------------------------------------------------
#========================================================#
#| [92m           Setup for target ccl4-liquid :           [0m |#
#========================================================#
name                      ccl4-liquid 
type                      LIQUID_TINKER 
h                         0.0001 
tgtdir                    targets/ccl4-liquid 
w_rho                     1.0 
w_hvap                    1.0 
w_alpha                   1.0 
w_kappa                   1.0 
w_cp                      1.0 
w_eps0                    1.0 
liquid_equ_steps          10000 
liquid_prod_steps         100000 
gas_equ_steps             500000 
gas_prod_steps            1000000 
liquid_timestep           1.0 
liquid_interval           0.1 
gas_timestep              1.0 
gas_interval              0.1 
minimize_energy           1 
self_pol_mu0              0.0 
self_pol_alpha            0.0 
anisotropic_box           0 
rho_denom                 10.0 
hvap_denom                5.0 
alpha_denom               1.0 
kappa_denom               10.0 
cp_denom                  2.0 
eps0_denom                10.0 
use_cvib_intra            False 
use_cvib_inter            False 
use_cni                   False 
md_threads                4 
----------------------------------------------------------
Using parabolic regularization (Gaussian prior) with strength 1.0e-02 (+), 0.0e+00 (x)
#========================================================#
#| [92m           Setup for objective function :           [0m |#
#========================================================#
penalty_additive          0.01 
normalize_weights         False 
----------------------------------------------------------
#========================================================#
#| [92m                Setup for optimizer                 [0m |#
#========================================================#
jobtype                   NEWTON 
h                         0.0001 
h0                        0.0001 
conv_obj                  0.1 
conv_stp                  0.01 
conv_grd                  0.01 
----------------------------------------------------------
#========================================================#
#| [1m                   Main Optimizer                   [0m |#
#| [1m       Newton-Raphson Mode (Adaptive Radius)        [0m |#
#========================================================#

Running condensed phase simulation locally.
You may tail -f /home/leeping/src/forcebalance/studies/Future/ccl4/temp/ccl4-liquid/iter_0000/298.15K-1.0atm/npt.out in another terminal window
Executing process: [92m python npt.py tinker 298.150 1.000               [0m Output: npt.out
Running without a target, using current directory.
Autodetected cl4.prm in /home/leeping/src/forcebalance/studies/Future/ccl4/temp/CJ-mecl-wat/iter_0000
#=====================================================================#
#| [92m                       Target: CJ-mecl-wat                       [0m |#
#| [92m    Interaction Energies (kcal/mol), Objective =  2.67437e+00    [0m |#
#| [92m  Label          Calc.      Ref.     Delta   Divisor        Term [0m |#
#=====================================================================#
3.0                 4.660     7.730    -3.070     6.804     0.20358 
3.2                 0.640     2.401    -1.761     1.721     1.04670 
3.4                -0.998    -0.180    -0.818     1.000     0.66937 
3.6                -1.491    -1.275    -0.216     1.000     0.04664 
3.8                -1.489    -1.610     0.121     1.000     0.01460 
4.0                -1.309    -1.585     0.276     1.000     0.07621 
4.2                -1.091    -1.412     0.322     1.000     0.10343 
4.4                -0.889    -1.198     0.310     1.000     0.09586 
4.5                -0.800    -1.093     0.293     1.000     0.08581 
4.6                -0.719    -0.992     0.273     1.000     0.07448 
4.7                -0.646    -0.898     0.251     1.000     0.06319 
4.8                -0.581    -0.811     0.230     1.000     0.05274 
4.9                -0.524    -0.732     0.209     1.000     0.04349 
5.0                -0.472    -0.661     0.189     1.000     0.03556 
5.2                -0.386    -0.539     0.153     1.000     0.02342 
5.4                -0.317    -0.441     0.124     1.000     0.01530 
5.6                -0.263    -0.363     0.100     1.000     0.01001 
5.8                -0.219    -0.301     0.081     1.000     0.00660 
6.0                -0.184    -0.251     0.066     1.000     0.00440 
6.2                -0.156    -0.211     0.055     1.000     0.00297 
-----------------------------------------------------------------------
Reading information from ./298.15K-1.0atm/npt_result.p
MBAR Results for Phase Point (298.15, 1.0, 'atm'), Box, Contributions:
[ 1.]
InfoContent:  1000.00 snapshots (100.00 %)
Weights have been renormalized to 1.0
Physical quantity Density uses denominator =  10.0000
Weights have been renormalized to 1.0
Physical quantity H_vap uses denominator =  5.0000
#==========================================================================================#
#| [1;94m                            ccl4-liquid Density (kg m^-3)                             [0m |#
#| [1;94m Temperature  Pressure  Reference  Calculated +- Stdev     Delta    Weight    Term    [0m |#
#==========================================================================================#
      298.15      1.0 atm  1590.000     1570.080 +- 4.431   -19.920   1.00000   3.96805 
--------------------------------------------------------------------------------------------
#========================================================#
#| [92m  Density objective function:  3.968, Derivative:   [0m |#
#========================================================#
   0 [  1.6603e+03 ] : VDWS402
   1 [ -4.1111e+02 ] : VDWT402
----------------------------------------------------------
#==========================================================================================#
#| [1;94m                  ccl4-liquid Enthalpy of Vaporization (kJ mol^-1)                    [0m |#
#| [1;94m Temperature  Pressure  Reference  Calculated +- Stdev     Delta    Weight    Term    [0m |#
#==========================================================================================#
      298.15      1.0 atm    32.500       22.055 +- 0.099   -10.445   1.00000   4.36414 
--------------------------------------------------------------------------------------------
#======================================================================#
#| [92m Enthalpy of Vaporization objective function:  4.364, Derivative: [0m |#
#======================================================================#
   0 [  1.8245e+00 ] : VDWS402
   1 [ -4.6724e+01 ] : VDWT402
------------------------------------------------------------------------
#====================================================================#
#| [94m            ccl4-liquid Condensed Phase Properties:             [0m |#
#| [94m  Property Name                Residual x Weight = Contribution [0m |#
#====================================================================#
Density                            3.96805    0.500    1.98402e+00 
Enthalpy of Vaporization           4.36414    0.500    2.18207e+00 
Total                                                  4.16609e+00 
----------------------------------------------------------------------
#====================================================================#
#| [94m                  Objective Function Breakdown                  [0m |#
#| [94m  Target Name              Residual  x  Weight  =  Contribution [0m |#
#====================================================================#
CJ-mecl-wat                    2.67437      1.000 [94m     2.67437e+00[0m 
ccl4-liquid                    4.16609      1.000 [94m     4.16609e+00[0m 
Regularization                 0.00000      1.000 [94m     0.00000e+00[0m 
Total                                             [94m     6.84046e+00[0m 
----------------------------------------------------------------------
  Step       |k|        |dk|       |grad|       -=X2=-     Delta(X2)    StepQual
     0   0.000e+00   0.000e+00   7.510e+02[1m   6.84046e+00[0m   0.000e+00      0.000

#========================================================#
#| [94m                   Total Gradient                   [0m |#
#========================================================#
   0 [  7.14210686e+02 ] : VDWS402
   1 [ -2.32221676e+02 ] : VDWT402
----------------------------------------------------------

Levenberg-Marquardt: Newton-Raphson step found (length 1.000e-01),  244.80988135 added to Hessian diagonal
#========================================================#
#| [95m  Mathematical Parameters (Current + Step = Next)   [0m |#
#========================================================#
   0 [  0.0000e+00 + 1.9748e-02 =  1.9748e-02 ] : VDWS402
   1 [  0.0000e+00 + 9.8031e-02 =  9.8031e-02 ] : VDWT402
----------------------------------------------------------
#========================================================#
#| [95m    Physical Parameters (Current + Step = Next)     [0m |#
#========================================================#
   0 [  3.7300e+00 + 9.8740e-02 =  3.8287e+00 ] : VDWS402
   1 [  2.4000e-01 + 4.9015e-02 =  2.8902e-01 ] : VDWT402
----------------------------------------------------------
Copying .dyn file: /home/leeping/src/forcebalance/studies/Future/ccl4/temp/ccl4-liquid/iter_0000/298.15K-1.0atm/liquid.dyn to /home/leeping/src/forcebalance/studies/Future/ccl4/temp/ccl4-liquid/iter_0001/298.15K-1.0atm/liquid.dyn
Running condensed phase simulation locally.
You may tail -f /home/leeping/src/forcebalance/studies/Future/ccl4/temp/ccl4-liquid/iter_0001/298.15K-1.0atm/npt.out in another terminal window
Executing process: [92m python npt.py tinker 298.150 1.000               [0m Output: npt.out
#=====================================================================#
#| [92m                       Target: CJ-mecl-wat                       [0m |#
#| [92m    Interaction Energies (kcal/mol), Objective =  6.55953e-01    [0m |#
#| [92m  Label          Calc.      Ref.     Delta   Divisor        Term [0m |#
#=====================================================================#
3.0                 7.097     7.730    -0.633     6.804     0.00867 
3.2                 1.849     2.401    -0.552     1.721     0.10268 
3.4                -0.462    -0.180    -0.281     1.000     0.07914 
3.6                -1.302    -1.275    -0.027     1.000     0.00072 
3.8                -1.464    -1.610     0.146     1.000     0.02120 
4.0                -1.352    -1.585     0.233     1.000     0.05433 
4.2                -1.155    -1.412     0.258     1.000     0.06643 
4.4                -0.953    -1.198     0.245     1.000     0.06018 
4.5                -0.861    -1.093     0.232     1.000     0.05372 
4.6                -0.776    -0.992     0.216     1.000     0.04661 
4.7                -0.699    -0.898     0.199     1.000     0.03957 
4.8                -0.629    -0.811     0.182     1.000     0.03307 
4.9                -0.567    -0.732     0.165     1.000     0.02731 
5.0                -0.511    -0.661     0.150     1.000     0.02237 
5.2                -0.417    -0.539     0.122     1.000     0.01479 
5.4                -0.342    -0.441     0.099     1.000     0.00971 
5.6                -0.283    -0.363     0.080     1.000     0.00639 
5.8                -0.236    -0.301     0.065     1.000     0.00425 
6.0                -0.197    -0.251     0.053     1.000     0.00285 
6.2                -0.166    -0.211     0.044     1.000     0.00194 
-----------------------------------------------------------------------
Reading information from ./298.15K-1.0atm/npt_result.p
MBAR Results for Phase Point (298.15, 1.0, 'atm'), Box, Contributions:
[ 1.]
InfoContent:  1000.00 snapshots (100.00 %)
Weights have been renormalized to 1.0
Physical quantity Density uses denominator =  10.0000
Weights have been renormalized to 1.0
Physical quantity H_vap uses denominator =  5.0000
#==========================================================================================#
#| [1;94m                            ccl4-liquid Density (kg m^-3)                             [0m |#
#| [1;94m Temperature  Pressure  Reference  Calculated +- Stdev     Delta    Weight    Term    [0m |#
#==========================================================================================#
      298.15      1.0 atm  1590.000     1579.976 +- 4.263   -10.024   1.00000   1.00473 
--------------------------------------------------------------------------------------------
#========================================================#
#| [92m  Density objective function:  1.005, Derivative:   [0m |#
#========================================================#
   0 [  8.8816e+02 ] : VDWS402
   1 [ -1.9518e+02 ] : VDWT402
----------------------------------------------------------
#==========================================================================================#
#| [1;94m                  ccl4-liquid Enthalpy of Vaporization (kJ mol^-1)                    [0m |#
#| [1;94m Temperature  Pressure  Reference  Calculated +- Stdev     Delta    Weight    Term    [0m |#
#==========================================================================================#
      298.15      1.0 atm    32.500       27.658 +- 0.099    -4.842   1.00000   0.93798 
--------------------------------------------------------------------------------------------
#======================================================================#
#| [92m Enthalpy of Vaporization objective function:  0.938, Derivative: [0m |#
#======================================================================#
   0 [ -4.9978e+00 ] : VDWS402
   1 [ -2.4108e+01 ] : VDWT402
------------------------------------------------------------------------
#====================================================================#
#| [94m            ccl4-liquid Condensed Phase Properties:             [0m |#
#| [94m  Property Name                Residual x Weight = Contribution [0m |#
#====================================================================#
Density                            1.00473    0.500    5.02366e-01 
Enthalpy of Vaporization           0.93798    0.500    4.68991e-01 
Total                                                  9.71358e-01 
----------------------------------------------------------------------
#===================================================================================#
#| [94m                         Objective Function Breakdown                          [0m |#
#| [94m  Target Name              Residual  x  Weight  =  Contribution (Current-Prev) [0m |#
#===================================================================================#
CJ-mecl-wat                    0.65595      1.000 [92m     6.55953e-01[0m ( -2.018e+00 ) 
ccl4-liquid                    0.97136      1.000 [92m     9.71358e-01[0m ( -3.195e+00 ) 
Regularization                 0.00010      1.000 [91m     1.00000e-04[0m ( +1.000e-04 ) 
Total                                             [92m     1.62741e+00[0m ( -5.213e+00 ) 
-------------------------------------------------------------------------------------
  Step       |k|        |dk|       |grad|       -=X2=-     Delta(X2)    StepQual
     1   1.000e-01   1.000e-01   4.075e+02[92m   1.62741e+00[0m   5.213e+00      0.939

#========================================================#
#| [94m                   Total Gradient                   [0m |#
#========================================================#
   0 [  3.92018706e+02 ] : VDWS402
   1 [ -1.11434339e+02 ] : VDWT402
----------------------------------------------------------

#========================================================#
#| [95m  Mathematical Parameters (Current + Step = Next)   [0m |#
#========================================================#
   0 [  1.9748e-02 + 1.0684e-02 =  3.0432e-02 ] : VDWS402
   1 [  9.8031e-02 + 5.9246e-02 =  1.5728e-01 ] : VDWT402
----------------------------------------------------------
#========================================================#
#| [95m    Physical Parameters (Current + Step = Next)     [0m |#
#========================================================#
   0 [  3.8287e+00 + 5.3422e-02 =  3.8822e+00 ] : VDWS402
   1 [  2.8902e-01 + 2.9623e-02 =  3.1864e-01 ] : VDWT402
----------------------------------------------------------
Copying .dyn file: /home/leeping/src/forcebalance/studies/Future/ccl4/temp/ccl4-liquid/iter_0001/298.15K-1.0atm/liquid.dyn to /home/leeping/src/forcebalance/studies/Future/ccl4/temp/ccl4-liquid/iter_0002/298.15K-1.0atm/liquid.dyn
Running condensed phase simulation locally.
You may tail -f /home/leeping/src/forcebalance/studies/Future/ccl4/temp/ccl4-liquid/iter_0002/298.15K-1.0atm/npt.out in another terminal window
Executing process: [92m python npt.py tinker 298.150 1.000               [0m Output: npt.out
#=====================================================================#
#| [92m                       Target: CJ-mecl-wat                       [0m |#
#| [92m    Interaction Energies (kcal/mol), Objective =  4.22270e-01    [0m |#
#| [92m  Label          Calc.      Ref.     Delta   Divisor        Term [0m |#
#=====================================================================#
3.0                 8.666     7.730     0.936     6.804     0.01893 
3.2                 2.650     2.401     0.249     1.721     0.02085 
3.4                -0.090    -0.180     0.090     1.000     0.00807 
3.6                -1.159    -1.275     0.117     1.000     0.01368 
3.8                -1.432    -1.610     0.178     1.000     0.03166 
4.0                -1.368    -1.585     0.217     1.000     0.04700 
4.2                -1.188    -1.412     0.224     1.000     0.05030 
4.4                -0.989    -1.198     0.209     1.000     0.04373 
4.5                -0.896    -1.093     0.197     1.000     0.03870 
4.6                -0.809    -0.992     0.183     1.000     0.03340 
4.7                -0.729    -0.898     0.168     1.000     0.02828 
4.8                -0.657    -0.811     0.154     1.000     0.02359 
4.9                -0.593    -0.732     0.140     1.000     0.01947 
5.0                -0.534    -0.661     0.126     1.000     0.01595 
5.2                -0.436    -0.539     0.103     1.000     0.01056 
5.4                -0.358    -0.441     0.083     1.000     0.00695 
5.6                -0.295    -0.363     0.068     1.000     0.00459 
5.8                -0.245    -0.301     0.055     1.000     0.00307 
6.0                -0.205    -0.251     0.046     1.000     0.00207 
6.2                -0.173    -0.211     0.038     1.000     0.00142 
-----------------------------------------------------------------------
Reading information from ./298.15K-1.0atm/npt_result.p
MBAR Results for Phase Point (298.15, 1.0, 'atm'), Box, Contributions:
[ 1.]
InfoContent:  1000.00 snapshots (100.00 %)
Weights have been renormalized to 1.0
Physical quantity Density uses denominator =  10.0000
Weights have been renormalized to 1.0
Physical quantity H_vap uses denominator =  5.0000
#==========================================================================================#
#| [1;94m                            ccl4-liquid Density (kg m^-3)                             [0m |#
#| [1;94m Temperature  Pressure  Reference  Calculated +- Stdev     Delta    Weight    Term    [0m |#
#==========================================================================================#
      298.15      1.0 atm  1590.000     1594.035 +- 3.252     4.035   1.00000   0.16282 
--------------------------------------------------------------------------------------------
#========================================================#
#| [92m  Density objective function:  0.163, Derivative:   [0m |#
#========================================================#
   0 [ -2.3849e+02 ] : VDWS402
   1 [  4.4409e+01 ] : VDWT402
----------------------------------------------------------
#==========================================================================================#
#| [1;94m                  ccl4-liquid Enthalpy of Vaporization (kJ mol^-1)                    [0m |#
#| [1;94m Temperature  Pressure  Reference  Calculated +- Stdev     Delta    Weight    Term    [0m |#
#==========================================================================================#
      298.15      1.0 atm    32.500       32.007 +- 0.097    -0.493   1.00000   0.00973 
--------------------------------------------------------------------------------------------
#======================================================================#
#| [92m Enthalpy of Vaporization objective function:  0.010, Derivative: [0m |#
#======================================================================#
   0 [ -8.8344e-01 ] : VDWS402
   1 [ -2.2351e+00 ] : VDWT402
------------------------------------------------------------------------
#====================================================================#
#| [94m            ccl4-liquid Condensed Phase Properties:             [0m |#
#| [94m  Property Name                Residual x Weight = Contribution [0m |#
#====================================================================#
Density                            0.16282    0.500    8.14119e-02 
Enthalpy of Vaporization           0.00973    0.500    4.86335e-03 
Total                                                  8.62753e-02 
----------------------------------------------------------------------
#===================================================================================#
#| [94m                         Objective Function Breakdown                          [0m |#
#| [94m  Target Name              Residual  x  Weight  =  Contribution (Current-Prev) [0m |#
#===================================================================================#
CJ-mecl-wat                    0.42227      1.000 [92m     4.22270e-01[0m ( -2.337e-01 ) 
ccl4-liquid                    0.08628      1.000 [92m     8.62753e-02[0m ( -8.851e-01 ) 
Regularization                 0.00026      1.000 [91m     2.56622e-04[0m ( +1.566e-04 ) 
Total                                             [92m     5.08802e-01[0m ( -1.119e+00 ) 
-------------------------------------------------------------------------------------
  Step       |k|        |dk|       |grad|       -=X2=-     Delta(X2)    StepQual
     2   1.602e-01   6.020e-02   9.788e+01[92m   5.08802e-01[0m   1.119e+00      0.927

#========================================================#
#| [94m                   Total Gradient                   [0m |#
#========================================================#
   0 [ -9.56808836e+01 ] : VDWS402
   1 [  2.06499031e+01 ] : VDWT402
----------------------------------------------------------

#========================================================#
#| [95m  Mathematical Parameters (Current + Step = Next)   [0m |#
#========================================================#
   0 [  3.0432e-02 - 7.4183e-04 =  2.9690e-02 ] : VDWS402
   1 [  1.5728e-01 - 1.0313e-02 =  1.4696e-01 ] : VDWT402
----------------------------------------------------------
#========================================================#
#| [95m    Physical Parameters (Current + Step = Next)     [0m |#
#========================================================#
   0 [  3.8822e+00 - 3.7092e-03 =  3.8785e+00 ] : VDWS402
   1 [  3.1864e-01 - 5.1566e-03 =  3.1348e-01 ] : VDWT402
----------------------------------------------------------
Copying .dyn file: /home/leeping/src/forcebalance/studies/Future/ccl4/temp/ccl4-liquid/iter_0002/298.15K-1.0atm/liquid.dyn to /home/leeping/src/forcebalance/studies/Future/ccl4/temp/ccl4-liquid/iter_0003/298.15K-1.0atm/liquid.dyn
Running condensed phase simulation locally.
You may tail -f /home/leeping/src/forcebalance/studies/Future/ccl4/temp/ccl4-liquid/iter_0003/298.15K-1.0atm/npt.out in another terminal window
Executing process: [92m python npt.py tinker 298.150 1.000               [0m Output: npt.out
#=====================================================================#
#| [92m                       Target: CJ-mecl-wat                       [0m |#
#| [92m    Interaction Energies (kcal/mol), Objective =  4.12282e-01    [0m |#
#| [92m  Label          Calc.      Ref.     Delta   Divisor        Term [0m |#
#=====================================================================#
3.0                 8.528     7.730     0.798     6.804     0.01376 
3.2                 2.582     2.401     0.180     1.721     0.01099 
3.4                -0.120    -0.180     0.060     1.000     0.00358 
3.6                -1.169    -1.275     0.107     1.000     0.01138 
3.8                -1.433    -1.610     0.177     1.000     0.03133 
4.0                -1.365    -1.585     0.220     1.000     0.04827 
4.2                -1.184    -1.412     0.228     1.000     0.05214 
4.4                -0.985    -1.198     0.213     1.000     0.04544 
4.5                -0.892    -1.093     0.201     1.000     0.04022 
4.6                -0.805    -0.992     0.186     1.000     0.03472 
4.7                -0.726    -0.898     0.171     1.000     0.02939 
4.8                -0.654    -0.811     0.157     1.000     0.02452 
4.9                -0.590    -0.732     0.142     1.000     0.02023 
5.0                -0.532    -0.661     0.129     1.000     0.01657 
5.2                -0.434    -0.539     0.105     1.000     0.01096 
5.4                -0.356    -0.441     0.085     1.000     0.00721 
5.6                -0.294    -0.363     0.069     1.000     0.00477 
5.8                -0.244    -0.301     0.056     1.000     0.00318 
6.0                -0.204    -0.251     0.046     1.000     0.00215 
6.2                -0.172    -0.211     0.038     1.000     0.00147 
-----------------------------------------------------------------------
Reading information from ./298.15K-1.0atm/npt_result.p
MBAR Results for Phase Point (298.15, 1.0, 'atm'), Box, Contributions:
[ 1.]
InfoContent:  1000.00 snapshots (100.00 %)
Weights have been renormalized to 1.0
Physical quantity Density uses denominator =  10.0000
Weights have been renormalized to 1.0
Physical quantity H_vap uses denominator =  5.0000
#==========================================================================================#
#| [1;94m                            ccl4-liquid Density (kg m^-3)                             [0m |#
#| [1;94m Temperature  Pressure  Reference  Calculated +- Stdev     Delta    Weight    Term    [0m |#
#==========================================================================================#
      298.15      1.0 atm  1590.000     1593.287 +- 2.122     3.287   1.00000   0.10804 
--------------------------------------------------------------------------------------------
#========================================================#
#| [92m  Density objective function:  0.108, Derivative:   [0m |#
#========================================================#
   0 [ -2.4169e+02 ] : VDWS402
   1 [  3.2596e+01 ] : VDWT402
----------------------------------------------------------
#==========================================================================================#
#| [1;94m                  ccl4-liquid Enthalpy of Vaporization (kJ mol^-1)                    [0m |#
#| [1;94m Temperature  Pressure  Reference  Calculated +- Stdev     Delta    Weight    Term    [0m |#
#==========================================================================================#
      298.15      1.0 atm    32.500       31.242 +- 0.102    -1.258   1.00000   0.06331 
--------------------------------------------------------------------------------------------
#======================================================================#
#| [92m Enthalpy of Vaporization objective function:  0.063, Derivative: [0m |#
#======================================================================#
   0 [ -2.2317e+00 ] : VDWS402
   1 [ -5.8259e+00 ] : VDWT402
------------------------------------------------------------------------
#====================================================================#
#| [94m            ccl4-liquid Condensed Phase Properties:             [0m |#
#| [94m  Property Name                Residual x Weight = Contribution [0m |#
#====================================================================#
Density                            0.10804    0.500    5.40187e-02 
Enthalpy of Vaporization           0.06331    0.500    3.16546e-02 
Total                                                  8.56734e-02 
----------------------------------------------------------------------
#===================================================================================#
#| [94m                         Objective Function Breakdown                          [0m |#
#| [94m  Target Name              Residual  x  Weight  =  Contribution (Current-Prev) [0m |#
#===================================================================================#
CJ-mecl-wat                    0.41228      1.000 [92m     4.12282e-01[0m ( -9.987e-03 ) 
ccl4-liquid                    0.08567      1.000 [92m     8.56734e-02[0m ( -6.019e-04 ) 
Regularization                 0.00022      1.000 [92m     2.24799e-04[0m ( -3.182e-05 ) 
Total                                             [92m     4.98180e-01[0m ( -1.062e-02 ) 
-------------------------------------------------------------------------------------
Low quality step, reducing trust radius to  8.2718e-03
  Step       |k|        |dk|       |grad|       -=X2=-     Delta(X2)    StepQual
     3   1.499e-01   1.034e-02   1.057e+02[92m   4.98180e-01[0m   1.062e-02      0.150

Convergence criterion reached for objective function (1.00e-01)
@========================================================@
@| [1;92m           Final objective function value           [0m |@
@| [1;92m  Full:  4.981804e-01  Un-penalized:  4.979556e-01  [0m |@
@========================================================@
#========================================================#
#| [1;94m           Final optimization parameters:           [0m |#
#| [1;94m           Paste to input file to restart           [0m |#
#========================================================#
read_mvals
   0 [  2.9690e-02 ] : VDWS402
   1 [  1.4696e-01 ] : VDWT402
/read_mvals
#========================================================#
#| [1;94m             Final physical parameters:             [0m |#
#========================================================#
   0 [  3.8785e+00 ] : VDWS402
   1 [  3.1348e-01 ] : VDWT402
----------------------------------------------------------
Backing up result/cl4.prm -> result/cl4_5.prm

The final force field has been written to the 'result' directory.
#========================================================#
#| [1;44;93m               Calculation Finished.                [0m |#
#| [1;44;93m     ---==(  May the Force be with you!  )==---     [0m |#
#========================================================#
