#======================================================================#
#| [1m             Welcome to ForceBalance version 1.2! =D              [0m |#
#| [1m                 Force Field Optimization System                  [0m |#
#| [1m               Author: Lee-Ping Wang, Arthur Vigil                [0m |#
#======================================================================#

                          [44m     [0m                                        
                       [44m        [0m      [43m     [0m                              
                    [44m        [0m   [44m  [0m    [43m         [0m                          
                 [44m       [0m    [44m      [0m      [43m         [0m                       
             [44m        [0m    [44m        [0m          [43m         [0m                    
          [44m        [0m    [44m        [0m                 [43m        [0m                 
       [44m        [0m    [44m       [0m                        [43m        [0m              
    [44m        [0m   [44m        [0m                              [43m         [0m          
   [44m      [0m   [44m        [0m               `.:+@@###@'          [43m         [0m       
    [44m [0m    [44m        [0m          ,;'+###############.             [43m     [0m       
      [44m        [0m         +################':`                    [43m [0m        
      [44m     [0m              `.,,...####+.                                  
                                ,#####      +##.               [44m   [0m   [44m   [0m
 [43m    [0m                            #####      ######             [44m   [0m   [44m   [0m
 [43m    [0m                ###'        ####'     :#####'             [44m   [0m   [44m   [0m
 [43m    [0m                :####@      ####.    ,####'               [44m   [0m   [44m   [0m
 [43m    [0m                 ######     ####    +###+                 [44m   [0m   [44m   [0m
 [43m    [0m                  #####     ####   ###;                   [44m   [0m   [44m   [0m
 [43m    [0m                   :##      ####  ++`                     [44m   [0m   [44m   [0m
 [43m    [0m                            ####``..:;+##############+`   [44m   [0m   [44m   [0m
 [43m    [0m             .,:;;'++##################################`  [44m   [0m   [44m   [0m
 [43m    [0m    `############################++++''';;;;;;;;;;;'';    [44m   [0m   [44m   [0m
 [43m    [0m      ,########':,.``       ####                          [44m   [0m   [44m   [0m
 [43m    [0m                            ####                          [44m   [0m   [44m   [0m
 [43m    [0m                            ####                          [44m   [0m   [44m   [0m
 [43m    [0m                            ####                          [44m   [0m   [44m   [0m
 [43m    [0m                            ####                          [44m   [0m   [44m   [0m
 [43m    [0m                            ####                          [44m   [0m   [44m   [0m
 [43m    [0m                            ####                          [44m   [0m   [44m   [0m
 [43m    [0m                            ####                          [44m   [0m   [44m   [0m
      [44m    [0m                       ####                                   
     [44m        [0m                    ####                                   
    [44m [0m    [44m       [0m                 ####                       [43m     [0m       
   [44m     [0m    [44m        [0m             ####                    [43m        [0m       
   [44m        [0m    [44m        [0m          ###                  [43m         [0m         
      [44m        [0m    [44m        [0m        +`               [43m        [0m             
          [44m        [0m   [44m        [0m                   [43m        [0m                
             [44m        [0m   [44m         [0m           [43m         [0m                   
                [44m        [0m    [44m       [0m      [43m         [0m                      
                   [44m        [0m    [44m   [0m    [43m        [0m                          
                      [44m        [0m       [43m      [0m                             
                          [44m      [0m      [43m  [0m                                
                             [44m  [0m                                         

Reading options from file: optimize.in
#========================================================#
#| [95m  Options at their default values are not printed   [0m |#
#| [95m        Use 'verbose_options True' to Enable        [0m |#
#========================================================#
Reading force field from file: cl4.prm
#=========================================================#
#| [92m Starting parameter indices, physical values and IDs [0m |#
#=========================================================#
   0 [  3.7300e+00 ] : VDWS402
   1 [  2.4000e-01 ] : VDWT402
-----------------------------------------------------------
#========================================================#
#| [91m    Rescaling Factors (Lower Takes Precedence):     [0m |#
#========================================================#
   VDWS                                 : 5.00000e+00
   VDWT                                 : 5.00000e-01
   VDWS                                 : 5.00000e+00
   VDWT                                 : 5.00000e-01
   VDWD                                 : 1.00000e+00
----------------------------------------------------------
#========================================================#
#| [92m               Setup for force field                [0m |#
#========================================================#
fnms                      ['cl4.prm'] 
priors                    OrderedDict([('VDWS', 5.0), ('VDWT', 0.5), ('VDWD', 1.0)]) 
----------------------------------------------------------
Found 0 .prm files in /home/leeping/src/forcebalance/studies/006_ccl4_amoeba/targets/ccl4-h2o-ix
The energy denominator is: 1.0 kcal/mol
Interactions more repulsive than 20.0 will not be fitted
#========================================================#
#| [92m           Setup for target ccl4-h2o-ix :           [0m |#
#========================================================#
name                      ccl4-h2o-ix 
type                      INTERACTION_TINKER 
h                         0.0001 
tgtdir                    targets/ccl4-h2o-ix 
attenuate                 True 
fragment1                 1-5 
fragment2                 6-8 
energy_upper              20.0 
----------------------------------------------------------
#========================================================#
#| [92m           Setup for target ccl4-liquid :           [0m |#
#========================================================#
md_threads                4 
liquid_coords             liquid.xyz 
gas_coords                gas.xyz 
name                      ccl4-liquid 
type                      LIQUID_TINKER 
h                         0.0001 
tgtdir                    targets/ccl4-liquid 
w_rho                     1.0 
w_hvap                    1.0 
w_alpha                   1.0 
w_kappa                   1.0 
w_cp                      1.0 
w_eps0                    1.0 
liquid_equ_steps          10000 
liquid_prod_steps         100000 
gas_equ_steps             500000 
gas_prod_steps            1000000 
liquid_timestep           1.0 
liquid_interval           0.1 
gas_timestep              1.0 
gas_interval              0.1 
minimize_energy           1 
self_pol_mu0              0.0 
self_pol_alpha            0.0 
anisotropic_box           0 
rho_denom                 10.0 
hvap_denom                5.0 
alpha_denom               1.0 
kappa_denom               10.0 
cp_denom                  2.0 
eps0_denom                10.0 
use_cvib_intra            False 
use_cvib_inter            False 
use_cni                   False 
----------------------------------------------------------
Using parabolic regularization (Gaussian prior) with strength 1.0e-02 (+), 0.0e+00 (x)
#========================================================#
#| [92m           Setup for objective function :           [0m |#
#========================================================#
penalty_additive          0.01 
normalize_weights         False 
----------------------------------------------------------
#========================================================#
#| [92m                Setup for optimizer                 [0m |#
#========================================================#
jobtype                   NEWTON 
h                         0.0001 
h0                        0.0001 
conv_obj                  0.1 
conv_stp                  0.01 
conv_grd                  0.01 
reevaluate                True 
----------------------------------------------------------
#========================================================#
#| [1m                  Main Optimizer                    [0m |#
#| [1m      Newton-Raphson Method (Adaptive Radius)       [0m |#
#========================================================#
#========================================================#
#|       Color Key for Objective Function -=X2=-        |#
#|  [1mBold[0m = Initial step                                 |#
#|  [92mGreen = Found lowest value of objective function[0m    |#
#|  [91mRed = Objective function rises, step rejected[0m       |#
#|  [0mNo color = Not at the lowest value                  |#
#========================================================#
#========================================================#
#| [94m     Iteration 0: Evaluating objective function     [0m |#
#| [94m        and derivatives through second order        [0m |#
#========================================================#
Running condensed phase simulation locally.
You may tail -f /home/leeping/src/forcebalance/studies/006_ccl4_amoeba/temp/ccl4-liquid/iter_0000/298.15K-1.0atm/npt.out in another terminal window
Executing process: [92m python npt.py tinker 298.150 1.000               [0m Output: npt.out
Running without a target, using current directory.
Autodetected cl4.prm in /home/leeping/src/forcebalance/studies/006_ccl4_amoeba/temp/ccl4-h2o-ix/iter_0000
#=====================================================================#
#| [92m                       Target: ccl4-h2o-ix                       [0m |#
#| [92m    Interaction Energies (kcal/mol), Objective =  2.78592e+00    [0m |#
#| [92m  Label          Calc.      Ref.     Delta   Divisor        Term [0m |#
#=====================================================================#
3.0                 4.548     7.730    -3.183     6.804     0.21877 
3.2                 0.568     2.401    -1.833     1.721     1.13355 
3.4                -1.053    -0.180    -0.873     1.000     0.76181 
3.6                -1.537    -1.275    -0.262     1.000     0.06847 
3.8                -1.528    -1.610     0.082     1.000     0.00677 
4.0                -1.341    -1.585     0.244     1.000     0.05951 
4.2                -1.117    -1.412     0.295     1.000     0.08717 
4.4                -0.910    -1.198     0.288     1.000     0.08301 
4.5                -0.819    -1.093     0.274     1.000     0.07483 
4.6                -0.736    -0.992     0.255     1.000     0.06525 
4.7                -0.662    -0.898     0.236     1.000     0.05553 
4.8                -0.596    -0.811     0.215     1.000     0.04643 
4.9                -0.536    -0.732     0.196     1.000     0.03832 
5.0                -0.484    -0.661     0.177     1.000     0.03135 
5.2                -0.395    -0.539     0.144     1.000     0.02063 
5.4                -0.325    -0.441     0.116     1.000     0.01346 
5.6                -0.269    -0.363     0.094     1.000     0.00880 
5.8                -0.225    -0.301     0.076     1.000     0.00579 
6.0                -0.189    -0.251     0.062     1.000     0.00386 
6.2                -0.160    -0.211     0.051     1.000     0.00260 
-----------------------------------------------------------------------
Reading information from ./298.15K-1.0atm/npt_result.p
MBAR Results for Phase Point (298.15, 1.0, 'atm'), Box, Contributions:
[ 1.]
InfoContent:  1000.00 snapshots (100.00 %)
Weights have been renormalized to 1.0
Physical quantity Density uses denominator =  10.0000
Weights have been renormalized to 1.0
Physical quantity H_vap uses denominator =  5.0000
#==========================================================================================#
#| [1;94m                            ccl4-liquid Density (kg m^-3)                             [0m |#
#| [1;94m Temperature  Pressure  Reference  Calculated +- Stdev     Delta    Weight    Term    [0m |#
#==========================================================================================#
      298.15      1.0 atm  1590.000     1557.919 +- 3.138   -32.081   1.00000  10.29211 
--------------------------------------------------------------------------------------------
#========================================================#
#| [92m  Density objective function:  10.292, Derivative:  [0m |#
#========================================================#
   0 [  1.9507e+03 ] : VDWS402
   1 [ -5.2660e+02 ] : VDWT402
----------------------------------------------------------
#==========================================================================================#
#| [1;94m                  ccl4-liquid Enthalpy of Vaporization (kJ mol^-1)                    [0m |#
#| [1;94m Temperature  Pressure  Reference  Calculated +- Stdev     Delta    Weight    Term    [0m |#
#==========================================================================================#
      298.15      1.0 atm    32.500       21.762 +- 0.103   -10.738   1.00000   4.61233 
--------------------------------------------------------------------------------------------
#======================================================================#
#| [92m Enthalpy of Vaporization objective function:  4.612, Derivative: [0m |#
#======================================================================#
   0 [ -3.2186e+01 ] : VDWS402
   1 [ -4.7502e+01 ] : VDWT402
------------------------------------------------------------------------
#====================================================================#
#| [94m            ccl4-liquid Condensed Phase Properties:             [0m |#
#| [94m  Property Name                Residual x Weight = Contribution [0m |#
#====================================================================#
Density                           10.29211    0.500    5.14605e+00 
Enthalpy of Vaporization           4.61233    0.500    2.30617e+00 
Total                                                  7.45222e+00 
----------------------------------------------------------------------
#====================================================================#
#| [94m                  Objective Function Breakdown                  [0m |#
#| [94m  Target Name              Residual  x  Weight  =  Contribution [0m |#
#====================================================================#
ccl4-h2o-ix                    2.78592      1.000 [94m     2.78592e+00[0m 
ccl4-liquid                    7.45222      1.000 [94m     7.45222e+00[0m 
Regularization                 0.00000      1.000 [94m     0.00000e+00[0m 
Total                                             [94m     1.02381e+01[0m 
----------------------------------------------------------------------

  Step       |k|        |dk|       |grad|       -=X2=-     Delta(X2)    StepQual
     0   0.000e+00   0.000e+00   8.857e+02[1m   1.02381e+01[0m   0.000e+00      0.000

#========================================================#
#| [94m                   Total Gradient                   [0m |#
#========================================================#
   0 [  8.36762488e+02 ] : VDWS402
   1 [ -2.90283184e+02 ] : VDWT402
----------------------------------------------------------
Calculating nonlinear optimization step
#========================================================#
#| [95m  Mathematical Parameters (Current + Step = Next)   [0m |#
#========================================================#
   0 [  0.0000e+00 + 1.6777e-02 =  1.6777e-02 ] : VDWS402
   1 [  0.0000e+00 + 9.8583e-02 =  9.8583e-02 ] : VDWT402
----------------------------------------------------------
#========================================================#
#| [95m    Physical Parameters (Current + Step = Next)     [0m |#
#========================================================#
   0 [  3.7300e+00 + 8.3885e-02 =  3.8139e+00 ] : VDWS402
   1 [  2.4000e-01 + 4.9291e-02 =  2.8929e-01 ] : VDWT402
----------------------------------------------------------
#========================================================#
#| [94m     Iteration 1: Evaluating objective function     [0m |#
#| [94m        and derivatives through second order        [0m |#
#========================================================#
Copying .dyn file: /home/leeping/src/forcebalance/studies/006_ccl4_amoeba/temp/ccl4-liquid/iter_0000/298.15K-1.0atm/liquid.dyn to /home/leeping/src/forcebalance/studies/006_ccl4_amoeba/temp/ccl4-liquid/iter_0001/298.15K-1.0atm/liquid.dyn
Running condensed phase simulation locally.
You may tail -f /home/leeping/src/forcebalance/studies/006_ccl4_amoeba/temp/ccl4-liquid/iter_0001/298.15K-1.0atm/npt.out in another terminal window
Executing process: [92m python npt.py tinker 298.150 1.000               [0m Output: npt.out
#=====================================================================#
#| [92m                       Target: ccl4-h2o-ix                       [0m |#
#| [92m    Interaction Energies (kcal/mol), Objective =  8.29650e-01    [0m |#
#| [92m  Label          Calc.      Ref.     Delta   Divisor        Term [0m |#
#=====================================================================#
3.0                 6.639     7.730    -1.091     6.804     0.02573 
3.2                 1.596     2.401    -0.805     1.721     0.21876 
3.4                -0.605    -0.180    -0.424     1.000     0.18016 
3.6                -1.386    -1.275    -0.110     1.000     0.01213 
3.8                -1.515    -1.610     0.095     1.000     0.00904 
4.0                -1.384    -1.585     0.201     1.000     0.04032 
4.2                -1.177    -1.412     0.236     1.000     0.05559 
4.4                -0.969    -1.198     0.230     1.000     0.05268 
4.5                -0.874    -1.093     0.218     1.000     0.04758 
4.6                -0.788    -0.992     0.204     1.000     0.04160 
4.7                -0.709    -0.898     0.188     1.000     0.03550 
4.8                -0.638    -0.811     0.173     1.000     0.02977 
4.9                -0.575    -0.732     0.157     1.000     0.02463 
5.0                -0.519    -0.661     0.142     1.000     0.02020 
5.2                -0.423    -0.539     0.116     1.000     0.01336 
5.4                -0.347    -0.441     0.094     1.000     0.00876 
5.6                -0.287    -0.363     0.076     1.000     0.00575 
5.8                -0.239    -0.301     0.062     1.000     0.00381 
6.0                -0.200    -0.251     0.051     1.000     0.00256 
6.2                -0.169    -0.211     0.042     1.000     0.00174 
-----------------------------------------------------------------------
Reading information from ./298.15K-1.0atm/npt_result.p
MBAR Results for Phase Point (298.15, 1.0, 'atm'), Box, Contributions:
[ 1.]
InfoContent:  1000.00 snapshots (100.00 %)
Weights have been renormalized to 1.0
Physical quantity Density uses denominator =  10.0000
Weights have been renormalized to 1.0
Physical quantity H_vap uses denominator =  5.0000
#==========================================================================================#
#| [1;94m                            ccl4-liquid Density (kg m^-3)                             [0m |#
#| [1;94m Temperature  Pressure  Reference  Calculated +- Stdev     Delta    Weight    Term    [0m |#
#==========================================================================================#
      298.15      1.0 atm  1590.000     1603.730 +- 6.103    13.730   1.00000   1.88524 
--------------------------------------------------------------------------------------------
#========================================================#
#| [92m  Density objective function:  1.885, Derivative:   [0m |#
#========================================================#
   0 [ -1.0563e+03 ] : VDWS402
   1 [  2.3890e+02 ] : VDWT402
----------------------------------------------------------
#==========================================================================================#
#| [1;94m                  ccl4-liquid Enthalpy of Vaporization (kJ mol^-1)                    [0m |#
#| [1;94m Temperature  Pressure  Reference  Calculated +- Stdev     Delta    Weight    Term    [0m |#
#==========================================================================================#
      298.15      1.0 atm    32.500       27.903 +- 0.100    -4.597   1.00000   0.84512 
--------------------------------------------------------------------------------------------
#======================================================================#
#| [92m Enthalpy of Vaporization objective function:  0.845, Derivative: [0m |#
#======================================================================#
   0 [ -1.0658e+01 ] : VDWS402
   1 [ -2.1908e+01 ] : VDWT402
------------------------------------------------------------------------
#====================================================================#
#| [94m            ccl4-liquid Condensed Phase Properties:             [0m |#
#| [94m  Property Name                Residual x Weight = Contribution [0m |#
#====================================================================#
Density                            1.88524    0.500    9.42618e-01 
Enthalpy of Vaporization           0.84512    0.500    4.22559e-01 
Total                                                  1.36518e+00 
----------------------------------------------------------------------
#===================================================================================#
#| [94m                         Objective Function Breakdown                          [0m |#
#| [94m  Target Name              Residual  x  Weight  =  Contribution (Current-Prev) [0m |#
#===================================================================================#
ccl4-h2o-ix                    0.82965      1.000 [92m     8.29650e-01[0m ( -1.956e+00 ) 
ccl4-liquid                    1.36518      1.000 [92m     1.36518e+00[0m ( -6.087e+00 ) 
Regularization                 0.00010      1.000 [91m     9.99999e-05[0m ( +1.000e-04 ) 
Total                                             [92m     2.19493e+00[0m ( -8.043e+00 ) 
-------------------------------------------------------------------------------------
Increasing trust radius to  1.2500e-01

  Step       |k|        |dk|       |grad|       -=X2=-     Delta(X2)    StepQual
     1   1.000e-01   1.000e-01   6.140e+02[92m   2.19493e+00[0m   8.043e+00      0.912

#========================================================#
#| [94m                   Total Gradient                   [0m |#
#========================================================#
   0 [ -6.04716200e+02 ] : VDWS402
   1 [  1.06544821e+02 ] : VDWT402
----------------------------------------------------------
Calculating nonlinear optimization step
Newton-Raphson step found (length 5.5716e-02)
#========================================================#
#| [95m  Mathematical Parameters (Current + Step = Next)   [0m |#
#========================================================#
   0 [  1.6777e-02 + 1.5584e-02 =  3.2361e-02 ] : VDWS402
   1 [  9.8583e-02 + 5.3492e-02 =  1.5207e-01 ] : VDWT402
----------------------------------------------------------
#========================================================#
#| [95m    Physical Parameters (Current + Step = Next)     [0m |#
#========================================================#
   0 [  3.8139e+00 + 7.7922e-02 =  3.8918e+00 ] : VDWS402
   1 [  2.8929e-01 + 2.6746e-02 =  3.1604e-01 ] : VDWT402
----------------------------------------------------------
#========================================================#
#| [94m     Iteration 2: Evaluating objective function     [0m |#
#| [94m        and derivatives through second order        [0m |#
#========================================================#
Copying .dyn file: /home/leeping/src/forcebalance/studies/006_ccl4_amoeba/temp/ccl4-liquid/iter_0001/298.15K-1.0atm/liquid.dyn to /home/leeping/src/forcebalance/studies/006_ccl4_amoeba/temp/ccl4-liquid/iter_0002/298.15K-1.0atm/liquid.dyn
Running condensed phase simulation locally.
You may tail -f /home/leeping/src/forcebalance/studies/006_ccl4_amoeba/temp/ccl4-liquid/iter_0002/298.15K-1.0atm/npt.out in another terminal window
Executing process: [92m python npt.py tinker 298.150 1.000               [0m Output: npt.out
#=====================================================================#
#| [92m                       Target: ccl4-h2o-ix                       [0m |#
#| [92m    Interaction Energies (kcal/mol), Objective =  3.57706e-01    [0m |#
#| [92m  Label          Calc.      Ref.     Delta   Divisor        Term [0m |#
#=====================================================================#
3.0                 8.795     7.730     1.065     6.804     0.02449 
3.2                 2.710     2.401     0.309     1.721     0.03219 
3.4                -0.078    -0.180     0.103     1.000     0.01056 
3.6                -1.173    -1.275     0.103     1.000     0.01054 
3.8                -1.458    -1.610     0.152     1.000     0.02300 
4.0                -1.397    -1.585     0.188     1.000     0.03522 
4.2                -1.216    -1.412     0.197     1.000     0.03874 
4.4                -1.013    -1.198     0.185     1.000     0.03425 
4.5                -0.918    -1.093     0.175     1.000     0.03047 
4.6                -0.829    -0.992     0.162     1.000     0.02639 
4.7                -0.748    -0.898     0.150     1.000     0.02239 
4.8                -0.674    -0.811     0.137     1.000     0.01871 
4.9                -0.608    -0.732     0.124     1.000     0.01545 
5.0                -0.548    -0.661     0.112     1.000     0.01265 
5.2                -0.447    -0.539     0.091     1.000     0.00836 
5.4                -0.367    -0.441     0.074     1.000     0.00550 
5.6                -0.303    -0.363     0.060     1.000     0.00363 
5.8                -0.252    -0.301     0.049     1.000     0.00242 
6.0                -0.210    -0.251     0.040     1.000     0.00164 
6.2                -0.177    -0.211     0.034     1.000     0.00112 
-----------------------------------------------------------------------
Reading information from ./298.15K-1.0atm/npt_result.p
MBAR Results for Phase Point (298.15, 1.0, 'atm'), Box, Contributions:
[ 1.]
InfoContent:  1000.00 snapshots (100.00 %)
Weights have been renormalized to 1.0
Physical quantity Density uses denominator =  10.0000
Weights have been renormalized to 1.0
Physical quantity H_vap uses denominator =  5.0000
#==========================================================================================#
#| [1;94m                            ccl4-liquid Density (kg m^-3)                             [0m |#
#| [1;94m Temperature  Pressure  Reference  Calculated +- Stdev     Delta    Weight    Term    [0m |#
#==========================================================================================#
      298.15      1.0 atm  1590.000     1578.469 +- 3.736   -11.531   1.00000   1.32956 
--------------------------------------------------------------------------------------------
#========================================================#
#| [92m  Density objective function:  1.330, Derivative:   [0m |#
#========================================================#
   0 [  9.7124e+02 ] : VDWS402
   1 [ -1.5060e+02 ] : VDWT402
----------------------------------------------------------
#==========================================================================================#
#| [1;94m                  ccl4-liquid Enthalpy of Vaporization (kJ mol^-1)                    [0m |#
#| [1;94m Temperature  Pressure  Reference  Calculated +- Stdev     Delta    Weight    Term    [0m |#
#==========================================================================================#
      298.15      1.0 atm    32.500       31.636 +- 0.099    -0.864   1.00000   0.02985 
--------------------------------------------------------------------------------------------
#======================================================================#
#| [92m Enthalpy of Vaporization objective function:  0.030, Derivative: [0m |#
#======================================================================#
   0 [  5.2014e-01 ] : VDWS402
   1 [ -4.3119e+00 ] : VDWT402
------------------------------------------------------------------------
#====================================================================#
#| [94m            ccl4-liquid Condensed Phase Properties:             [0m |#
#| [94m  Property Name                Residual x Weight = Contribution [0m |#
#====================================================================#
Density                            1.32956    0.500    6.64781e-01 
Enthalpy of Vaporization           0.02985    0.500    1.49252e-02 
Total                                                  6.79706e-01 
----------------------------------------------------------------------
#===================================================================================#
#| [94m                         Objective Function Breakdown                          [0m |#
#| [94m  Target Name              Residual  x  Weight  =  Contribution (Current-Prev) [0m |#
#===================================================================================#
ccl4-h2o-ix                    0.35771      1.000 [92m     3.57706e-01[0m ( -4.719e-01 ) 
ccl4-liquid                    0.67971      1.000 [92m     6.79706e-01[0m ( -6.855e-01 ) 
Regularization                 0.00024      1.000 [91m     2.41738e-04[0m ( +1.417e-04 ) 
Total                                             [92m     1.03765e+00[0m ( -1.157e+00 ) 
-------------------------------------------------------------------------------------

  Step       |k|        |dk|       |grad|       -=X2=-     Delta(X2)    StepQual
     2   1.555e-01   5.572e-02   5.209e+02[92m   1.03765e+00[0m   1.157e+00      0.621

#========================================================#
#| [94m                   Total Gradient                   [0m |#
#========================================================#
   0 [  5.15124665e+02 ] : VDWS402
   1 [ -7.76754117e+01 ] : VDWT402
----------------------------------------------------------
Calculating nonlinear optimization step
Newton-Raphson step found (length 4.4672e-03)
#========================================================#
#| [95m  Mathematical Parameters (Current + Step = Next)   [0m |#
#========================================================#
   0 [  3.2361e-02 - 2.2083e-03 =  3.0153e-02 ] : VDWS402
   1 [  1.5207e-01 + 3.8832e-03 =  1.5596e-01 ] : VDWT402
----------------------------------------------------------
#========================================================#
#| [95m    Physical Parameters (Current + Step = Next)     [0m |#
#========================================================#
   0 [  3.8918e+00 - 1.1041e-02 =  3.8808e+00 ] : VDWS402
   1 [  3.1604e-01 + 1.9416e-03 =  3.1798e-01 ] : VDWT402
----------------------------------------------------------
#========================================================#
#| [94m     Iteration 3: Evaluating objective function     [0m |#
#| [94m        and derivatives through second order        [0m |#
#========================================================#
Copying .dyn file: /home/leeping/src/forcebalance/studies/006_ccl4_amoeba/temp/ccl4-liquid/iter_0002/298.15K-1.0atm/liquid.dyn to /home/leeping/src/forcebalance/studies/006_ccl4_amoeba/temp/ccl4-liquid/iter_0003/298.15K-1.0atm/liquid.dyn
Running condensed phase simulation locally.
You may tail -f /home/leeping/src/forcebalance/studies/006_ccl4_amoeba/temp/ccl4-liquid/iter_0003/298.15K-1.0atm/npt.out in another terminal window
Executing process: [92m python npt.py tinker 298.150 1.000               [0m Output: npt.out
#=====================================================================#
#| [92m                       Target: ccl4-h2o-ix                       [0m |#
#| [92m    Interaction Energies (kcal/mol), Objective =  3.10586e-01    [0m |#
#| [92m  Label          Calc.      Ref.     Delta   Divisor        Term [0m |#
#=====================================================================#
3.0                 8.511     7.730     0.781     6.804     0.01318 
3.2                 2.556     2.401     0.155     1.721     0.00811 
3.4                -0.156    -0.180     0.025     1.000     0.00061 
3.6                -1.208    -1.275     0.067     1.000     0.00449 
3.8                -1.472    -1.610     0.138     1.000     0.01911 
4.0                -1.400    -1.585     0.185     1.000     0.03421 
4.2                -1.214    -1.412     0.199     1.000     0.03948 
4.4                -1.010    -1.198     0.189     1.000     0.03554 
4.5                -0.914    -1.093     0.178     1.000     0.03176 
4.6                -0.826    -0.992     0.166     1.000     0.02760 
4.7                -0.744    -0.898     0.153     1.000     0.02347 
4.8                -0.671    -0.811     0.140     1.000     0.01964 
4.9                -0.605    -0.732     0.127     1.000     0.01623 
5.0                -0.545    -0.661     0.115     1.000     0.01331 
5.2                -0.445    -0.539     0.094     1.000     0.00881 
5.4                -0.365    -0.441     0.076     1.000     0.00579 
5.6                -0.301    -0.363     0.062     1.000     0.00382 
5.8                -0.250    -0.301     0.050     1.000     0.00255 
6.0                -0.209    -0.251     0.041     1.000     0.00172 
6.2                -0.176    -0.211     0.034     1.000     0.00118 
-----------------------------------------------------------------------
Reading information from ./298.15K-1.0atm/npt_result.p
MBAR Results for Phase Point (298.15, 1.0, 'atm'), Box, Contributions:
[ 1.]
InfoContent:  1000.00 snapshots (100.00 %)
Weights have been renormalized to 1.0
Physical quantity Density uses denominator =  10.0000
Weights have been renormalized to 1.0
Physical quantity H_vap uses denominator =  5.0000
#==========================================================================================#
#| [1;94m                            ccl4-liquid Density (kg m^-3)                             [0m |#
#| [1;94m Temperature  Pressure  Reference  Calculated +- Stdev     Delta    Weight    Term    [0m |#
#==========================================================================================#
      298.15      1.0 atm  1590.000     1589.239 +- 5.045    -0.761   1.00000   0.00579 
--------------------------------------------------------------------------------------------
#========================================================#
#| [92m  Density objective function:  0.006, Derivative:   [0m |#
#========================================================#
   0 [  5.0330e+01 ] : VDWS402
   1 [ -1.1759e+01 ] : VDWT402
----------------------------------------------------------
#==========================================================================================#
#| [1;94m                  ccl4-liquid Enthalpy of Vaporization (kJ mol^-1)                    [0m |#
#| [1;94m Temperature  Pressure  Reference  Calculated +- Stdev     Delta    Weight    Term    [0m |#
#==========================================================================================#
      298.15      1.0 atm    32.500       31.559 +- 0.100    -0.941   1.00000   0.03542 
--------------------------------------------------------------------------------------------
#======================================================================#
#| [92m Enthalpy of Vaporization objective function:  0.035, Derivative: [0m |#
#======================================================================#
   0 [ -4.7860e+00 ] : VDWS402
   1 [ -4.4346e+00 ] : VDWT402
------------------------------------------------------------------------
#====================================================================#
#| [94m            ccl4-liquid Condensed Phase Properties:             [0m |#
#| [94m  Property Name                Residual x Weight = Contribution [0m |#
#====================================================================#
Density                            0.00579    0.500    2.89444e-03 
Enthalpy of Vaporization           0.03542    0.500    1.77103e-02 
Total                                                  2.06048e-02 
----------------------------------------------------------------------
#===================================================================================#
#| [94m                         Objective Function Breakdown                          [0m |#
#| [94m  Target Name              Residual  x  Weight  =  Contribution (Current-Prev) [0m |#
#===================================================================================#
ccl4-h2o-ix                    0.31059      1.000 [92m     3.10586e-01[0m ( -4.712e-02 ) 
ccl4-liquid                    0.02060      1.000 [92m     2.06048e-02[0m ( -6.591e-01 ) 
Regularization                 0.00025      1.000 [91m     2.52319e-04[0m ( +1.058e-05 ) 
Total                                             [92m     3.31443e-01[0m ( -7.062e-01 ) 
-------------------------------------------------------------------------------------

  Step       |k|        |dk|       |grad|       -=X2=-     Delta(X2)    StepQual
     3   1.588e-01   4.467e-03   3.617e+01[92m   3.31443e-01[0m   7.062e-01      0.981

#========================================================#
#| [94m                   Total Gradient                   [0m |#
#========================================================#
   0 [  3.51380993e+01 ] : VDWS402
   1 [ -8.58330845e+00 ] : VDWT402
----------------------------------------------------------
Convergence criterion reached in step size (1.00e-02)
@========================================================@
@| [1;92m           Final objective function value           [0m |@
@| [1;92m  Full:  3.314428e-01  Un-penalized:  3.311905e-01  [0m |@
@========================================================@
#========================================================#
#| [1;94m           Final optimization parameters:           [0m |#
#| [1;94m           Paste to input file to restart           [0m |#
#========================================================#
read_mvals
   0 [  3.0153e-02 ] : VDWS402
   1 [  1.5596e-01 ] : VDWT402
/read_mvals
#========================================================#
#| [1;94m             Final physical parameters:             [0m |#
#========================================================#
   0 [  3.8808e+00 ] : VDWS402
   1 [  3.1798e-01 ] : VDWT402
----------------------------------------------------------
Backing up result/cl4.prm -> result/cl4_1.prm

The final force field has been written to the 'result' directory.
#========================================================#
#| [1;44;93m               Calculation Finished.                [0m |#
#| [1;44;93m     ---==(  May the Force be with you!  )==---     [0m |#
#========================================================#
