#======================================================================#
#| [1m            Welcome to ForceBalance version 1.6.0! =D             [0m |#
#| [1m                 Force Field Optimization System                  [0m |#
#| [1m                                                                  [0m |#
#| [1m                             Authors:                             [0m |#
#| [1m                          Lee-Ping Wang                           [0m |#
#| [1m                  Keri A. McKiernan, Yudong Qiu                   [0m |#
#| [1m           Arthur Vigil, Erik G. Brandt, Johnny Israeli           [0m |#
#======================================================================#

                          [44m     [0m                                        
                       [44m        [0m      [43m     [0m                              
                    [44m        [0m   [44m  [0m    [43m         [0m                          
                 [44m       [0m    [44m      [0m      [43m         [0m                       
             [44m        [0m    [44m        [0m          [43m         [0m                    
          [44m        [0m    [44m        [0m                 [43m        [0m                 
       [44m        [0m    [44m       [0m                        [43m        [0m              
    [44m        [0m   [44m        [0m                              [43m         [0m          
   [44m      [0m   [44m        [0m               `.:+@@###@'          [43m         [0m       
    [44m [0m    [44m        [0m          ,;'+###############.             [43m     [0m       
      [44m        [0m         +################':`                    [43m [0m        
      [44m     [0m              `.,,...####+.                                  
                                ,#####      +##.               [44m   [0m   [44m   [0m
 [43m    [0m                            #####      ######             [44m   [0m   [44m   [0m
 [43m    [0m                ###'        ####'     :#####'             [44m   [0m   [44m   [0m
 [43m    [0m                :####@      ####.    ,####'               [44m   [0m   [44m   [0m
 [43m    [0m                 ######     ####    +###+                 [44m   [0m   [44m   [0m
 [43m    [0m                  #####     ####   ###;                   [44m   [0m   [44m   [0m
 [43m    [0m                   :##      ####  ++`                     [44m   [0m   [44m   [0m
 [43m    [0m                            ####``..:;+##############+`   [44m   [0m   [44m   [0m
 [43m    [0m             .,:;;'++##################################`  [44m   [0m   [44m   [0m
 [43m    [0m    `############################++++''';;;;;;;;;;;'';    [44m   [0m   [44m   [0m
 [43m    [0m      ,########':,.``       ####                          [44m   [0m   [44m   [0m
 [43m    [0m                            ####                          [44m   [0m   [44m   [0m
 [43m    [0m                            ####                          [44m   [0m   [44m   [0m
 [43m    [0m                            ####                          [44m   [0m   [44m   [0m
 [43m    [0m                            ####                          [44m   [0m   [44m   [0m
 [43m    [0m                            ####                          [44m   [0m   [44m   [0m
 [43m    [0m                            ####                          [44m   [0m   [44m   [0m
 [43m    [0m                            ####                          [44m   [0m   [44m   [0m
      [44m    [0m                       ####                                   
     [44m        [0m                    ####                                   
    [44m [0m    [44m       [0m                 ####                       [43m     [0m       
   [44m     [0m    [44m        [0m             ####                    [43m        [0m       
   [44m        [0m    [44m        [0m          ###                  [43m         [0m         
      [44m        [0m    [44m        [0m        +`               [43m        [0m             
          [44m        [0m   [44m        [0m                   [43m        [0m                
             [44m        [0m   [44m         [0m           [43m         [0m                   
                [44m        [0m    [44m       [0m      [43m         [0m                      
                   [44m        [0m    [44m   [0m    [43m        [0m                          
                      [44m        [0m       [43m      [0m                             
                          [44m      [0m      [43m  [0m                                
                             [44m  [0m                                         

Reading options from file: optimize.in
#========================================================#
#| [95m  Options at their default values are not printed   [0m |#
#| [95m        Use 'verbose_options True' to Enable        [0m |#
#========================================================#
Reading force field from file: smirnoff99Frosst.offxml
#=========================================================#
#| [92m Starting parameter indices, physical values and IDs [0m |#
#=========================================================#
   0 [  1.6000e-01 ] : PeriodicTorsionForce/Proper/k1/[#6X4:1]-[#6X4:2]-[#8X2H1:3]-[#1:4]
   1 [  2.5000e-01 ] : PeriodicTorsionForce/Proper/k2/[#6X4:1]-[#6X4:2]-[#8X2H1:3]-[#1:4]
   2 [  1.5700e-02 ] : NonbondedForce/Atom/epsilon/[#1:1]-[#6X4]
   3 [  1.4870e+00 ] : NonbondedForce/Atom/rmin_half/[#1:1]-[#6X4]
   4 [  1.5700e-02 ] : NonbondedForce/Atom/epsilon/[#1:1]-[#6X4]-[#7,#8,#9,#16,#17,#35]
   5 [  1.3870e+00 ] : NonbondedForce/Atom/rmin_half/[#1:1]-[#6X4]-[#7,#8,#9,#16,#17,#35]
   6 [  3.0000e-01 ] : NonbondedForce/Atom/epsilon/[#1:1]-[#8]
   7 [  1.0940e-01 ] : NonbondedForce/Atom/epsilon/[#6X4:1]
   8 [  1.9080e+00 ] : NonbondedForce/Atom/rmin_half/[#6X4:1]
   9 [  2.1040e-01 ] : NonbondedForce/Atom/epsilon/[#8X2H1+0:1]
  10 [  1.7210e+00 ] : NonbondedForce/Atom/rmin_half/[#8X2H1+0:1]
-----------------------------------------------------------
#=========================================================#
#| [91m Rescaling Factors by Type (Lower Takes Precedence): [0m |#
#=========================================================#
   PeriodicTorsionForce/Proper/k1       : 1.60000e-01
   PeriodicTorsionForce/Proper/k2       : 2.50000e-01
   NonbondedForce/Atom/epsilon          : 1.00000e-01
   PeriodicTorsionForce/Proper/k        : 1.00000e+00
   NonbondedForce/Atom/rmin_half        : 1.00000e+00
-----------------------------------------------------------
#========================================================#
#| [91m   Rescaling Types / Factors by Parameter Number:   [0m |#
#========================================================#
   0 [    PeriodicTorsionForce/Proper/k  : 1.00000e+00 ] : PeriodicTorsionForce/Proper/k1/[#6X4:1]-[#6X4:2]-[#8X2H1:3]-[#1:4]
   1 [    PeriodicTorsionForce/Proper/k  : 1.00000e+00 ] : PeriodicTorsionForce/Proper/k2/[#6X4:1]-[#6X4:2]-[#8X2H1:3]-[#1:4]
   2 [    NonbondedForce/Atom/epsilon   : 1.00000e-01 ] : NonbondedForce/Atom/epsilon/[#1:1]-[#6X4]
   3 [    NonbondedForce/Atom/rmin_half  : 1.00000e+00 ] : NonbondedForce/Atom/rmin_half/[#1:1]-[#6X4]
   4 [    NonbondedForce/Atom/epsilon   : 1.00000e-01 ] : NonbondedForce/Atom/epsilon/[#1:1]-[#6X4]-[#7,#8,#9,#16,#17,#35]
   5 [    NonbondedForce/Atom/rmin_half  : 1.00000e+00 ] : NonbondedForce/Atom/rmin_half/[#1:1]-[#6X4]-[#7,#8,#9,#16,#17,#35]
   6 [    NonbondedForce/Atom/epsilon   : 1.00000e-01 ] : NonbondedForce/Atom/epsilon/[#1:1]-[#8]
   7 [    NonbondedForce/Atom/epsilon   : 1.00000e-01 ] : NonbondedForce/Atom/epsilon/[#6X4:1]
   8 [    NonbondedForce/Atom/rmin_half  : 1.00000e+00 ] : NonbondedForce/Atom/rmin_half/[#6X4:1]
   9 [    NonbondedForce/Atom/epsilon   : 1.00000e-01 ] : NonbondedForce/Atom/epsilon/[#8X2H1+0:1]
  10 [    NonbondedForce/Atom/rmin_half  : 1.00000e+00 ] : NonbondedForce/Atom/rmin_half/[#8X2H1+0:1]
----------