\BOOKMARK [1][-]{section.1}{\376\377\000M\000a\000i\000n\000\040\000P\000a\000g\000e}{}% 1
\BOOKMARK [2][-]{subsection.1.1}{\376\377\000P\000r\000e\000f\000a\000c\000e\000:\000\040\000H\000o\000w\000\040\000t\000o\000\040\000u\000s\000e\000\040\000t\000h\000i\000s\000\040\000d\000o\000c\000u\000m\000e\000n\000t}{section.1}% 2
\BOOKMARK [2][-]{subsection.1.2}{\376\377\000I\000n\000t\000r\000o\000d\000u\000c\000t\000i\000o\000n}{section.1}% 3
\BOOKMARK [3][-]{subsubsection.1.2.1}{\376\377\000B\000a\000c\000k\000g\000r\000o\000u\000n\000d\000:\000\040\000E\000m\000p\000i\000r\000i\000c\000a\000l\000\040\000P\000o\000t\000e\000n\000t\000i\000a\000l\000s}{subsection.1.2}% 4
\BOOKMARK [3][-]{subsubsection.1.2.2}{\376\377\000P\000u\000r\000p\000o\000s\000e\000\040\000a\000n\000d\000\040\000b\000r\000i\000e\000f\000\040\000d\000e\000s\000c\000r\000i\000p\000t\000i\000o\000n\000\040\000o\000f\000\040\000t\000h\000i\000s\000\040\000p\000r\000o\000g\000r\000a\000m}{subsection.1.2}% 5
\BOOKMARK [2][-]{subsection.1.3}{\376\377\000C\000r\000e\000d\000i\000t\000s}{section.1}% 6
\BOOKMARK [1][-]{section.2}{\376\377\000I\000n\000s\000t\000a\000l\000l\000a\000t\000i\000o\000n}{}% 7
\BOOKMARK [2][-]{subsection.2.1}{\376\377\000I\000n\000s\000t\000a\000l\000l\000i\000n\000g\000\040\000F\000o\000r\000c\000e\000B\000a\000l\000a\000n\000c\000e}{section.2}% 8
\BOOKMARK [3][-]{subsubsection.2.1.1}{\376\377\000P\000r\000e\000r\000e\000q\000u\000i\000s\000i\000t\000e\000s}{subsection.2.1}% 9
\BOOKMARK [3][-]{subsubsection.2.1.2}{\376\377\000I\000n\000s\000t\000a\000l\000l\000i\000n\000g}{subsection.2.1}% 10
\BOOKMARK [2][-]{subsection.2.2}{\376\377\000C\000r\000e\000a\000t\000e\000\040\000d\000o\000c\000u\000m\000e\000n\000t\000a\000t\000i\000o\000n}{section.2}% 11
\BOOKMARK [2][-]{subsection.2.3}{\376\377\000I\000n\000s\000t\000a\000l\000l\000i\000n\000g\000\040\000G\000R\000O\000M\000A\000C\000S\000-\000X\0002}{section.2}% 12
\BOOKMARK [3][-]{subsubsection.2.3.1}{\376\377\000P\000r\000e\000r\000e\000q\000u\000i\000s\000i\000t\000e\000s\000\040\000f\000o\000r\000\040\000G\000R\000O\000M\000A\000C\000S\000-\000X\0002}{subsection.2.3}% 13
\BOOKMARK [1][-]{section.3}{\376\377\000U\000s\000a\000g\000e}{}% 14
\BOOKMARK [2][-]{subsection.3.1}{\376\377\000I\000n\000p\000u\000t\000\040\000f\000i\000l\000e}{section.3}% 15
\BOOKMARK [2][-]{subsection.3.2}{\376\377\000D\000i\000r\000e\000c\000t\000o\000r\000y\000\040\000s\000t\000r\000u\000c\000t\000u\000r\000e}{section.3}% 16
\BOOKMARK [2][-]{subsection.3.3}{\376\377\000S\000e\000t\000t\000i\000n\000g\000\040\000u\000p\000\040\000t\000h\000e\000\040\000t\000a\000r\000g\000e\000t\000s}{section.3}% 17
\BOOKMARK [3][-]{subsubsection.3.3.1}{\376\377\000E\000n\000e\000r\000g\000y\000\040\000a\000n\000d\000\040\000f\000o\000r\000c\000e\000\040\000m\000a\000t\000c\000h\000i\000n\000g}{subsection.3.3}% 18
\BOOKMARK [3][-]{subsubsection.3.3.2}{\376\377\000p\000o\000t\000e\000n\000t\000i\000a\000l\000s}{subsection.3.3}% 19
\BOOKMARK [2][-]{subsection.3.4}{\376\377\000R\000u\000n\000n\000i\000n\000g\000\040\000t\000h\000e\000\040\000o\000p\000t\000i\000m\000i\000z\000a\000t\000i\000o\000n}{section.3}% 20
\BOOKMARK [1][-]{section.4}{\376\377\000T\000u\000t\000o\000r\000i\000a\000l}{}% 21
\BOOKMARK [2][-]{subsection.4.1}{\376\377\000F\000i\000t\000t\000i\000n\000g\000\040\000a\000\040\000T\000I\000P\0004\000P\000\040\000p\000o\000t\000e\000n\000t\000i\000a\000l\000\040\000t\000o\000\040\000Q\000M\000\040\000c\000l\000u\000s\000t\000e\000r\000\040\000c\000a\000l\000c\000u\000l\000a\000t\000i\000o\000n\000s}{section.4}% 22
\BOOKMARK [1][-]{section.5}{\376\377\000G\000l\000o\000s\000s\000a\000r\000y}{}% 23
\BOOKMARK [2][-]{subsection.5.1}{\376\377\000S\000c\000i\000e\000n\000t\000i\000f\000i\000c\000\040\000c\000o\000n\000c\000e\000p\000t\000s}{section.5}% 24
\BOOKMARK [2][-]{subsection.5.2}{\376\377\000O\000p\000t\000i\000o\000n\000\040\000i\000n\000d\000e\000x\000:\000\040\000G\000e\000n\000e\000r\000a\000l\000\040\000o\000p\000t\000i\000o\000n\000s}{section.5}% 25
\BOOKMARK [2][-]{subsection.5.3}{\376\377\000O\000p\000t\000i\000o\000n\000\040\000i\000n\000d\000e\000x\000:\000\040\000T\000a\000r\000g\000e\000t\000\040\000o\000p\000t\000i\000o\000n\000s}{section.5}% 26
