#======================================================================#
#| [1m             Welcome to ForceBalance version 1.1! =D              [0m |#
#| [1m                 Force Field Optimization System                  [0m |#
#| [1m                      Author: Lee-Ping Wang                       [0m |#
#======================================================================#

                          [44m     [0m                                        
                       [44m        [0m      [43m     [0m                              
                    [44m        [0m   [44m  [0m    [43m         [0m                          
                 [44m       [0m    [44m      [0m      [43m         [0m                       
             [44m        [0m    [44m        [0m          [43m         [0m                    
          [44m        [0m    [44m        [0m                 [43m        [0m                 
       [44m        [0m    [44m       [0m                        [43m        [0m              
    [44m        [0m   [44m        [0m                              [43m         [0m          
   [44m      [0m   [44m        [0m               `.:+@@###@'          [43m         [0m       
    [44m [0m    [44m        [0m          ,;'+###############.             [43m     [0m       
      [44m        [0m         +################':`                    [43m [0m        
      [44m     [0m              `.,,...####+.                                  
                                ,#####      +##.               [44m   [0m   [44m   [0m
 [43m    [0m                            #####      ######             [44m   [0m   [44m   [0m
 [43m    [0m                ###'        ####'     :#####'             [44m   [0m   [44m   [0m
 [43m    [0m                :####@      ####.    ,####'               [44m   [0m   [44m   [0m
 [43m    [0m                 ######     ####    +###+                 [44m   [0m   [44m   [0m
 [43m    [0m                  #####     ####   ###;                   [44m   [0m   [44m   [0m
 [43m    [0m                   :##      ####  ++`                     [44m   [0m   [44m   [0m
 [43m    [0m                            ####``..:;+##############+`   [44m   [0m   [44m   [0m
 [43m    [0m             .,:;;'++##################################`  [44m   [0m   [44m   [0m
 [43m    [0m    `############################++++''';;;;;;;;;;;'';    [44m   [0m   [44m   [0m
 [43m    [0m      ,########':,.``       ####                          [44m   [0m   [44m   [0m
 [43m    [0m                            ####                          [44m   [0m   [44m   [0m
 [43m    [0m                            ####                          [44m   [0m   [44m   [0m
 [43m    [0m                            ####                          [44m   [0m   [44m   [0m
 [43m    [0m                            ####                          [44m   [0m   [44m   [0m
 [43m    [0m                            ####                          [44m   [0m   [44m   [0m
 [43m    [0m                            ####                          [44m   [0m   [44m   [0m
 [43m    [0m                            ####                          [44m   [0m   [44m   [0m
      [44m    [0m                       ####                                   
     [44m        [0m                    ####                                   
    [44m [0m    [44m       [0m                 ####                       [43m     [0m       
   [44m     [0m    [44m        [0m             ####                    [43m        [0m       
   [44m        [0m    [44m        [0m          ###                  [43m         [0m         
      [44m        [0m    [44m        [0m        +`               [43m        [0m             
          [44m        [0m   [44m        [0m                   [43m        [0m                
             [44m        [0m   [44m         [0m           [43m         [0m                   
                [44m        [0m    [44m       [0m      [43m         [0m                      
                   [44m        [0m    [44m   [0m    [43m        [0m                          
                      [44m        [0m       [43m      [0m                             
                          [44m      [0m      [43m  [0m                                
                             [44m  [0m                                         

Reading options from file: single.in
#========================================================#
#| [95m  Options at their default values are not printed   [0m |#
#| [95m        Use 'verbose_options True' to Enable        [0m |#
#========================================================#
Reading force field from file: bro.itp
#=========================================================#
#| [92m Starting parameter indices, physical values and IDs [0m |#
#=========================================================#
   0 [  3.6700e-01 ] : VDWS:opls_730
   1 [  2.4665e+00 ] : VDWT:opls_730
-----------------------------------------------------------
#========================================================#
#| [91m    Rescaling Factors (Lower Takes Precedence):     [0m |#
#========================================================#
   VDWS                                 : 5.29177e-02
   VDWT                                 : 2.47894e+00
----------------------------------------------------------
Building charge constraints...
#========================================================#
#| [92m               Setup for force field                [0m |#
#========================================================#
fnms                      ['bro.itp'] 
----------------------------------------------------------
Backing up: temp/LiquidBromine to: backups/LiquidBromine_14.tar.bz2
#========================================================#
#| [92m          Setup for target LiquidBromine :          [0m |#
#========================================================#
name                      LiquidBromine 
type                      LIQUID_GMX 
tgtdir                    targets/LiquidBromine 
w_rho                     1.0 
w_hvap                    1.0 
w_alpha                   1.0 
w_kappa                   1.0 
w_cp                      1.0 
w_eps0                    1.0 
liquid_equ_steps          10000 
liquid_prod_steps         50000 
gas_prod_steps            200000 
liquid_timestep           2.0 
liquid_interval           0.1 
gas_timestep              0.5 
gas_interval              0.1 
minimize_energy           1 
self_pol_mu0              0.0 
self_pol_alpha            0.0 
rho_denom                 30.0 
hvap_denom                0.3 
alpha_denom               1.0 
kappa_denom               5.0 
cp_denom                  2.0 
eps0_denom                2.0 
use_cvib_intra            False 
use_cvib_inter            False 
use_cni                   False 
----------------------------------------------------------
Using parabolic regularization (Gaussian prior) with strength 1.0e+00 (+), 0.0e+00 (x)
#========================================================#
#| [92m           Setup for objective function :           [0m |#
#========================================================#
penalty_additive          1.0 
normalize_weights         False 
----------------------------------------------------------
#========================================================#
#| [92m                Setup for optimizer                 [0m |#
#========================================================#
jobtype                   SINGLE 
trust0                    0.25 
mintrust                  0.05 
eps                       0.01 
conv_obj                  0.01 
conv_stp                  0.01 
conv_grd                  0.01 
adapt_fac                 0.2 
adapt_damp                1.0 
print_hess                True 
err_tol                   1.0 
----------------------------------------------------------
Running condensed phase simulation locally.
You may tail -f /home/leeping/temp/bromine-setup/forcebalance/temp/LiquidBromine/iter_0000/298.15K-1.0atm/npt.out in another terminal window
Executing process: [92mpython npt.py gromacs 50000 2.000 0.100 298.150 1.000  --minimize_energy --liquid_equ_steps 10000 &> npt.out[0m Stdin: 
MBAR Results for Phase Point (298.15, 1.0, 'atm'), Box, Contributions:
[ 1.]
InfoContent:  1001.00 snapshots (100.00 %)
Weights have been renormalized to 1.0
Physical quantity Density uses denominator =  30.0000
Weights have been renormalized to 1.0
Physical quantity H_vap uses denominator =  0.3000
#==========================================================================================#
#| [1;94m                           LiquidBromine Density (kg m^-3)                            [0m |#
#| [1;94m Temperature  Pressure  Reference  Calculated +- Stdev     Delta    Weight    Term    [0m |#
#==========================================================================================#
      298.15      1.0 atm  3102.800     2880.417 +- 2.949   -222.383   1.00000  54.94888 
--------------------------------------------------------------------------------------------
#========================================================#
#| [92m        Density objective function:  54.949         [0m |#
#========================================================#
#==========================================================================================#
#| [1;94m                 LiquidBromine Enthalpy of Vaporization (kJ mol^-1)                   [0m |#
#| [1;94m Temperature  Pressure  Reference  Calculated +- Stdev     Delta    Weight    Term    [0m |#
#==========================================================================================#
      298.15      1.0 atm    29.960       32.165 +- 0.207     2.205   1.00000  54.04157 
--------------------------------------------------------------------------------------------
#========================================================#
#| [92m         H_vap objective function:  54.042          [0m |#
#========================================================#
#====================================================================#
#| [94m           LiquidBromine Condensed Phase Properties:            [0m |#
#| [94m  Property Name                Residual x Weight = Contribution [0m |#
#====================================================================#
Density                           54.94888    0.500    2.74744e+01 
Enthalpy of Vaporization          54.04157    0.500    2.70208e+01 
Total                                                  5.44952e+01 
----------------------------------------------------------------------
#====================================================================#
#| [94m                  Objective Function Breakdown                  [0m |#
#| [94m  Target Name              Residual  x  Weight  =  Contribution [0m |#
#====================================================================#
LiquidBromine                 54.49522      1.000 [94m     5.44952e+01[0m 
Regularization                 0.00000      1.000 [94m     0.00000e+00[0m 
Total                                             [94m     5.44952e+01[0m 
----------------------------------------------------------------------
The objective function is: 54.495221641
