            --------------------------------------------------------
                             AMBER SQM VERSION 1.4
 
                                     By
              Ross C. Walker, Michael F. Crowley, Scott Brozell,
                Tim Giese, Andreas W. Goetz and David A. Case
 
            --------------------------------------------------------
 

--------------------------------------------------------------------------------
  QM CALCULATION INFO
--------------------------------------------------------------------------------

| QMMM: Citation for AMBER QMMM Run:
| QMMM: R.C. Walker, M.F. Crowley and D.A. Case, J. COMP. CHEM. 29:1019, 2008

QMMM: SINGLET STATE CALCULATION
QMMM: RHF CALCULATION, NO. OF DOUBLY OCCUPIED LEVELS = 49

| QMMM: *** Selected Hamiltonian *** 
| QMMM: AM1         

| QMMM: *** Parameter sets in use ***
| QMMM: N : M.J.S.DEWAR et al. JACS, 107, 3902, (1985)
| QMMM: C : M.J.S.DEWAR et al. JACS, 107, 3902, (1985)
| QMMM: O : M.J.S.DEWAR et al. JACS, 107, 3902, (1985)
| QMMM: H : M.J.S.DEWAR et al. JACS, 107, 3902, (1985)

| QMMM: *** SCF convergence criteria ***
| QMMM: Energy change                :  0.1D-09 kcal/mol
| QMMM: Error matrix |FP-PF|         :  0.1D+00 au
| QMMM: Density matrix change        :  0.1D-09
| QMMM: Maximum number of SCF cycles :     1000

| QMMM: *** Diagonalization Routine Information ***
| QMMM: Pseudo diagonalizations are allowed.
| QMMM: Auto diagonalization routine selection is disabled.
| QMMM: Using internal diagonalization routine (diag_routine=1).

  QMMM: QM Region Cartesian Coordinates (*=link atom) 
  QMMM: QM_NO.   MM_NO.  ATOM         X         Y         Z
  QMMM:     1        1      N       -0.1830    1.1590    0.0040
  QMMM:     2        2      C       -1.4000    2.8580   -1.3370
  QMMM:     3        3      C       -0.3940    2.4920   -0.2610
  QMMM:     4        4      C        0.7890    0.7910    1.0590
  QMMM:     5        5      C        0.0980    0.1930    2.2850
  QMMM:     6        6      C        1.9150   -0.0580    0.4750
  QMMM:     7        7      C        2.7520    0.5240   -0.4850
  QMMM:     8        8      C        3.7990   -0.1900   -1.0510
  QMMM:     9        9      C        4.0350   -1.5090   -0.6680
  QMMM:    10       10      C        3.2160   -2.0980    0.2860
  QMMM:    11       11      C        2.1650   -1.3770    0.8530
  QMMM:    12       12      C       -0.8770    0.1020   -0.6980
  QMMM:    13       13      O        0.2250    3.3710    0.3220
  QMMM:    14       14      C       -2.2030   -0.3180   -0.0240
  QMMM:    15       15      C       -3.9310   -2.0060    0.2800
  QMMM:    16       16      C       -2.0490   -2.4820   -1.2500
  QMMM:    17       17      N       -2.7260   -1.5290   -0.3850
  QMMM:    18       18      O       -2.7660    0.4360    0.7530
  QMMM:    19       19      H       -1.0530    2.5400   -2.3150
  QMMM:    20       20      H       -1.4950    3.9330   -1.3350
  QMMM:    21       21      H       -2.3660    2.4080   -1.1440
  QMMM:    22       22      H       -1.1010    0.3920   -1.7150
  QMMM:    23       23      H       -0.2080   -0.7430   -0.7630
  QMMM:    24       24      H        1.2200    1.7300    1.3600
  QMMM:    25       25      H        2.5820    1.5450   -0.7770
  QMMM:    26       26      H        4.4330    0.2810   -1.7820
  QMMM:    27       27      H        4.8470   -2.0630   -1.1030
  QMMM:    28       28      H        3.3920   -3.1130    0.5950
  QMMM:    29       29      H        1.5550   -1.8540    1.5970
  QMMM:    30       30      H       -0.3840   -0.7570    2.0790
  QMMM:    31       31      H       -0.6620    0.8750    2.6390
  QMMM:    32       32      H        0.8240    0.0340    3.0760
  QMMM:    33       33      H       -4.6640   -2.3100   -0.4600
  QMMM:    34       34      H       -1.3220   -3.0840   -0.7120
  QMMM:    35       35      H       -4.3390   -1.2130    0.8820
  QMMM:    36       36      H       -1.5540   -1.9920   -2.0760
  QMMM:    37       37      H       -3.7060   -2.8580    0.9140
  QMMM:    38       38      H       -2.7920   -3.1470   -1.6700

--------------------------------------------------------------------------------
  RESULTS
--------------------------------------------------------------------------------

      iter         sqm energy              rms gradient
      ----    -------------------    -----------------------
xmin    10      -43.4797 kcal/mol        0.3775 kcal/(mol*A)
xmin    20      -43.5851 kcal/mol        0.0626 kcal/(mol*A)
xmin    30      -43.5884 kcal/mol        0.0017 kcal/(mol*A)
  ... geometry converged !

 Heat of formation   =        -43.58846881 kcal/mol  (       -1.89013784 eV)
 Total SCF energy    =     -71999.92086991 kcal/mol  (    -3122.15085512 eV)
 Electronic energy   =    -487862.36372293 kcal/mol  (   -21155.29958471 eV)
 Core-core repulsion =     415862.44285301 kcal/mol  (    18033.14872959 eV)
 
    Atomic Charges for Step       1 :
  Atom    Element       Mulliken Charge
     1      N                 -0.319
     2      C                 -0.244
     3      C                  0.319
     4      C                  0.054
     5      C                 -0.228
     6      C                 -0.091
     7      C                 -0.111
     8      C                 -0.132
     9      C                 -0.126
    10      C                 -0.135
    11      C                 -0.130
    12      C                 -0.033
    13      O                 -0.365
    14      C                  0.269
    15      C                 -0.078
    16      C                 -0.074
    17      N                 -0.342
    18      O                 -0.363
    19      H                  0.095
    20      H                  0.117
    21      H                  0.119
    22      H                  0.109
    23      H                  0.121
    24      H                  0.142
    25      H                  0.146
    26      H                  0.134
    27      H                  0.132
    28      H                  0.130
    29      H                  0.130
    30      H                  0.070
    31      H                  0.100
    32      H                  0.088
    33      H                  0.071
    34      H                  0.067
    35      H                  0.121
    36      H                  0.076
    37      H                  0.067
    38      H                  0.092
 Total Mulliken Charge =       0.000
 
 Final Structure

  QMMM: QM Region Cartesian Coordinates (*=link atom) 
  QMMM: QM_NO.   MM_NO.  ATOM         X         Y         Z
  QMMM:     1        1      N       -0.1171    1.1045   -0.1228
  QMMM:     2        2      C       -1.6137    2.7041   -1.3354
  QMMM:     3        3      C       -0.4730    2.4303   -0.3889
  QMMM:     4        4      C        0.8555    0.8141    0.9287
  QMMM:     5        5      C        0.2354    0.1778    2.1735
  QMMM:     6        6      C        2.0104   -0.0109    0.4045
  QMMM:     7        7      C        3.0541    0.6485   -0.2573
  QMMM:     8        8      C        4.1468   -0.0700   -0.7388
  QMMM:     9        9      C        4.2063   -1.4530   -0.5659
  QMMM:    10       10      C        3.1686   -2.1143    0.0893
  QMMM:    11       11      C        2.0727   -1.3973    0.5701
  QMMM:    12       12      C       -0.8589    0.0087   -0.6707
  QMMM:    13       13      O        0.1729    3.3665    0.1213
  QMMM:    14       14      C       -2.2117   -0.2972    0.0002
  QMMM:    15       15      C       -4.0598   -1.8848    0.3070
  QMMM:    16       16      C       -2.1808   -2.4713   -1.1549
  QMMM:    17       17      N       -2.8229   -1.5036   -0.3160
  QMMM:    18       18      O       -2.7742    0.5113    0.7641
  QMMM:    19       19      H       -1.3646    2.3470   -2.3633
  QMMM:    20       20      H       -1.7892    3.8074   -1.3683
  QMMM:    21       21      H       -2.5438    2.1972   -0.9760
  QMMM:    22       22      H       -1.0782    0.2141   -1.7594
  QMMM:    23       23      H       -0.2064   -0.9125   -0.6061
  QMMM:    24       24      H        1.2878    1.8156    1.2543
  QMMM:    25       25      H        3.0079    1.7405   -0.3940
  QMMM:    26       26      H        4.9638    0.4559   -1.2546
  QMMM:    27       27      H        5.0700   -2.0194   -0.9434
  QMMM:    28       28      H        3.2132   -3.2041    0.2303
  QMMM:    29       29      H        1.2639   -1.9313    1.0911
  QMMM:    30       30      H       -0.3489   -0.7401    1.9226
  QMMM:    31       31      H       -0.4580    0.9024    2.6660
  QMMM:    32       32      H        1.0483   -0.0930    2.8881
  QMMM:    33       33      H       -4.8259   -2.1129   -0.4822
  QMMM:    34       34      H       -1.3080   -2.9472   -0.6288
  QMMM:    35       35      H       -4.4409   -1.0519    0.9566
  QMMM:    36       36      H       -1.8095   -1.9884   -2.0989
  QMMM:    37       37      H       -3.9098   -2.8016    0.9386
  QMMM:    38       38      H       -2.9102   -3.2781   -1.4324

           --------- Calculation Completed ----------

