#======================================================================#
#| [1m            Welcome to ForceBalance version 1.7.0! =D             [0m |#
#| [1m                 Force Field Optimization System                  [0m |#
#| [1m                                                                  [0m |#
#| [1m                             Authors:                             [0m |#
#| [1m                          Lee-Ping Wang                           [0m |#
#| [1m                  Yudong Qiu, Keri A. McKiernan                   [0m |#
#| [1m          Jeffrey R. Wagner, Hyesu Jang, Simon Boothroyd          [0m |#
#| [1m           Arthur Vigil, Erik G. Brandt, Johnny Israeli           [0m |#
#======================================================================#

                          [44m     [0m                                        
                       [44m        [0m      [43m     [0m                              
                    [44m        [0m   [44m  [0m    [43m         [0m                          
                 [44m       [0m    [44m      [0m      [43m         [0m                       
             [44m        [0m    [44m        [0m          [43m         [0m                    
          [44m        [0m    [44m        [0m                 [43m        [0m                 
       [44m        [0m    [44m       [0m                        [43m        [0m              
    [44m        [0m   [44m        [0m                              [43m         [0m          
   [44m      [0m   [44m        [0m               `.:+@@###@'          [43m         [0m       
    [44m [0m    [44m        [0m          ,;'+###############.             [43m     [0m       
      [44m        [0m         +################':`                    [43m [0m        
      [44m     [0m              `.,,...####+.                                  
                                ,#####      +##.               [44m   [0m   [44m   [0m
 [43m    [0m                            #####      ######             [44m   [0m   [44m   [0m
 [43m    [0m                ###'        ####'     :#####'             [44m   [0m   [44m   [0m
 [43m    [0m                :####@      ####.    ,####'               [44m   [0m   [44m   [0m
 [43m    [0m                 ######     ####    +###+                 [44m   [0m   [44m   [0m
 [43m    [0m                  #####     ####   ###;                   [44m   [0m   [44m   [0m
 [43m    [0m                   :##      ####  ++`                     [44m   [0m   [44m   [0m
 [43m    [0m                            ####``..:;+##############+`   [44m   [0m   [44m   [0m
 [43m    [0m             .,:;;'++##################################`  [44m   [0m   [44m   [0m
 [43m    [0m    `############################++++''';;;;;;;;;;;'';    [44m   [0m   [44m   [0m
 [43m    [0m      ,########':,.``       ####                          [44m   [0m   [44m   [0m
 [43m    [0m                            ####                          [44m   [0m   [44m   [0m
 [43m    [0m                            ####                          [44m   [0m   [44m   [0m
 [43m    [0m                            ####                          [44m   [0m   [44m   [0m
 [43m    [0m                            ####                          [44m   [0m   [44m   [0m
 [43m    [0m                            ####                          [44m   [0m   [44m   [0m
 [43m    [0m                            ####                          [44m   [0m   [44m   [0m
 [43m    [0m                            ####                          [44m   [0m   [44m   [0m
      [44m    [0m                       ####                                   
     [44m        [0m                    ####                                   
    [44m [0m    [44m       [0m                 ####                       [43m     [0m       
   [44m     [0m    [44m        [0m             ####                    [43m        [0m       
   [44m        [0m    [44m        [0m          ###                  [43m         [0m         
      [44m        [0m    [44m        [0m        +`               [43m        [0m             
          [44m        [0m   [44m        [0m                   [43m        [0m                
             [44m        [0m   [44m         [0m           [43m         [0m                   
                [44m        [0m    [44m       [0m      [43m         [0m                      
                   [44m        [0m    [44m   [0m    [43m        [0m                          
                      [44m        [0m       [43m      [0m                             
                          [44m      [0m      [43m  [0m                                
                             [44m  [0m                                         

Reading options from file: optimize-full.in
#========================================================#
#| [95m  Options at their default values are not printed   [0m |#
#| [95m        Use 'verbose_options True' to Enable        [0m |#
#========================================================#
Reading force field from file: dms.xml
#=========================================================#
#| [92m Starting parameter indices, physical values and IDs [0m |#
#=========================================================#
   0 [ -2.8120e-01 ] : Atom/charge/dms-ss-1
   1 [  3.5636e-01 ] : Atom/sigma/dms-ss-1
   2 [  1.0460e+00 ] : Atom/epsilon/dms-ss-1
   3 [ -4.5000e-02 ] : Atom/charge/dms-c3-2
   4 [  3.3997e-01 ] : Atom/sigma/dms-c3-2
   5 [  4.5773e-01 ] : Atom/epsilon/dms-c3-2
   6 [  2.4714e-01 ] : Atom/sigma/dms-h1-3
   7 [  6.5689e-02 ] : Atom/epsilon/dms-h1-3
-----------------------------------------------------------
#=========================================================#
#| [91m Rescaling Factors by Type (Lower Takes Precedence): [0m |#
#=========================================================#
   Atom/charge                          : 2.81200e-01
   Atom/sigma                           : 3.56359e-01
   Atom/epsilon                         : 1.04600e+00
-----------------------------------------------------------
#========================================================#
#| [91m   Rescaling Types / Factors by Parameter Number:   [0m |#
#========================================================#
   0 [    Atom/charge                   : 2.81200e-01 ] : Atom/charge/dms-ss-1
   1 [    Atom/sigma                    : 3.56359e-01 ] : Atom/sigma/dms-ss-1
   2 [    Atom/epsilon                  : 1.04600e+00 ] : Atom/epsilon/dms-ss-1
   3 [    Atom/charge                   : 2.81200e-01 ] : Atom/charge/dms-c3-2
   4 [    Atom/sigma                    : 3.56359e-01 ] : Atom/sigma/dms-c3-2
   5 [    Atom/epsilon                  : 1.04600e+00 ] : Atom/epsilon/dms-c3-2
   6 [    Atom/sigma                    : 3.56359e-01 ] : Atom/sigma/dms-h1-3
   7 [    Atom/epsilon                  : 1.04600e+00 ] : Atom/epsilon/dms-h1-3
----------------------------------------------------------
#========================================================#
#| [92m               Setup for force field                [0m |#
#========================================================#
fnms                      ['dms.xml'] 
----------------------------------------------------------
Backing up: optimize-full.tmp/S2EPose to: optimize-full.bak/S2EPose_7.tar.bz2
The energy denominator is: 5.0 kcal/mol
Interactions more repulsive than 30.0 will not be fitted (0/31 excluded) 
#========================================================#
#| [92m             Setup for target S2EPose :             [0m |#
#========================================================#
precision                 double 
platname                  Reference 
name                      S2EPose 
type                      INTERACTION_OPENMM 
tgtdir                    targets/S2EPose 
attenuate                 True 
energy_denom              5.0 
fragment1                 1-9 
fragment2                 10-18 
----------------------------------------------------------
Backing up: optimize-full.tmp/dms-liquid to: optimize-full.bak/dms-liquid_7.tar.bz2
Autodetected 216 molecules with 9 atoms each in liquid coordinates
#========================================================#
#| [92m           Setup for target dms-liquid :            [0m |#
#========================================================#
force_cuda                0 
mts_integrator            0 
rpmd_beads                0 
liquid_coords             liquid.pdb 
gas_coords                gas.pdb 
nvt_coords                surf.pdb 
name                      dms-liquid 
type                      LIQUID_OPENMM 
tgtdir                    targets/dms-liquid 
w_rho                     1.0 
w_hvap                    1.0 
w_alpha                   1.0 
w_kappa                   1.0 
w_cp                      1.0 
w_eps0                    1.0 
w_normalize               0 
liquid_eq_steps           50000 
liquid_md_steps           100000 
gas_eq_steps              10000 
gas_md_steps              100000 
liquid_timestep           1.0 
liquid_interval           0.5 
gas_timestep              1.0 
gas_interval              0.1 
adapt_errors              0 
minimize_energy           1 
self_pol_mu0              0.0 
self_pol_alpha            0.0 
anisotropic_box           0 
w_surf_ten                0.0 
nvt_eq_steps              10000 
nvt_md_steps              100000 
nvt_timestep              1.0 
nvt_interval              0.1 
pure_num_grad             0 
liquid_fdiff_h            0.01 
rho_denom                 10.0 
hvap_denom                5.0 
alpha_denom               1.0 
kappa_denom               10.0 
cp_denom                  2.0 
eps0_denom                10.0 
use_cvib_intra            False 
use_cvib_inter            False 
use_cni                   False 
----------------------------------------------------------
Using parabolic regularization (Gaussian prior) with strength 1.0e+00 (+), 0.0e+00 (x)
#========================================================#
#| [92m           Setup for objective function :           [0m |#
#========================================================#
penalty_additive          1.0 
----------------------------------------------------------
#========================================================#
#| [92m                Setup for optimizer                 [0m |#
#========================================================#
jobtype                   NEWTON 
trust0                    0.3 
mintrust                  0.05 
convergence_objective     1.0 
convergence_step          0.1 
convergence_gradient      1.0 
err_tol                   1.0 
input_file                optimize-full.in 
----------------------------------------------------------
Calculation started at 2019-11-25 07:24 AM
#========================================================#
#| [1m                  Main Optimizer                    [0m |#
#| [1m   Newton-Raphson Method (Adaptive Trust Radius)    [0m |#
#| [1m                                                    [0m |#
#| [1m       [0mConvergence criteria (1 of 3 needed):        [0m |#
#| [1m          [0mObjective Function  : 1.000e+00           [0m |#
#| [1m          [0mNorm of Gradient    : 1.000e+00           [0m |#
#| [1m          [0mParameter step size : 1.000e-01           [0m |#
#========================================================#
#========================================================================#
#|               Color Key for Objective Function -=X2=-                |#
#|  [1mBold[0m = Initial step                                                 |#
#|  [92mGreen = Current lowest value of objective function (best estimate)[0m  |#
#|  [91mRed = Objective function rises, step rejected[0m                       |#
#|  [0mNo color = Not at the lowest value                                  |#
#========================================================================#
#========================================================#
#| [94m     Iteration 0: Evaluating objective function     [0m |#
#| [94m        and derivatives through second order        [0m |#
#========================================================#
#========================================================#
#|    Target: dms-liquid - launching MD simulations     |#
#|         Time steps: 50000 (eq) + 100000 (md)         |#
#========================================================#
Running condensed phase simulation locally.
You may tail -f /home/leeping/src/forcebalance/studies/002_Mar13_OpenMM_Workshop/optimize-full.tmp/dms-liquid/iter_0000/298.15K-1.0atm/npt.out in another terminal window
Executing process: [92mbash runcuda.sh python npt.py openmm 298.150 1.000[0m Output: npt.out

#=====================================================================#
#| [92m                         Target: S2EPose                         [0m |#
#| [92m    Interaction Energies (kcal/mol), Objective =  1.14598e+00    [0m |#
#| [92m  Label          Calc.      Ref.     Delta   Divisor        Term [0m |#
#=====================================================================#
3.0                11.428     7.508     3.920     5.594     0.49099 
3.2                 2.029     0.381     1.648     5.000     0.10859 
3.4                -1.530    -3.069     1.539     5.000     0.09475 
3.6                -2.668    -4.340     1.672     5.000     0.11185 
3.8                -2.813    -4.448     1.635     5.000     0.10694 
4.0                -2.588    -4.050     1.463     5.000     0.08556 
4.2                -2.254    -3.441     1.187     5.000     0.05634 
4.4                -1.916    -2.843     0.926     5.000     0.03431 
4.6                -1.614    -2.346     0.732     5.000     0.02143 
4.8                -1.356    -1.935     0.579     5.000     0.01341 
5.0                -1.141    -1.609     0.469     5.000     0.00878 
5.2                -0.963    -1.332     0.368     5.000     0.00542 
5.4                -0.818    -1.100     0.282     5.000     0.00318 
5.6                -0.698    -0.914     0.216     5.000     0.00186 
5.8                -0.600    -0.767     0.168     5.000     0.00113 
6.0                -0.518    -0.646     0.128     5.000     0.00065 
6.2                -0.450    -0.543     0.092     5.000     0.00034 
6.4                -0.393    -0.460     0.066     5.000     0.00018 
6.6                -0.345    -0.397     0.052     5.000     0.00011 
6.8                -0.305    -0.345     0.040     5.000     0.00006 
7.0                -0.271    -0.302     0.031     5.000     0.00004 
7.2                -0.241    -0.264     0.023     5.000     0.00002 
7.4                -0.216    -0.234     0.018     5.000     0.00001 
7.6                -0.194    -0.208     0.013     5.000     0.00001 
7.8                -0.175    -0.186     0.011     5.000     0.00000 
8.0                -0.159    -0.167     0.008     5.000     0.00000 
8.2                -0.144    -0.150     0.006     5.000     0.00000 
8.4                -0.132    -0.135     0.004     5.000     0.00000 
8.6                -0.120    -0.123     0.002     5.000     0.00000 
8.8                -0.111    -0.112     0.001     5.000     0.00000 
9.0                -0.102    -0.102     0.000     5.000     0.00000 
-----------------------------------------------------------------------
Reading information from ./298.15K-1.0atm/npt_result.p
Weights have been renormalized to 1.0
Physical quantity Density uses denominator =  10.0000
Weights have been renormalized to 1.0
Physical quantity H_vap uses denominator =  5.0000
#==========================================================================================#
#| [1;94m                            dms-liquid Density (kg m^-3)                              [0m |#
#| [1;94m Temperature  Pressure  Reference  Calculated +- Stdev     Delta    Weight    Term    [0m |#
#==========================================================================================#
      298.15      1.0 atm   841.900      788.723 +- 2.145   -53.177   1.00000  28.27815 
--------------------------------------------------------------------------------------------
#========================================================#
#| [92m  Density objective function:  28.278, Derivative:  [0m |#
#========================================================#
   0 [  7.5282e+01 ] : Atom/charge/dms-ss-1
   1 [  1.1567e+02 ] : Atom/sigma/dms-ss-1
   2 [ -1.5954e+02 ] : Atom/epsilon/dms-ss-1
   3 [  3.8038e+01 ] : Atom/charge/dms-c3-2
   4 [  2.2260e+01 ] : Atom/sigma/dms-c3-2
   5 [ -4.7397e+02 ] : Atom/epsilon/dms-c3-2
   6 [  1.1969e+03 ] : Atom/sigma/dms-h1-3
   7 [ -1.2413e+03 ] : Atom/epsilon/dms-h1-3
----------------------------------------------------------
#==========================================================================================#
#| [1;94m                   dms-liquid Enthalpy of Vaporization (kJ mol^-1)                    [0m |#
#| [1;94m Temperature  Pressure  Reference  Calculated +- Stdev     Delta    Weight    Term    [0m |#
#==========================================================================================#
      298.15      1.0 atm    27.650       21.710 +- 1.574    -5.940   1.00000   1.41120 
--------------------------------------------------------------------------------------------
#======================================================================#
#| [92m Enthalpy of Vaporization objective function:  1.411, Derivative: [0m |#
#======================================================================#
   0 [  3.4852e+00 ] : Atom/charge/dms-ss-1
   1 [ -9.3765e+00 ] : Atom/sigma/dms-ss-1
   2 [ -4.9274e+00 ] : Atom/epsilon/dms-ss-1
   3 [  1.3489e+00 ] : Atom/charge/dms-c3-2
   4 [ -1.7921e+01 ] : Atom/sigma/dms-c3-2
   5 [ -1.4472e+01 ] : Atom/epsilon/dms-c3-2
   6 [  2.6646e-01 ] : Atom/sigma/dms-h1-3
   7 [ -5.5516e+01 ] : Atom/epsilon/dms-h1-3
------------------------------------------------------------------------
#====================================================================#
#| [94m             dms-liquid Condensed Phase Properties:             [0m |#
#| [94m  Property Name                Residual x Weight = Contribution [0m |#
#====================================================================#
Density                           28.27815    1.000    2.82782e+01 
Enthalpy of Vaporization           1.41120    1.000    1.41120e+00 
Total                                                  2.96894e+01 
----------------------------------------------------------------------
#====================================================================#
#| [94m                  Objective Function Breakdown                  [0m |#
#| [94m  Target Name              Residual  x  Weight  =  Contribution [0m |#
#====================================================================#
S2EPose                        1.14598      0.500 [94m     5.72991e-01[0m 
dms-liquid                    29.68935      0.500 [94m     1.48447e+01[0m 
Regularization                 0.00000      1.000 [94m     0.00000e+00[0m 
Total                                             [94m     1.54177e+01[0m 
----------------------------------------------------------------------

  Step       |k|        |dk|       |grad|       -=X2=-     Delta(X2)    StepQual
     0   0.000e+00   0.000e+00   9.268e+02[1m   1.54177e+01[0m   0.000e+00      0.000

#========================================================#
#| [94m                   Total Gradient                   [0m |#
#========================================================#
   0 [  4.04013534e+01 ] : Atom/charge/dms-ss-1
   1 [  6.85180292e+01 ] : Atom/sigma/dms-ss-1
   2 [ -8.17887751e+01 ] : Atom/epsilon/dms-ss-1
   3 [  2.01374951e+01 ] : Atom/charge/dms-c3-2
   4 [  1.38171133e+01 ] : Atom/sigma/dms-c3-2
   5 [ -2.43833423e+02 ] : Atom/epsilon/dms-c3-2
   6 [  6.14039933e+02 ] : Atom/sigma/dms-h1-3
   7 [ -6.39382444e+02 ] : Atom/epsilon/dms-h1-3
----------------------------------------------------------
Calculating nonlinear optimization step
Newton-Raphson step found (length 1.9089e-01)
#========================================================#
#| [95m  Mathematical Parameters (Current + Step = Next)   [0m |#
#========================================================#
   0 [  0.0000e+00 - 1.1345e-01 = -1.1345e-01 ] : Atom/charge/dms-ss-1
   1 [  0.0000e+00 - 1.1802e-01 = -1.1802e-01 ] : Atom/sigma/dms-ss-1
   2 [  0.0000e+00 + 6.7845e-03 =  6.7845e-03 ] : Atom/epsilon/dms-ss-1
   3 [  0.0000e+00 - 4.7876e-02 = -4.7876e-02 ] : Atom/charge/dms-c3-2
   4 [  0.0000e+00 - 2.1137e-02 = -2.1137e-02 ] : Atom/sigma/dms-c3-2
   5 [  0.0000e+00 + 1.7000e-02 =  1.7000e-02 ] : Atom/epsilon/dms-c3-2
   6 [  0.0000e+00 + 4.8292e-02 =  4.8292e-02 ] : Atom/sigma/dms-h1-3
   7 [  0.0000e+00 + 6.5068e-02 =  6.5068e-02 ] : Atom/epsilon/dms-h1-3
----------------------------------------------------------
#========================================================#
#| [95m    Physical Parameters (Current + Step = Next)     [0m |#
#========================================================#
   0 [ -2.8120e-01 - 3.1902e-02 = -3.1310e-01 ] : Atom/charge/dms-ss-1
   1 [  3.5636e-01 - 4.2059e-02 =  3.1430e-01 ] : Atom/sigma/dms-ss-1
   2 [  1.0460e+00 + 7.0966e-03 =  1.0531e+00 ] : Atom/epsilon/dms-ss-1
   3 [ -4.5000e-02 - 1.3463e-02 = -5.8463e-02 ] : Atom/charge/dms-c3-2
   4 [  3.3997e-01 - 7.5325e-03 =  3.3243e-01 ] : Atom/sigma/dms-c3-2
   5 [  4.5773e-01 + 1.7782e-02 =  4.7551e-01 ] : Atom/epsilon/dms-c3-2
   6 [  2.4714e-01 + 1.7209e-02 =  2.6434e-01 ] : Atom/sigma/dms-h1-3
   7 [  6.5689e-02 + 6.8062e-02 =  1.3375e-01 ] : Atom/epsilon/dms-h1-3
----------------------------------------------------------
Backing up optimize-full.sav -> optimize-full.bak/optimize-full_4.sav
Input file with saved parameters: optimize-full.sav
#========================================================#
#| [94m     Iteration 1: Evaluating objective function     [0m |#
#| [94m        and derivatives through second order        [0m |#
#========================================================#
#========================================================#
#|    Target: dms-liquid - launching MD simulations     |#
#|         Time steps: 50000 (eq) + 100000 (md)         |#
#========================================================#
Running condensed phase simulation locally.
You may tail -f /home/leeping/src/forcebalance/studies/002_Mar13_OpenMM_Workshop/optimize-full.tmp/dms-liquid/iter_0001/298.15K-1.0atm/npt.out in another terminal window
Executing process: [92mbash runcuda.sh python npt.py openmm 298.150 1.000[0m Output: npt.out

#=====================================================================#
#| [92m                         Target: S2EPose                         [0m |#
#| [92m    Interaction Energies (kcal/mol), Objective =  3.97727e-01    [0m |#
#| [92m  Label          Calc.      Ref.     Delta   Divisor        Term [0m |#
#=====================================================================#
3.0                 9.767     7.508     2.259     5.594     0.16303 
3.2                 0.877     0.381     0.496     5.000     0.00984 
3.4                -2.385    -3.069     0.684     5.000     0.01871 
3.6                -3.328    -4.340     1.012     5.000     0.04098 
3.8                -3.332    -4.448     1.116     5.000     0.04983 
4.0                -3.001    -4.050     1.049     5.000     0.04404 
4.2                -2.587    -3.441     0.854     5.000     0.02918 
4.4                -2.187    -2.843     0.656     5.000     0.01719 
4.6                -1.836    -2.346     0.509     5.000     0.01038 
4.8                -1.541    -1.935     0.394     5.000     0.00620 
5.0                -1.297    -1.609     0.312     5.000     0.00391 
5.2                -1.096    -1.332     0.235     5.000     0.00222 
5.4                -0.932    -1.100     0.168     5.000     0.00112 
5.6                -0.798    -0.914     0.116     5.000     0.00054 
5.8                -0.687    -0.767     0.081     5.000     0.00026 
6.0                -0.595    -0.646     0.051     5.000     0.00010 
6.2                -0.518    -0.543     0.024     5.000     0.00002 
6.4                -0.455    -0.460     0.005     5.000     0.00000 
6.6                -0.401    -0.397    -0.003     5.000     0.00000 
6.8                -0.355    -0.345    -0.010     5.000     0.00000 
7.0                -0.316    -0.302    -0.014     5.000     0.00001 
7.2                -0.283    -0.264    -0.019     5.000     0.00001 
7.4                -0.254    -0.234    -0.020     5.000     0.00002 
7.6                -0.229    -0.208    -0.021     5.000     0.00002 
7.8                -0.207    -0.186    -0.021     5.000     0.00002 
8.0                -0.188    -0.167    -0.022     5.000     0.00002 
8.2                -0.172    -0.150    -0.022     5.000     0.00002 
8.4                -0.157    -0.135    -0.021     5.000     0.00002 
8.6                -0.144    -0.123    -0.021     5.000     0.00002 
8.8                -0.132    -0.112    -0.021     5.000     0.00002 
9.0                -0.122    -0.102    -0.020     5.000     0.00002 
-----------------------------------------------------------------------
Reading information from ./298.15K-1.0atm/npt_result.p
Weights have been renormalized to 1.0
Physical quantity Density uses denominator =  10.0000
Weights have been renormalized to 1.0
Physical quantity H_vap uses denominator =  5.0000
#==========================================================================================#
#| [1;94m                            dms-liquid Density (kg m^-3)                              [0m |#
#| [1;94m Temperature  Pressure  Reference  Calculated +- Stdev     Delta    Weight    Term    [0m |#
#==========================================================================================#
      298.15      1.0 atm   841.900      817.976 +- 1.461   -23.924   1.00000   5.72365 
--------------------------------------------------------------------------------------------
#========================================================#
#| [92m  Density objective function:  5.724, Derivative:   [0m |#
#========================================================#
   0 [  3.0541e+01 ] : Atom/charge/dms-ss-1
   1 [  1.5372e+02 ] : Atom/sigma/dms-ss-1
   2 [ -3.5244e+01 ] : Atom/epsilon/dms-ss-1
   3 [  1.3288e+01 ] : Atom/charge/dms-c3-2
   4 [ -8.1616e+01 ] : Atom/sigma/dms-c3-2
   5 [ -1.5770e+02 ] : Atom/epsilon/dms-c3-2
   6 [  6.0461e+02 ] : Atom/sigma/dms-h1-3
   7 [ -3.3606e+02 ] : Atom/epsilon/dms-h1-3
----------------------------------------------------------
#==========================================================================================#
#| [1;94m                   dms-liquid Enthalpy of Vaporization (kJ mol^-1)                    [0m |#
#| [1;94m Temperature  Pressure  Reference  Calculated +- Stdev     Delta    Weight    Term    [0m |#
#==========================================================================================#
      298.15      1.0 atm    27.650       26.241 +- 1.475    -1.409   1.00000   0.07940 
--------------------------------------------------------------------------------------------
#======================================================================#
#| [92m Enthalpy of Vaporization objective function:  0.079, Derivative: [0m |#
#======================================================================#
   0 [  1.2553e+00 ] : Atom/charge/dms-ss-1
   1 [ -1.3381e+00 ] : Atom/sigma/dms-ss-1
   2 [ -9.1012e-01 ] : Atom/epsilon/dms-ss-1
   3 [  4.7928e-01 ] : Atom/charge/dms-c3-2
   4 [ -5.6088e+00 ] : Atom/sigma/dms-c3-2
   5 [ -3.5781e+00 ] : Atom/epsilon/dms-c3-2
   6 [  2.3228e+00 ] : Atom/sigma/dms-h1-3
   7 [ -1.0436e+01 ] : Atom/epsilon/dms-h1-3
------------------------------------------------------------------------
#====================================================================#
#| [94m             dms-liquid Condensed Phase Properties:             [0m |#
#| [94m  Property Name                Residual x Weight = Contribution [0m |#
#====================================================================#
Density                            5.72365    1.000    5.72365e+00 
Enthalpy of Vaporization           0.07940    1.000    7.94010e-02 
Total                                                  5.80305e+00 
----------------------------------------------------------------------
#===================================================================================#
#| [94m                         Objective Function Breakdown                          [0m |#
#| [94m  Target Name              Residual  x  Weight  =  Contribution (Current-Prev) [0m |#
#===================================================================================#
S2EPose                        0.39773      0.500 [92m     1.98864e-01[0m ( -3.741e-01 ) 
dms-liquid                     5.80305      0.500 [92m     2.90153e+00[0m ( -1.194e+01 ) 
Regularization                 0.03644      1.000 [91m     3.64408e-02[0m ( +3.644e-02 ) 
Total                                             [92m     3.13683e+00[0m ( -1.228e+01 ) 
-------------------------------------------------------------------------------------
Backing up result/optimize-full/dms.xml -> result/optimize-full/dms_6.xml
#=============================================================================#
#|  The force field has been written to the result/optimize-full directory.  |#
#|    Input file with optimization parameters saved to optimize-full.sav.    |#
#=============================================================================#

  Step       |k|        |dk|       |grad|       -=X2=-     Delta(X2)    StepQual
     1   1.909e-01   1.909e-01   3.784e+02[92m   3.13683e+00[0m  -1.228e+01      0.803

#========================================================#
#| [94m                   Total Gradient                   [0m |#
#========================================================#
   0 [  1.63150634e+01 ] : Atom/charge/dms-ss-1
   1 [  8.04678528e+01 ] : Atom/sigma/dms-ss-1
   2 [ -1.80429461e+01 ] : Atom/epsilon/dms-ss-1
   3 [  7.06777448e+00 ] : Atom/charge/dms-c3-2
   4 [ -3.75726940e+01 ] : Atom/sigma/dms-c3-2
   5 [ -8.04793928e+01 ] : Atom/epsilon/dms-c3-2
   6 [  3.14716093e+02 ] : Atom/sigma/dms-h1-3
   7 [ -1.70675842e+02 ] : Atom/epsilon/dms-h1-3
----------------------------------------------------------
Calculating nonlinear optimization step
Newton-Raphson step found (length 1.6090e-01)
#========================================================#
#| [95m  Mathematical Parameters (Current + Step = Next)   [0m |#
#========================================================#
   0 [ -1.1345e-01 + 1.5618e-02 = -9.7833e-02 ] : Atom/charge/dms-ss-1
   1 [ -1.1802e-01 + 1.4227e-01 =  2.4250e-02 ] : Atom/sigma/dms-ss-1
   2 [  6.7845e-03 + 6.0800e-03 =  1.2865e-02 ] : Atom/epsilon/dms-ss-1
   3 [ -4.7876e-02 + 5.0403e-03 = -4.2836e-02 ] : Atom/charge/dms-c3-2
   4 [ -2.1137e-02 - 4.7005e-02 = -6.8142e-02 ] : Atom/sigma/dms-c3-2
   5 [  1.7000e-02 + 2.5423e-03 =  1.9542e-02 ] : Atom/epsilon/dms-c3-2
   6 [  4.8292e-02 - 5.4567e-02 = -6.2751e-03 ] : Atom/sigma/dms-h1-3
   7 [  6.5068e-02 + 1.2178e-02 =  7.7247e-02 ] : Atom/epsilon/dms-h1-3
----------------------------------------------------------
#========================================================#
#| [95m    Physical Parameters (Current + Step = Next)     [0m |#
#========================================================#
   0 [ -3.1310e-01 + 4.3917e-03 = -3.0871e-01 ] : Atom/charge/dms-ss-1
   1 [  3.1430e-01 + 5.0701e-02 =  3.6500e-01 ] : Atom/sigma/dms-ss-1
   2 [  1.0531e+00 + 6.3597e-03 =  1.0595e+00 ] : Atom/epsilon/dms-ss-1
   3 [ -5.8463e-02 + 1.4173e-03 = -5.7045e-02 ] : Atom/charge/dms-c3-2
   4 [  3.3243e-01 - 1.6751e-02 =  3.1568e-01 ] : Atom/sigma/dms-c3-2
   5 [  4.7551e-01 + 2.6593e-03 =  4.7817e-01 ] : Atom/epsilon/dms-c3-2
   6 [  2.6434e-01 - 1.9446e-02 =  2.4490e-01 ] : Atom/sigma/dms-h1-3
   7 [  1.3375e-01 + 1.2738e-02 =  1.4649e-01 ] : Atom/epsilon/dms-h1-3
----------------------------------------------------------
Input file with saved parameters: optimize-full.sav
#========================================================#
#| [94m     Iteration 2: Evaluating objective function     [0m |#
#| [94m        and derivatives through second order        [0m |#
#========================================================#
#========================================================#
#|    Target: dms-liquid - launching MD simulations     |#
#|         Time steps: 50000 (eq) + 100000 (md)         |#
#========================================================#
Running condensed phase simulation locally.
You may tail -f /home/leeping/src/forcebalance/studies/002_Mar13_OpenMM_Workshop/optimize-full.tmp/dms-liquid/iter_0002/298.15K-1.0atm/npt.out in another terminal window
Executing process: [92mbash runcuda.sh python npt.py openmm 298.150 1.000[0m Output: npt.out

#=====================================================================#
#| [92m                         Target: S2EPose                         [0m |#
#| [92m    Interaction Energies (kcal/mol), Objective =  1.70335e+00    [0m |#
#| [92m  Label          Calc.      Ref.     Delta   Divisor        Term [0m |#
#=====================================================================#
3.0                13.873     7.508     6.365     5.594     1.29455 
3.2                 2.396     0.381     2.015     5.000     0.16237 
3.4                -1.884    -3.069     1.185     5.000     0.05618 
3.6                -3.221    -4.340     1.119     5.000     0.05011 
3.8                -3.368    -4.448     1.080     5.000     0.04666 
4.0                -3.080    -4.050     0.970     5.000     0.03764 
4.2                -2.671    -3.441     0.770     5.000     0.02370 
4.4                -2.263    -2.843     0.579     5.000     0.01343 
4.6                -1.901    -2.346     0.445     5.000     0.00792 
4.8                -1.593    -1.935     0.341     5.000     0.00466 
5.0                -1.339    -1.609     0.270     5.000     0.00292 
5.2                -1.130    -1.332     0.202     5.000     0.00163 
5.4                -0.959    -1.100     0.141     5.000     0.00079 
5.6                -0.819    -0.914     0.095     5.000     0.00036 
5.8                -0.703    -0.767     0.064     5.000     0.00016 
6.0                -0.608    -0.646     0.038     5.000     0.00006 
6.2                -0.529    -0.543     0.014     5.000     0.00001 
6.4                -0.462    -0.460    -0.003     5.000     0.00000 
6.6                -0.407    -0.397    -0.009     5.000     0.00000 
6.8                -0.360    -0.345    -0.015     5.000     0.00001 
7.0                -0.319    -0.302    -0.018     5.000     0.00001 
7.2                -0.285    -0.264    -0.021     5.000     0.00002 
7.4                -0.256    -0.234    -0.022     5.000     0.00002 
7.6                -0.230    -0.208    -0.022     5.000     0.00002 
7.8                -0.208    -0.186    -0.022     5.000     0.00002 
8.0                -0.189    -0.167    -0.022     5.000     0.00002 
8.2                -0.172    -0.150    -0.022     5.000     0.00002 
8.4                -0.157    -0.135    -0.021     5.000     0.00002 
8.6                -0.144    -0.123    -0.021     5.000     0.00002 
8.8                -0.132    -0.112    -0.020     5.000     0.00002 
9.0                -0.121    -0.102    -0.020     5.000     0.00002 
-----------------------------------------------------------------------
Reading information from ./298.15K-1.0atm/npt_result.p
Weights have been renormalized to 1.0
Physical quantity Density uses denominator =  10.0000
Weights have been renormalized to 1.0
Physical quantity H_vap uses denominator =  5.0000
#==========================================================================================#
#| [1;94m                            dms-liquid Density (kg m^-3)                              [0m |#
#| [1;94m Temperature  Pressure  Reference  Calculated +- Stdev     Delta    Weight    Term    [0m |#
#==========================================================================================#
      298.15      1.0 atm   841.900      858.797 +- 1.493    16.897   1.00000   2.85508 
--------------------------------------------------------------------------------------------
#========================================================#
#| [92m  Density objective function:  2.855, Derivative:   [0m |#
#========================================================#
   0 [ -2.6892e+01 ] : Atom/charge/dms-ss-1
   1 [ -1.1586e+02 ] : Atom/sigma/dms-ss-1
   2 [  3.1881e+01 ] : Atom/epsilon/dms-ss-1
   3 [ -9.9519e+00 ] : Atom/charge/dms-c3-2
   4 [  5.7321e+01 ] : Atom/sigma/dms-c3-2
   5 [  8.8906e+01 ] : Atom/epsilon/dms-c3-2
   6 [ -4.4287e+02 ] : Atom/sigma/dms-h1-3
   7 [  1.4870e+02 ] : Atom/epsilon/dms-h1-3
----------------------------------------------------------
#==========================================================================================#
#| [1;94m                   dms-liquid Enthalpy of Vaporization (kJ mol^-1)                    [0m |#
#| [1;94m Temperature  Pressure  Reference  Calculated +- Stdev     Delta    Weight    Term    [0m |#
#==========================================================================================#
      298.15      1.0 atm    27.650       31.133 +- 1.418     3.483   1.00000   0.48532 
--------------------------------------------------------------------------------------------
#======================================================================#
#| [92m Enthalpy of Vaporization objective function:  0.485, Derivative: [0m |#
#======================================================================#
   0 [ -3.5440e+00 ] : Atom/charge/dms-ss-1
   1 [  4.9157e+00 ] : Atom/sigma/dms-ss-1
   2 [  2.8548e+00 ] : Atom/epsilon/dms-ss-1
   3 [ -1.3157e+00 ] : Atom/charge/dms-c3-2
   4 [  1.3961e+01 ] : Atom/sigma/dms-c3-2
   5 [  7.0277e+00 ] : Atom/epsilon/dms-c3-2
   6 [  5.2028e+00 ] : Atom/sigma/dms-h1-3
   7 [  2.1698e+01 ] : Atom/epsilon/dms-h1-3
------------------------------------------------------------------------
#====================================================================#
#| [94m             dms-liquid Condensed Phase Properties:             [0m |#
#| [94m  Property Name                Residual x Weight = Contribution [0m |#
#====================================================================#
Density                            2.85508    1.000    2.85508e+00 
Enthalpy of Vaporization           0.48532    1.000    4.85317e-01 
Total                                                  3.34040e+00 
----------------------------------------------------------------------
#===================================================================================#
#| [94m                         Objective Function Breakdown                          [0m |#
#| [94m  Target Name              Residual  x  Weight  =  Contribution (Current-Prev) [0m |#
#===================================================================================#
S2EPose                        1.70335      0.500 [91m     8.51677e-01[0m ( +6.528e-01 ) 
dms-liquid                     3.34040      0.500 [92m     1.67020e+00[0m ( -1.231e+00 ) 
Regularization                 0.02319      1.000 [92m     2.31914e-02[0m ( -1.325e-02 ) 
Total                                             [92m     2.54507e+00[0m ( -5.918e-01 ) 
-------------------------------------------------------------------------------------
Backing up result/optimize-full/dms.xml -> result/optimize-full/dms_7.xml
#=============================================================================#
#|  The force field has been written to the result/optimize-full directory.  |#
#|    Input file with optimization parameters saved to optimize-full.sav.    |#
#=============================================================================#

  Step       |k|        |dk|       |grad|       -=X2=-     Delta(X2)    StepQual
     2   1.523e-01   1.609e-01   2.210e+02[92m   2.54507e+00[0m  -5.918e-01      0.195

#========================================================#
#| [94m                   Total Gradient                   [0m |#
#========================================================#
   0 [ -1.42642835e+01 ] : Atom/charge/dms-ss-1
   1 [ -2.09128617e+01 ] : Atom/sigma/dms-ss-1
   2 [  1.89123491e+01 ] : Atom/epsilon/dms-ss-1
   3 [ -5.21516056e+00 ] : Atom/charge/dms-c3-2
   4 [  4.61656084e+01 ] : Atom/sigma/dms-c3-2
   5 [  4.80459103e+01 ] : Atom/epsilon/dms-c3-2
   6 [ -1.85083483e+02 ] : Atom/sigma/dms-h1-3
   7 [  9.54864715e+01 ] : Atom/epsilon/dms-h1-3
----------------------------------------------------------
Convergence criterion reached for objective function (1.00e+00)
#========================================================#
#| [92m               [0m[1mOptimization Converged[0m               [0m |#
#| [92m           Final objective function value           [0m |#
#| [92m  Full:  2.545066e+00  Un-penalized:  2.521875e+00  [0m |#
#========================================================#
#========================================================#
#| [94m           Final optimization parameters:           [0m |#
#========================================================#
   0 [ -9.7833e-02 ] : Atom/charge/dms-ss-1
   1 [  2.4250e-02 ] : Atom/sigma/dms-ss-1
   2 [  1.2865e-02 ] : Atom/epsilon/dms-ss-1
   3 [ -4.2836e-02 ] : Atom/charge/dms-c3-2
   4 [ -6.8142e-02 ] : Atom/sigma/dms-c3-2
   5 [  1.9542e-02 ] : Atom/epsilon/dms-c3-2
   6 [ -6.2751e-03 ] : Atom/sigma/dms-h1-3
   7 [  7.7247e-02 ] : Atom/epsilon/dms-h1-3
#========================================================#
#| [94m             Final physical parameters:             [0m |#
#========================================================#
   0 [ -3.0871e-01 ] : Atom/charge/dms-ss-1
   1 [  3.6500e-01 ] : Atom/sigma/dms-ss-1
   2 [  1.0595e+00 ] : Atom/epsilon/dms-ss-1
   3 [ -5.7045e-02 ] : Atom/charge/dms-c3-2
   4 [  3.1568e-01 ] : Atom/sigma/dms-c3-2
   5 [  4.7817e-01 ] : Atom/epsilon/dms-c3-2
   6 [  2.4490e-01 ] : Atom/sigma/dms-h1-3
   7 [  1.4649e-01 ] : Atom/epsilon/dms-h1-3
----------------------------------------------------------
Backing up result/optimize-full/dms.xml -> result/optimize-full/dms_8.xml
#=============================================================================#
#|  The force field has been written to the result/optimize-full directory.  |#
#|    Input file with optimization parameters saved to optimize-full.sav.    |#
#=============================================================================#
Wall time since calculation start: 256.6 seconds
#========================================================#
#| [1;44;93m               Calculation Finished.                [0m |#
#| [1;44;93m     ---==(  May the Force be with you!  )==---     [0m |#
#========================================================#
