lxml module import failed (You can't use OpenMM or XML force fields)
Work Queue library import fail (You can't queue up jobs using Work Queue)

########################################################################
###[1m             Welcome to ForceBalance version 1.0! =D              [0m###
###[1m                 Force Field Optimization System                  [0m###
###[1m                      Author: Lee-Ping Wang                       [0m###
########################################################################

                          [44m     [0m                                        
                       [44m        [0m      [43m     [0m                              
                    [44m        [0m   [44m  [0m    [43m         [0m                          
                 [44m       [0m    [44m      [0m      [43m         [0m                       
             [44m        [0m    [44m        [0m          [43m         [0m                    
          [44m        [0m    [44m        [0m                 [43m        [0m                 
       [44m        [0m    [44m       [0m                        [43m        [0m              
    [44m        [0m   [44m        [0m                              [43m         [0m          
   [44m      [0m   [44m        [0m               `.:+@@###@'          [43m         [0m       
    [44m [0m    [44m        [0m          ,;'+###############.             [43m     [0m       
      [44m        [0m         +################':`                    [43m [0m        
      [44m     [0m              `.,,...####+.                                  
                                ,#####      +##.               [44m   [0m   [44m   [0m
 [43m    [0m                            #####      ######             [44m   [0m   [44m   [0m
 [43m    [0m                ###'        ####'     :#####'             [44m   [0m   [44m   [0m
 [43m    [0m                :####@      ####.    ,####'               [44m   [0m   [44m   [0m
 [43m    [0m                 ######     ####    +###+                 [44m   [0m   [44m   [0m
 [43m    [0m                  #####     ####   ###;                   [44m   [0m   [44m   [0m
 [43m    [0m                   :##      ####  ++`                     [44m   [0m   [44m   [0m
 [43m    [0m                            ####``..:;+##############+`   [44m   [0m   [44m   [0m
 [43m    [0m             .,:;;'++##################################`  [44m   [0m   [44m   [0m
 [43m    [0m    `############################++++''';;;;;;;;;;;'';    [44m   [0m   [44m   [0m
 [43m    [0m      ,########':,.``       ####                          [44m   [0m   [44m   [0m
 [43m    [0m                            ####                          [44m   [0m   [44m   [0m
 [43m    [0m                            ####                          [44m   [0m   [44m   [0m
 [43m    [0m                            ####                          [44m   [0m   [44m   [0m
 [43m    [0m                            ####                          [44m   [0m   [44m   [0m
 [43m    [0m                            ####                          [44m   [0m   [44m   [0m
 [43m    [0m                            ####                          [44m   [0m   [44m   [0m
 [43m    [0m                            ####                          [44m   [0m   [44m   [0m
      [44m    [0m                       ####                                   
     [44m        [0m                    ####                                   
    [44m [0m    [44m       [0m                 ####                       [43m     [0m       
   [44m     [0m    [44m        [0m             ####                    [43m        [0m       
   [44m        [0m    [44m        [0m          ###                  [43m         [0m         
      [44m        [0m    [44m        [0m        +`               [43m        [0m             
          [44m        [0m   [44m        [0m                   [43m        [0m                
             [44m        [0m   [44m         [0m           [43m         [0m                   
                [44m        [0m    [44m       [0m      [43m         [0m                      
                   [44m        [0m    [44m   [0m    [43m        [0m                          
                      [44m        [0m       [43m      [0m                             
                          [44m      [0m      [43m  [0m                                
                             [44m  [0m                                         

Reading options from file: bh3-log-barrier.2.in

##########################################################
###[95m  Options at their default values are not printed   [0m###
###[95m        Use 'verbose_options True' to Enable        [0m###
##########################################################
Reading force field from file: cc-pvdz-overlap.gbs
Reading force field from file: throwout.dat

###########################################################
###[92m Starting parameter indices, physical values and IDs [0m###
###########################################################
   0 [  5.1159e+00 ] : Exponent:Elem=H,AMom=S,Bas=0,Con=0
   1 [  1.1430e+00 ] : Exponent:Elem=H,AMom=S,Bas=1,Con=0
   2 [  2.9166e-01 ] : Exponent:Elem=H,AMom=S,Bas=2,Con=0
   3 [  1.9150e+00 ] : Exponent:Elem=H,AMom=P,Bas=0,Con=0
   4 [  9.8640e-01 ] : Exponent:Elem=H,AMom=P,Bas=1,Con=0
   5 [  1.1721e+00 ] : Exponent:Elem=H,AMom=D,Bas=0,Con=0
   6 [  5.3624e+01 ] : Exponent:Elem=B,AMom=S,Bas=0,Con=0
   7 [  1.0648e+01 ] : Exponent:Elem=B,AMom=S,Bas=1,Con=0
   8 [  4.0209e+00 ] : Exponent:Elem=B,AMom=S,Bas=2,Con=0
   9 [  1.2037e+00 ] : Exponent:Elem=B,AMom=S,Bas=3,Con=0
  10 [  5.5743e-01 ] : Exponent:Elem=B,AMom=S,Bas=4,Con=0
  11 [  2.6732e-01 ] : Exponent:Elem=B,AMom=S,Bas=5,Con=0
  12 [  1.1743e-01 ] : Exponent:Elem=B,AMom=S,Bas=6,Con=0
  13 [  1.6722e+01 ] : Exponent:Elem=B,AMom=P,Bas=0,Con=0
  14 [  5.1153e+00 ] : Exponent:Elem=B,AMom=P,Bas=1,Con=0
  15 [  1.3639e+00 ] : Exponent:Elem=B,AMom=P,Bas=2,Con=0
  16 [  5.4219e-01 ] : Exponent:Elem=B,AMom=P,Bas=3,Con=0
  17 [  2.1505e-01 ] : Exponent:Elem=B,AMom=P,Bas=4,Con=0
  18 [  2.4797e+00 ] : Exponent:Elem=B,AMom=D,Bas=0,Con=0
  19 [  7.7326e-01 ] : Exponent:Elem=B,AMom=D,Bas=1,Con=0
  20 [  3.7336e-01 ] : Exponent:Elem=B,AMom=D,Bas=2,Con=0
  21 [  1.6785e-01 ] : Exponent:Elem=B,AMom=D,Bas=3,Con=0
  22 [  2.5277e+00 ] : Exponent:Elem=B,AMom=F,Bas=0,Con=0
  23 [  5.6505e-01 ] : Exponent:Elem=B,AMom=F,Bas=1,Con=0
-----------------------------------------------------------

##########################################################
###[91m    Rescaling Factors (Lower Takes Precedence):     [0m###
##########################################################

----------------------------------------------------------
Building charge constraints...

##########################################################
###[92m               Setup for force field                [0m###
##########################################################
logarithmic_map           True 
----------------------------------------------------------

##########################################################
###[92m              Setup for target molc2 :              [0m###
##########################################################
name                      molc2 
type                      THCDF_PSI4 
h                         0.0001 
backup                    False 
tgtdir                    simulations/molc2 
----------------------------------------------------------
Using L1 Fusion Penalty with Log Barrier (only relevant for basis set optimizations at the moment) with strength 3.0e-03 and barrier distance 1.0e-03
pvals:
[  5.11588952   1.14296528   0.29166153   1.91496403   0.98640124
   1.17208347  53.62416922  10.64768174   4.02090771   1.20371751
   0.55743169   0.26732426   0.11742728  16.7217769    5.11531213
   1.36387558   0.54219482   0.21504896   2.47967914   0.77325939
   0.37335687   0.16785145   2.52772462   0.56505305]

##########################################################
###[92m               Starting zeta spacings               [0m###
###[92m              (Pay attention to these)              [0m###
##########################################################
B_D                       0.897601696567 
B_F                       1.49815519683 
B_P                       1.08840035795 
B_S                       1.02065598589 
H_P                       0.663390909203 
H_S                       1.43225629068 
----------------------------------------------------------

##########################################################
###[92m           Setup for objective function :           [0m###
##########################################################
penalty_type              fusion_barrier 
penalty_additive          0.003 
normalize_weights         False 
----------------------------------------------------------

##########################################################
###[92m                Setup for optimizer                 [0m###
##########################################################
jobtype                   SINGLE 
trust0                    -0.1 
eps                       0.01 
h                         0.0001 
print_grad                False 
read_mvals                [-1.0414, -0.19199, 0.44098, -0.69725, -0.03287, -0.24938, -1.4886, 0.0031145, 0.0033497, -0.0011213, -0.01927, 0.33454, 1.1551, -1.3548, -0.1685, -0.071531, -0.10468, 0.82209, -1.0975, 0.060053, 0.33653, 1.138, -1.0034, 0.49375] 
----------------------------------------------------------
Target: molc2           Molecules = ['BH3']                        Mean (Max) Error:   0.4664% (  9.4920%) Energies: DF -9.173e-02 MP2 -9.203e-02 Delta  3.044e-04 Objective = 4.02892e-03

######################################################################
###[94m                  Objective Function Breakdown                  [0m###
###[94m  Target Name              Residual  x  Weight  =  Contribution [0m###
######################################################################
molc2                          0.00403      1.000 [94m     4.02892e-03[0m 
Regularization                 0.02230      1.000 [94m     2.23046e-02[0m 
Total                                             [94m     2.63335e-02[0m 
----------------------------------------------------------------------
The objective function is: 0.0263335282985
