Work Queue library import fail (You can't queue up jobs using Work Queue)

########################################################################
#| [1m             Welcome to ForceBalance version 1.1! =D              [0m |#
#| [1m                 Force Field Optimization System                  [0m |#
#| [1m                      Author: Lee-Ping Wang                       [0m |#
########################################################################

                          [44m     [0m                                        
                       [44m        [0m      [43m     [0m                              
                    [44m        [0m   [44m  [0m    [43m         [0m                          
                 [44m       [0m    [44m      [0m      [43m         [0m                       
             [44m        [0m    [44m        [0m          [43m         [0m                    
          [44m        [0m    [44m        [0m                 [43m        [0m                 
       [44m        [0m    [44m       [0m                        [43m        [0m              
    [44m        [0m   [44m        [0m                              [43m         [0m          
   [44m      [0m   [44m        [0m               `.:+@@###@'          [43m         [0m       
    [44m [0m    [44m        [0m          ,;'+###############.             [43m     [0m       
      [44m        [0m         +################':`                    [43m [0m        
      [44m     [0m              `.,,...####+.                                  
                                ,#####      +##.               [44m   [0m   [44m   [0m
 [43m    [0m                            #####      ######             [44m   [0m   [44m   [0m
 [43m    [0m                ###'        ####'     :#####'             [44m   [0m   [44m   [0m
 [43m    [0m                :####@      ####.    ,####'               [44m   [0m   [44m   [0m
 [43m    [0m                 ######     ####    +###+                 [44m   [0m   [44m   [0m
 [43m    [0m                  #####     ####   ###;                   [44m   [0m   [44m   [0m
 [43m    [0m                   :##      ####  ++`                     [44m   [0m   [44m   [0m
 [43m    [0m                            ####``..:;+##############+`   [44m   [0m   [44m   [0m
 [43m    [0m             .,:;;'++##################################`  [44m   [0m   [44m   [0m
 [43m    [0m    `############################++++''';;;;;;;;;;;'';    [44m   [0m   [44m   [0m
 [43m    [0m      ,########':,.``       ####                          [44m   [0m   [44m   [0m
 [43m    [0m                            ####                          [44m   [0m   [44m   [0m
 [43m    [0m                            ####                          [44m   [0m   [44m   [0m
 [43m    [0m                            ####                          [44m   [0m   [44m   [0m
 [43m    [0m                            ####                          [44m   [0m   [44m   [0m
 [43m    [0m                            ####                          [44m   [0m   [44m   [0m
 [43m    [0m                            ####                          [44m   [0m   [44m   [0m
 [43m    [0m                            ####                          [44m   [0m   [44m   [0m
      [44m    [0m                       ####                                   
     [44m        [0m                    ####                                   
    [44m [0m    [44m       [0m                 ####                       [43m     [0m       
   [44m     [0m    [44m        [0m             ####                    [43m        [0m       
   [44m        [0m    [44m        [0m          ###                  [43m         [0m         
      [44m        [0m    [44m        [0m        +`               [43m        [0m             
          [44m        [0m   [44m        [0m                   [43m        [0m                
             [44m        [0m   [44m         [0m           [43m         [0m                   
                [44m        [0m    [44m       [0m      [43m         [0m                      
                   [44m        [0m    [44m   [0m    [43m        [0m                          
                      [44m        [0m       [43m      [0m                             
                          [44m      [0m      [43m  [0m                                
                             [44m  [0m                                         

Reading options from file: bh3-log-barrier.in

##########################################################
#| [95m  Options at their default values are not printed   [0m |#
#| [95m        Use 'verbose_options True' to Enable        [0m |#
##########################################################
Reading force field from file: cc-pvdz-overlap.gbs

###########################################################
#| [92m Starting parameter indices, physical values and IDs [0m |#
###########################################################
   0 [  5.1159e+00 ] : Exponent:Elem=H,AMom=S,Bas=0,Con=0
   1 [  1.1430e+00 ] : Exponent:Elem=H,AMom=S,Bas=1,Con=0
   2 [  2.9166e-01 ] : Exponent:Elem=H,AMom=S,Bas=2,Con=0
   3 [  1.9150e+00 ] : Exponent:Elem=H,AMom=P,Bas=0,Con=0
   4 [  9.8640e-01 ] : Exponent:Elem=H,AMom=P,Bas=1,Con=0
   5 [  1.1721e+00 ] : Exponent:Elem=H,AMom=D,Bas=0,Con=0
   6 [  1.6986e+01 ] : Exponent:Elem=He,AMom=S,Bas=0,Con=0
   7 [  3.5896e+00 ] : Exponent:Elem=He,AMom=S,Bas=1,Con=0
   8 [  5.6732e-01 ] : Exponent:Elem=He,AMom=S,Bas=2,Con=0
   9 [  5.1632e+00 ] : Exponent:Elem=He,AMom=P,Bas=0,Con=0
  10 [  1.8631e+00 ] : Exponent:Elem=He,AMom=P,Bas=1,Con=0
  11 [  5.3624e+01 ] : Exponent:Elem=B,AMom=S,Bas=0,Con=0
  12 [  1.0648e+01 ] : Exponent:Elem=B,AMom=S,Bas=1,Con=0
  13 [  4.0209e+00 ] : Exponent:Elem=B,AMom=S,Bas=2,Con=0
  14 [  1.2037e+00 ] : Exponent:Elem=B,AMom=S,Bas=3,Con=0
  15 [  5.5743e-01 ] : Exponent:Elem=B,AMom=S,Bas=4,Con=0
  16 [  2.6732e-01 ] : Exponent:Elem=B,AMom=S,Bas=5,Con=0
  17 [  1.1743e-01 ] : Exponent:Elem=B,AMom=S,Bas=6,Con=0
  18 [  1.6722e+01 ] : Exponent:Elem=B,AMom=P,Bas=0,Con=0
  19 [  5.1153e+00 ] : Exponent:Elem=B,AMom=P,Bas=1,Con=0
  20 [  1.3639e+00 ] : Exponent:Elem=B,AMom=P,Bas=2,Con=0
  21 [  5.4219e-01 ] : Exponent:Elem=B,AMom=P,Bas=3,Con=0
  22 [  2.1505e-01 ] : Exponent:Elem=B,AMom=P,Bas=4,Con=0
  23 [  2.4797e+00 ] : Exponent:Elem=B,AMom=D,Bas=0,Con=0
  24 [  7.7326e-01 ] : Exponent:Elem=B,AMom=D,Bas=1,Con=0
  25 [  3.7336e-01 ] : Exponent:Elem=B,AMom=D,Bas=2,Con=0
  26 [  1.6785e-01 ] : Exponent:Elem=B,AMom=D,Bas=3,Con=0
  27 [  2.5277e+00 ] : Exponent:Elem=B,AMom=F,Bas=0,Con=0
  28 [  5.6505e-01 ] : Exponent:Elem=B,AMom=F,Bas=1,Con=0
  29 [  6.2745e+01 ] : Exponent:Elem=C,AMom=S,Bas=0,Con=0
  30 [  1.3805e+01 ] : Exponent:Elem=C,AMom=S,Bas=1,Con=0
  31 [  4.7728e+00 ] : Exponent:Elem=C,AMom=S,Bas=2,Con=0
  32 [  1.5133e+00 ] : Exponent:Elem=C,AMom=S,Bas=3,Con=0
  33 [  7.8270e-01 ] : Exponent:Elem=C,AMom=S,Bas=4,Con=0
  34 [  4.0907e-01 ] : Exponent:Elem=C,AMom=S,Bas=5,Con=0
  35 [  2.0680e-01 ] : Exponent:Elem=C,AMom=S,Bas=6,Con=0
  36 [  2.0885e+01 ] : Exponent:Elem=C,AMom=P,Bas=0,Con=0
  37 [  6.0052e+00 ] : Exponent:Elem=C,AMom=P,Bas=1,Con=0
  38 [  1.7206e+00 ] : Exponent:Elem=C,AMom=P,Bas=2,Con=0
  39 [  7.5447e-01 ] : Exponent:Elem=C,AMom=P,Bas=3,Con=0
  40 [  3.2167e-01 ] : Exponent:Elem=C,AMom=P,Bas=4,Con=0
  41 [  1.0171e+01 ] : Exponent:Elem=C,AMom=D,Bas=0,Con=0
  42 [  2.6784e+00 ] : Exponent:Elem=C,AMom=D,Bas=1,Con=0
  43 [  9.2251e-01 ] : Exponent:Elem=C,AMom=D,Bas=2,Con=0
  44 [  3.4084e-01 ] : Exponent:Elem=C,AMom=D,Bas=3,Con=0
  45 [  2.7429e+00 ] : Exponent:Elem=C,AMom=F,Bas=0,Con=0
  46 [  8.9576e-01 ] : Exponent:Elem=C,AMom=F,Bas=1,Con=0
  47 [  8.7686e+01 ] : Exponent:Elem=N,AMom=S,Bas=0,Con=0
  48 [  2.0468e+01 ] : Exponent:Elem=N,AMom=S,Bas=1,Con=0
  49 [  7.6244e+00 ] : Exponent:Elem=N,AMom=S,Bas=2,Con=0
  50 [  2.3443e+00 ] : Exponent:Elem=N,AMom=S,Bas=3,Con=0
  51 [  1.1232e+00 ] : Exponent:Elem=N,AMom=S,Bas=4,Con=0
  52 [  7.2354e-01 ] : Exponent:Elem=N,AMom=S,Bas=5,Con=0
  53 [  3.2726e-01 ] : Exponent:Elem=N,AMom=S,Bas=6,Con=0
  54 [  2.9237e+01 ] : Exponent:Elem=N,AMom=P,Bas=0,Con=0
  55 [  8.5530e+00 ] : Exponent:Elem=N,AMom=P,Bas=1,Con=0
  56 [  2.5336e+00 ] : Exponent:Elem=N,AMom=P,Bas=2,Con=0
  57 [  1.0946e+00 ] : Exponent:Elem=N,AMom=P,Bas=3,Con=0
  58 [  4.6110e-01 ] : Exponent:Elem=N,AMom=P,Bas=4,Con=0
  59 [  1.2328e+01 ] : Exponent:Elem=N,AMom=D,Bas=0,Con=0
  60 [  3.4282e+00 ] : Exponent:Elem=N,AMom=D,Bas=1,Con=0
  61 [  1.2854e+00 ] : Exponent:Elem=N,AMom=D,Bas=2,Con=0
  62 [  4.7785e-01 ] : Exponent:Elem=N,AMom=D,Bas=3,Con=0
  63 [  3.4012e+00 ] : Exponent:Elem=N,AMom=F,Bas=0,Con=0
  64 [  1.3347e+00 ] : Exponent:Elem=N,AMom=F,Bas=1,Con=0
  65 [  1.0946e+02 ] : Exponent:Elem=O,AMom=S,Bas=0,Con=0
  66 [  2.5578e+01 ] : Exponent:Elem=O,AMom=S,Bas=1,Con=0
  67 [  9.5515e+00 ] : Exponent:Elem=O,AMom=S,Bas=2,Con=0
  68 [  2.9396e+00 ] : Exponent:Elem=O,AMom=S,Bas=3,Con=0
  69 [  1.3964e+00 ] : Exponent:Elem=O,AMom=S,Bas=4,Con=0
  70 [  9.0506e-01 ] : Exponent:Elem=O,AMom=S,Bas=5,Con=0
  71 [  4.2138e-01 ] : Exponent:Elem=O,AMom=S,Bas=6,Con=0
  72 [  3.6129e+01 ] : Exponent:Elem=O,AMom=P,Bas=0,Con=0
  73 [  1.0882e+01 ] : Exponent:Elem=O,AMom=P,Bas=1,Con=0
  74 [  3.2059e+00 ] : Exponent:Elem=O,AMom=P,Bas=2,Con=0
  75 [  1.4039e+00 ] : Exponent:Elem=O,AMom=P,Bas=3,Con=0
  76 [  6.1276e-01 ] : Exponent:Elem=O,AMom=P,Bas=4,Con=0
  77 [  1.5251e+01 ] : Exponent:Elem=O,AMom=D,Bas=0,Con=0
  78 [  4.5209e+00 ] : Exponent:Elem=O,AMom=D,Bas=1,Con=0
  79 [  1.8122e+00 ] : Exponent:Elem=O,AMom=D,Bas=2,Con=0
  80 [  5.9220e-01 ] : Exponent:Elem=O,AMom=D,Bas=3,Con=0
  81 [  4.2219e+00 ] : Exponent:Elem=O,AMom=F,Bas=0,Con=0
  82 [  1.7902e+00 ] : Exponent:Elem=O,AMom=F,Bas=1,Con=0
  83 [  1.3034e+02 ] : Exponent:Elem=F,AMom=S,Bas=0,Con=0
  84 [  3.1839e+01 ] : Exponent:Elem=F,AMom=S,Bas=1,Con=0
  85 [  1.1018e+01 ] : Exponent:Elem=F,AMom=S,Bas=2,Con=0
  86 [  3.7068e+00 ] : Exponent:Elem=F,AMom=S,Bas=3,Con=0
  87 [  1.7366e+00 ] : Exponent:Elem=F,AMom=S,Bas=4,Con=0
  88 [  1.0842e+00 ] : Exponent:Elem=F,AMom=S,Bas=5,Con=0
  89 [  5.3660e-01 ] : Exponent:Elem=F,AMom=S,Bas=6,Con=0
  90 [  4.2927e+01 ] : Exponent:Elem=F,AMom=P,Bas=0,Con=0
  91 [  1.2631e+01 ] : Exponent:Elem=F,AMom=P,Bas=1,Con=0
  92 [  4.2579e+00 ] : Exponent:Elem=F,AMom=P,Bas=2,Con=0
  93 [  1.9122e+00 ] : Exponent:Elem=F,AMom=P,Bas=3,Con=0
  94 [  7.8673e-01 ] : Exponent:Elem=F,AMom=P,Bas=4,Con=0
  95 [  1.9925e+01 ] : Exponent:Elem=F,AMom=D,Bas=0,Con=0
  96 [  5.9666e+00 ] : Exponent:Elem=F,AMom=D,Bas=1,Con=0
  97 [  2.4468e+00 ] : Exponent:Elem=F,AMom=D,Bas=2,Con=0
  98 [  7.4369e-01 ] : Exponent:Elem=F,AMom=D,Bas=3,Con=0
  99 [  5.7541e+00 ] : Exponent:Elem=F,AMom=F,Bas=0,Con=0
 100 [  2.4458e+00 ] : Exponent:Elem=F,AMom=F,Bas=1,Con=0
 101 [  1.6493e+02 ] : Exponent:Elem=Ne,AMom=S,Bas=0,Con=0
 102 [  3.8125e+01 ] : Exponent:Elem=Ne,AMom=S,Bas=1,Con=0
 103 [  1.1057e+01 ] : Exponent:Elem=Ne,AMom=S,Bas=2,Con=0
 104 [  4.1675e+00 ] : Exponent:Elem=Ne,AMom=S,Bas=3,Con=0
 105 [  1.4807e+00 ] : Exponent:Elem=Ne,AMom=S,Bas=4,Con=0
 106 [  9.0165e-01 ] : Exponent:Elem=Ne,AMom=S,Bas=5,Con=0
 107 [  5.9845e-01 ] : Exponent:Elem=Ne,AMom=S,Bas=6,Con=0
 108 [  5.3854e+01 ] : Exponent:Elem=Ne,AMom=P,Bas=0,Con=0
 109 [  1.5695e+01 ] : Exponent:Elem=Ne,AMom=P,Bas=1,Con=0
 110 [  5.2089e+00 ] : Exponent:Elem=Ne,AMom=P,Bas=2,Con=0
 111 [  2.5530e+00 ] : Exponent:Elem=Ne,AMom=P,Bas=3,Con=0
 112 [  9.5908e-01 ] : Exponent:Elem=Ne,AMom=P,Bas=4,Con=0
 113 [  2.2372e+01 ] : Exponent:Elem=Ne,AMom=D,Bas=0,Con=0
 114 [  7.4195e+00 ] : Exponent:Elem=Ne,AMom=D,Bas=1,Con=0
 115 [  3.2615e+00 ] : Exponent:Elem=Ne,AMom=D,Bas=2,Con=0
 116 [  9.1519e-01 ] : Exponent:Elem=Ne,AMom=D,Bas=3,Con=0
 117 [  7.8889e+00 ] : Exponent:Elem=Ne,AMom=F,Bas=0,Con=0
 118 [  3.2851e+00 ] : Exponent:Elem=Ne,AMom=F,Bas=1,Con=0
-----------------------------------------------------------

##########################################################
#| [91m    Rescaling Factors (Lower Takes Precedence):     [0m |#
##########################################################

----------------------------------------------------------
Building charge constraints...

##########################################################
#| [92m               Setup for force field                [0m |#
##########################################################
logarithmic_map           True 
----------------------------------------------------------

##########################################################
#| [92m              Setup for target molc2 :              [0m |#
##########################################################
name                      molc2 
type                      THCDF_PSI4 
h                         0.0001 
backup                    False 
tgtdir                    simulations/molc2 
----------------------------------------------------------
L1 norm uses the hyperbolic penalty, make sure penalty_hyperbolic_b is set sufficiently small

##########################################################
#| [92m           Setup for objective function :           [0m |#
##########################################################
penalty_type              L1 
penalty_additive          0.003 
normalize_weights         False 
----------------------------------------------------------

##########################################################
#| [92m                Setup for optimizer                 [0m |#
##########################################################
jobtype                   NEWTON 
trust0                    -0.1 
eps                       0.01 
h                         0.0001 
print_grad                False 
----------------------------------------------------------

##########################################################
#| [1m                   Main Optimizer                   [0m |#
#| [1m       Newton-Raphson Mode (Adaptive Radius)        [0m |#
##########################################################

Now in molc2
Received an error message:
PSIO_ERROR: unit = 42, errval = 5
PSIO_ERROR: 5 (file not open or open call failed)
Traceback (most recent call last):
  File "<string>", line 62, in <module>
RuntimeError: PSIO Error
file: /opt/src/psi/psi4.tip/src/lib/libpsio/error.cc
line: 94

psi4 gave a return code of 1 (it may have crashed)
[1;91mPress Enter (I assume no responsibility for what happens after this!)[0m
