lxml module import failed (You can't use OpenMM or XML force fields)
Work Queue library import fail (You can't queue up jobs using Work Queue)
which: no mdrun in (/opt/python/Python-2.7.2/bin:/opt/intel/composer_xe_2011_sp1.6.233/bin/intel64:/opt/CUDA/4.0/cuda/bin:/home/leeping/local/bin:/home/leeping/opt/cctools/bin:/home/leeping/bin:/home/leeping/local/bin:/home/leeping/opt/bin:/usr/local/bin:/bin:/usr/bin:/usr/local/sbin:/usr/sbin:/sbin:/opt/intel/composer_xe_2011_sp1.6.233/mpirt/bin/intel64:/home/egh4/psi4.june13.install/bin:/home/leeping/bin)
which: no testgrad in (/opt/python/Python-2.7.2/bin:/opt/intel/composer_xe_2011_sp1.6.233/bin/intel64:/opt/CUDA/4.0/cuda/bin:/home/leeping/local/bin:/home/leeping/opt/cctools/bin:/home/leeping/bin:/home/leeping/local/bin:/home/leeping/opt/bin:/usr/local/bin:/bin:/usr/bin:/usr/local/sbin:/usr/sbin:/sbin:/opt/intel/composer_xe_2011_sp1.6.233/mpirt/bin/intel64:/home/egh4/psi4.june13.install/bin:/home/leeping/bin)

########################################################################
###[1;97m             Welcome to ForceBalance version 1.0! =D              [0m###
###[1;97m                 Force Field Optimization System                  [0m###
###[1;97m                      Author: Lee-Ping Wang                       [0m###
########################################################################

                          [44m     [0m                                        
                       [44m        [0m      [43m     [0m                              
                    [44m        [0m   [44m  [0m    [43m         [0m                          
                 [44m       [0m    [44m      [0m      [43m         [0m                       
             [44m        [0m    [44m        [0m          [43m         [0m                    
          [44m        [0m    [44m        [0m                 [43m        [0m                 
       [44m        [0m    [44m       [0m                        [43m        [0m              
    [44m        [0m   [44m        [0m                              [43m         [0m          
   [44m      [0m   [44m        [0m               `.:+@@###@'          [43m         [0m       
    [44m [0m    [44m        [0m          ,;'+###############.             [43m     [0m       
      [44m        [0m         +################':`                    [43m [0m        
      [44m     [0m              `.,,...####+.                                  
                                ,#####      +##.               [44m   [0m   [44m   [0m
 [43m    [0m                            #####      ######             [44m   [0m   [44m   [0m
 [43m    [0m                ###'        ####'     :#####'             [44m   [0m   [44m   [0m
 [43m    [0m                :####@      ####.    ,####'               [44m   [0m   [44m   [0m
 [43m    [0m                 ######     ####    +###+                 [44m   [0m   [44m   [0m
 [43m    [0m                  #####     ####   ###;                   [44m   [0m   [44m   [0m
 [43m    [0m                   :##      ####  ++`                     [44m   [0m   [44m   [0m
 [43m    [0m                            ####``..:;+##############+`   [44m   [0m   [44m   [0m
 [43m    [0m             .,:;;'++##################################`  [44m   [0m   [44m   [0m
 [43m    [0m    `############################++++''';;;;;;;;;;;'';    [44m   [0m   [44m   [0m
 [43m    [0m      ,########':,.``       ####                          [44m   [0m   [44m   [0m
 [43m    [0m                            ####                          [44m   [0m   [44m   [0m
 [43m    [0m                            ####                          [44m   [0m   [44m   [0m
 [43m    [0m                            ####                          [44m   [0m   [44m   [0m
 [43m    [0m                            ####                          [44m   [0m   [44m   [0m
 [43m    [0m                            ####                          [44m   [0m   [44m   [0m
 [43m    [0m                            ####                          [44m   [0m   [44m   [0m
 [43m    [0m                            ####                          [44m   [0m   [44m   [0m
      [44m    [0m                       ####                                   
     [44m        [0m                    ####                                   
    [44m [0m    [44m       [0m                 ####                       [43m     [0m       
   [44m     [0m    [44m        [0m             ####                    [43m        [0m       
   [44m        [0m    [44m        [0m          ###                  [43m         [0m         
      [44m        [0m    [44m        [0m        +`               [43m        [0m             
          [44m        [0m   [44m        [0m                   [43m        [0m                
             [44m        [0m   [44m         [0m           [43m         [0m                   
                [44m        [0m    [44m       [0m      [43m         [0m                      
                   [44m        [0m    [44m   [0m    [43m        [0m                          
                      [44m        [0m       [43m      [0m                             
                          [44m      [0m      [43m  [0m                                
                             [44m  [0m                                         

Reading options from file: small.in

##########################################################
###[95m  Options at their default values are not printed   [0m###
###[95m        Use 'verbose_options True' to Enable        [0m###
##########################################################
Reading force field from file: cc-pvdz-overlap.gbs
Reading force field from file: throwout.dat

###########################################################
###[92m Starting parameter indices, physical values and IDs [0m###
###########################################################
   0 [  5.1159e+00 ] : Exponent:Elem=H,AMom=S,Bas=0,Con=0
   1 [  1.1430e+00 ] : Exponent:Elem=H,AMom=S,Bas=1,Con=0
   2 [  2.9166e-01 ] : Exponent:Elem=H,AMom=S,Bas=2,Con=0
   3 [  1.9150e+00 ] : Exponent:Elem=H,AMom=P,Bas=0,Con=0
   4 [  9.8640e-01 ] : Exponent:Elem=H,AMom=P,Bas=1,Con=0
   5 [  1.1721e+00 ] : Exponent:Elem=H,AMom=D,Bas=0,Con=0
   6 [  1.6986e+01 ] : Exponent:Elem=He,AMom=S,Bas=0,Con=0
   7 [  3.5896e+00 ] : Exponent:Elem=He,AMom=S,Bas=1,Con=0
   8 [  5.6732e-01 ] : Exponent:Elem=He,AMom=S,Bas=2,Con=0
   9 [  5.1632e+00 ] : Exponent:Elem=He,AMom=P,Bas=0,Con=0
  10 [  1.8631e+00 ] : Exponent:Elem=He,AMom=P,Bas=1,Con=0
  11 [  5.3624e+01 ] : Exponent:Elem=B,AMom=S,Bas=0,Con=0
  12 [  1.0648e+01 ] : Exponent:Elem=B,AMom=S,Bas=1,Con=0
  13 [  4.0209e+00 ] : Exponent:Elem=B,AMom=S,Bas=2,Con=0
  14 [  1.2037e+00 ] : Exponent:Elem=B,AMom=S,Bas=3,Con=0
  15 [  5.5743e-01 ] : Exponent:Elem=B,AMom=S,Bas=4,Con=0
  16 [  2.6732e-01 ] : Exponent:Elem=B,AMom=S,Bas=5,Con=0
  17 [  1.1743e-01 ] : Exponent:Elem=B,AMom=S,Bas=6,Con=0
  18 [  1.6722e+01 ] : Exponent:Elem=B,AMom=P,Bas=0,Con=0
  19 [  5.1153e+00 ] : Exponent:Elem=B,AMom=P,Bas=1,Con=0
  20 [  1.3639e+00 ] : Exponent:Elem=B,AMom=P,Bas=2,Con=0
  21 [  5.4219e-01 ] : Exponent:Elem=B,AMom=P,Bas=3,Con=0
  22 [  2.1505e-01 ] : Exponent:Elem=B,AMom=P,Bas=4,Con=0
  23 [  2.4797e+00 ] : Exponent:Elem=B,AMom=D,Bas=0,Con=0
  24 [  7.7326e-01 ] : Exponent:Elem=B,AMom=D,Bas=1,Con=0
  25 [  3.7336e-01 ] : Exponent:Elem=B,AMom=D,Bas=2,Con=0
  26 [  1.6785e-01 ] : Exponent:Elem=B,AMom=D,Bas=3,Con=0
  27 [  2.5277e+00 ] : Exponent:Elem=B,AMom=F,Bas=0,Con=0
  28 [  5.6505e-01 ] : Exponent:Elem=B,AMom=F,Bas=1,Con=0
  29 [  6.2745e+01 ] : Exponent:Elem=C,AMom=S,Bas=0,Con=0
  30 [  1.3805e+01 ] : Exponent:Elem=C,AMom=S,Bas=1,Con=0
  31 [  4.7728e+00 ] : Exponent:Elem=C,AMom=S,Bas=2,Con=0
  32 [  1.5133e+00 ] : Exponent:Elem=C,AMom=S,Bas=3,Con=0
  33 [  7.8270e-01 ] : Exponent:Elem=C,AMom=S,Bas=4,Con=0
  34 [  4.0907e-01 ] : Exponent:Elem=C,AMom=S,Bas=5,Con=0
  35 [  2.0680e-01 ] : Exponent:Elem=C,AMom=S,Bas=6,Con=0
  36 [  2.0885e+01 ] : Exponent:Elem=C,AMom=P,Bas=0,Con=0
  37 [  6.0052e+00 ] : Exponent:Elem=C,AMom=P,Bas=1,Con=0
  38 [  1.7206e+00 ] : Exponent:Elem=C,AMom=P,Bas=2,Con=0
  39 [  7.5447e-01 ] : Exponent:Elem=C,AMom=P,Bas=3,Con=0
  40 [  3.2167e-01 ] : Exponent:Elem=C,AMom=P,Bas=4,Con=0
  41 [  1.0171e+01 ] : Exponent:Elem=C,AMom=D,Bas=0,Con=0
  42 [  2.6784e+00 ] : Exponent:Elem=C,AMom=D,Bas=1,Con=0
  43 [  9.2251e-01 ] : Exponent:Elem=C,AMom=D,Bas=2,Con=0
  44 [  3.4084e-01 ] : Exponent:Elem=C,AMom=D,Bas=3,Con=0
  45 [  2.7429e+00 ] : Exponent:Elem=C,AMom=F,Bas=0,Con=0
  46 [  8.9576e-01 ] : Exponent:Elem=C,AMom=F,Bas=1,Con=0
  47 [  8.7686e+01 ] : Exponent:Elem=N,AMom=S,Bas=0,Con=0
  48 [  2.0468e+01 ] : Exponent:Elem=N,AMom=S,Bas=1,Con=0
  49 [  7.6244e+00 ] : Exponent:Elem=N,AMom=S,Bas=2,Con=0
  50 [  2.3443e+00 ] : Exponent:Elem=N,AMom=S,Bas=3,Con=0
  51 [  1.1232e+00 ] : Exponent:Elem=N,AMom=S,Bas=4,Con=0
  52 [  7.2354e-01 ] : Exponent:Elem=N,AMom=S,Bas=5,Con=0
  53 [  3.2726e-01 ] : Exponent:Elem=N,AMom=S,Bas=6,Con=0
  54 [  2.9237e+01 ] : Exponent:Elem=N,AMom=P,Bas=0,Con=0
  55 [  8.5530e+00 ] : Exponent:Elem=N,AMom=P,Bas=1,Con=0
  56 [  2.5336e+00 ] : Exponent:Elem=N,AMom=P,Bas=2,Con=0
  57 [  1.0946e+00 ] : Exponent:Elem=N,AMom=P,Bas=3,Con=0
  58 [  4.6110e-01 ] : Exponent:Elem=N,AMom=P,Bas=4,Con=0
  59 [  1.2328e+01 ] : Exponent:Elem=N,AMom=D,Bas=0,Con=0
  60 [  3.4282e+00 ] : Exponent:Elem=N,AMom=D,Bas=1,Con=0
  61 [  1.2854e+00 ] : Exponent:Elem=N,AMom=D,Bas=2,Con=0
  62 [  4.7785e-01 ] : Exponent:Elem=N,AMom=D,Bas=3,Con=0
  63 [  3.4012e+00 ] : Exponent:Elem=N,AMom=F,Bas=0,Con=0
  64 [  1.3347e+00 ] : Exponent:Elem=N,AMom=F,Bas=1,Con=0
  65 [  1.0946e+02 ] : Exponent:Elem=O,AMom=S,Bas=0,Con=0
  66 [  2.5578e+01 ] : Exponent:Elem=O,AMom=S,Bas=1,Con=0
  67 [  9.5515e+00 ] : Exponent:Elem=O,AMom=S,Bas=2,Con=0
  68 [  2.9396e+00 ] : Exponent:Elem=O,AMom=S,Bas=3,Con=0
  69 [  1.3964e+00 ] : Exponent:Elem=O,AMom=S,Bas=4,Con=0
  70 [  9.0506e-01 ] : Exponent:Elem=O,AMom=S,Bas=5,Con=0
  71 [  4.2138e-01 ] : Exponent:Elem=O,AMom=S,Bas=6,Con=0
  72 [  3.6129e+01 ] : Exponent:Elem=O,AMom=P,Bas=0,Con=0
  73 [  1.0882e+01 ] : Exponent:Elem=O,AMom=P,Bas=1,Con=0
  74 [  3.2059e+00 ] : Exponent:Elem=O,AMom=P,Bas=2,Con=0
  75 [  1.4039e+00 ] : Exponent:Elem=O,AMom=P,Bas=3,Con=0
  76 [  6.1276e-01 ] : Exponent:Elem=O,AMom=P,Bas=4,Con=0
  77 [  1.5251e+01 ] : Exponent:Elem=O,AMom=D,Bas=0,Con=0
  78 [  4.5209e+00 ] : Exponent:Elem=O,AMom=D,Bas=1,Con=0
  79 [  1.8122e+00 ] : Exponent:Elem=O,AMom=D,Bas=2,Con=0
  80 [  5.9220e-01 ] : Exponent:Elem=O,AMom=D,Bas=3,Con=0
  81 [  4.2219e+00 ] : Exponent:Elem=O,AMom=F,Bas=0,Con=0
  82 [  1.7902e+00 ] : Exponent:Elem=O,AMom=F,Bas=1,Con=0
  83 [  1.3034e+02 ] : Exponent:Elem=F,AMom=S,Bas=0,Con=0
  84 [  3.1839e+01 ] : Exponent:Elem=F,AMom=S,Bas=1,Con=0
  85 [  1.1018e+01 ] : Exponent:Elem=F,AMom=S,Bas=2,Con=0
  86 [  3.7068e+00 ] : Exponent:Elem=F,AMom=S,Bas=3,Con=0
  87 [  1.7366e+00 ] : Exponent:Elem=F,AMom=S,Bas=4,Con=0
  88 [  1.0842e+00 ] : Exponent:Elem=F,AMom=S,Bas=5,Con=0
  89 [  5.3660e-01 ] : Exponent:Elem=F,AMom=S,Bas=6,Con=0
  90 [  4.2927e+01 ] : Exponent:Elem=F,AMom=P,Bas=0,Con=0
  91 [  1.2631e+01 ] : Exponent:Elem=F,AMom=P,Bas=1,Con=0
  92 [  4.2579e+00 ] : Exponent:Elem=F,AMom=P,Bas=2,Con=0
  93 [  1.9122e+00 ] : Exponent:Elem=F,AMom=P,Bas=3,Con=0
  94 [  7.8673e-01 ] : Exponent:Elem=F,AMom=P,Bas=4,Con=0
  95 [  1.9925e+01 ] : Exponent:Elem=F,AMom=D,Bas=0,Con=0
  96 [  5.9666e+00 ] : Exponent:Elem=F,AMom=D,Bas=1,Con=0
  97 [  2.4468e+00 ] : Exponent:Elem=F,AMom=D,Bas=2,Con=0
  98 [  7.4369e-01 ] : Exponent:Elem=F,AMom=D,Bas=3,Con=0
  99 [  5.7541e+00 ] : Exponent:Elem=F,AMom=F,Bas=0,Con=0
 100 [  2.4458e+00 ] : Exponent:Elem=F,AMom=F,Bas=1,Con=0
 101 [  1.6493e+02 ] : Exponent:Elem=Ne,AMom=S,Bas=0,Con=0
 102 [  3.8125e+01 ] : Exponent:Elem=Ne,AMom=S,Bas=1,Con=0
 103 [  1.1057e+01 ] : Exponent:Elem=Ne,AMom=S,Bas=2,Con=0
 104 [  4.1675e+00 ] : Exponent:Elem=Ne,AMom=S,Bas=3,Con=0
 105 [  1.4807e+00 ] : Exponent:Elem=Ne,AMom=S,Bas=4,Con=0
 106 [  9.0165e-01 ] : Exponent:Elem=Ne,AMom=S,Bas=5,Con=0
 107 [  5.9845e-01 ] : Exponent:Elem=Ne,AMom=S,Bas=6,Con=0
 108 [  5.3854e+01 ] : Exponent:Elem=Ne,AMom=P,Bas=0,Con=0
 109 [  1.5695e+01 ] : Exponent:Elem=Ne,AMom=P,Bas=1,Con=0
 110 [  5.2089e+00 ] : Exponent:Elem=Ne,AMom=P,Bas=2,Con=0
 111 [  2.5530e+00 ] : Exponent:Elem=Ne,AMom=P,Bas=3,Con=0
 112 [  9.5908e-01 ] : Exponent:Elem=Ne,AMom=P,Bas=4,Con=0
 113 [  2.2372e+01 ] : Exponent:Elem=Ne,AMom=D,Bas=0,Con=0
 114 [  7.4195e+00 ] : Exponent:Elem=Ne,AMom=D,Bas=1,Con=0
 115 [  3.2615e+00 ] : Exponent:Elem=Ne,AMom=D,Bas=2,Con=0
 116 [  9.1519e-01 ] : Exponent:Elem=Ne,AMom=D,Bas=3,Con=0
 117 [  7.8889e+00 ] : Exponent:Elem=Ne,AMom=F,Bas=0,Con=0
 118 [  3.2851e+00 ] : Exponent:Elem=Ne,AMom=F,Bas=1,Con=0
-----------------------------------------------------------

##########################################################
###[91m    Rescaling Factors (Lower Takes Precedence):     [0m###
##########################################################

----------------------------------------------------------
Building charge constraints...

##########################################################
###[92m               Setup for force field                [0m###
##########################################################
logarithmic_map           True 
amoeba_pol                direct 
----------------------------------------------------------

##########################################################
###[92m        Setup for fitting simulation molc2 :        [0m###
##########################################################
name                      molc2 
simtype                   THCDF_PSI4 
backup                    False 
simdir                    simulations/molc2 
----------------------------------------------------------
Using FUSION PENALTY (only relevant for basis set optimizations at the moment) with strength 1.0e-02

##########################################################
###[92m           Setup for objective function :           [0m###
##########################################################
penalty_type              fusion 
penalty_additive          0.01 
normalize_weights         False 
----------------------------------------------------------

##########################################################
###[92m                Setup for optimizer                 [0m###
##########################################################
jobtype                   NEWTON 
trust0                    1.0 
print_grad                False 
----------------------------------------------------------

##########################################################
###[1;97m                   Main Optimizer                   [0m###
###[1;97m       Newton-Raphson Mode (Adaptive Radius)        [0m###
##########################################################

[ 0.  0.  0.  0.  0.  0.  0.  0.  0.  0.  0.  0.  0.  0.  0.  0.  0.  0.
  0.  0.  0.  0.  0.  0.  0.  0.  0.  0.  0.  0.  0.  0.  0.  0.  0.  0.
  0.  0.  0.  0.  0.  0.  0.  0.  0.  0.  0.  0.  0.  0.  0.  0.  0.  0.
  0.  0.  0.  0.  0.  0.  0.  0.  0.  0.  0.  0.  0.  0.  0.  0.  0.  0.
  0.  0.  0.  0.  0.  0.  0.  0.  0.  0.  0.  0.  0.  0.  0.  0.  0.  0.
  0.  0.  0.  0.  0.  0.  0.  0.  0.  0.  0.  0.  0.  0.  0.  0.  0.  0.
  0.  0.  0.  0.  0.  0.  0.  0.  0.  0.  0.]
None
False
True
DESTROYED lines: [[]]
DESTROYED parameters: [[]]
fdwrap: callM [0] =  1.0e-03                                                    True
fdwrap: callM [1] =  1.0e-03                                                    True
fdwrap: callM [2] =  1.0e-03                                                    True
fdwrap: callM [3] =  1.0e-03                                                    True
fdwrap: callM [4] =  1.0e-03                                                    True
fdwrap: callM [5] =  1.0e-03                                                    True
fdwrap: callM [11] =  1.0e-03                                                    True
fdwrap: callM [12] =  1.0e-03                                                    True
fdwrap: callM [13] =  1.0e-03                                                    True
fdwrap: callM [14] =  1.0e-03                                                    True
fdwrap: callM [15] =  1.0e-03                                                    True
fdwrap: callM [16] =  1.0e-03                                                    True
fdwrap: callM [17] =  1.0e-03                                                    True
fdwrap: callM [18] =  1.0e-03                                                    True
fdwrap: callM [19] =  1.0e-03                                                    True
fdwrap: callM [20] =  1.0e-03                                                    True
fdwrap: callM [21] =  1.0e-03                                                    True
fdwrap: callM [22] =  1.0e-03                                                    True
fdwrap: callM [23] =  1.0e-03                                                    True
fdwrap: callM [24] =  1.0e-03                                                    True
fdwrap: callM [25] =  1.0e-03                                                    True
fdwrap: callM [26] =  1.0e-03                                                    True
fdwrap: callM [27] =  1.0e-03                                                    True
fdwrap: callM [28] =  1.0e-03                                                    True
Sim: molc2           Molecules = ['BH3']              Objective = 1.24553e-01

######################################################################
###[96m                  Objective Function Breakdown                  [0m###
###[96m  Simulation Name          Residual  x  Weight  =  Contribution [0m###
######################################################################
molc2                          0.12455      1.000 [97m     1.24553e-01[0m 
Regularization                 0.91953      1.000 [97m     9.19528e-01[0m 
Total                                             [97m     1.04408e+00[0m 
----------------------------------------------------------------------
  Step       |k|        |dk|       |grad|       -=X2=-     Stdev(X2)    StepQual
     0   0.000e+00   0.000e+00   4.562e-01[97m   1.04408e+00[0m   0.000e+00      1.000

Hessian has a small or negative eigenvalue (0.0e+00), mixing in some steepest descent (1.0e-04) to correct this.
Eigenvalues are:
 6.4e+00  1.4e+00  1.2e+00  1.0e+00  8.6e-01  3.9e-01  1.6e-01  1.1e-01  1.0e-01  9.7e-02  5.4e-02  4.0e-02  3.6e-02  2.1e-02  9.1e-03  6.7e-03  3.7e-03  2.8e-03  1.1e-03  5.4e-04  4.8e-04  4.9e-05  1.4e-05  1.8e-06  0.0e+00  0.0e+00  0.0e+00  0.0e+00  0.0e+00  0.0e+00  0.0e+00  0.0e+00  0.0e+00  0.0e+00  0.0e+00  0.0e+00  0.0e+00  0.0e+00  0.0e+00  0.0e+00  0.0e+00  0.0e+00  0.0e+00  0.0e+00  0.0e+00  0.0e+00  0.0e+00  0.0e+00  0.0e+00  0.0e+00  0.0e+00  0.0e+00  0.0e+00  0.0e+00  0.0e+00  0.0e+00  0.0e+00  0.0e+00  0.0e+00  0.0e+00  0.0e+00  0.0e+00  0.0e+00  0.0e+00  0.0e+00  0.0e+00  0.0e+00  0.0e+00  0.0e+00  0.0e+00  0.0e+00  0.0e+00  0.0e+00  0.0e+00  0.0e+00  0.0e+00  0.0e+00  0.0e+00  0.0e+00  0.0e+00  0.0e+00  0.0e+00  0.0e+00  0.0e+00  0.0e+00  0.0e+00  0.0e+00  0.0e+00  0.0e+00  0.0e+00  0.0e+00  0.0e+00  0.0e+00  0.0e+00  0.0e+00  0.0e+00  0.0e+00  0.0e+00  0.0e+00  0.0e+00  0.0e+00  0.0e+00  0.0e+00  0.0e+00  0.0e+00  0.0e+00  0.0e+00  0.0e+00  0.0e+00  0.0e+00  0.0e+00  0.0e+00  0.0e+00  0.0e+00  0.0e+00  0.0e+00  0.0e+00  0.0e+00  0.0e+00
Levenberg-Marquardt: hyperbolic-regularized step found (length 1.007e+00), Hessian diagonal is scaled by  659.402
pvals:
[  5.11280027e+00   1.14270527e+00   2.91643037e-01   1.91356955e+00
   9.86159507e-01   1.17123071e+00   1.45955993e+01   3.58958217e+00
   6.60222258e-01   4.43671338e+00   2.16821995e+00   5.07678465e+01
   1.06344416e+01   4.01675840e+00   1.20195285e+00   5.57507319e-01
   2.67378625e-01   1.17570320e-01   1.66315290e+01   5.10768351e+00
   1.36306847e+00   5.42075710e-01   2.15081981e-01   2.47910150e+00
   7.73038086e-01   3.73410324e-01   1.67938197e-01   2.51752699e+00
   5.65049205e-01   5.39162175e+01   1.38045004e+01   4.77276995e+00
   1.51333018e+00   7.82697004e-01   4.09072022e-01   2.40659956e-01
   1.79462942e+01   6.00522994e+00   1.72060011e+00   7.54465020e-01
   3.74341735e-01   8.74023732e+00   2.67844004e+00   9.22515027e-01
   3.96656763e-01   2.35696409e+00   1.04244100e+00   7.53477795e+01
   2.04679007e+01   7.62435982e+00   2.34426020e+00   1.12324028e+00
   7.23538834e-01   3.80851774e-01   2.51232309e+01   8.55298992e+00
   2.53364014e+00   1.09461003e+00   5.36612311e-01   1.05931178e+01
   3.42816008e+00   1.28537002e+00   5.56100580e-01   2.92258993e+00
   1.55329933e+00   9.40584092e+01   2.55780009e+01   9.55147978e+00
   2.93960024e+00   1.39638037e+00   9.05060796e-01   4.90378611e-01
   3.10453509e+01   1.08816999e+01   3.20594019e+00   1.40387005e+00
   7.13106295e-01   1.31050715e+01   4.52087013e+00   1.81220997e+00
   6.89177205e-01   3.62785852e+00   2.08336658e+00   1.11996884e+02
   3.18393007e+01   1.10179000e+01   3.70677025e+00   1.73657036e+00
   1.08423986e+00   6.24465324e-01   3.68866977e+01   1.26314000e+01
   4.25791023e+00   1.91218001e+00   9.15561363e-01   1.71215507e+01
   5.96664019e+00   2.44677992e+00   8.65479198e-01   4.94444961e+00
   2.84630135e+00   1.41721471e+02   3.81245107e+01   1.10568721e+01
   4.16750234e+00   1.48066052e+00   9.01653795e-01   6.96443852e-01
   4.62762103e+01   1.56946317e+01   5.20892653e+00   2.55303650e+00
   1.11613524e+00   1.92235562e+01   7.41948208e+00   3.26149195e+00
   1.06505166e+00   6.77886769e+00   3.82303940e+00]

##########################################################
###[93m  Mathematical Parameters (Current + Step = Next)   [0m###
##########################################################
   0 [  0.0000e+00 - 6.0404e-04 = -6.0404e-04 ] : Exponent:Elem=H,AMom=S,Bas=0,Con=0
   1 [  0.0000e+00 - 2.2751e-04 = -2.2751e-04 ] : Exponent:Elem=H,AMom=S,Bas=1,Con=0
   2 [  0.0000e+00 - 6.3406e-05 = -6.3406e-05 ] : Exponent:Elem=H,AMom=S,Bas=2,Con=0
   3 [  0.0000e+00 - 7.2847e-04 = -7.2847e-04 ] : Exponent:Elem=H,AMom=P,Bas=0,Con=0
   4 [  0.0000e+00 - 2.4510e-04 = -2.4510e-04 ] : Exponent:Elem=H,AMom=P,Bas=1,Con=0
   5 [  0.0000e+00 - 7.2783e-04 = -7.2783e-04 ] : Exponent:Elem=H,AMom=D,Bas=0,Con=0
   6 [  0.0000e+00 - 1.5165e-01 = -1.5165e-01 ] : Exponent:Elem=He,AMom=S,Bas=0,Con=0
   7 [  0.0000e+00 - 1.1106e-08 = -1.1106e-08 ] : Exponent:Elem=He,AMom=S,Bas=1,Con=0
   8 [  0.0000e+00 + 1.5165e-01 =  1.5165e-01 ] : Exponent:Elem=He,AMom=S,Bas=2,Con=0
   9 [  0.0000e+00 - 1.5165e-01 = -1.5165e-01 ] : Exponent:Elem=He,AMom=P,Bas=0,Con=0
  10 [  0.0000e+00 + 1.5165e-01 =  1.5165e-01 ] : Exponent:Elem=He,AMom=P,Bas=1,Con=0
  11 [  0.0000e+00 - 5.4737e-02 = -5.4737e-02 ] : Exponent:Elem=B,AMom=S,Bas=0,Con=0
  12 [  0.0000e+00 - 1.2442e-03 = -1.2442e-03 ] : Exponent:Elem=B,AMom=S,Bas=1,Con=0
  13 [  0.0000e+00 - 1.0325e-03 = -1.0325e-03 ] : Exponent:Elem=B,AMom=S,Bas=2,Con=0
  14 [  0.0000e+00 - 1.4671e-03 = -1.4671e-03 ] : Exponent:Elem=B,AMom=S,Bas=3,Con=0
  15 [  0.0000e+00 + 1.3566e-04 =  1.3566e-04 ] : Exponent:Elem=B,AMom=S,Bas=4,Con=0
  16 [  0.0000e+00 + 2.0335e-04 =  2.0335e-04 ] : Exponent:Elem=B,AMom=S,Bas=5,Con=0
  17 [  0.0000e+00 + 1.2174e-03 =  1.2174e-03 ] : Exponent:Elem=B,AMom=S,Bas=6,Con=0
  18 [  0.0000e+00 - 5.4116e-03 = -5.4116e-03 ] : Exponent:Elem=B,AMom=P,Bas=0,Con=0
  19 [  0.0000e+00 - 1.4924e-03 = -1.4924e-03 ] : Exponent:Elem=B,AMom=P,Bas=1,Con=0
  20 [  0.0000e+00 - 5.9195e-04 = -5.9195e-04 ] : Exponent:Elem=B,AMom=P,Bas=2,Con=0
  21 [  0.0000e+00 - 2.1971e-04 = -2.1971e-04 ] : Exponent:Elem=B,AMom=P,Bas=3,Con=0
  22 [  0.0000e+00 + 1.5354e-04 =  1.5354e-04 ] : Exponent:Elem=B,AMom=P,Bas=4,Con=0
  23 [  0.0000e+00 - 2.3298e-04 = -2.3298e-04 ] : Exponent:Elem=B,AMom=D,Bas=0,Con=0
  24 [  0.0000e+00 - 2.8624e-04 = -2.8624e-04 ] : Exponent:Elem=B,AMom=D,Bas=1,Con=0
  25 [  0.0000e+00 + 1.4316e-04 =  1.4316e-04 ] : Exponent:Elem=B,AMom=D,Bas=2,Con=0
  26 [  0.0000e+00 + 5.1667e-04 =  5.1667e-04 ] : Exponent:Elem=B,AMom=D,Bas=3,Con=0
  27 [  0.0000e+00 - 4.0425e-03 = -4.0425e-03 ] : Exponent:Elem=B,AMom=F,Bas=0,Con=0
  28 [  0.0000e+00 - 6.8044e-06 = -6.8044e-06 ] : Exponent:Elem=B,AMom=F,Bas=1,Con=0
  29 [  0.0000e+00 - 1.5165e-01 = -1.5165e-01 ] : Exponent:Elem=C,AMom=S,Bas=0,Con=0
  30 [  0.0000e+00 + 2.8931e-08 =  2.8931e-08 ] : Exponent:Elem=C,AMom=S,Bas=1,Con=0
  31 [  0.0000e+00 - 9.7486e-09 = -9.7486e-09 ] : Exponent:Elem=C,AMom=S,Bas=2,Con=0
  32 [  0.0000e+00 + 1.1696e-07 =  1.1696e-07 ] : Exponent:Elem=C,AMom=S,Bas=3,Con=0
  33 [  0.0000e+00 + 5.6735e-09 =  5.6735e-09 ] : Exponent:Elem=C,AMom=S,Bas=4,Con=0
  34 [  0.0000e+00 + 5.3650e-08 =  5.3650e-08 ] : Exponent:Elem=C,AMom=S,Bas=5,Con=0
  35 [  0.0000e+00 + 1.5165e-01 =  1.5165e-01 ] : Exponent:Elem=C,AMom=S,Bas=6,Con=0
  36 [  0.0000e+00 - 1.5165e-01 = -1.5165e-01 ] : Exponent:Elem=C,AMom=P,Bas=0,Con=0
  37 [  0.0000e+00 - 9.9637e-09 = -9.9637e-09 ] : Exponent:Elem=C,AMom=P,Bas=1,Con=0
  38 [  0.0000e+00 + 6.3032e-08 =  6.3032e-08 ] : Exponent:Elem=C,AMom=P,Bas=2,Con=0
  39 [  0.0000e+00 + 2.6162e-08 =  2.6162e-08 ] : Exponent:Elem=C,AMom=P,Bas=3,Con=0
  40 [  0.0000e+00 + 1.5165e-01 =  1.5165e-01 ] : Exponent:Elem=C,AMom=P,Bas=4,Con=0
  41 [  0.0000e+00 - 1.5165e-01 = -1.5165e-01 ] : Exponent:Elem=C,AMom=D,Bas=0,Con=0
  42 [  0.0000e+00 + 1.6365e-08 =  1.6365e-08 ] : Exponent:Elem=C,AMom=D,Bas=1,Con=0
  43 [  0.0000e+00 + 2.9767e-08 =  2.9767e-08 ] : Exponent:Elem=C,AMom=D,Bas=2,Con=0
  44 [  0.0000e+00 + 1.5165e-01 =  1.5165e-01 ] : Exponent:Elem=C,AMom=D,Bas=3,Con=0
  45 [  0.0000e+00 - 1.5165e-01 = -1.5165e-01 ] : Exponent:Elem=C,AMom=F,Bas=0,Con=0
  46 [  0.0000e+00 + 1.5165e-01 =  1.5165e-01 ] : Exponent:Elem=C,AMom=F,Bas=1,Con=0
  47 [  0.0000e+00 - 1.5165e-01 = -1.5165e-01 ] : Exponent:Elem=N,AMom=S,Bas=0,Con=0
  48 [  0.0000e+00 + 3.6018e-08 =  3.6018e-08 ] : Exponent:Elem=N,AMom=S,Bas=1,Con=0
  49 [  0.0000e+00 - 2.3242e-08 = -2.3242e-08 ] : Exponent:Elem=N,AMom=S,Bas=2,Con=0
  50 [  0.0000e+00 + 8.5559e-08 =  8.5559e-08 ] : Exponent:Elem=N,AMom=S,Bas=3,Con=0
  51 [  0.0000e+00 + 2.5191e-07 =  2.5191e-07 ] : Exponent:Elem=N,AMom=S,Bas=4,Con=0
  52 [  0.0000e+00 - 2.2909e-07 = -2.2909e-07 ] : Exponent:Elem=N,AMom=S,Bas=5,Con=0
  53 [  0.0000e+00 + 1.5165e-01 =  1.5165e-01 ] : Exponent:Elem=N,AMom=S,Bas=6,Con=0
  54 [  0.0000e+00 - 1.5165e-01 = -1.5165e-01 ] : Exponent:Elem=N,AMom=P,Bas=0,Con=0
  55 [  0.0000e+00 - 9.0890e-09 = -9.0890e-09 ] : Exponent:Elem=N,AMom=P,Bas=1,Con=0
  56 [  0.0000e+00 + 5.6425e-08 =  5.6425e-08 ] : Exponent:Elem=N,AMom=P,Bas=2,Con=0
  57 [  0.0000e+00 + 2.5669e-08 =  2.5669e-08 ] : Exponent:Elem=N,AMom=P,Bas=3,Con=0
  58 [  0.0000e+00 + 1.5165e-01 =  1.5165e-01 ] : Exponent:Elem=N,AMom=P,Bas=4,Con=0
  59 [  0.0000e+00 - 1.5165e-01 = -1.5165e-01 ] : Exponent:Elem=N,AMom=D,Bas=0,Con=0
  60 [  0.0000e+00 + 2.3603e-08 =  2.3603e-08 ] : Exponent:Elem=N,AMom=D,Bas=1,Con=0
  61 [  0.0000e+00 + 1.9083e-08 =  1.9083e-08 ] : Exponent:Elem=N,AMom=D,Bas=2,Con=0
  62 [  0.0000e+00 + 1.5165e-01 =  1.5165e-01 ] : Exponent:Elem=N,AMom=D,Bas=3,Con=0
  63 [  0.0000e+00 - 1.5165e-01 = -1.5165e-01 ] : Exponent:Elem=N,AMom=F,Bas=0,Con=0
  64 [  0.0000e+00 + 1.5165e-01 =  1.5165e-01 ] : Exponent:Elem=N,AMom=F,Bas=1,Con=0
  65 [  0.0000e+00 - 1.5165e-01 = -1.5165e-01 ] : Exponent:Elem=O,AMom=S,Bas=0,Con=0
  66 [  0.0000e+00 + 3.6342e-08 =  3.6342e-08 ] : Exponent:Elem=O,AMom=S,Bas=1,Con=0
  67 [  0.0000e+00 - 2.3544e-08 = -2.3544e-08 ] : Exponent:Elem=O,AMom=S,Bas=2,Con=0
  68 [  0.0000e+00 + 8.2238e-08 =  8.2238e-08 ] : Exponent:Elem=O,AMom=S,Bas=3,Con=0
  69 [  0.0000e+00 + 2.6640e-07 =  2.6640e-07 ] : Exponent:Elem=O,AMom=S,Bas=4,Con=0
  70 [  0.0000e+00 - 2.2542e-07 = -2.2542e-07 ] : Exponent:Elem=O,AMom=S,Bas=5,Con=0
  71 [  0.0000e+00 + 1.5165e-01 =  1.5165e-01 ] : Exponent:Elem=O,AMom=S,Bas=6,Con=0
  72 [  0.0000e+00 - 1.5165e-01 = -1.5165e-01 ] : Exponent:Elem=O,AMom=P,Bas=0,Con=0
  73 [  0.0000e+00 - 1.2824e-08 = -1.2824e-08 ] : Exponent:Elem=O,AMom=P,Bas=1,Con=0
  74 [  0.0000e+00 + 6.0426e-08 =  6.0426e-08 ] : Exponent:Elem=O,AMom=P,Bas=2,Con=0
  75 [  0.0000e+00 + 3.5774e-08 =  3.5774e-08 ] : Exponent:Elem=O,AMom=P,Bas=3,Con=0
  76 [  0.0000e+00 + 1.5165e-01 =  1.5165e-01 ] : Exponent:Elem=O,AMom=P,Bas=4,Con=0
  77 [  0.0000e+00 - 1.5165e-01 = -1.5165e-01 ] : Exponent:Elem=O,AMom=D,Bas=0,Con=0
  78 [  0.0000e+00 + 2.8964e-08 =  2.8964e-08 ] : Exponent:Elem=O,AMom=D,Bas=1,Con=0
  79 [  0.0000e+00 - 1.6395e-08 = -1.6395e-08 ] : Exponent:Elem=O,AMom=D,Bas=2,Con=0
  80 [  0.0000e+00 + 1.5165e-01 =  1.5165e-01 ] : Exponent:Elem=O,AMom=D,Bas=3,Con=0
  81 [  0.0000e+00 - 1.5165e-01 = -1.5165e-01 ] : Exponent:Elem=O,AMom=F,Bas=0,Con=0
  82 [  0.0000e+00 + 1.5165e-01 =  1.5165e-01 ] : Exponent:Elem=O,AMom=F,Bas=1,Con=0
  83 [  0.0000e+00 - 1.5165e-01 = -1.5165e-01 ] : Exponent:Elem=F,AMom=S,Bas=0,Con=0
  84 [  0.0000e+00 + 2.2619e-08 =  2.2619e-08 ] : Exponent:Elem=F,AMom=S,Bas=1,Con=0
  85 [  0.0000e+00 - 3.4386e-09 = -3.4386e-09 ] : Exponent:Elem=F,AMom=S,Bas=2,Con=0
  86 [  0.0000e+00 + 6.7989e-08 =  6.7989e-08 ] : Exponent:Elem=F,AMom=S,Bas=3,Con=0
  87 [  0.0000e+00 + 2.0987e-07 =  2.0987e-07 ] : Exponent:Elem=F,AMom=S,Bas=4,Con=0
  88 [  0.0000e+00 - 1.2474e-07 = -1.2474e-07 ] : Exponent:Elem=F,AMom=S,Bas=5,Con=0
  89 [  0.0000e+00 + 1.5165e-01 =  1.5165e-01 ] : Exponent:Elem=F,AMom=S,Bas=6,Con=0
  90 [  0.0000e+00 - 1.5165e-01 = -1.5165e-01 ] : Exponent:Elem=F,AMom=P,Bas=0,Con=0
  91 [  0.0000e+00 + 3.1721e-09 =  3.1721e-09 ] : Exponent:Elem=F,AMom=P,Bas=1,Con=0
  92 [  0.0000e+00 + 5.4194e-08 =  5.4194e-08 ] : Exponent:Elem=F,AMom=P,Bas=2,Con=0
  93 [  0.0000e+00 + 6.9679e-09 =  6.9679e-09 ] : Exponent:Elem=F,AMom=P,Bas=3,Con=0
  94 [  0.0000e+00 + 1.5165e-01 =  1.5165e-01 ] : Exponent:Elem=F,AMom=P,Bas=4,Con=0
  95 [  0.0000e+00 - 1.5165e-01 = -1.5165e-01 ] : Exponent:Elem=F,AMom=D,Bas=0,Con=0
  96 [  0.0000e+00 + 3.2502e-08 =  3.2502e-08 ] : Exponent:Elem=F,AMom=D,Bas=1,Con=0
  97 [  0.0000e+00 - 3.0748e-08 = -3.0748e-08 ] : Exponent:Elem=F,AMom=D,Bas=2,Con=0
  98 [  0.0000e+00 + 1.5165e-01 =  1.5165e-01 ] : Exponent:Elem=F,AMom=D,Bas=3,Con=0
  99 [  0.0000e+00 - 1.5165e-01 = -1.5165e-01 ] : Exponent:Elem=F,AMom=F,Bas=0,Con=0
 100 [  0.0000e+00 + 1.5165e-01 =  1.5165e-01 ] : Exponent:Elem=F,AMom=F,Bas=1,Con=0
 101 [  0.0000e+00 - 1.5165e-01 = -1.5165e-01 ] : Exponent:Elem=Ne,AMom=S,Bas=0,Con=0
 102 [  0.0000e+00 + 8.3501e-09 =  8.3501e-09 ] : Exponent:Elem=Ne,AMom=S,Bas=1,Con=0
 103 [  0.0000e+00 + 3.0155e-08 =  3.0155e-08 ] : Exponent:Elem=Ne,AMom=S,Bas=2,Con=0
 104 [  0.0000e+00 - 8.8364e-09 = -8.8364e-09 ] : Exponent:Elem=Ne,AMom=S,Bas=3,Con=0
 105 [  0.0000e+00 + 2.3739e-07 =  2.3739e-07 ] : Exponent:Elem=Ne,AMom=S,Bas=4,Con=0
 106 [  0.0000e+00 + 5.9317e-07 =  5.9317e-07 ] : Exponent:Elem=Ne,AMom=S,Bas=5,Con=0
 107 [  0.0000e+00 + 1.5165e-01 =  1.5165e-01 ] : Exponent:Elem=Ne,AMom=S,Bas=6,Con=0
 108 [  0.0000e+00 - 1.5165e-01 = -1.5165e-01 ] : Exponent:Elem=Ne,AMom=P,Bas=0,Con=0
 109 [  0.0000e+00 + 2.4235e-09 =  2.4235e-09 ] : Exponent:Elem=Ne,AMom=P,Bas=1,Con=0
 110 [  0.0000e+00 + 8.6786e-08 =  8.6786e-08 ] : Exponent:Elem=Ne,AMom=P,Bas=2,Con=0
 111 [  0.0000e+00 - 4.8857e-08 = -4.8857e-08 ] : Exponent:Elem=Ne,AMom=P,Bas=3,Con=0
 112 [  0.0000e+00 + 1.5165e-01 =  1.5165e-01 ] : Exponent:Elem=Ne,AMom=P,Bas=4,Con=0
 113 [  0.0000e+00 - 1.5165e-01 = -1.5165e-01 ] : Exponent:Elem=Ne,AMom=D,Bas=0,Con=0
 114 [  0.0000e+00 + 3.5664e-08 =  3.5664e-08 ] : Exponent:Elem=Ne,AMom=D,Bas=1,Con=0
 115 [  0.0000e+00 - 5.6186e-08 = -5.6186e-08 ] : Exponent:Elem=Ne,AMom=D,Bas=2,Con=0
 116 [  0.0000e+00 + 1.5165e-01 =  1.5165e-01 ] : Exponent:Elem=Ne,AMom=D,Bas=3,Con=0
 117 [  0.0000e+00 - 1.5165e-01 = -1.5165e-01 ] : Exponent:Elem=Ne,AMom=F,Bas=0,Con=0
 118 [  0.0000e+00 + 1.5165e-01 =  1.5165e-01 ] : Exponent:Elem=Ne,AMom=F,Bas=1,Con=0
----------------------------------------------------------

##########################################################
###[93m    Physical Parameters (Current + Step = Next)     [0m###
##########################################################
   0 [  5.1159e+00 - 3.0893e-03 =  5.1128e+00 ] : Exponent:Elem=H,AMom=S,Bas=0,Con=0
   1 [  1.1430e+00 - 2.6001e-04 =  1.1427e+00 ] : Exponent:Elem=H,AMom=S,Bas=1,Con=0
   2 [  2.9166e-01 - 1.8493e-05 =  2.9164e-01 ] : Exponent:Elem=H,AMom=S,Bas=2,Con=0
   3 [  1.9150e+00 - 1.3945e-03 =  1.9136e+00 ] : Exponent:Elem=H,AMom=P,Bas=0,Con=0
   4 [  9.8640e-01 - 2.4173e-04 =  9.8616e-01 ] : Exponent:Elem=H,AMom=P,Bas=1,Con=0
   5 [  1.1721e+00 - 8.5276e-04 =  1.1712e+00 ] : Exponent:Elem=H,AMom=D,Bas=0,Con=0
   6 [  1.6986e+01 - 2.3901e+00 =  1.4596e+01 ] : Exponent:Elem=He,AMom=S,Bas=0,Con=0
   7 [  3.5896e+00 - 3.9867e-08 =  3.5896e+00 ] : Exponent:Elem=He,AMom=S,Bas=1,Con=0
   8 [  5.6732e-01 + 9.2902e-02 =  6.6022e-01 ] : Exponent:Elem=He,AMom=S,Bas=2,Con=0
   9 [  5.1632e+00 - 7.2654e-01 =  4.4367e+00 ] : Exponent:Elem=He,AMom=P,Bas=0,Con=0
  10 [  1.8631e+00 + 3.0510e-01 =  2.1682e+00 ] : Exponent:Elem=He,AMom=P,Bas=1,Con=0
  11 [  5.3624e+01 - 2.8563e+00 =  5.0768e+01 ] : Exponent:Elem=B,AMom=S,Bas=0,Con=0
  12 [  1.0648e+01 - 1.3240e-02 =  1.0634e+01 ] : Exponent:Elem=B,AMom=S,Bas=1,Con=0
  13 [  4.0209e+00 - 4.1493e-03 =  4.0168e+00 ] : Exponent:Elem=B,AMom=S,Bas=2,Con=0
  14 [  1.2037e+00 - 1.7647e-03 =  1.2020e+00 ] : Exponent:Elem=B,AMom=S,Bas=3,Con=0
  15 [  5.5743e-01 + 7.5629e-05 =  5.5751e-01 ] : Exponent:Elem=B,AMom=S,Bas=4,Con=0
  16 [  2.6732e-01 + 5.4365e-05 =  2.6738e-01 ] : Exponent:Elem=B,AMom=S,Bas=5,Con=0
  17 [  1.1743e-01 + 1.4304e-04 =  1.1757e-01 ] : Exponent:Elem=B,AMom=S,Bas=6,Con=0
  18 [  1.6722e+01 - 9.0248e-02 =  1.6632e+01 ] : Exponent:Elem=B,AMom=P,Bas=0,Con=0
  19 [  5.1153e+00 - 7.6286e-03 =  5.1077e+00 ] : Exponent:Elem=B,AMom=P,Bas=1,Con=0
  20 [  1.3639e+00 - 8.0711e-04 =  1.3631e+00 ] : Exponent:Elem=B,AMom=P,Bas=2,Con=0
  21 [  5.4219e-01 - 1.1911e-04 =  5.4208e-01 ] : Exponent:Elem=B,AMom=P,Bas=3,Con=0
  22 [  2.1505e-01 + 3.3021e-05 =  2.1508e-01 ] : Exponent:Elem=B,AMom=P,Bas=4,Con=0
  23 [  2.4797e+00 - 5.7764e-04 =  2.4791e+00 ] : Exponent:Elem=B,AMom=D,Bas=0,Con=0
  24 [  7.7326e-01 - 2.2130e-04 =  7.7304e-01 ] : Exponent:Elem=B,AMom=D,Bas=1,Con=0
  25 [  3.7336e-01 + 5.3454e-05 =  3.7341e-01 ] : Exponent:Elem=B,AMom=D,Bas=2,Con=0
  26 [  1.6785e-01 + 8.6747e-05 =  1.6794e-01 ] : Exponent:Elem=B,AMom=D,Bas=3,Con=0
  27 [  2.5277e+00 - 1.0198e-02 =  2.5175e+00 ] : Exponent:Elem=B,AMom=F,Bas=0,Con=0
  28 [  5.6505e-01 - 3.8449e-06 =  5.6505e-01 ] : Exponent:Elem=B,AMom=F,Bas=1,Con=0
  29 [  6.2745e+01 - 8.8291e+00 =  5.3916e+01 ] : Exponent:Elem=C,AMom=S,Bas=0,Con=0
  30 [  1.3805e+01 + 3.9938e-07 =  1.3805e+01 ] : Exponent:Elem=C,AMom=S,Bas=1,Con=0
  31 [  4.7728e+00 - 4.6528e-08 =  4.7728e+00 ] : Exponent:Elem=C,AMom=S,Bas=2,Con=0
  32 [  1.5133e+00 + 1.7699e-07 =  1.5133e+00 ] : Exponent:Elem=C,AMom=S,Bas=3,Con=0
  33 [  7.8270e-01 + 4.4406e-09 =  7.8270e-01 ] : Exponent:Elem=C,AMom=S,Bas=4,Con=0
  34 [  4.0907e-01 + 2.1947e-08 =  4.0907e-01 ] : Exponent:Elem=C,AMom=S,Bas=5,Con=0
  35 [  2.0680e-01 + 3.3864e-02 =  2.4066e-01 ] : Exponent:Elem=C,AMom=S,Bas=6,Con=0
  36 [  2.0885e+01 - 2.9388e+00 =  1.7946e+01 ] : Exponent:Elem=C,AMom=P,Bas=0,Con=0
  37 [  6.0052e+00 - 5.9835e-08 =  6.0052e+00 ] : Exponent:Elem=C,AMom=P,Bas=1,Con=0
  38 [  1.7206e+00 + 1.0845e-07 =  1.7206e+00 ] : Exponent:Elem=C,AMom=P,Bas=2,Con=0
  39 [  7.5447e-01 + 1.9738e-08 =  7.5447e-01 ] : Exponent:Elem=C,AMom=P,Bas=3,Con=0
  40 [  3.2167e-01 + 5.2675e-02 =  3.7434e-01 ] : Exponent:Elem=C,AMom=P,Bas=4,Con=0
  41 [  1.0171e+01 - 1.4313e+00 =  8.7402e+00 ] : Exponent:Elem=C,AMom=D,Bas=0,Con=0
  42 [  2.6784e+00 + 4.3832e-08 =  2.6784e+00 ] : Exponent:Elem=C,AMom=D,Bas=1,Con=0
  43 [  9.2251e-01 + 2.7461e-08 =  9.2252e-01 ] : Exponent:Elem=C,AMom=D,Bas=2,Con=0
  44 [  3.4084e-01 + 5.5815e-02 =  3.9666e-01 ] : Exponent:Elem=C,AMom=D,Bas=3,Con=0
  45 [  2.7429e+00 - 3.8597e-01 =  2.3570e+00 ] : Exponent:Elem=C,AMom=F,Bas=0,Con=0
  46 [  8.9576e-01 + 1.4669e-01 =  1.0424e+00 ] : Exponent:Elem=C,AMom=F,Bas=1,Con=0
  47 [  8.7686e+01 - 1.2339e+01 =  7.5348e+01 ] : Exponent:Elem=N,AMom=S,Bas=0,Con=0
  48 [  2.0468e+01 + 7.3721e-07 =  2.0468e+01 ] : Exponent:Elem=N,AMom=S,Bas=1,Con=0
  49 [  7.6244e+00 - 1.7720e-07 =  7.6244e+00 ] : Exponent:Elem=N,AMom=S,Bas=2,Con=0
  50 [  2.3443e+00 + 2.0057e-07 =  2.3443e+00 ] : Exponent:Elem=N,AMom=S,Bas=3,Con=0
  51 [  1.1232e+00 + 2.8296e-07 =  1.1232e+00 ] : Exponent:Elem=N,AMom=S,Bas=4,Con=0
  52 [  7.2354e-01 - 1.6576e-07 =  7.2354e-01 ] : Exponent:Elem=N,AMom=S,Bas=5,Con=0
  53 [  3.2726e-01 + 5.3591e-02 =  3.8085e-01 ] : Exponent:Elem=N,AMom=S,Bas=6,Con=0
  54 [  2.9237e+01 - 4.1141e+00 =  2.5123e+01 ] : Exponent:Elem=N,AMom=P,Bas=0,Con=0
  55 [  8.5530e+00 - 7.7739e-08 =  8.5530e+00 ] : Exponent:Elem=N,AMom=P,Bas=1,Con=0
  56 [  2.5336e+00 + 1.4296e-07 =  2.5336e+00 ] : Exponent:Elem=N,AMom=P,Bas=2,Con=0
  57 [  1.0946e+00 + 2.8097e-08 =  1.0946e+00 ] : Exponent:Elem=N,AMom=P,Bas=3,Con=0
  58 [  4.6110e-01 + 7.5508e-02 =  5.3661e-01 ] : Exponent:Elem=N,AMom=P,Bas=4,Con=0
  59 [  1.2328e+01 - 1.7347e+00 =  1.0593e+01 ] : Exponent:Elem=N,AMom=D,Bas=0,Con=0
  60 [  3.4282e+00 + 8.0914e-08 =  3.4282e+00 ] : Exponent:Elem=N,AMom=D,Bas=1,Con=0
  61 [  1.2854e+00 + 2.4529e-08 =  1.2854e+00 ] : Exponent:Elem=N,AMom=D,Bas=2,Con=0
  62 [  4.7785e-01 + 7.8251e-02 =  5.5610e-01 ] : Exponent:Elem=N,AMom=D,Bas=3,Con=0
  63 [  3.4012e+00 - 4.7859e-01 =  2.9226e+00 ] : Exponent:Elem=N,AMom=F,Bas=0,Con=0
  64 [  1.3347e+00 + 2.1857e-01 =  1.5533e+00 ] : Exponent:Elem=N,AMom=F,Bas=1,Con=0
  65 [  1.0946e+02 - 1.5403e+01 =  9.4058e+01 ] : Exponent:Elem=O,AMom=S,Bas=0,Con=0
  66 [  2.5578e+01 + 9.2955e-07 =  2.5578e+01 ] : Exponent:Elem=O,AMom=S,Bas=1,Con=0
  67 [  9.5515e+00 - 2.2488e-07 =  9.5515e+00 ] : Exponent:Elem=O,AMom=S,Bas=2,Con=0
  68 [  2.9396e+00 + 2.4175e-07 =  2.9396e+00 ] : Exponent:Elem=O,AMom=S,Bas=3,Con=0
  69 [  1.3964e+00 + 3.7200e-07 =  1.3964e+00 ] : Exponent:Elem=O,AMom=S,Bas=4,Con=0
  70 [  9.0506e-01 - 2.0402e-07 =  9.0506e-01 ] : Exponent:Elem=O,AMom=S,Bas=5,Con=0
  71 [  4.2138e-01 + 6.9003e-02 =  4.9038e-01 ] : Exponent:Elem=O,AMom=S,Bas=6,Con=0
  72 [  3.6129e+01 - 5.0838e+00 =  3.1045e+01 ] : Exponent:Elem=O,AMom=P,Bas=0,Con=0
  73 [  1.0882e+01 - 1.3954e-07 =  1.0882e+01 ] : Exponent:Elem=O,AMom=P,Bas=1,Con=0
  74 [  3.2059e+00 + 1.9372e-07 =  3.2059e+00 ] : Exponent:Elem=O,AMom=P,Bas=2,Con=0
  75 [  1.4039e+00 + 5.0222e-08 =  1.4039e+00 ] : Exponent:Elem=O,AMom=P,Bas=3,Con=0
  76 [  6.1276e-01 + 1.0034e-01 =  7.1311e-01 ] : Exponent:Elem=O,AMom=P,Bas=4,Con=0
  77 [  1.5251e+01 - 2.1460e+00 =  1.3105e+01 ] : Exponent:Elem=O,AMom=D,Bas=0,Con=0
  78 [  4.5209e+00 + 1.3094e-07 =  4.5209e+00 ] : Exponent:Elem=O,AMom=D,Bas=1,Con=0
  79 [  1.8122e+00 - 2.9711e-08 =  1.8122e+00 ] : Exponent:Elem=O,AMom=D,Bas=2,Con=0
  80 [  5.9220e-01 + 9.6976e-02 =  6.8918e-01 ] : Exponent:Elem=O,AMom=D,Bas=3,Con=0
  81 [  4.2219e+00 - 5.9408e-01 =  3.6279e+00 ] : Exponent:Elem=O,AMom=F,Bas=0,Con=0
  82 [  1.7902e+00 + 2.9316e-01 =  2.0834e+00 ] : Exponent:Elem=O,AMom=F,Bas=1,Con=0
  83 [  1.3034e+02 - 1.8340e+01 =  1.1200e+02 ] : Exponent:Elem=F,AMom=S,Bas=0,Con=0
  84 [  3.1839e+01 + 7.2018e-07 =  3.1839e+01 ] : Exponent:Elem=F,AMom=S,Bas=1,Con=0
  85 [  1.1018e+01 - 3.7887e-08 =  1.1018e+01 ] : Exponent:Elem=F,AMom=S,Bas=2,Con=0
  86 [  3.7068e+00 + 2.5202e-07 =  3.7068e+00 ] : Exponent:Elem=F,AMom=S,Bas=3,Con=0
  87 [  1.7366e+00 + 3.6445e-07 =  1.7366e+00 ] : Exponent:Elem=F,AMom=S,Bas=4,Con=0
  88 [  1.0842e+00 - 1.3525e-07 =  1.0842e+00 ] : Exponent:Elem=F,AMom=S,Bas=5,Con=0
  89 [  5.3660e-01 + 8.7870e-02 =  6.2447e-01 ] : Exponent:Elem=F,AMom=S,Bas=6,Con=0
  90 [  4.2927e+01 - 6.0404e+00 =  3.6887e+01 ] : Exponent:Elem=F,AMom=P,Bas=0,Con=0
  91 [  1.2631e+01 + 4.0068e-08 =  1.2631e+01 ] : Exponent:Elem=F,AMom=P,Bas=1,Con=0
  92 [  4.2579e+00 + 2.3075e-07 =  4.2579e+00 ] : Exponent:Elem=F,AMom=P,Bas=2,Con=0
  93 [  1.9122e+00 + 1.3324e-08 =  1.9122e+00 ] : Exponent:Elem=F,AMom=P,Bas=3,Con=0
  94 [  7.8673e-01 + 1.2883e-01 =  9.1556e-01 ] : Exponent:Elem=F,AMom=P,Bas=4,Con=0
  95 [  1.9925e+01 - 2.8037e+00 =  1.7122e+01 ] : Exponent:Elem=F,AMom=D,Bas=0,Con=0
  96 [  5.9666e+00 + 1.9393e-07 =  5.9666e+00 ] : Exponent:Elem=F,AMom=D,Bas=1,Con=0
  97 [  2.4468e+00 - 7.5234e-08 =  2.4468e+00 ] : Exponent:Elem=F,AMom=D,Bas=2,Con=0
  98 [  7.4369e-01 + 1.2178e-01 =  8.6548e-01 ] : Exponent:Elem=F,AMom=D,Bas=3,Con=0
  99 [  5.7541e+00 - 8.0968e-01 =  4.9444e+00 ] : Exponent:Elem=F,AMom=F,Bas=0,Con=0
 100 [  2.4458e+00 + 4.0051e-01 =  2.8463e+00 ] : Exponent:Elem=F,AMom=F,Bas=1,Con=0
 101 [  1.6493e+02 - 2.3208e+01 =  1.4172e+02 ] : Exponent:Elem=Ne,AMom=S,Bas=0,Con=0
 102 [  3.8125e+01 + 3.1835e-07 =  3.8125e+01 ] : Exponent:Elem=Ne,AMom=S,Bas=1,Con=0
 103 [  1.1057e+01 + 3.3342e-07 =  1.1057e+01 ] : Exponent:Elem=Ne,AMom=S,Bas=2,Con=0
 104 [  4.1675e+00 - 3.6826e-08 =  4.1675e+00 ] : Exponent:Elem=Ne,AMom=S,Bas=3,Con=0
 105 [  1.4807e+00 + 3.5150e-07 =  1.4807e+00 ] : Exponent:Elem=Ne,AMom=S,Bas=4,Con=0
 106 [  9.0165e-01 + 5.3483e-07 =  9.0165e-01 ] : Exponent:Elem=Ne,AMom=S,Bas=5,Con=0
 107 [  5.9845e-01 + 9.7998e-02 =  6.9644e-01 ] : Exponent:Elem=Ne,AMom=S,Bas=6,Con=0
 108 [  5.3854e+01 - 7.5780e+00 =  4.6276e+01 ] : Exponent:Elem=Ne,AMom=P,Bas=0,Con=0
 109 [  1.5695e+01 + 3.8035e-08 =  1.5695e+01 ] : Exponent:Elem=Ne,AMom=P,Bas=1,Con=0
 110 [  5.2089e+00 + 4.5206e-07 =  5.2089e+00 ] : Exponent:Elem=Ne,AMom=P,Bas=2,Con=0
 111 [  2.5530e+00 - 1.2473e-07 =  2.5530e+00 ] : Exponent:Elem=Ne,AMom=P,Bas=3,Con=0
 112 [  9.5908e-01 + 1.5705e-01 =  1.1161e+00 ] : Exponent:Elem=Ne,AMom=P,Bas=4,Con=0
 113 [  2.2372e+01 - 3.1480e+00 =  1.9224e+01 ] : Exponent:Elem=Ne,AMom=D,Bas=0,Con=0
 114 [  7.4195e+00 + 2.6461e-07 =  7.4195e+00 ] : Exponent:Elem=Ne,AMom=D,Bas=1,Con=0
 115 [  3.2615e+00 - 1.8325e-07 =  3.2615e+00 ] : Exponent:Elem=Ne,AMom=D,Bas=2,Con=0
 116 [  9.1519e-01 + 1.4987e-01 =  1.0651e+00 ] : Exponent:Elem=Ne,AMom=D,Bas=3,Con=0
 117 [  7.8889e+00 - 1.1101e+00 =  6.7789e+00 ] : Exponent:Elem=Ne,AMom=F,Bas=0,Con=0
 118 [  3.2851e+00 + 5.3795e-01 =  3.8230e+00 ] : Exponent:Elem=Ne,AMom=F,Bas=1,Con=0
----------------------------------------------------------
[ -6.04036352e-04  -2.27514963e-04  -6.34064740e-05  -7.28465545e-04
  -2.45095279e-04  -7.27826994e-04  -1.51652363e-01  -1.11062662e-08
   1.51652374e-01  -1.51652277e-01   1.51652277e-01  -5.47366730e-02
  -1.24424553e-03  -1.03246744e-03  -1.46708688e-03   1.35664696e-04
   2.03347756e-04   1.21737704e-03  -5.41164707e-03  -1.49244290e-03
  -5.91951025e-04  -2.19706217e-04   1.53537077e-04  -2.32975889e-04
  -2.86237165e-04   1.43161813e-04   5.16674584e-04  -4.04247362e-03
  -6.80443508e-06  -1.51652361e-01   2.89311242e-08  -9.74857995e-09
   1.16956876e-07   5.67346448e-09   5.36496608e-08   1.51652166e-01
  -1.51652341e-01  -9.96373587e-09   6.30315121e-08   2.61621813e-08
   1.51652262e-01  -1.51652349e-01   1.63648684e-08   2.97671725e-08
   1.51652303e-01  -1.51652304e-01   1.51652304e-01  -1.51652358e-01
   3.60176680e-08  -2.32418757e-08   8.55587455e-08   2.51912679e-07
  -2.29093096e-07   1.51652237e-01  -1.51652339e-01  -9.08904766e-09
   5.64253125e-08   2.56688333e-08   1.51652266e-01  -1.51652344e-01
   2.36028807e-08   1.90831680e-08   1.51652302e-01  -1.51652245e-01
   1.51652245e-01  -1.51652358e-01   3.63418000e-08  -2.35442940e-08
   8.22383010e-08   2.66400852e-07  -2.25422744e-07   1.51652222e-01
  -1.51652336e-01  -1.28238202e-08   6.04264963e-08   3.57743044e-08
   1.51652253e-01  -1.51652338e-01   2.89639827e-08  -1.63950150e-08
   1.51652325e-01  -1.51652202e-01   1.51652202e-01  -1.51652355e-01
   2.26190872e-08  -3.43864959e-09   6.79885970e-08   2.09870481e-07
  -1.24738051e-07   1.51652182e-01  -1.51652339e-01   3.17211857e-09
   5.41940816e-08   6.96790627e-09   1.51652274e-01  -1.51652337e-01
   3.25016191e-08  -3.07482451e-08   1.51652335e-01  -1.51652201e-01
   1.51652201e-01  -1.51652358e-01   8.35014833e-09   3.01546947e-08
  -8.83639290e-09   2.37391249e-07   5.93166999e-07   1.51651498e-01
  -1.51652340e-01   2.42347089e-09   8.67857858e-08  -4.88573163e-08
   1.51652299e-01  -1.51652323e-01   3.56643923e-08  -5.61862417e-08
   1.51652343e-01  -1.51652214e-01   1.51652214e-01]
[ 0.  0.  0.  0.  0.  0.  0.  0.  0.  0.  0.  0.  0.  0.  0.  0.  0.  0.
  0.  0.  0.  0.  0.  0.  0.  0.  0.  0.  0.  0.  0.  0.  0.  0.  0.  0.
  0.  0.  0.  0.  0.  0.  0.  0.  0.  0.  0.  0.  0.  0.  0.  0.  0.  0.
  0.  0.  0.  0.  0.  0.  0.  0.  0.  0.  0.  0.  0.  0.  0.  0.  0.  0.
  0.  0.  0.  0.  0.  0.  0.  0.  0.  0.  0.  0.  0.  0.  0.  0.  0.  0.
  0.  0.  0.  0.  0.  0.  0.  0.  0.  0.  0.  0.  0.  0.  0.  0.  0.  0.
  0.  0.  0.  0.  0.  0.  0.  0.  0.  0.  0.]
[False False False False False False False False False False False False
 False False False False False False False False False False False False
 False False False False False False False False False False False False
 False False False False False False False False False False False False
 False False False False False False False False False False False False
 False False False False False False False False False False False False
 False False False False False False False False False False False False
 False False False False False False False False False False False False
 False False False False False False False False False False False False
 False False False False False False False False False False False]
True
DESTROYED lines: [[], [321, 322]]
DESTROYED parameters: [[], [106]]
fdwrap: callM [0] =  1.0e-03                                                    True
fdwrap: callM [1] =  1.0e-03                                                    True
fdwrap: callM [2] =  1.0e-03                                                    True
fdwrap: callM [3] =  1.0e-03                                                    True
fdwrap: callM [4] =  1.0e-03                                                    True
fdwrap: callM [5] =  1.0e-03                                                    True
fdwrap: callM [11] =  1.0e-03                                                    True
fdwrap: callM [12] =  1.0e-03                                                    True
