Welcome to ForceBalance version 0.11.0! =D
Reading options from file: 01_bfgs.in
Reading force field from file: water.prm
Determining file type of water.prm ... Guessing from extension (you may specify type with filename:type) ... guessing prm -> tinker!

###########################################################
### Starting parameter indices, physical values and IDs ###
###########################################################
   0 [  3.4050e+00 ] : VDWS1
   1 [  1.1000e-01 ] : VDWT1
   2 [  2.6550e+00 ] : VDWS2
   3 [  1.3500e-02 ] : VDWT2
   4 [  9.1000e-01 ] : VDWD2
   5 [  5.2960e+02 ] : BONDK1.2
   6 [  9.5720e-01 ] : BONDB1.2
   7 [  3.4050e+01 ] : ANGLEK2.1.2
   8 [  1.0850e+02 ] : ANGLEB2.1.2
   9 [  3.8250e+01 ] : UREYBRADK2.1.2
  10 [  1.5537e+00 ] : UREYBRADB2.1.2
  11 [ -5.1966e-01 ] : CHARGE1.-2.-2
  12 [  1.4279e-01 ] : DIPOLEZ1.-2.-2
  13 [  3.7928e-01 ] : QUADXX1.-2.-2
  14 [ -4.1809e-01 ] : QUADYY1.-2.-2
  15 [  3.8810e-02 ] : QUADZZ1.-2.-2
  16 [  2.5983e-01 ] : CHARGE2.1.2
  17 [ -3.8590e-02 ] : DIPOLEX2.1.2
  18 [ -5.8180e-02 ] : DIPOLEZ2.1.2
  19 [ -3.6730e-02 ] : QUADXX2.1.2
  20 [ -1.0739e-01 ] : QUADYY2.1.2
  21 [ -2.0300e-03 ] : QUADZX2.1.2
  22 [  1.4412e-01 ] : QUADZZ2.1.2
  23 [  8.3700e-01 ] : POLARIZEA1
  24 [  3.9000e-01 ] : POLARIZET1
  25 [  4.9600e-01 ] : POLARIZEA2
  26 [  3.9000e-01 ] : POLARIZET2
-----------------------------------------------------------

##########################################################
###  Rescaling Factors for Different Parameter Types:  ###
##########################################################
   ANGLEB           : 1.08500e+02
   ANGLEK           : 3.40500e+01
   BONDB            : 9.57200e-01
   BONDK            : 5.29600e+02
   CHARGE           : 5.19660e-01
   DIPOLEX          : 3.85900e-02
   DIPOLEZ          : 1.42790e-01
   POLARIZEA        : 8.37000e-01
   POLARIZET        : 3.90000e-01
   QUADXX           : 3.79280e-01
   QUADYY           : 4.18090e-01
   QUADZX           : 2.03000e-03
   QUADZZ           : 1.44120e-01
   UREYBRADB        : 1.55370e+00
   UREYBRADK        : 3.82500e+01
   VDWD             : 9.10000e-01
   VDWS             : 5.29177e-02
   VDWT             : 2.47894e+00
----------------------------------------------------------
Backing up: temp/water12_sixpt

##########################################################
###    Setup for fitting simulation water12_sixpt :    ###
##########################################################
batch_fd                  0
covariance                False
efweight                  0.5
fd_ptypes                 ['ALL']
fdgrad                    False
fdhess                    False
fdhessdiag                True
fitatoms                  0
name                      water12_sixpt
qmboltz                   0.0
qmboltztemp               298.15
sampcorr                  0
shots                     300
simtype                   FORCEENERGYMATCH
software                  TINKER
use_pvals                 0
weight                    1.0
whamboltz                 0
----------------------------------------------------------

##########################################################
###                Setup for optimizer                 ###
##########################################################
backup                    True
convergence_gradient      0.0001
convergence_objective     1e-06
convergence_step          1e-06
eig_lowerbound            0.0001
ffdir                     forcefield
finite_difference_h       0.001
forcefield                ['water.prm']
gmxsuffix
jobtype                   BFGS
maxstep                   100
penalty_additive          0.0
penalty_multiplicative    0.01
penalty_type              L2
root                      /home/leeping/src/forcebalance/test/003_amoeba
scanindex_name            []
scanindex_num             []
tinkerpath                /home/leeping/opt/tinker-6.0.04/bin/
trust0                    0.01
writechk_step             0
----------------------------------------------------------

##########################################################
###                   Main Optimizer                   ###
###                     BFGS Mode                      ###
##########################################################

Sim: water12_sixpt   E_err(kJ/mol)=     7.7988 F_err(%)=    31.7940

  Step       |k|        |dk|       |grad|       -=X2=-     Stdev(X2)
     0   0.000e+00   0.000e+00   5.344e+01   1.69354e-01   0.000e+00

Sim: water12_sixpt   E_err(kJ/mol)=     7.7050 F_err(%)=    31.5282

  Step       |k|        |dk|       |grad|       -=X2=-     Stdev(X2)
     1   1.000e-02   1.000e-02   5.122e+01   1.66034e-01   1.660e-03

Sim: water12_sixpt   E_err(kJ/mol)=     7.6254 F_err(%)=    31.1869

  Step       |k|        |dk|       |grad|       -=X2=-     Stdev(X2)
     2   2.001e-02   1.500e-02   5.141e+01   1.62378e-01   2.849e-03

Sim: water12_sixpt   E_err(kJ/mol)=     7.5181 F_err(%)=    30.6838

  Step       |k|        |dk|       |grad|       -=X2=-     Stdev(X2)
     3   3.855e-02   2.084e-02   4.965e+01   1.57351e-01   4.457e-03

Sim: water12_sixpt   E_err(kJ/mol)=     7.4101 F_err(%)=    30.2534

  Step       |k|        |dk|       |grad|       -=X2=-     Stdev(X2)
     4   6.389e-02   2.690e-02   4.838e+01   1.52830e-01   5.922e-03

Sim: water12_sixpt   E_err(kJ/mol)=     7.3090 F_err(%)=    29.8261

  Step       |k|        |dk|       |grad|       -=X2=-     Stdev(X2)
     5   9.525e-02   3.268e-02   4.703e+01   1.48532e-01   7.274e-03

Sim: water12_sixpt   E_err(kJ/mol)=     7.2721 F_err(%)=    29.7431

  Step       |k|        |dk|       |grad|       -=X2=-     Stdev(X2)
     6   9.525e-02   2.161e-05   4.575e+01   1.47485e-01   7.923e-03

Sim: water12_sixpt   E_err(kJ/mol)=     7.1995 F_err(%)=    29.3415

  Step       |k|        |dk|       |grad|       -=X2=-     Stdev(X2)
     7   1.325e-01   3.794e-02   4.564e+01   1.43808e-01   8.721e-03

Sim: water12_sixpt   E_err(kJ/mol)=     6.5616 F_err(%)=    26.0013

  Step       |k|        |dk|       |grad|       -=X2=-     Stdev(X2)
     8   1.203e-01   4.263e-02   3.676e+01   1.14744e-01   1.535e-02

Sim: water12_sixpt   E_err(kJ/mol)=     5.6878 F_err(%)=    19.8050

  Step       |k|        |dk|       |grad|       -=X2=-     Stdev(X2)
     9   1.469e-01   4.680e-02   4.504e+00   7.30096e-02   2.766e-02

Sim: water12_sixpt   E_err(kJ/mol)=     5.5968 F_err(%)=    17.5349

  Step       |k|        |dk|       |grad|       -=X2=-     Stdev(X2)
    10   1.449e-01   3.639e-02   2.804e+01   6.34400e-02   3.504e-02

Sim: water12_sixpt   E_err(kJ/mol)=     5.3861 F_err(%)=    17.8438

  Step       |k|        |dk|       |grad|       -=X2=-     Stdev(X2)
    11   1.528e-01   1.091e-02   6.356e+00   6.12177e-02   3.903e-02

Sim: water12_sixpt   E_err(kJ/mol)=     5.3065 F_err(%)=    17.6847

  Step       |k|        |dk|       |grad|       -=X2=-     Stdev(X2)
    12   1.560e-01   9.237e-03   1.806e+00   5.99583e-02   4.062e-02

Sim: water12_sixpt   E_err(kJ/mol)=     5.3049 F_err(%)=    17.1138

  Step       |k|        |dk|       |grad|       -=X2=-     Stdev(X2)
    13   1.624e-01   1.195e-02   9.514e+00   5.82632e-02   4.049e-02

Sim: water12_sixpt   E_err(kJ/mol)=     5.2724 F_err(%)=    17.1778

  Step       |k|        |dk|       |grad|       -=X2=-     Stdev(X2)
    14   1.626e-01   6.742e-04   4.890e+00   5.79869e-02   3.862e-02

Sim: water12_sixpt   E_err(kJ/mol)=     5.2566 F_err(%)=    17.2422

  Step       |k|        |dk|       |grad|       -=X2=-     Stdev(X2)
    15   1.628e-01   7.087e-04   2.732e-01   5.79168e-02   3.495e-02

Sim: water12_sixpt   E_err(kJ/mol)=     5.2543 F_err(%)=    17.1487

  Step       |k|        |dk|       |grad|       -=X2=-     Stdev(X2)
    16   1.629e-01   1.284e-03   1.255e+00   5.75947e-02   2.834e-02

Sim: water12_sixpt   E_err(kJ/mol)=     5.1222 F_err(%)=    16.7596

  Step       |k|        |dk|       |grad|       -=X2=-     Stdev(X2)
    17   1.997e-01   5.052e-02   1.285e+00   5.49772e-02   1.695e-02

Sim: water12_sixpt   E_err(kJ/mol)=     5.0031 F_err(%)=    16.3047

  Step       |k|        |dk|       |grad|       -=X2=-     Stdev(X2)
    18   2.454e-01   5.385e-02   9.990e-01   5.23439e-02   5.315e-03

Sim: water12_sixpt   E_err(kJ/mol)=     4.8915 F_err(%)=    15.8383

  Step       |k|        |dk|       |grad|       -=X2=-     Stdev(X2)
    19   2.960e-01   5.685e-02   6.168e-01   4.98207e-02   3.845e-03

Sim: water12_sixpt   E_err(kJ/mol)=     4.7938 F_err(%)=    15.4049

  Step       |k|        |dk|       |grad|       -=X2=-     Stdev(X2)
    20   3.493e-01   5.958e-02   4.173e-01   4.76053e-02   4.251e-03

Sim: water12_sixpt   E_err(kJ/mol)=     4.7071 F_err(%)=    14.9783

  Step       |k|        |dk|       |grad|       -=X2=-     Stdev(X2)
    21   4.054e-01   6.208e-02   5.818e-01   4.55785e-02   4.800e-03

Sim: water12_sixpt   E_err(kJ/mol)=     4.6331 F_err(%)=    14.6100

  Step       |k|        |dk|       |grad|       -=X2=-     Stdev(X2)
    22   4.636e-01   6.438e-02   7.555e-01   4.38933e-02   5.271e-03

Sim: water12_sixpt   E_err(kJ/mol)=     4.5693 F_err(%)=    14.2480

  Step       |k|        |dk|       |grad|       -=X2=-     Stdev(X2)
    23   5.233e-01   6.650e-02   1.217e+00   4.23644e-02   5.702e-03

Sim: water12_sixpt   E_err(kJ/mol)=     4.5145 F_err(%)=    13.9553

  Step       |k|        |dk|       |grad|       -=X2=-     Stdev(X2)
    24   5.850e-01   6.847e-02   1.178e+00   4.11475e-02   5.877e-03

Sim: water12_sixpt   E_err(kJ/mol)=     4.4690 F_err(%)=    13.6693

  Step       |k|        |dk|       |grad|       -=X2=-     Stdev(X2)
    25   6.470e-01   7.031e-02   1.665e+00   4.00576e-02   5.705e-03

Sim: water12_sixpt   E_err(kJ/mol)=     4.4292 F_err(%)=    13.4438

  Step       |k|        |dk|       |grad|       -=X2=-     Stdev(X2)
    26   7.113e-01   7.203e-02   1.448e+00   3.92052e-02   5.099e-03

Sim: water12_sixpt   E_err(kJ/mol)=     4.3968 F_err(%)=    13.2365

  Step       |k|        |dk|       |grad|       -=X2=-     Stdev(X2)
    27   7.753e-01   7.365e-02   1.762e+00   3.84779e-02   4.459e-03

Sim: water12_sixpt   E_err(kJ/mol)=     4.3684 F_err(%)=    13.0709

  Step       |k|        |dk|       |grad|       -=X2=-     Stdev(X2)
    28   8.408e-01   7.518e-02   1.487e+00   3.79096e-02   3.833e-03

Sim: water12_sixpt   E_err(kJ/mol)=     4.3449 F_err(%)=    12.9288

  Step       |k|        |dk|       |grad|       -=X2=-     Stdev(X2)
    29   9.059e-01   7.663e-02   1.636e+00   3.74467e-02   3.258e-03

Sim: water12_sixpt   E_err(kJ/mol)=     4.3243 F_err(%)=    12.8145

  Step       |k|        |dk|       |grad|       -=X2=-     Stdev(X2)
    30   9.719e-01   7.800e-02   1.299e+00   3.70866e-02   2.730e-03

Sim: water12_sixpt   E_err(kJ/mol)=     4.3065 F_err(%)=    12.7198

  Step       |k|        |dk|       |grad|       -=X2=-     Stdev(X2)
    31   1.037e+00   7.930e-02   1.393e+00   3.67965e-02   2.269e-03

Sim: water12_sixpt   E_err(kJ/mol)=     4.2904 F_err(%)=    12.6422

  Step       |k|        |dk|       |grad|       -=X2=-     Stdev(X2)
    32   1.103e+00   8.054e-02   9.894e-01   3.65654e-02   1.859e-03

Sim: water12_sixpt   E_err(kJ/mol)=     4.2757 F_err(%)=    12.5772

  Step       |k|        |dk|       |grad|       -=X2=-     Stdev(X2)
    33   1.167e+00   8.172e-02   1.102e+00   3.63672e-02   1.518e-03

Sim: water12_sixpt   E_err(kJ/mol)=     4.2615 F_err(%)=    12.5203

  Step       |k|        |dk|       |grad|       -=X2=-     Stdev(X2)
    34   1.232e+00   8.285e-02   6.783e-01   3.61932e-02   1.224e-03

Sim: water12_sixpt   E_err(kJ/mol)=     4.2479 F_err(%)=    12.4696

  Step       |k|        |dk|       |grad|       -=X2=-     Stdev(X2)
    35   1.295e+00   8.394e-02   8.016e-01   3.60248e-02   9.942e-04

Sim: water12_sixpt   E_err(kJ/mol)=     4.2342 F_err(%)=    12.4209

  Step       |k|        |dk|       |grad|       -=X2=-     Stdev(X2)
    36   1.358e+00   8.498e-02   5.108e-01   3.58598e-02   8.117e-04

Sim: water12_sixpt   E_err(kJ/mol)=     4.2206 F_err(%)=    12.3744

  Step       |k|        |dk|       |grad|       -=X2=-     Stdev(X2)
    37   1.420e+00   8.598e-02   5.479e-01   3.56884e-02   6.810e-04

Sim: water12_sixpt   E_err(kJ/mol)=     4.2068 F_err(%)=    12.3272

  Step       |k|        |dk|       |grad|       -=X2=-     Stdev(X2)
    38   1.483e+00   8.694e-02   4.735e-01   3.55122e-02   5.917e-04

Sim: water12_sixpt   E_err(kJ/mol)=     4.1930 F_err(%)=    12.2806

  Step       |k|        |dk|       |grad|       -=X2=-     Stdev(X2)
    39   1.545e+00   8.787e-02   4.720e-01   3.53283e-02   5.396e-04

Sim: water12_sixpt   E_err(kJ/mol)=     4.1791 F_err(%)=    12.2330

  Step       |k|        |dk|       |grad|       -=X2=-     Stdev(X2)
    40   1.608e+00   8.876e-02   5.298e-01   3.51401e-02   5.143e-04

Sim: water12_sixpt   E_err(kJ/mol)=     4.1653 F_err(%)=    12.1864

  Step       |k|        |dk|       |grad|       -=X2=-     Stdev(X2)
    41   1.671e+00   8.963e-02   5.269e-01   3.49487e-02   5.080e-04

Sim: water12_sixpt   E_err(kJ/mol)=     4.1518 F_err(%)=    12.1395

  Step       |k|        |dk|       |grad|       -=X2=-     Stdev(X2)
    42   1.735e+00   9.047e-02   6.350e-01   3.47585e-02   5.117e-04

Sim: water12_sixpt   E_err(kJ/mol)=     4.1384 F_err(%)=    12.0951

  Step       |k|        |dk|       |grad|       -=X2=-     Stdev(X2)
    43   1.799e+00   9.128e-02   6.191e-01   3.45718e-02   5.197e-04

Sim: water12_sixpt   E_err(kJ/mol)=     4.1256 F_err(%)=    12.0518

  Step       |k|        |dk|       |grad|       -=X2=-     Stdev(X2)
    44   1.863e+00   9.206e-02   7.621e-01   3.43942e-02   5.262e-04

Sim: water12_sixpt   E_err(kJ/mol)=     4.1133 F_err(%)=    12.0133

  Step       |k|        |dk|       |grad|       -=X2=-     Stdev(X2)
    45   1.928e+00   9.282e-02   6.994e-01   3.42280e-02   5.284e-04

Sim: water12_sixpt   E_err(kJ/mol)=     4.1020 F_err(%)=    11.9766

  Step       |k|        |dk|       |grad|       -=X2=-     Stdev(X2)
    46   1.994e+00   9.356e-02   8.931e-01   3.40803e-02   5.229e-04

Sim: water12_sixpt   E_err(kJ/mol)=     4.0912 F_err(%)=    11.9477

  Step       |k|        |dk|       |grad|       -=X2=-     Stdev(X2)
    47   2.060e+00   9.428e-02   7.494e-01   3.39509e-02   5.090e-04

Sim: water12_sixpt   E_err(kJ/mol)=     4.0822 F_err(%)=    11.9202

  Step       |k|        |dk|       |grad|       -=X2=-     Stdev(X2)
    48   2.127e+00   9.497e-02   1.026e+00   3.38495e-02   4.846e-04

Sim: water12_sixpt   E_err(kJ/mol)=     4.0735 F_err(%)=    11.9038

  Step       |k|        |dk|       |grad|       -=X2=-     Stdev(X2)
    49   2.192e+00   9.565e-02   7.907e-01   3.37706e-02   4.506e-04

Sim: water12_sixpt   E_err(kJ/mol)=     4.0675 F_err(%)=    11.8874

  Step       |k|        |dk|       |grad|       -=X2=-     Stdev(X2)
    50   2.259e+00   9.631e-02   1.105e+00   3.37270e-02   4.060e-04

Sim: water12_sixpt   E_err(kJ/mol)=     4.0617 F_err(%)=    11.8836

  Step       |k|        |dk|       |grad|       -=X2=-     Stdev(X2)
    51   2.324e+00   9.695e-02   8.508e-01   3.37070e-02   3.530e-04

Sim: water12_sixpt   E_err(kJ/mol)=     4.0589 F_err(%)=    11.8790

  Step       |k|        |dk|       |grad|       -=X2=-     Stdev(X2)
    52   2.324e+00   9.758e-02   8.508e-01   3.37231e-02   3.530e-04

Sim: water12_sixpt   E_err(kJ/mol)=     4.0596 F_err(%)=    11.8801

  Step       |k|        |dk|       |grad|       -=X2=-     Stdev(X2)
    53   2.324e+00   6.509e-02   8.508e-01   3.37133e-02   3.530e-04

Sim: water12_sixpt   E_err(kJ/mol)=     4.0602 F_err(%)=    11.8810

  Step       |k|        |dk|       |grad|       -=X2=-     Stdev(X2)
    54   2.324e+00   4.341e-02   8.508e-01   3.37093e-02   3.530e-04

Sim: water12_sixpt   E_err(kJ/mol)=     4.0606 F_err(%)=    11.8818

  Step       |k|        |dk|       |grad|       -=X2=-     Stdev(X2)
    55   2.324e+00   2.896e-02   8.508e-01   3.37077e-02   3.530e-04

Sim: water12_sixpt   E_err(kJ/mol)=     4.0609 F_err(%)=    11.8824

  Step       |k|        |dk|       |grad|       -=X2=-     Stdev(X2)
    56   2.324e+00   1.931e-02   8.508e-01   3.37071e-02   3.530e-04

Sim: water12_sixpt   E_err(kJ/mol)=     4.0612 F_err(%)=    11.8828

  Step       |k|        |dk|       |grad|       -=X2=-     Stdev(X2)
    57   2.332e+00   1.288e-02   8.784e-01   3.37069e-02   2.941e-04

Sim: water12_sixpt   E_err(kJ/mol)=     4.0603 F_err(%)=    11.8825

  Step       |k|        |dk|       |grad|       -=X2=-     Stdev(X2)
    58   2.343e+00   1.846e-02   8.526e-01   3.37059e-02   2.339e-04

Sim: water12_sixpt   E_err(kJ/mol)=     4.0595 F_err(%)=    11.8816

  Step       |k|        |dk|       |grad|       -=X2=-     Stdev(X2)
    59   2.357e+00   2.451e-02   8.647e-01   3.37055e-02   1.760e-04

Sim: water12_sixpt   E_err(kJ/mol)=     4.0584 F_err(%)=    11.8811

  Step       |k|        |dk|       |grad|       -=X2=-     Stdev(X2)
    60   2.357e+00   3.044e-02   8.647e-01   3.37056e-02   1.760e-04

Sim: water12_sixpt   E_err(kJ/mol)=     4.0588 F_err(%)=    11.8812

  Step       |k|        |dk|       |grad|       -=X2=-     Stdev(X2)
    61   2.367e+00   2.030e-02   8.474e-01   3.37052e-02   1.238e-04

Sim: water12_sixpt   E_err(kJ/mol)=     4.0580 F_err(%)=    11.8804

  Step       |k|        |dk|       |grad|       -=X2=-     Stdev(X2)
    62   2.367e+00   2.637e-02   8.474e-01   3.37056e-02   1.238e-04

Sim: water12_sixpt   E_err(kJ/mol)=     4.0583 F_err(%)=    11.8806

  Step       |k|        |dk|       |grad|       -=X2=-     Stdev(X2)
    63   2.367e+00   1.759e-02   8.474e-01   3.37052e-02   1.238e-04

Sim: water12_sixpt   E_err(kJ/mol)=     4.0584 F_err(%)=    11.8808

  Step       |k|        |dk|       |grad|       -=X2=-     Stdev(X2)
    64   2.373e+00   1.173e-02   8.435e-01   3.37051e-02   7.923e-05

Sim: water12_sixpt   E_err(kJ/mol)=     4.0580 F_err(%)=    11.8802

  Step       |k|        |dk|       |grad|       -=X2=-     Stdev(X2)
    65   2.380e+00   1.711e-02   8.280e-01   3.37048e-02   4.477e-05

Sim: water12_sixpt   E_err(kJ/mol)=     4.0576 F_err(%)=    11.8792

  Step       |k|        |dk|       |grad|       -=X2=-     Stdev(X2)
    66   2.390e+00   2.310e-02   8.150e-01   3.37047e-02   1.984e-05

Sim: water12_sixpt   E_err(kJ/mol)=     4.0572 F_err(%)=    11.8777

  Step       |k|        |dk|       |grad|       -=X2=-     Stdev(X2)
    67   2.390e+00   2.910e-02   8.150e-01   3.37050e-02   1.984e-05

Sim: water12_sixpt   E_err(kJ/mol)=     4.0573 F_err(%)=    11.8782

  Step       |k|        |dk|       |grad|       -=X2=-     Stdev(X2)
    68   2.397e+00   1.941e-02   7.976e-01   3.37046e-02   6.496e-06

Sim: water12_sixpt   E_err(kJ/mol)=     4.0571 F_err(%)=    11.8765

  Step       |k|        |dk|       |grad|       -=X2=-     Stdev(X2)
    69   2.397e+00   2.548e-02   7.976e-01   3.37051e-02   6.496e-06

Sim: water12_sixpt   E_err(kJ/mol)=     4.0571 F_err(%)=    11.8771

  Step       |k|        |dk|       |grad|       -=X2=-     Stdev(X2)
    70   2.397e+00   1.699e-02   7.976e-01   3.37048e-02   6.496e-06

Sim: water12_sixpt   E_err(kJ/mol)=     4.0572 F_err(%)=    11.8774

  Step       |k|        |dk|       |grad|       -=X2=-     Stdev(X2)
    71   2.397e+00   1.133e-02   7.976e-01   3.37046e-02   6.496e-06

Sim: water12_sixpt   E_err(kJ/mol)=     4.0572 F_err(%)=    11.8777

  Step       |k|        |dk|       |grad|       -=X2=-     Stdev(X2)
    72   2.400e+00   7.560e-03   7.915e-01   3.37046e-02   8.554e-07
Convergence criterion reached for objective function (1.00e-06)

##########################################################
###               Final parameter values               ###
###           Paste to input file to restart           ###
###                Choose pvals or mvals               ###
##########################################################
read_pvals
   0 [  3.4115e+00 ] : VDWS1
   1 [  2.2017e-01 ] : VDWT1
   2 [  2.6672e+00 ] : VDWS2
   3 [  1.1834e-02 ] : VDWT2
   4 [  7.9967e-01 ] : VDWD2
   5 [  5.7195e+02 ] : BONDK1.2
   6 [  9.6252e-01 ] : BONDB1.2
   7 [  2.9482e+01 ] : ANGLEK2.1.2
   8 [  1.0837e+02 ] : ANGLEB2.1.2
   9 [  2.9081e+01 ] : UREYBRADK2.1.2
  10 [  1.5002e+00 ] : UREYBRADB2.1.2
  11 [ -5.4596e-01 ] : CHARGE1.-2.-2
  12 [  9.3723e-02 ] : DIPOLEZ1.-2.-2
  13 [  4.8709e-01 ] : QUADXX1.-2.-2
  14 [ -3.4953e-01 ] : QUADYY1.-2.-2
  15 [ -3.2513e-02 ] : QUADZZ1.-2.-2
  16 [  2.7472e-01 ] : CHARGE2.1.2
  17 [ -4.2411e-02 ] : DIPOLEX2.1.2
  18 [ -1.2071e-01 ] : DIPOLEZ2.1.2
  19 [ -1.1343e-01 ] : QUADXX2.1.2
  20 [ -1.4504e-01 ] : QUADYY2.1.2
  21 [ -2.0020e-03 ] : QUADZX2.1.2
  22 [ -1.6026e-01 ] : QUADZZ2.1.2
  23 [  3.0577e-01 ] : POLARIZEA1
  24 [  3.9048e-01 ] : POLARIZET1
  25 [  4.6546e-01 ] : POLARIZEA2
  26 [  3.9046e-01 ] : POLARIZET2
/read_pvals
read_mvals
   0 [  1.2365e-01 ] : VDWS1
   1 [  4.4443e-02 ] : VDWT1
   2 [  2.3138e-01 ] : VDWS2
   3 [ -6.7203e-04 ] : VDWT2
   4 [ -1.2124e-01 ] : VDWD2
   5 [  7.9957e-02 ] : BONDK1.2
   6 [  5.5595e-03 ] : BONDB1.2
   7 [ -1.3416e-01 ] : ANGLEK2.1.2
   8 [ -1.1754e-03 ] : ANGLEB2.1.2
   9 [ -2.3972e-01 ] : UREYBRADK2.1.2
  10 [ -3.4406e-02 ] : UREYBRADB2.1.2
  11 [ -5.0607e-02 ] : CHARGE1.-2.-2
  12 [ -3.4363e-01 ] : DIPOLEZ1.-2.-2
  13 [  2.8424e-01 ] : QUADXX1.-2.-2
  14 [  1.6400e-01 ] : QUADYY1.-2.-2
  15 [ -4.9489e-01 ] : QUADZZ1.-2.-2
  16 [  2.8660e-02 ] : CHARGE2.1.2
  17 [ -9.9005e-02 ] : DIPOLEX2.1.2
  18 [ -4.3791e-01 ] : DIPOLEZ2.1.2
  19 [ -2.0223e-01 ] : QUADXX2.1.2
  20 [ -9.0054e-02 ] : QUADYY2.1.2
  21 [  1.3816e-02 ] : QUADZX2.1.2
  22 [ -2.1120e+00 ] : QUADZZ2.1.2
  23 [ -6.3468e-01 ] : POLARIZEA1
  24 [  1.2416e-03 ] : POLARIZET1
  25 [ -3.6493e-02 ] : POLARIZEA2
  26 [  1.1683e-03 ] : POLARIZET2
/read_mvals
----------------------------------------------------------
