            --------------------------------------------------------
                             AMBER SQM VERSION 1.4
 
                                     By
              Ross C. Walker, Michael F. Crowley, Scott Brozell,
                Tim Giese, Andreas W. Goetz and David A. Case
 
            --------------------------------------------------------
 

--------------------------------------------------------------------------------
  QM CALCULATION INFO
--------------------------------------------------------------------------------

| QMMM: Citation for AMBER QMMM Run:
| QMMM: R.C. Walker, M.F. Crowley and D.A. Case, J. COMP. CHEM. 29:1019, 2008

QMMM: SINGLET STATE CALCULATION
QMMM: RHF CALCULATION, NO. OF DOUBLY OCCUPIED LEVELS = 35

| QMMM: *** Selected Hamiltonian *** 
| QMMM: AM1         

| QMMM: *** Parameter sets in use ***
| QMMM: N : M.J.S.DEWAR et al. JACS, 107, 3902, (1985)
| QMMM: O : M.J.S.DEWAR et al. JACS, 107, 3902, (1985)
| QMMM: C : M.J.S.DEWAR et al. JACS, 107, 3902, (1985)
| QMMM: H : M.J.S.DEWAR et al. JACS, 107, 3902, (1985)

| QMMM: *** SCF convergence criteria ***
| QMMM: Energy change                :  0.1D-09 kcal/mol
| QMMM: Error matrix |FP-PF|         :  0.1D+00 au
| QMMM: Density matrix change        :  0.1D-09
| QMMM: Maximum number of SCF cycles :     1000

| QMMM: *** Diagonalization Routine Information ***
| QMMM: Pseudo diagonalizations are allowed.
| QMMM: Auto diagonalization routine selection is disabled.
| QMMM: Using internal diagonalization routine (diag_routine=1).

  QMMM: QM Region Cartesian Coordinates (*=link atom) 
  QMMM: QM_NO.   MM_NO.  ATOM         X         Y         Z
  QMMM:     1        1      N        1.3530   -0.1940   -0.2530
  QMMM:     2        2      O        3.1400    0.7980    0.7480
  QMMM:     3        3      C        3.5490   -1.3160   -0.2790
  QMMM:     4        4      C        2.6770   -0.1290    0.0950
  QMMM:     5        5      C        0.4320    0.7530    0.4120
  QMMM:     6        6      C        0.6680    2.1840   -0.0760
  QMMM:     7        7      C       -1.0170    0.3180    0.2200
  QMMM:     8        8      C       -1.6060   -0.4910    1.1980
  QMMM:     9        9      C       -2.9240   -0.9110    1.0810
  QMMM:    10       10      C       -3.6870   -0.5240   -0.0180
  QMMM:    11       11      C       -3.1260    0.3060   -0.9790
  QMMM:    12       12      C       -1.8030    0.7290   -0.8560
  QMMM:    13       13      C        0.7700   -1.3330   -0.9500
  QMMM:    14       14      H        3.1390   -2.2380    0.1170
  QMMM:    15       15      H        4.5270   -1.1460    0.1480
  QMMM:    16       16      H        3.6520   -1.4240   -1.3530
  QMMM:    17       17      H        1.5290   -1.8430   -1.5220
  QMMM:    18       18      H        0.0190   -1.0010   -1.6480
  QMMM:    19       19      H        0.3150   -2.0470   -0.2730
  QMMM:    20       20      H        0.6490    0.7230    1.4730
  QMMM:    21       21      H       -1.0260   -0.7950    2.0510
  QMMM:    22       22      H       -3.3560   -1.5360    1.8420
  QMMM:    23       23      H       -4.7070   -0.8510   -0.1110
  QMMM:    24       24      H       -3.7100    0.6280   -1.8220
  QMMM:    25       25      H       -1.3920    1.3710   -1.6130
  QMMM:    26       26      H        0.5900    2.2450   -1.1570
  QMMM:    27       27      H        1.6530    2.5160    0.2090
  QMMM:    28       28      H       -0.0680    2.8530    0.3580

--------------------------------------------------------------------------------
  RESULTS
--------------------------------------------------------------------------------

      iter         sqm energy              rms gradient
      ----    -------------------    -----------------------
xmin    10      -14.9613 kcal/mol        1.6073 kcal/(mol*A)
xmin    20      -16.2732 kcal/mol        0.2027 kcal/(mol*A)
xmin    30      -16.3644 kcal/mol        0.0141 kcal/(mol*A)
  ... geometry converged !

 Heat of formation   =        -16.36478957 kcal/mol  (       -0.70963053 eV)
 Total SCF energy    =     -49397.19810710 kcal/mol  (    -2142.02324735 eV)
 Electronic energy   =    -284997.07575821 kcal/mol  (   -12358.40057926 eV)
 Core-core repulsion =     235599.87765111 kcal/mol  (    10216.37733191 eV)
 
    Atomic Charges for Step       1 :
  Atom    Element       Mulliken Charge
     1      N                 -0.335
     2      O                 -0.377
     3      C                 -0.237
     4      C                  0.306
     5      C                  0.061
     6      C                 -0.222
     7      C                 -0.096
     8      C                 -0.112
     9      C                 -0.132
    10      C                 -0.126
    11      C                 -0.135
    12      C                 -0.124
    13      C                 -0.071
    14      H                  0.102
    15      H                  0.115
    16      H                  0.097
    17      H                  0.064
    18      H                  0.094
    19      H                  0.074
    20      H                  0.137
    21      H                  0.146
    22      H                  0.133
    23      H                  0.131
    24      H                  0.130
    25      H                  0.130
    26      H                  0.073
    27      H                  0.085
    28      H                  0.089
 Total Mulliken Charge =       0.000
 
 Final Structure

  QMMM: QM Region Cartesian Coordinates (*=link atom) 
  QMMM: QM_NO.   MM_NO.  ATOM         X         Y         Z
  QMMM:     1        1      N        1.3581   -0.1665   -0.2347
  QMMM:     2        2      O        2.3255   -0.3062    1.8419
  QMMM:     3        3      C        3.2515   -1.7385    0.1537
  QMMM:     4        4      C        2.2872   -0.6916    0.6548
  QMMM:     5        5      C        0.4220    0.8627    0.1976
  QMMM:     6        6      C        0.5335    2.1508   -0.6217
  QMMM:     7        7      C       -1.0045    0.3598    0.2315
  QMMM:     8        8      C       -1.4432   -0.3210    1.3745
  QMMM:     9        9      C       -2.7535   -0.7885    1.4546
  QMMM:    10       10      C       -3.6358   -0.5833    0.3936
  QMMM:    11       11      C       -3.2024    0.0899   -0.7477
  QMMM:    12       12      C       -1.8908    0.5577   -0.8306
  QMMM:    13       13      C        1.2880   -0.6368   -1.5857
  QMMM:    14       14      H        2.7072   -2.6936   -0.0446
  QMMM:    15       15      H        4.0222   -1.9179    0.9428
  QMMM:    16       16      H        3.7580   -1.4045   -0.7834
  QMMM:    17       17      H        2.1286   -0.2087   -2.1977
  QMMM:    18       18      H        0.3117   -0.3279   -2.0470
  QMMM:    19       19      H        1.3567   -1.7577   -1.6211
  QMMM:    20       20      H        0.7034    1.1311    1.2675
  QMMM:    21       21      H       -0.7452   -0.4850    2.2110
  QMMM:    22       22      H       -3.0913   -1.3197    2.3565
  QMMM:    23       23      H       -4.6701   -0.9510    0.4576
  QMMM:    24       24      H       -3.8950    0.2535   -1.5862
  QMMM:    25       25      H       -1.5628    1.0901   -1.7359
  QMMM:    26       26      H        0.4331    1.9608   -1.7169
  QMMM:    27       27      H        1.5227    2.6355   -0.4392
  QMMM:    28       28      H       -0.2748    2.8514   -0.3032

           --------- Calculation Completed ----------

