min.omega.0.chi1.0.phi1.120        -805.693873279     
min.omega.0.chi1.0.phi1.180        -805.690510727     
min.omega.0.chi1.0.phi1.210        -805.692545601     
min.omega.0.chi1.0.phi1.240        -805.697824442     
min.omega.0.chi1.0.phi1.270        -805.702433953     
min.omega.0.chi1.0.phi1.300        -805.698752073     
min.omega.0.chi1.0.phi1.330        -805.687384665     
min.omega.0.chi1.105.phi1.120        -805.709986624     
min.omega.0.chi1.105.phi1.150        -805.703922492     
min.omega.0.chi1.105.phi1.180        -805.705641924     
min.omega.0.chi1.105.phi1.210        -805.700025313     
min.omega.0.chi1.105.phi1.240        -805.704851845     
min.omega.0.chi1.105.phi1.270        -805.709486547     
min.omega.0.chi1.105.phi1.30        -805.698824675     
min.omega.0.chi1.105.phi1.300        -805.707530529     
min.omega.0.chi1.105.phi1.60        -805.709778358     
min.omega.0.chi1.105.phi1.90        -805.714556419     
min.omega.0.chi1.120.phi1.120        -805.707527803     
min.omega.0.chi1.120.phi1.150        -805.702105061     
min.omega.0.chi1.120.phi1.180        -805.701982054     
min.omega.0.chi1.120.phi1.210        -805.696991226     
min.omega.0.chi1.120.phi1.240        -805.702144407     
min.omega.0.chi1.120.phi1.270        -805.708226515     
min.omega.0.chi1.120.phi1.300        -805.706662570     
min.omega.0.chi1.120.phi1.330        -805.697436151     
min.omega.0.chi1.120.phi1.60        -805.708191095     
min.omega.0.chi1.120.phi1.90        -805.712585390     
min.omega.0.chi1.135.phi1.120        -805.706032439     
min.omega.0.chi1.135.phi1.150        -805.699800133     
min.omega.0.chi1.135.phi1.180        -805.697373604     
min.omega.0.chi1.135.phi1.210        -805.693656152     
min.omega.0.chi1.135.phi1.240        -805.699804106     
min.omega.0.chi1.135.phi1.270        -805.707036403     
min.omega.0.chi1.135.phi1.300        -805.705040755     
min.omega.0.chi1.135.phi1.330        -805.694650084     
min.omega.0.chi1.135.phi1.60        -805.706855542     
min.omega.0.chi1.135.phi1.90        -805.710646856     
min.omega.0.chi1.15.phi1.120        -805.696456569     
min.omega.0.chi1.15.phi1.150        -805.698494214     
min.omega.0.chi1.15.phi1.180        -805.695232504     
min.omega.0.chi1.15.phi1.210        -805.694210483     
min.omega.0.chi1.15.phi1.240        -805.700382027     
min.omega.0.chi1.15.phi1.270        -805.706060552     
min.omega.0.chi1.150.phi1.0        -805.691034258     
min.omega.0.chi1.150.phi1.120        -805.704837686     
min.omega.0.chi1.150.phi1.150        -805.696050629     
min.omega.0.chi1.150.phi1.180        -805.691521262     
min.omega.0.chi1.150.phi1.210        -805.689961488     
min.omega.0.chi1.150.phi1.240        -805.698083391     
min.omega.0.chi1.150.phi1.270        -805.705977898     
min.omega.0.chi1.150.phi1.300        -805.703156581     
min.omega.0.chi1.150.phi1.360        -805.691034258     
min.omega.0.chi1.150.phi1.60        -805.705000785     
min.omega.0.chi1.150.phi1.90        -805.708862606     
min.omega.0.chi1.165.phi1.120        -805.704680869     
min.omega.0.chi1.165.phi1.150        -805.693675242     
min.omega.0.chi1.165.phi1.180        -805.685439255     
min.omega.0.chi1.165.phi1.210        -805.687029519     
min.omega.0.chi1.165.phi1.240        -805.697829743     
min.omega.0.chi1.165.phi1.270        -805.707739306     
min.omega.0.chi1.165.phi1.300        -805.704697013     
min.omega.0.chi1.165.phi1.60        -805.703621940     
min.omega.0.chi1.165.phi1.90        -805.708530834     
min.omega.0.chi1.180.phi1.0        -805.694346326     
min.omega.0.chi1.180.phi1.120        -805.706390159     
min.omega.0.chi1.180.phi1.150        -805.694709315     
min.omega.0.chi1.180.phi1.180        -805.691363991     
min.omega.0.chi1.180.phi1.210        -805.690781485     
min.omega.0.chi1.180.phi1.240        -805.704378324     
min.omega.0.chi1.180.phi1.270        -805.712837157     
min.omega.0.chi1.180.phi1.30        -805.696541939     
min.omega.0.chi1.180.phi1.300        -805.708713882     
min.omega.0.chi1.180.phi1.330        -805.696549125     
min.omega.0.chi1.180.phi1.360        -805.694346326     
min.omega.0.chi1.180.phi1.60        -805.706574330     
min.omega.0.chi1.180.phi1.90        -805.710791569     
min.omega.0.chi1.195.phi1.0        -805.699938981     
min.omega.0.chi1.195.phi1.120        -805.708272050     
min.omega.0.chi1.195.phi1.150        -805.697420526     
min.omega.0.chi1.195.phi1.180        -805.697402132     
min.omega.0.chi1.195.phi1.210        -805.700402490     
min.omega.0.chi1.195.phi1.240        -805.711278162     
min.omega.0.chi1.195.phi1.270        -805.716040983     
min.omega.0.chi1.195.phi1.30        -805.701166921     
min.omega.0.chi1.195.phi1.300        -805.712897804     
min.omega.0.chi1.195.phi1.330        -805.702469988     
min.omega.0.chi1.195.phi1.360        -805.699938981     
min.omega.0.chi1.195.phi1.60        -805.711620798     
min.omega.0.chi1.195.phi1.90        -805.714695710     
min.omega.0.chi1.210.phi1.0        -805.703376053     
min.omega.0.chi1.210.phi1.120        -805.708989584     
min.omega.0.chi1.210.phi1.150        -805.700116892     
min.omega.0.chi1.210.phi1.180        -805.703041632     
min.omega.0.chi1.210.phi1.210        -805.706933320     
min.omega.0.chi1.210.phi1.240        -805.713821828     
min.omega.0.chi1.210.phi1.270        -805.717563050     
min.omega.0.chi1.210.phi1.30        -805.704313671     
min.omega.0.chi1.210.phi1.300        -805.715446703     
min.omega.0.chi1.210.phi1.330        -805.705922498     
min.omega.0.chi1.210.phi1.360        -805.703376053     
min.omega.0.chi1.210.phi1.60        -805.714985389     
min.omega.0.chi1.210.phi1.90        -805.716672678     
min.omega.0.chi1.225.phi1.0        -805.704726409     
min.omega.0.chi1.225.phi1.120        -805.708756956     
min.omega.0.chi1.225.phi1.150        -805.700621859     
min.omega.0.chi1.225.phi1.180        -805.706193006     
min.omega.0.chi1.225.phi1.210        -805.708447798     
min.omega.0.chi1.225.phi1.240        -805.713323900     
min.omega.0.chi1.225.phi1.270        -805.718040499     
min.omega.0.chi1.225.phi1.30        -805.706126007     
min.omega.0.chi1.225.phi1.300        -805.716677429     
min.omega.0.chi1.225.phi1.330        -805.707138642     
min.omega.0.chi1.225.phi1.360        -805.704726409     
min.omega.0.chi1.225.phi1.60        -805.716170012     
min.omega.0.chi1.225.phi1.90        -805.717056758     
min.omega.0.chi1.240.phi1.0        -805.706262737     
min.omega.0.chi1.240.phi1.120        -805.708658063     
min.omega.0.chi1.240.phi1.150        -805.711903098     
min.omega.0.chi1.240.phi1.180        -805.706278770     
min.omega.0.chi1.240.phi1.210        -805.707167604     
min.omega.0.chi1.240.phi1.240        -805.712197500     
min.omega.0.chi1.240.phi1.270        -805.718647105     
min.omega.0.chi1.240.phi1.30        -805.706771333     
min.omega.0.chi1.240.phi1.300        -805.716667944     
min.omega.0.chi1.240.phi1.330        -805.706893093     
min.omega.0.chi1.240.phi1.360        -805.706262768     
min.omega.0.chi1.240.phi1.60        -805.715847370     
min.omega.0.chi1.240.phi1.90        -805.716292331     
min.omega.0.chi1.255.phi1.0        -805.704377728     
min.omega.0.chi1.255.phi1.120        -805.707912889     
min.omega.0.chi1.255.phi1.150        -805.701999349     
min.omega.0.chi1.255.phi1.180        -805.704649485     
min.omega.0.chi1.255.phi1.210        -805.705788026     
min.omega.0.chi1.255.phi1.240        -805.711908254     
min.omega.0.chi1.255.phi1.270        -805.718620611     
min.omega.0.chi1.255.phi1.30        -805.705909282     
min.omega.0.chi1.255.phi1.300        -805.715375800     
min.omega.0.chi1.255.phi1.330        -805.705858190     
min.omega.0.chi1.255.phi1.360        -805.704377728     
min.omega.0.chi1.255.phi1.60        -805.714132427     
min.omega.0.chi1.255.phi1.90        -805.714846013     
min.omega.0.chi1.270.phi1.0        -805.703072245     
min.omega.0.chi1.270.phi1.120        -805.706279766     
min.omega.0.chi1.270.phi1.150        -805.700123548     
min.omega.0.chi1.270.phi1.180        -805.701102217     
min.omega.0.chi1.270.phi1.210        -805.703570714     
min.omega.0.chi1.270.phi1.240        -805.711240528     
min.omega.0.chi1.270.phi1.270        -805.716958381     
min.omega.0.chi1.270.phi1.30        -805.703536647     
min.omega.0.chi1.270.phi1.300        -805.712837185     
min.omega.0.chi1.270.phi1.330        -805.704170828     
min.omega.0.chi1.270.phi1.360        -805.703072245     
min.omega.0.chi1.270.phi1.60        -805.711682077     
min.omega.0.chi1.270.phi1.90        -805.712344634     
min.omega.0.chi1.285.phi1.120        -805.705919742     
min.omega.0.chi1.285.phi1.150        -805.700968507     
min.omega.0.chi1.285.phi1.180        -805.696082922     
min.omega.0.chi1.285.phi1.210        -805.701046531     
min.omega.0.chi1.285.phi1.240        -805.709650825     
min.omega.0.chi1.285.phi1.270        -805.714094946     
min.omega.0.chi1.285.phi1.30        -805.702931237     
min.omega.0.chi1.285.phi1.300        -805.710355924     
min.omega.0.chi1.285.phi1.330        -805.701480333     
min.omega.0.chi1.285.phi1.60        -805.710451663     
min.omega.0.chi1.285.phi1.90        -805.710327208     
min.omega.0.chi1.30.phi1.120        -805.701967876     
min.omega.0.chi1.30.phi1.150        -805.703948941     
min.omega.0.chi1.30.phi1.180        -805.699923340     
min.omega.0.chi1.30.phi1.210        -805.696455817     
min.omega.0.chi1.300.phi1.0        -805.697583311     
min.omega.0.chi1.300.phi1.120        -805.706529674     
min.omega.0.chi1.300.phi1.150        -805.699058252     
min.omega.0.chi1.300.phi1.180        -805.691697688     
min.omega.0.chi1.300.phi1.210        -805.698076033     
min.omega.0.chi1.300.phi1.240        -805.707234464     
min.omega.0.chi1.300.phi1.270        -805.711541400     
min.omega.0.chi1.300.phi1.300        -805.707073425     
min.omega.0.chi1.300.phi1.330        -805.697737606     
min.omega.0.chi1.300.phi1.360        -805.697583311     
min.omega.0.chi1.300.phi1.90        -805.710229120     
min.omega.0.chi1.315.phi1.120        -805.702895089     
min.omega.0.chi1.315.phi1.150        -805.691587633     
min.omega.0.chi1.315.phi1.180        -805.687938465     
min.omega.0.chi1.315.phi1.210        -805.695074978     
min.omega.0.chi1.315.phi1.240        -805.704563897     
min.omega.0.chi1.315.phi1.270        -805.707386989     
min.omega.0.chi1.315.phi1.60        -805.705676349     
min.omega.0.chi1.330.phi1.0        -805.687693838     
min.omega.0.chi1.330.phi1.120        -805.696977956     
min.omega.0.chi1.330.phi1.150        -805.684521652     
min.omega.0.chi1.330.phi1.270        -805.702752768     
min.omega.0.chi1.330.phi1.330        -805.688144605     
min.omega.0.chi1.330.phi1.360        -805.687693838     
min.omega.0.chi1.345.phi1.120        -805.693511552     
min.omega.0.chi1.345.phi1.210        -805.691693888     
min.omega.0.chi1.345.phi1.240        -805.698754238     
min.omega.0.chi1.345.phi1.270        -805.700392395     
min.omega.0.chi1.345.phi1.300        -805.695694828     
min.omega.0.chi1.345.phi1.330        -805.686316566     
min.omega.0.chi1.360.phi1.120        -805.693873279     
min.omega.0.chi1.360.phi1.180        -805.690510727     
min.omega.0.chi1.360.phi1.210        -805.692545601     
min.omega.0.chi1.360.phi1.240        -805.697824442     
min.omega.0.chi1.360.phi1.270        -805.702433953     
min.omega.0.chi1.360.phi1.300        -805.698752073     
min.omega.0.chi1.360.phi1.330        -805.687384665     
min.omega.0.chi1.45.phi1.150        -805.704298159     
min.omega.0.chi1.60.phi1.180        -805.703753493     
min.omega.0.chi1.60.phi1.210        -805.705208407     
min.omega.0.chi1.60.phi1.240        -805.708430696     
min.omega.0.chi1.60.phi1.270        -805.711106239     
min.omega.0.chi1.60.phi1.300        -805.708973162     
min.omega.0.chi1.60.phi1.60        -805.709389352     
min.omega.0.chi1.75.phi1.120        -805.713224774     
min.omega.0.chi1.75.phi1.180        -805.705743427     
min.omega.0.chi1.75.phi1.210        -805.703378064     
min.omega.0.chi1.75.phi1.240        -805.707623366     
min.omega.0.chi1.75.phi1.270        -805.711298378     
min.omega.0.chi1.75.phi1.300        -805.708315517     
min.omega.0.chi1.75.phi1.60        -805.710458654     
min.omega.0.chi1.90.phi1.150        -805.705801659     
min.omega.0.chi1.90.phi1.180        -805.707304220     
min.omega.0.chi1.90.phi1.210        -805.702652359     
min.omega.0.chi1.90.phi1.270        -805.711053658     
min.omega.0.chi1.90.phi1.30        -805.700595340     
min.omega.0.chi1.90.phi1.300        -805.708452035     
min.omega.0.chi1.90.phi1.60        -805.710833744     
min.omega.0.chi1.90.phi1.90        -805.715705284     
min.omega.180.chi1.105.phi1.0        -805.698826328     
min.omega.180.chi1.105.phi1.30        -805.701032298     
min.omega.180.chi1.105.phi1.300        -805.708257322     
min.omega.180.chi1.105.phi1.330        -805.702889586     
min.omega.180.chi1.105.phi1.360        -805.698826328     
min.omega.180.chi1.105.phi1.60        -805.710872159     
min.omega.180.chi1.120.phi1.0        -805.697147239     
min.omega.180.chi1.120.phi1.30        -805.699943676     
min.omega.180.chi1.120.phi1.300        -805.706812833     
min.omega.180.chi1.120.phi1.330        -805.700659644     
min.omega.180.chi1.120.phi1.360        -805.697147239     
min.omega.180.chi1.120.phi1.60        -805.709777662     
min.omega.180.chi1.120.phi1.90        -805.711950197     
min.omega.180.chi1.135.phi1.0        -805.695276802     
min.omega.180.chi1.135.phi1.30        -805.698861214     
min.omega.180.chi1.135.phi1.300        -805.705903183     
min.omega.180.chi1.135.phi1.330        -805.698205648     
min.omega.180.chi1.135.phi1.360        -805.695276802     
min.omega.180.chi1.135.phi1.60        -805.709091274     
min.omega.180.chi1.135.phi1.90        -805.710134277     
min.omega.180.chi1.150.phi1.0        -805.693238674     
min.omega.180.chi1.150.phi1.30        -805.697615485     
min.omega.180.chi1.150.phi1.300        -805.704624618     
min.omega.180.chi1.150.phi1.330        -805.695716270     
min.omega.180.chi1.150.phi1.360        -805.693238674     
min.omega.180.chi1.150.phi1.60        -805.708007715     
min.omega.180.chi1.150.phi1.90        -805.708365025     
min.omega.180.chi1.165.phi1.0        -805.691087238     
min.omega.180.chi1.165.phi1.210        -805.677711796     
min.omega.180.chi1.165.phi1.30        -805.695696568     
min.omega.180.chi1.165.phi1.300        -805.707226617     
min.omega.180.chi1.165.phi1.330        -805.695328560     
min.omega.180.chi1.165.phi1.360        -805.691087238     
min.omega.180.chi1.165.phi1.60        -805.706263224     
min.omega.180.chi1.165.phi1.90        -805.707203162     
min.omega.180.chi1.180.phi1.0        -805.694216484     
min.omega.180.chi1.180.phi1.30        -805.699008456     
min.omega.180.chi1.180.phi1.300        -805.711792085     
min.omega.180.chi1.180.phi1.330        -805.702236519     
min.omega.180.chi1.180.phi1.360        -805.694216484     
min.omega.180.chi1.180.phi1.60        -805.706208995     
min.omega.180.chi1.180.phi1.90        -805.708716395     
min.omega.180.chi1.195.phi1.0        -805.699443583     
min.omega.180.chi1.195.phi1.180        -805.691811533     
min.omega.180.chi1.195.phi1.210        -805.699599095     
min.omega.180.chi1.195.phi1.30        -805.703740232     
min.omega.180.chi1.195.phi1.300        -805.714340577     
min.omega.180.chi1.195.phi1.330        -805.707863222     
min.omega.180.chi1.195.phi1.360        -805.699443583     
min.omega.180.chi1.195.phi1.60        -805.711690964     
min.omega.180.chi1.195.phi1.90        -805.712853086     
min.omega.180.chi1.210.phi1.0        -805.703874461     
min.omega.180.chi1.210.phi1.120        -805.709693915     
min.omega.180.chi1.210.phi1.180        -805.706281380     
min.omega.180.chi1.210.phi1.240        -805.713548007     
min.omega.180.chi1.210.phi1.270        -805.716205315     
min.omega.180.chi1.210.phi1.30        -805.707498854     
min.omega.180.chi1.210.phi1.300        -805.717059658     
min.omega.180.chi1.210.phi1.330        -805.710462423     
min.omega.180.chi1.210.phi1.360        -805.703874461     
min.omega.180.chi1.210.phi1.60        -805.715451502     
min.omega.180.chi1.210.phi1.90        -805.714841319     
min.omega.180.chi1.225.phi1.0        -805.705594693     
min.omega.180.chi1.225.phi1.120        -805.708324388     
min.omega.180.chi1.225.phi1.150        -805.702013262     
min.omega.180.chi1.225.phi1.180        -805.707429754     
min.omega.180.chi1.225.phi1.240        -805.714425273     
min.omega.180.chi1.225.phi1.30        -805.709797191     
min.omega.180.chi1.225.phi1.300        -805.718020018     
min.omega.180.chi1.225.phi1.330        -805.710709037     
min.omega.180.chi1.225.phi1.360        -805.705594693     
min.omega.180.chi1.225.phi1.60        -805.716102428     
min.omega.180.chi1.225.phi1.90        -805.714341058     
min.omega.180.chi1.240.phi1.0        -805.705978065     
min.omega.180.chi1.240.phi1.120        -805.707263567     
min.omega.180.chi1.240.phi1.150        -805.702617151     
min.omega.180.chi1.240.phi1.180        -805.705633413     
min.omega.180.chi1.240.phi1.240        -805.713846555     
min.omega.180.chi1.240.phi1.270        -805.717508456     
min.omega.180.chi1.240.phi1.30        -805.711126878     
min.omega.180.chi1.240.phi1.300        -805.717607385     
min.omega.180.chi1.240.phi1.330        -805.709831753     
min.omega.180.chi1.240.phi1.360        -805.705978065     
min.omega.180.chi1.240.phi1.60        -805.715496317     
min.omega.180.chi1.255.phi1.0        -805.706069524     
min.omega.180.chi1.255.phi1.120        -805.707099253     
min.omega.180.chi1.255.phi1.150        -805.705619801     
min.omega.180.chi1.255.phi1.180        -805.703002641     
min.omega.180.chi1.255.phi1.240        -805.713090286     
min.omega.180.chi1.255.phi1.270        -805.717378260     
min.omega.180.chi1.255.phi1.300        -805.716440455     
min.omega.180.chi1.255.phi1.330        -805.708817899     
min.omega.180.chi1.255.phi1.360        -805.706069524     
min.omega.180.chi1.270.phi1.0        -805.703017160     
min.omega.180.chi1.270.phi1.120        -805.709765667     
min.omega.180.chi1.270.phi1.150        -805.707111611     
min.omega.180.chi1.270.phi1.180        -805.700723340     
min.omega.180.chi1.270.phi1.300        -805.716427095     
min.omega.180.chi1.270.phi1.330        -805.707491197     
min.omega.180.chi1.270.phi1.360        -805.703017160     
min.omega.180.chi1.285.phi1.0        -805.706462230     
min.omega.180.chi1.285.phi1.180        -805.697465079     
min.omega.180.chi1.285.phi1.270        -805.717037397     
min.omega.180.chi1.285.phi1.330        -805.706648789     
min.omega.180.chi1.285.phi1.360        -805.706462230     
min.omega.180.chi1.300.phi1.0        -805.699339439     
min.omega.180.chi1.300.phi1.180        -805.694367811     
min.omega.180.chi1.300.phi1.300        -805.711872765     
min.omega.180.chi1.300.phi1.360        -805.699339439     
min.omega.180.chi1.60.phi1.30        -805.706162306     
min.omega.180.chi1.60.phi1.330        -805.707818852     
min.omega.180.chi1.75.phi1.0        -805.701446099     
min.omega.180.chi1.75.phi1.240        -805.712509482     
min.omega.180.chi1.75.phi1.30        -805.705204364     
min.omega.180.chi1.75.phi1.300        -805.713340993     
min.omega.180.chi1.75.phi1.330        -805.707380094     
min.omega.180.chi1.75.phi1.360        -805.701446099     
min.omega.180.chi1.90.phi1.0        -805.700066055     
min.omega.180.chi1.90.phi1.30        -805.703073656     
min.omega.180.chi1.90.phi1.300        -805.711133102     
min.omega.180.chi1.90.phi1.330        -805.705259486     
min.omega.180.chi1.90.phi1.360        -805.700066055     
min.omega.180.chi1.90.phi1.60        -805.712611172     
