min.omega.0.chi1.0.phi1.120 15.5457987794343
min.omega.0.chi1.0.phi1.180 17.6558304224015
min.omega.0.chi1.0.phi1.210 16.3789286734979
min.omega.0.chi1.0.phi1.240 13.0664084364607
min.omega.0.chi1.0.phi1.270 10.1738987983539
min.omega.0.chi1.0.phi1.300 12.4843116352306
min.omega.0.chi1.0.phi1.330 19.617462461946
min.omega.0.chi1.105.phi1.120 5.43452977182437
min.omega.0.chi1.105.phi1.150 9.23982717901606
min.omega.0.chi1.105.phi1.180 8.16086812408248
min.omega.0.chi1.105.phi1.210 11.6853420761131
min.omega.0.chi1.105.phi1.240 8.65664980730111
min.omega.0.chi1.105.phi1.270 5.74833258999834
min.omega.0.chi1.105.phi1.30 12.4387532268553
min.omega.0.chi1.105.phi1.300 6.97575148915226
min.omega.0.chi1.105.phi1.60 5.56521856119246
min.omega.0.chi1.105.phi1.90 2.56694228112806
min.omega.0.chi1.120.phi1.120 6.97746207871633
min.omega.0.chi1.120.phi1.150 10.3802814883633
min.omega.0.chi1.120.phi1.180 10.457469487899
min.omega.0.chi1.120.phi1.210 13.5892589753624
min.omega.0.chi1.120.phi1.240 10.355591519253
min.omega.0.chi1.120.phi1.270 6.53901401028928
min.omega.0.chi1.120.phi1.300 7.52040357325026
min.omega.0.chi1.120.phi1.330 13.3100645335307
min.omega.0.chi1.120.phi1.60 6.56124037908022
min.omega.0.chi1.120.phi1.90 3.8037807179269
min.omega.0.chi1.135.phi1.120 7.91581644698797
min.omega.0.chi1.135.phi1.150 11.8266445526803
min.omega.0.chi1.135.phi1.180 13.3493133390065
min.omega.0.chi1.135.phi1.210 15.6820479260322
min.omega.0.chi1.135.phi1.240 11.8241514594644
min.omega.0.chi1.135.phi1.270 7.28582000130826
min.omega.0.chi1.135.phi1.300 8.53810708209865
min.omega.0.chi1.135.phi1.330 15.0583466506263
min.omega.0.chi1.135.phi1.60 7.39931190655088
min.omega.0.chi1.135.phi1.90 5.02022824968204
min.omega.0.chi1.15.phi1.120 13.9247610547772
min.omega.0.chi1.15.phi1.150 12.6461204784892
min.omega.0.chi1.15.phi1.180 14.6928728588459
min.omega.0.chi1.15.phi1.210 15.3342002345599
min.omega.0.chi1.15.phi1.240 11.4615008306389
min.omega.0.chi1.15.phi1.270 7.89817528640914
min.omega.0.chi1.150.phi1.0 17.3273100081232
min.omega.0.chi1.150.phi1.120 8.66553470722487
min.omega.0.chi1.150.phi1.150 14.1794920582775
min.omega.0.chi1.150.phi1.180 17.0217106150292
min.omega.0.chi1.150.phi1.210 18.0004828380222
min.omega.0.chi1.150.phi1.240 12.9039156084202
min.omega.0.chi1.150.phi1.270 7.95004141531957
min.omega.0.chi1.150.phi1.300 9.72044322466281
min.omega.0.chi1.150.phi1.360 17.3273100081232
min.omega.0.chi1.150.phi1.60 8.56318861682168
min.omega.0.chi1.150.phi1.90 6.13986118294098
min.omega.0.chi1.165.phi1.120 8.76393878611614
min.omega.0.chi1.165.phi1.150 15.6700687792075
min.omega.0.chi1.165.phi1.180 20.8382247456122
min.omega.0.chi1.165.phi1.210 19.8403197732268
min.omega.0.chi1.165.phi1.240 13.0630820111882
min.omega.0.chi1.165.phi1.270 6.84474204265195
min.omega.0.chi1.165.phi1.300 8.75380828080234
min.omega.0.chi1.165.phi1.60 9.4284262639833
min.omega.0.chi1.165.phi1.90 6.34805109887728
min.omega.0.chi1.180.phi1.0 15.2489575295025
min.omega.0.chi1.180.phi1.120 7.69134392750114
min.omega.0.chi1.180.phi1.150 15.0211786651043
min.omega.0.chi1.180.phi1.180 17.1203995829899
min.omega.0.chi1.180.phi1.210 17.4859273405444
min.omega.0.chi1.180.phi1.240 8.95378849649233
min.omega.0.chi1.180.phi1.270 3.64579465951835
min.omega.0.chi1.180.phi1.30 13.8711906114691
min.omega.0.chi1.180.phi1.300 6.23318683148303
min.omega.0.chi1.180.phi1.330 13.8666813317564
min.omega.0.chi1.180.phi1.360 15.2489575295025
min.omega.0.chi1.180.phi1.60 7.57577496746165
min.omega.0.chi1.180.phi1.90 4.92941953980233
min.omega.0.chi1.195.phi1.0 11.7395161831159
min.omega.0.chi1.195.phi1.120 6.5104403879576
min.omega.0.chi1.195.phi1.150 13.3198693616934
min.omega.0.chi1.195.phi1.180 13.3314117622358
min.omega.0.chi1.195.phi1.210 11.4486601140085
min.omega.0.chi1.195.phi1.240 4.62407805296214
min.omega.0.chi1.195.phi1.270 1.63536501008211
min.omega.0.chi1.195.phi1.30 10.9689727816337
min.omega.0.chi1.195.phi1.300 3.60773812116095
min.omega.0.chi1.195.phi1.330 10.1512865115428
min.omega.0.chi1.195.phi1.360 11.7395161831159
min.omega.0.chi1.195.phi1.60 4.40907087922082
min.omega.0.chi1.195.phi1.90 2.47953592502022
min.omega.0.chi1.210.phi1.0 9.58272256939841
min.omega.0.chi1.210.phi1.120 6.06018134512285
min.omega.0.chi1.210.phi1.150 11.6278754293936
min.omega.0.chi1.210.phi1.180 9.79257475671738
min.omega.0.chi1.210.phi1.210 7.35050551155467
min.omega.0.chi1.210.phi1.240 3.02790474492731
min.omega.0.chi1.210.phi1.270 0.680254268981467
min.omega.0.chi1.210.phi1.30 8.99435883585757
min.omega.0.chi1.210.phi1.300 2.00828105858515
min.omega.0.chi1.210.phi1.330 7.98480541396021
min.omega.0.chi1.210.phi1.360 9.58272256939841
min.omega.0.chi1.210.phi1.60 2.29775974537927
min.omega.0.chi1.210.phi1.90 1.23897071230312
min.omega.0.chi1.225.phi1.0 8.73536202620131
min.omega.0.chi1.225.phi1.120 6.20615750880551
min.omega.0.chi1.225.phi1.150 11.311004092201
min.omega.0.chi1.225.phi1.180 7.81505920933481
min.omega.0.chi1.225.phi1.210 6.40015693625892
min.omega.0.chi1.225.phi1.240 3.34035904632483
min.omega.0.chi1.225.phi1.270 0.380650724394823
min.omega.0.chi1.225.phi1.30 7.85710168486898
min.omega.0.chi1.225.phi1.300 1.23598941704044
min.omega.0.chi1.225.phi1.330 7.22166410862142
min.omega.0.chi1.225.phi1.360 8.73536202620131
min.omega.0.chi1.225.phi1.60 1.5543981512899
min.omega.0.chi1.225.phi1.90 0.997957055580951
min.omega.0.chi1.240.phi1.0 7.77130237929373
min.omega.0.chi1.240.phi1.120 6.26821375632502
min.omega.0.chi1.240.phi1.150 4.2319250885329
min.omega.0.chi1.240.phi1.180 7.76124152745572
min.omega.0.chi1.240.phi1.210 7.20349019297121
min.omega.0.chi1.240.phi1.240 4.04718518390949
min.omega.0.chi1.240.phi1.270 0
min.omega.0.chi1.240.phi1.30 7.45215381190997
min.omega.0.chi1.240.phi1.300 1.24194133988292
min.omega.0.chi1.240.phi1.330 7.37574831609736
min.omega.0.chi1.240.phi1.360 7.77128292650644
min.omega.0.chi1.240.phi1.60 1.75685891007708
min.omega.0.chi1.240.phi1.90 1.47764187794625
min.omega.0.chi1.255.phi1.0 8.95416249182485
min.omega.0.chi1.255.phi1.120 6.73581714791022
min.omega.0.chi1.255.phi1.150 10.4466167198025
min.omega.0.chi1.255.phi1.180 8.78363252854296
min.omega.0.chi1.255.phi1.210 8.06918780414527
min.omega.0.chi1.255.phi1.240 4.22868965210197
min.omega.0.chi1.255.phi1.270 0.016625223408163
min.omega.0.chi1.255.phi1.30 7.993098572877
min.omega.0.chi1.255.phi1.300 2.05277332924399
min.omega.0.chi1.255.phi1.330 8.02515926272707
min.omega.0.chi1.255.phi1.360 8.95416249182485
min.omega.0.chi1.255.phi1.60 2.83300107707946
min.omega.0.chi1.255.phi1.90 2.38521943975875
min.omega.0.chi1.270.phi1.0 9.77336482367819
min.omega.0.chi1.270.phi1.120 7.7606165285381
min.omega.0.chi1.270.phi1.150 11.6236987295007
min.omega.0.chi1.270.phi1.180 11.0095751239762
min.omega.0.chi1.270.phi1.210 9.4605710400062
min.omega.0.chi1.270.phi1.240 4.64769372668257
min.omega.0.chi1.270.phi1.270 1.05968950845642
min.omega.0.chi1.270.phi1.30 9.48194838911008
min.omega.0.chi1.270.phi1.300 3.64577708923815
min.omega.0.chi1.270.phi1.330 9.08399410397515
min.omega.0.chi1.270.phi1.360 9.77336482367819
min.omega.0.chi1.270.phi1.60 4.37061775523179
min.omega.0.chi1.270.phi1.90 3.95485727468419
min.omega.0.chi1.285.phi1.120 7.98653482873787
min.omega.0.chi1.285.phi1.150 11.0934793523663
min.omega.0.chi1.285.phi1.180 14.1592279101381
min.omega.0.chi1.285.phi1.210 11.0445185901478
min.omega.0.chi1.285.phi1.240 5.64524666646083
min.omega.0.chi1.285.phi1.270 2.85652074186813
min.omega.0.chi1.285.phi1.30 9.86184861275907
min.omega.0.chi1.285.phi1.300 5.20279069806026
min.omega.0.chi1.285.phi1.330 10.7723039309455
min.omega.0.chi1.285.phi1.60 5.14271361397013
min.omega.0.chi1.285.phi1.90 5.2208102465595
min.omega.0.chi1.30.phi1.120 10.4663663105104
min.omega.0.chi1.30.phi1.150 9.22323019342829
min.omega.0.chi1.30.phi1.180 11.7493310513163
min.omega.0.chi1.30.phi1.210 13.9252329415486
min.omega.0.chi1.300.phi1.0 13.2177203091013
min.omega.0.chi1.300.phi1.120 7.60379700936567
min.omega.0.chi1.300.phi1.150 12.2921815571514
min.omega.0.chi1.300.phi1.180 16.9110017122335
min.omega.0.chi1.300.phi1.210 12.9085328196096
min.omega.0.chi1.300.phi1.240 7.16153494126437
min.omega.0.chi1.300.phi1.270 4.45889383881871
min.omega.0.chi1.300.phi1.300 7.26258836310086
min.omega.0.chi1.300.phi1.330 13.1208988079364
min.omega.0.chi1.300.phi1.360 13.2177203091013
min.omega.0.chi1.300.phi1.90 5.28236134932565
min.omega.0.chi1.315.phi1.120 9.88453180812197
min.omega.0.chi1.315.phi1.150 16.9800622151886
min.omega.0.chi1.315.phi1.180 19.2699479777245
min.omega.0.chi1.315.phi1.210 14.7917218416215
min.omega.0.chi1.315.phi1.240 8.83733976886459
min.omega.0.chi1.315.phi1.270 7.06582413098317
min.omega.0.chi1.315.phi1.60 8.13926612677814
min.omega.0.chi1.330.phi1.0 19.4234536218858
min.omega.0.chi1.330.phi1.120 13.5975860198349
min.omega.0.chi1.330.phi1.150 21.4140288865779
min.omega.0.chi1.330.phi1.270 9.97383951651
min.omega.0.chi1.330.phi1.330 19.1405932724358
min.omega.0.chi1.330.phi1.360 19.4234536218858
min.omega.0.chi1.345.phi1.120 15.7727857274314
min.omega.0.chi1.345.phi1.210 16.9133862463989
min.omega.0.chi1.345.phi1.240 12.4829530782736
min.omega.0.chi1.345.phi1.270 11.4549948173593
min.omega.0.chi1.345.phi1.300 14.4027603879584
min.omega.0.chi1.345.phi1.330 20.2877041973422
min.omega.0.chi1.360.phi1.120 15.5457987794343
min.omega.0.chi1.360.phi1.180 17.6558304224015
min.omega.0.chi1.360.phi1.210 16.3789286734979
min.omega.0.chi1.360.phi1.240 13.0664084364607
min.omega.0.chi1.360.phi1.270 10.1738987983539
min.omega.0.chi1.360.phi1.300 12.4843116352306
min.omega.0.chi1.360.phi1.330 19.617462461946
min.omega.0.chi1.45.phi1.150 9.00409275546839
min.omega.0.chi1.60.phi1.180 9.34587557245997
min.omega.0.chi1.60.phi1.210 8.43290394325627
min.omega.0.chi1.60.phi1.240 6.41088859511515
min.omega.0.chi1.60.phi1.270 4.7319612827936
min.omega.0.chi1.60.phi1.300 6.07048629794862
min.omega.0.chi1.60.phi1.60 5.8093233272324
min.omega.0.chi1.75.phi1.120 3.40256150346458
min.omega.0.chi1.75.phi1.180 8.09717407805785
min.omega.0.chi1.75.phi1.210 9.58146064880423
min.omega.0.chi1.75.phi1.240 6.91749543611232
min.omega.0.chi1.75.phi1.270 4.61139233098511
min.omega.0.chi1.75.phi1.300 6.48316445428288
min.omega.0.chi1.75.phi1.60 5.13832669850249
min.omega.0.chi1.90.phi1.150 8.06063297396052
min.omega.0.chi1.90.phi1.180 7.11776242345018
min.omega.0.chi1.90.phi1.210 10.036847067672
min.omega.0.chi1.90.phi1.270 4.76495633350828
min.omega.0.chi1.90.phi1.30 11.3276450033822
min.omega.0.chi1.90.phi1.300 6.39749818056422
min.omega.0.chi1.90.phi1.60 4.90295434774243
min.omega.0.chi1.90.phi1.90 1.84601915384014
min.omega.180.chi1.105.phi1.0 12.4377159544616
min.omega.180.chi1.105.phi1.30 11.0534499257458
min.omega.180.chi1.105.phi1.300 6.51968234050739
min.omega.180.chi1.105.phi1.330 9.88798499015602
min.omega.180.chi1.105.phi1.360 12.4377159544616
min.omega.180.chi1.105.phi1.60 4.87884858946806
min.omega.180.chi1.120.phi1.0 13.4913594137935
min.omega.180.chi1.120.phi1.30 11.7365700283423
min.omega.180.chi1.120.phi1.300 7.42611218844004
min.omega.180.chi1.120.phi1.330 11.2872936646248
min.omega.180.chi1.120.phi1.360 13.4913594137935
min.omega.180.chi1.120.phi1.60 5.56565530747476
min.omega.180.chi1.120.phi1.90 4.20237004215995
min.omega.180.chi1.135.phi1.0 14.6650754652137
min.omega.180.chi1.135.phi1.30 12.4158246754999
min.omega.180.chi1.135.phi1.300 7.99692575024357
min.omega.180.chi1.135.phi1.330 12.8271982405798
min.omega.180.chi1.135.phi1.360 14.6650754652137
min.omega.180.chi1.135.phi1.60 5.99636995494341
min.omega.180.chi1.135.phi1.90 5.34187618544794
min.omega.180.chi1.150.phi1.0 15.9440191283538
min.omega.180.chi1.150.phi1.30 13.1975308345279
min.omega.180.chi1.150.phi1.300 8.79923679483289
min.omega.180.chi1.150.phi1.330 14.3893053399506
min.omega.180.chi1.150.phi1.360 15.9440191283538
min.omega.180.chi1.150.phi1.60 6.67631297947079
min.omega.180.chi1.150.phi1.90 6.45209773866404
min.omega.180.chi1.165.phi1.0 17.2940645812545
min.omega.180.chi1.165.phi1.210 25.6872748152219
min.omega.180.chi1.165.phi1.30 14.4016685222883
min.omega.180.chi1.165.phi1.300 7.16645900439127
min.omega.180.chi1.165.phi1.330 14.6325968543662
min.omega.180.chi1.165.phi1.360 17.2940645812545
min.omega.180.chi1.165.phi1.60 7.77099678236093
min.omega.180.chi1.165.phi1.90 7.18117722792664
min.omega.180.chi1.180.phi1.0 15.330434553067
min.omega.180.chi1.180.phi1.30 12.3234289953059
min.omega.180.chi1.180.phi1.300 4.30158674517313
min.omega.180.chi1.180.phi1.330 10.2977904102066
min.omega.180.chi1.180.phi1.360 15.330434553067
min.omega.180.chi1.180.phi1.60 7.8050259679575
min.omega.180.chi1.180.phi1.90 6.23160990134925
min.omega.180.chi1.195.phi1.0 12.0503828866967
min.omega.180.chi1.195.phi1.180 16.8395629501366
min.omega.180.chi1.195.phi1.210 11.9527977070224
min.omega.180.chi1.195.phi1.30 9.35419696933982
min.omega.180.chi1.195.phi1.300 2.70238507869897
min.omega.180.chi1.195.phi1.330 6.76698363740366
min.omega.180.chi1.195.phi1.360 12.0503828866967
min.omega.180.chi1.195.phi1.60 4.36504108272655
min.omega.180.chi1.195.phi1.90 3.63579906863957
min.omega.180.chi1.210.phi1.0 9.26996706372731
min.omega.180.chi1.210.phi1.120 5.61820730367416
min.omega.180.chi1.210.phi1.180 7.75960372902193
min.omega.180.chi1.210.phi1.240 3.19972988685669
min.omega.180.chi1.210.phi1.270 1.53224520106026
min.omega.180.chi1.210.phi1.30 6.99562783669313
min.omega.180.chi1.210.phi1.300 0.996137279464143
min.omega.180.chi1.210.phi1.330 5.13596161712434
min.omega.180.chi1.210.phi1.360 9.26996706372731
min.omega.180.chi1.210.phi1.60 2.00526964292365
min.omega.180.chi1.210.phi1.90 2.38816496702999
min.omega.180.chi1.225.phi1.0 8.19050600169488
min.omega.180.chi1.225.phi1.120 6.4775978218868
min.omega.180.chi1.225.phi1.150 10.4378861870297
min.omega.180.chi1.225.phi1.180 7.03898870860493
min.omega.180.chi1.225.phi1.240 2.64923757647841
min.omega.180.chi1.225.phi1.30 5.55340068418741
min.omega.180.chi1.225.phi1.300 0.393502736281762
min.omega.180.chi1.225.phi1.330 4.9812091125683
min.omega.180.chi1.225.phi1.360 8.19050600169488
min.omega.180.chi1.225.phi1.60 1.59680771955924
min.omega.180.chi1.225.phi1.90 2.70208324692302
min.omega.180.chi1.240.phi1.0 7.94993662135472
min.omega.180.chi1.240.phi1.120 7.1432725467821
min.omega.180.chi1.240.phi1.150 10.058940404535
min.omega.180.chi1.240.phi1.180 8.16620885320203
min.omega.180.chi1.240.phi1.240 3.01238832989574
min.omega.180.chi1.240.phi1.270 0.714512495295049
min.omega.180.chi1.240.phi1.30 4.71901012453443
min.omega.180.chi1.240.phi1.300 0.652433657476426
min.omega.180.chi1.240.phi1.330 5.53171271813181
min.omega.180.chi1.240.phi1.360 7.94993662135472
min.omega.180.chi1.240.phi1.60 1.97714782707369
min.omega.180.chi1.255.phi1.0 7.89254527570361
min.omega.180.chi1.255.phi1.120 7.24638106061873
min.omega.180.chi1.255.phi1.150 8.17475050569445
min.omega.180.chi1.255.phi1.180 9.81704196013432
min.omega.180.chi1.255.phi1.240 3.48695393383013
min.omega.180.chi1.255.phi1.270 0.796211657050532
min.omega.180.chi1.255.phi1.300 1.38469273481752
min.omega.180.chi1.255.phi1.330 6.16791522782225
min.omega.180.chi1.255.phi1.360 7.89254527570361
min.omega.180.chi1.270.phi1.0 9.80793115700537
min.omega.180.chi1.270.phi1.120 5.57318227787259
min.omega.180.chi1.270.phi1.150 7.23862630443728
min.omega.180.chi1.270.phi1.180 11.247323851371
min.omega.180.chi1.270.phi1.300 1.39307625507345
min.omega.180.chi1.270.phi1.330 7.00043267315813
min.omega.180.chi1.270.phi1.360 9.80793115700537
min.omega.180.chi1.285.phi1.0 7.64611872630532
min.omega.180.chi1.285.phi1.180 13.2919119531749
min.omega.180.chi1.285.phi1.270 1.01010625732974
min.omega.180.chi1.285.phi1.330 7.5290512747836
min.omega.180.chi1.285.phi1.360 7.64611872630532
min.omega.180.chi1.300.phi1.0 12.1157341839424
min.omega.180.chi1.300.phi1.180 15.2354754986077
min.omega.180.chi1.300.phi1.300 4.2509593190554
min.omega.180.chi1.300.phi1.360 12.1157341839424
min.omega.180.chi1.60.phi1.30 7.83432373565038
min.omega.180.chi1.60.phi1.330 6.7948262117768
min.omega.180.chi1.75.phi1.0 10.7937860740142
min.omega.180.chi1.75.phi1.240 3.85141367108964
min.omega.180.chi1.75.phi1.30 8.43544096213694
min.omega.180.chi1.75.phi1.300 3.32963303498987
min.omega.180.chi1.75.phi1.330 7.07015080558182
min.omega.180.chi1.75.phi1.360 10.7937860740142
min.omega.180.chi1.90.phi1.0 11.6597761044287
min.omega.180.chi1.90.phi1.30 9.77247940849733
min.omega.180.chi1.90.phi1.300 4.7151045085163
min.omega.180.chi1.90.phi1.330 8.40085141100828
min.omega.180.chi1.90.phi1.360 11.6597761044287
min.omega.180.chi1.90.phi1.60 3.78760228083886
