Log file opened on Wed Jul 23 11:41:05 2014
Host: not0rious  pid: 5205  nodeid: 0  nnodes:  1
Gromacs version:    VERSION 4.6.2
Precision:          single
Memory model:       64 bit
MPI library:        thread_mpi
OpenMP support:     enabled
GPU support:        enabled
invsqrt routine:    gmx_software_invsqrt(x)
CPU acceleration:   AVX_256
FFT library:        fftw-3.3-sse2
Large file support: enabled
RDTSCP usage:       enabled
Built on:           Thu Jul 11 15:06:43 PDT 2013
Built by:           kmckiern@not0rious [CMAKE]
Build OS/arch:      Linux 3.2.0-33-generic x86_64
Build CPU vendor:   GenuineIntel
Build CPU brand:    Intel(R) Core(TM) i7-3820 CPU @ 3.60GHz
Build CPU family:   6   Model: 45   Stepping: 7
Build CPU features: aes apic avx clfsh cmov cx8 cx16 htt lahf_lm mmx msr nonstop_tsc pcid pclmuldq pdcm pdpe1gb popcnt pse rdtscp sse2 sse3 sse4.1 sse4.2 ssse3 tdt x2apic
C compiler:         /usr/bin/gcc GNU gcc (Ubuntu/Linaro 4.6.3-1ubuntu5) 4.6.3
C compiler flags:   -mavx    -Wextra -Wno-missing-field-initializers -Wno-sign-compare -Wall -Wno-unused -Wunused-value   -fomit-frame-pointer -funroll-all-loops -fexcess-precision=fast  -O3 -DNDEBUG
C++ compiler:       /usr/bin/c++ GNU c++ (Ubuntu/Linaro 4.6.3-1ubuntu5) 4.6.3
C++ compiler flags: -mavx   -Wextra -Wno-missing-field-initializers -Wno-sign-compare -Wall -Wno-unused -Wunused-value   -fomit-frame-pointer -funroll-all-loops -fexcess-precision=fast  -O3 -DNDEBUG
CUDA compiler:      nvcc: NVIDIA (R) Cuda compiler driver;Copyright (c) 2005-2012 NVIDIA Corporation;Built on Fri_Sep_21_17:28:58_PDT_2012;Cuda compilation tools, release 5.0, V0.2.1221
CUDA driver:        6.0
CUDA runtime:       5.50


                         :-)  G  R  O  M  A  C  S  (-:

                       Great Red Owns Many ACres of Sand 

                            :-)  VERSION 4.6.2  (-:

        Contributions from Mark Abraham, Emile Apol, Rossen Apostolov, 
           Herman J.C. Berendsen, Aldert van Buuren, Pär Bjelkmar,  
     Rudi van Drunen, Anton Feenstra, Gerrit Groenhof, Christoph Junghans, 
        Peter Kasson, Carsten Kutzner, Per Larsson, Pieter Meulenhoff, 
           Teemu Murtola, Szilard Pall, Sander Pronk, Roland Schulz, 
                Michael Shirts, Alfons Sijbers, Peter Tieleman,

               Berk Hess, David van der Spoel, and Erik Lindahl.

       Copyright (c) 1991-2000, University of Groningen, The Netherlands.
         Copyright (c) 2001-2012,2013, The GROMACS development team at
        Uppsala University & The Royal Institute of Technology, Sweden.
            check out http://www.gromacs.org for more information.

         This program is free software; you can redistribute it and/or
       modify it under the terms of the GNU Lesser General Public License
        as published by the Free Software Foundation; either version 2.1
             of the License, or (at your option) any later version.

              :-)  /home/kmckiern/opt/gromacs-4.6.2/bin/mdrun  (-:


++++ PLEASE READ AND CITE THE FOLLOWING REFERENCE ++++
B. Hess and C. Kutzner and D. van der Spoel and E. Lindahl
GROMACS 4: Algorithms for highly efficient, load-balanced, and scalable
molecular simulation
J. Chem. Theory Comput. 4 (2008) pp. 435-447
-------- -------- --- Thank You --- -------- --------


++++ PLEASE READ AND CITE THE FOLLOWING REFERENCE ++++
D. van der Spoel, E. Lindahl, B. Hess, G. Groenhof, A. E. Mark and H. J. C.
Berendsen
GROMACS: Fast, Flexible and Free
J. Comp. Chem. 26 (2005) pp. 1701-1719
-------- -------- --- Thank You --- -------- --------


++++ PLEASE READ AND CITE THE FOLLOWING REFERENCE ++++
E. Lindahl and B. Hess and D. van der Spoel
GROMACS 3.0: A package for molecular simulation and trajectory analysis
J. Mol. Mod. 7 (2001) pp. 306-317
-------- -------- --- Thank You --- -------- --------


++++ PLEASE READ AND CITE THE FOLLOWING REFERENCE ++++
H. J. C. Berendsen, D. van der Spoel and R. van Drunen
GROMACS: A message-passing parallel molecular dynamics implementation
Comp. Phys. Comm. 91 (1995) pp. 43-56
-------- -------- --- Thank You --- -------- --------


NOTE: GPU(s) found, but the current simulation can not use GPUs
      To use a GPU, set the mdp option: cutoff-scheme = Verlet
      (for quick performance testing you can use the -testverlet option)

Input Parameters:
   integrator           = md
   nsteps               = 2000
   init-step            = 0
   cutoff-scheme        = Group
   ns_type              = Grid
   nstlist              = 5
   ndelta               = 2
   nstcomm              = 500
   comm-mode            = Linear
   nstlog               = 1000
   nstxout              = 500
   nstvout              = 500
   nstfout              = 0
   nstcalcenergy        = 500
   nstenergy            = 500
   nstxtcout            = 0
   init-t               = 0
   delta-t              = 0.002
   xtcprec              = 1000
   fourierspacing       = 0.16
   nkx                  = 12
   nky                  = 12
   nkz                  = 40
   pme-order            = 4
   ewald-rtol           = 1e-05
   ewald-geometry       = 0
   epsilon-surface      = 0
   optimize-fft         = FALSE
   ePBC                 = xyz
   bPeriodicMols        = FALSE
   bContinuation        = FALSE
   bShakeSOR            = FALSE
   etc                  = Nose-Hoover
   bPrintNHChains       = FALSE
   nsttcouple           = 5
   epc                  = Parrinello-Rahman
   epctype              = Semiisotropic
   nstpcouple           = 5
   tau-p                = 2
   ref-p (3x3):
      ref-p[    0]={ 1.00000e+00,  0.00000e+00,  0.00000e+00}
      ref-p[    1]={ 0.00000e+00,  1.00000e+00,  0.00000e+00}
      ref-p[    2]={ 0.00000e+00,  0.00000e+00,  1.00000e+00}
   compress (3x3):
      compress[    0]={ 4.50000e-05,  0.00000e+00,  0.00000e+00}
      compress[    1]={ 0.00000e+00,  4.50000e-05,  0.00000e+00}
      compress[    2]={ 0.00000e+00,  0.00000e+00,  4.50000e-05}
   refcoord-scaling     = No
   posres-com (3):
      posres-com[0]= 0.00000e+00
      posres-com[1]= 0.00000e+00
      posres-com[2]= 0.00000e+00
   posres-comB (3):
      posres-comB[0]= 0.00000e+00
      posres-comB[1]= 0.00000e+00
      posres-comB[2]= 0.00000e+00
   verlet-buffer-drift  = 0.005
   rlist                = 0.75
   rlistlong            = 0.75
   nstcalclr            = 0
   rtpi                 = 0.05
   coulombtype          = PME
   coulomb-modifier     = None
   rcoulomb-switch      = 0
   rcoulomb             = 0.75
   vdwtype              = Switch
   vdw-modifier         = None
   rvdw-switch          = 0.55
   rvdw                 = 0.6
   epsilon-r            = 1
   epsilon-rf           = inf
   tabext               = 1
   implicit-solvent     = No
   gb-algorithm         = Still
   gb-epsilon-solvent   = 80
   nstgbradii           = 1
   rgbradii             = 1
   gb-saltconc          = 0
   gb-obc-alpha         = 1
   gb-obc-beta          = 0.8
   gb-obc-gamma         = 4.85
   gb-dielectric-offset = 0.009
   sa-algorithm         = Ace-approximation
   sa-surface-tension   = 2.05016
   DispCorr             = EnerPres
   bSimTemp             = FALSE
   free-energy          = no
   nwall                = 0
   wall-type            = 9-3
   wall-atomtype[0]     = -1
   wall-atomtype[1]     = -1
   wall-density[0]      = 0
   wall-density[1]      = 0
   wall-ewald-zfac      = 3
   pull                 = no
   rotation             = FALSE
   disre                = No
   disre-weighting      = Conservative
   disre-mixed          = FALSE
   dr-fc                = 1000
   dr-tau               = 0
   nstdisreout          = 100
   orires-fc            = 0
   orires-tau           = 0
   nstorireout          = 100
   dihre-fc             = 0
   em-stepsize          = 0.01
   em-tol               = 10
   niter                = 20
   fc-stepsize          = 0
   nstcgsteep           = 1000
   nbfgscorr            = 10
   ConstAlg             = Lincs
   shake-tol            = 0.0001
   lincs-order          = 4
   lincs-warnangle      = 30
   lincs-iter           = 1
   bd-fric              = 0
   ld-seed              = 1993
   cos-accel            = 0
   deform (3x3):
      deform[    0]={ 0.00000e+00,  0.00000e+00,  0.00000e+00}
      deform[    1]={ 0.00000e+00,  0.00000e+00,  0.00000e+00}
      deform[    2]={ 0.00000e+00,  0.00000e+00,  0.00000e+00}
   adress               = FALSE
   userint1             = 0
   userint2             = 0
   userint3             = 0
   userint4             = 0
   userreal1            = 0
   userreal2            = 0
   userreal3            = 0
   userreal4            = 0
grpopts:
   nrdf:        1705         805
   ref-t:      323.15      323.15
   tau-t:         0.5         0.5
anneal:          No          No
ann-npoints:           0           0
   acc:	           0           0           0
   nfreeze:           N           N           N
   energygrp-flags[  0]: 0
   efield-x:
      n = 0
   efield-xt:
      n = 0
   efield-y:
      n = 0
   efield-yt:
      n = 0
   efield-z:
      n = 0
   efield-zt:
      n = 0
   bQMMM                = FALSE
   QMconstraints        = 0
   QMMMscheme           = 0
   scalefactor          = 1
qm-opts:
   ngQM                 = 0
Using 1 MPI thread

Detecting CPU-specific acceleration.
Present hardware specification:
Vendor: GenuineIntel
Brand:  Intel(R) Core(TM) i7-3820 CPU @ 3.60GHz
Family:  6  Model: 45  Stepping:  7
Features: aes apic avx clfsh cmov cx8 cx16 htt lahf_lm mmx msr nonstop_tsc pcid pclmuldq pdcm pdpe1gb popcnt pse rdtscp sse2 sse3 sse4.1 sse4.2 ssse3 tdt x2apic
Acceleration most likely to fit this hardware: AVX_256
Acceleration selected at GROMACS compile time: AVX_256


3 GPUs detected:
  #0: NVIDIA GeForce GTX TITAN, compute cap.: 3.5, ECC:  no, stat: compatible
  #1: NVIDIA Tesla K20c, compute cap.: 3.5, ECC:  no, stat: compatible
  #2: NVIDIA GeForce GTX 580, compute cap.: 2.0, ECC:  no, stat: compatible

Table routines are used for coulomb: FALSE
Table routines are used for vdw:     TRUE
Will do PME sum in reciprocal space.

++++ PLEASE READ AND CITE THE FOLLOWING REFERENCE ++++
U. Essmann, L. Perera, M. L. Berkowitz, T. Darden, H. Lee and L. G. Pedersen 
A smooth particle mesh Ewald method
J. Chem. Phys. 103 (1995) pp. 8577-8592
-------- -------- --- Thank You --- -------- --------

Will do ordinary reciprocal space Ewald sum.
Using a Gaussian width (1/beta) of 0.240122 nm for Ewald
Using shifted Lennard-Jones, switch between 0.55 and 0.6 nm
Cut-off's:   NS: 0.75   Coulomb: 0.75   LJ: 0.6
Long Range LJ corr.: <C6> 1.3708e-03
System total charge: 0.000
Generated table with 875 data points for Ewald.
Tabscale = 500 points/nm
Generated table with 875 data points for LJ6Switch.
Tabscale = 500 points/nm
Generated table with 875 data points for LJ12Switch.
Tabscale = 500 points/nm
Generated table with 875 data points for 1-4 COUL.
Tabscale = 500 points/nm
Generated table with 875 data points for 1-4 LJ6.
Tabscale = 500 points/nm
Generated table with 875 data points for 1-4 LJ12.
Tabscale = 500 points/nm

Enabling SPC-like water optimization for 244 molecules.

Found environment variable GMX_NO_SOLV_OPT.
Disabling all solvent optimization
Potential shift: LJ r^-12: 0.000 r^-6 0.000, Ewald 0.000e+00
Initialized non-bonded Ewald correction tables, spacing: 5.71e-04 size: 3064

Removing pbc first time

Initializing LINear Constraint Solver

++++ PLEASE READ AND CITE THE FOLLOWING REFERENCE ++++
B. Hess and H. Bekker and H. J. C. Berendsen and J. G. E. M. Fraaije
LINCS: A Linear Constraint Solver for molecular simulations
J. Comp. Chem. 18 (1997) pp. 1463-1472
-------- -------- --- Thank You --- -------- --------

The number of constraints is 880
Center of mass motion removal mode is Linear
We have the following groups for center of mass motion removal:
  0:  Water
  1:  non-Water
There are: 1132 Atoms
Max number of connections per atom is 35
Total number of connections is 7424
Max number of graph edges per atom is 4
Total number of graph edges is 1760

Constraining the starting coordinates (step 0)

Constraining the coordinates at t0-dt (step 0)
RMS relative constraint deviation after constraining: 3.21e-06
Initial temperature: 306.715 K

Started mdrun on node 0 Wed Jul 23 11:41:05 2014

           Step           Time         Lambda
              0        0.00000        0.00000


Grid: 2 x 2 x 9 cells
   Energies (kJ/mol)
          Angle    Proper Dih. Ryckaert-Bell.  Improper Dih.          LJ-14
    1.49920e+03    3.06129e+02    4.79584e+02    4.11891e+01    2.72047e+02
     Coulomb-14        LJ (SR)  Disper. corr.   Coulomb (SR)   Coul. recip.
    4.96207e+02    1.09732e+03   -1.12616e+03   -1.14961e+04   -1.05921e+04
      Potential    Kinetic En.   Total Energy    Temperature Pres. DC (bar)
   -1.90227e+04    3.20135e+03   -1.58214e+04    3.06798e+02   -1.08652e+03
 Pressure (bar)   Constr. rmsd
    1.98974e+02    4.01289e-06

           Step           Time         Lambda
           1000        2.00000        0.00000

   Energies (kJ/mol)
          Angle    Proper Dih. Ryckaert-Bell.  Improper Dih.          LJ-14
    1.50178e+03    2.65501e+02    4.52087e+02    1.55370e+01    2.90953e+02
     Coulomb-14        LJ (SR)  Disper. corr.   Coulomb (SR)   Coul. recip.
    5.34550e+02    8.88572e+02   -1.13876e+03   -1.12758e+04   -1.06523e+04
      Potential    Kinetic En.   Total Energy    Temperature Pres. DC (bar)
   -1.91180e+04    3.35348e+03   -1.57645e+04    3.21378e+02   -1.11096e+03
 Pressure (bar)   Constr. rmsd
   -2.08704e+02    3.67324e-06

           Step           Time         Lambda
           2000        4.00000        0.00000

Writing checkpoint, step 2000 at Wed Jul 23 11:41:08 2014


   Energies (kJ/mol)
          Angle    Proper Dih. Ryckaert-Bell.  Improper Dih.          LJ-14
    1.55298e+03    2.37579e+02    4.55167e+02    2.38066e+01    2.40874e+02
     Coulomb-14        LJ (SR)  Disper. corr.   Coulomb (SR)   Coul. recip.
    7.02256e+02    1.07020e+03   -1.15208e+03   -1.15959e+04   -1.06509e+04
      Potential    Kinetic En.   Total Energy    Temperature Pres. DC (bar)
   -1.91160e+04    3.43301e+03   -1.56830e+04    3.28999e+02   -1.13711e+03
 Pressure (bar)   Constr. rmsd
    9.76225e+02    3.87063e-06

	<======  ###############  ==>
	<====  A V E R A G E S  ====>
	<==  ###############  ======>

	Statistics over 2001 steps using 5 frames

   Energies (kJ/mol)
          Angle    Proper Dih. Ryckaert-Bell.  Improper Dih.          LJ-14
    1.46338e+03    2.58769e+02    4.66075e+02    2.75414e+01    2.61408e+02
     Coulomb-14        LJ (SR)  Disper. corr.   Coulomb (SR)   Coul. recip.
    5.47149e+02    9.40602e+02   -1.13694e+03   -1.12744e+04   -1.06187e+04
      Potential    Kinetic En.   Total Energy    Temperature Pres. DC (bar)
   -1.90652e+04    3.29431e+03   -1.57709e+04    3.15707e+02   -1.10748e+03
 Pressure (bar)   Constr. rmsd
   -3.35848e+01    0.00000e+00

          Box-X          Box-Y          Box-Z
    1.68509e+00    1.68509e+00    6.00442e+00

   Total Virial (kJ/mol)
    1.10775e+03   -1.81377e+02   -1.76091e+01
   -1.81376e+02    1.29003e+03   -3.45015e+02
   -1.76079e+01   -3.45015e+02    9.52344e+02

   Pressure (bar)
   -6.25446e+00    3.38884e+02    1.21762e+01
    3.38882e+02   -3.72040e+02    6.55868e+02
    1.21738e+01    6.55868e+02    2.77540e+02

        T-Water    T-non-Water
    3.13570e+02    3.20231e+02


	M E G A - F L O P S   A C C O U N T I N G

 NB=Group-cutoff nonbonded kernels    NxN=N-by-N cluster Verlet kernels
 RF=Reaction-Field  VdW=Van der Waals  QSTab=quadratic-spline table
 W3=SPC/TIP3p  W4=TIP4p (single or pairs)
 V&F=Potential and force  V=Potential only  F=Force only

 Computing:                               M-Number         M-Flops  % Flops
-----------------------------------------------------------------------------
 NB VdW [V&F]                             3.533799           3.534     0.0
 NB VdW [F]                            1214.224136        1214.224     7.5
 NB Elec. [V&F]                          26.236912          26.237     0.2
 NB Elec. [F]                          7014.358351        7014.358    43.4
 NB VdW & Elec. [V&F]                    10.165550          10.166     0.1
 NB VdW & Elec. [F]                    2823.192776        2823.193    17.5
 1,4 nonbonded interactions               0.464232          41.781     0.3
 Calc Weights                             6.795396         244.634     1.5
 Spread Q Bspline                       144.968448         289.937     1.8
 Gather F Bspline                       144.968448         869.811     5.4
 3D-FFT                                 287.955906        2303.647    14.3
 Solve PME                                0.288144          18.441     0.1
 NS-Pairs                                28.865128         606.168     3.8
 Reset In Box                             0.206916           0.621     0.0
 Shift-X                                  4.530264          27.182     0.2
 CG-CoM                                   0.453932           1.362     0.0
 Angles                                   1.400700         235.318     1.5
 Propers                                  0.368184          84.314     0.5
 Impropers                                0.048024           9.989     0.1
 RB-Dihedrals                             0.384192          94.895     0.6
 Virial                                   0.471977           8.496     0.1
 Stop-CM                                  0.006792           0.068     0.0
 Calc-Ekin                                0.907864          24.512     0.2
 Lincs                                    1.762640         105.758     0.7
 Lincs-Mat                               16.825200          67.301     0.4
 Constraint-V                             3.523520          28.188     0.2
 Constraint-Vir                           0.352880           8.469     0.1
-----------------------------------------------------------------------------
 Total                                                   16162.603   100.0
-----------------------------------------------------------------------------


     R E A L   C Y C L E   A N D   T I M E   A C C O U N T I N G

 Computing:         Nodes   Th.     Count  Wall t (s)     G-Cycles       %
-----------------------------------------------------------------------------
 Neighbor search        1    1        401       0.263        2.142     8.9
 Force                  1    1       2001       0.655        5.345    22.2
 PME mesh               1    1       2001       0.177        1.443     6.0
 Write traj.            1    1          5       1.748       14.265    59.4
 Update                 1    1       2001       0.039        0.321     1.3
 Constraints            1    1       2001       0.049        0.400     1.7
 Rest                   1                       0.013        0.107     0.4
-----------------------------------------------------------------------------
 Total                  1                       2.944       24.024   100.0
-----------------------------------------------------------------------------
-----------------------------------------------------------------------------
 PME spread/gather      1    1       4002       0.102        0.834     3.5
 PME 3D-FFT             1    1       4002       0.048        0.394     1.6
 PME solve              1    1       2001       0.025        0.208     0.9
-----------------------------------------------------------------------------

               Core t (s)   Wall t (s)        (%)
       Time:        2.710        2.944       92.0
                 (ns/day)    (hour/ns)
Performance:      117.443        0.204
Finished mdrun on node 0 Wed Jul 23 11:41:08 2014
