Log file opened on Wed Jul 23 11:44:14 2014
Host: not0rious  pid: 7175  nodeid: 0  nnodes:  1
Gromacs version:    VERSION 4.6.2
Precision:          single
Memory model:       64 bit
MPI library:        thread_mpi
OpenMP support:     enabled
GPU support:        enabled
invsqrt routine:    gmx_software_invsqrt(x)
CPU acceleration:   AVX_256
FFT library:        fftw-3.3-sse2
Large file support: enabled
RDTSCP usage:       enabled
Built on:           Thu Jul 11 15:06:43 PDT 2013
Built by:           kmckiern@not0rious [CMAKE]
Build OS/arch:      Linux 3.2.0-33-generic x86_64
Build CPU vendor:   GenuineIntel
Build CPU brand:    Intel(R) Core(TM) i7-3820 CPU @ 3.60GHz
Build CPU family:   6   Model: 45   Stepping: 7
Build CPU features: aes apic avx clfsh cmov cx8 cx16 htt lahf_lm mmx msr nonstop_tsc pcid pclmuldq pdcm pdpe1gb popcnt pse rdtscp sse2 sse3 sse4.1 sse4.2 ssse3 tdt x2apic
C compiler:         /usr/bin/gcc GNU gcc (Ubuntu/Linaro 4.6.3-1ubuntu5) 4.6.3
C compiler flags:   -mavx    -Wextra -Wno-missing-field-initializers -Wno-sign-compare -Wall -Wno-unused -Wunused-value   -fomit-frame-pointer -funroll-all-loops -fexcess-precision=fast  -O3 -DNDEBUG
C++ compiler:       /usr/bin/c++ GNU c++ (Ubuntu/Linaro 4.6.3-1ubuntu5) 4.6.3
C++ compiler flags: -mavx   -Wextra -Wno-missing-field-initializers -Wno-sign-compare -Wall -Wno-unused -Wunused-value   -fomit-frame-pointer -funroll-all-loops -fexcess-precision=fast  -O3 -DNDEBUG
CUDA compiler:      nvcc: NVIDIA (R) Cuda compiler driver;Copyright (c) 2005-2012 NVIDIA Corporation;Built on Fri_Sep_21_17:28:58_PDT_2012;Cuda compilation tools, release 5.0, V0.2.1221
CUDA driver:        6.0
CUDA runtime:       5.50


                         :-)  G  R  O  M  A  C  S  (-:

               Giant Rising Ordinary Mutants for A Clerical Setup

                            :-)  VERSION 4.6.2  (-:

        Contributions from Mark Abraham, Emile Apol, Rossen Apostolov, 
           Herman J.C. Berendsen, Aldert van Buuren, Pär Bjelkmar,  
     Rudi van Drunen, Anton Feenstra, Gerrit Groenhof, Christoph Junghans, 
        Peter Kasson, Carsten Kutzner, Per Larsson, Pieter Meulenhoff, 
           Teemu Murtola, Szilard Pall, Sander Pronk, Roland Schulz, 
                Michael Shirts, Alfons Sijbers, Peter Tieleman,

               Berk Hess, David van der Spoel, and Erik Lindahl.

       Copyright (c) 1991-2000, University of Groningen, The Netherlands.
         Copyright (c) 2001-2012,2013, The GROMACS development team at
        Uppsala University & The Royal Institute of Technology, Sweden.
            check out http://www.gromacs.org for more information.

         This program is free software; you can redistribute it and/or
       modify it under the terms of the GNU Lesser General Public License
        as published by the Free Software Foundation; either version 2.1
             of the License, or (at your option) any later version.

              :-)  /home/kmckiern/opt/gromacs-4.6.2/bin/mdrun  (-:


++++ PLEASE READ AND CITE THE FOLLOWING REFERENCE ++++
B. Hess and C. Kutzner and D. van der Spoel and E. Lindahl
GROMACS 4: Algorithms for highly efficient, load-balanced, and scalable
molecular simulation
J. Chem. Theory Comput. 4 (2008) pp. 435-447
-------- -------- --- Thank You --- -------- --------


++++ PLEASE READ AND CITE THE FOLLOWING REFERENCE ++++
D. van der Spoel, E. Lindahl, B. Hess, G. Groenhof, A. E. Mark and H. J. C.
Berendsen
GROMACS: Fast, Flexible and Free
J. Comp. Chem. 26 (2005) pp. 1701-1719
-------- -------- --- Thank You --- -------- --------


++++ PLEASE READ AND CITE THE FOLLOWING REFERENCE ++++
E. Lindahl and B. Hess and D. van der Spoel
GROMACS 3.0: A package for molecular simulation and trajectory analysis
J. Mol. Mod. 7 (2001) pp. 306-317
-------- -------- --- Thank You --- -------- --------


++++ PLEASE READ AND CITE THE FOLLOWING REFERENCE ++++
H. J. C. Berendsen, D. van der Spoel and R. van Drunen
GROMACS: A message-passing parallel molecular dynamics implementation
Comp. Phys. Comm. 91 (1995) pp. 43-56
-------- -------- --- Thank You --- -------- --------


NOTE: GPU(s) found, but the current simulation can not use GPUs
      To use a GPU, set the mdp option: cutoff-scheme = Verlet
      (for quick performance testing you can use the -testverlet option)

Input Parameters:
   integrator           = md
   nsteps               = 0
   init-step            = 0
   cutoff-scheme        = Group
   ns_type              = Grid
   nstlist              = 5
   ndelta               = 2
   nstcomm              = 1
   comm-mode            = Linear
   nstlog               = 1000
   nstxout              = 0
   nstvout              = 1000
   nstfout              = 0
   nstcalcenergy        = 1
   nstenergy            = 1
   nstxtcout            = 0
   init-t               = 0
   delta-t              = 0.002
   xtcprec              = 1000
   fourierspacing       = 0.16
   nkx                  = 12
   nky                  = 12
   nkz                  = 40
   pme-order            = 4
   ewald-rtol           = 1e-05
   ewald-geometry       = 0
   epsilon-surface      = 0
   optimize-fft         = FALSE
   ePBC                 = xyz
   bPeriodicMols        = FALSE
   bContinuation        = FALSE
   bShakeSOR            = FALSE
   etc                  = Nose-Hoover
   bPrintNHChains       = FALSE
   nsttcouple           = 5
   epc                  = Parrinello-Rahman
   epctype              = Semiisotropic
   nstpcouple           = 5
   tau-p                = 2
   ref-p (3x3):
      ref-p[    0]={ 1.00000e+00,  0.00000e+00,  0.00000e+00}
      ref-p[    1]={ 0.00000e+00,  1.00000e+00,  0.00000e+00}
      ref-p[    2]={ 0.00000e+00,  0.00000e+00,  1.00000e+00}
   compress (3x3):
      compress[    0]={ 4.50000e-05,  0.00000e+00,  0.00000e+00}
      compress[    1]={ 0.00000e+00,  4.50000e-05,  0.00000e+00}
      compress[    2]={ 0.00000e+00,  0.00000e+00,  4.50000e-05}
   refcoord-scaling     = No
   posres-com (3):
      posres-com[0]= 0.00000e+00
      posres-com[1]= 0.00000e+00
      posres-com[2]= 0.00000e+00
   posres-comB (3):
      posres-comB[0]= 0.00000e+00
      posres-comB[1]= 0.00000e+00
      posres-comB[2]= 0.00000e+00
   verlet-buffer-drift  = 0.005
   rlist                = 0.75
   rlistlong            = 0.75
   nstcalclr            = 0
   rtpi                 = 0.05
   coulombtype          = PME
   coulomb-modifier     = None
   rcoulomb-switch      = 0
   rcoulomb             = 0.75
   vdwtype              = Switch
   vdw-modifier         = None
   rvdw-switch          = 0.55
   rvdw                 = 0.6
   epsilon-r            = 1
   epsilon-rf           = inf
   tabext               = 1
   implicit-solvent     = No
   gb-algorithm         = Still
   gb-epsilon-solvent   = 80
   nstgbradii           = 1
   rgbradii             = 1
   gb-saltconc          = 0
   gb-obc-alpha         = 1
   gb-obc-beta          = 0.8
   gb-obc-gamma         = 4.85
   gb-dielectric-offset = 0.009
   sa-algorithm         = Ace-approximation
   sa-surface-tension   = 2.05016
   DispCorr             = EnerPres
   bSimTemp             = FALSE
   free-energy          = no
   nwall                = 0
   wall-type            = 9-3
   wall-atomtype[0]     = -1
   wall-atomtype[1]     = -1
   wall-density[0]      = 0
   wall-density[1]      = 0
   wall-ewald-zfac      = 3
   pull                 = no
   rotation             = FALSE
   disre                = No
   disre-weighting      = Conservative
   disre-mixed          = FALSE
   dr-fc                = 1000
   dr-tau               = 0
   nstdisreout          = 100
   orires-fc            = 0
   orires-tau           = 0
   nstorireout          = 100
   dihre-fc             = 0
   em-stepsize          = 0.01
   em-tol               = 10
   niter                = 20
   fc-stepsize          = 0
   nstcgsteep           = 1000
   nbfgscorr            = 10
   ConstAlg             = Lincs
   shake-tol            = 0.0001
   lincs-order          = 4
   lincs-warnangle      = 30
   lincs-iter           = 1
   bd-fric              = 0
   ld-seed              = 1993
   cos-accel            = 0
   deform (3x3):
      deform[    0]={ 0.00000e+00,  0.00000e+00,  0.00000e+00}
      deform[    1]={ 0.00000e+00,  0.00000e+00,  0.00000e+00}
      deform[    2]={ 0.00000e+00,  0.00000e+00,  0.00000e+00}
   adress               = FALSE
   userint1             = 0
   userint2             = 0
   userint3             = 0
   userint4             = 0
   userreal1            = 0
   userreal2            = 0
   userreal3            = 0
   userreal4            = 0
grpopts:
   nrdf:        1705         805
   ref-t:         323         323
   tau-t:         0.5         0.5
anneal:          No          No
ann-npoints:           0           0
   acc:	           0           0           0
   nfreeze:           N           N           N
   energygrp-flags[  0]: 0
   efield-x:
      n = 0
   efield-xt:
      n = 0
   efield-y:
      n = 0
   efield-yt:
      n = 0
   efield-z:
      n = 0
   efield-zt:
      n = 0
   bQMMM                = FALSE
   QMconstraints        = 0
   QMMMscheme           = 0
   scalefactor          = 1
qm-opts:
   ngQM                 = 0
Using 1 MPI thread

Detecting CPU-specific acceleration.
Present hardware specification:
Vendor: GenuineIntel
Brand:  Intel(R) Core(TM) i7-3820 CPU @ 3.60GHz
Family:  6  Model: 45  Stepping:  7
Features: aes apic avx clfsh cmov cx8 cx16 htt lahf_lm mmx msr nonstop_tsc pcid pclmuldq pdcm pdpe1gb popcnt pse rdtscp sse2 sse3 sse4.1 sse4.2 ssse3 tdt x2apic
Acceleration most likely to fit this hardware: AVX_256
Acceleration selected at GROMACS compile time: AVX_256


3 GPUs detected:
  #0: NVIDIA GeForce GTX TITAN, compute cap.: 3.5, ECC:  no, stat: compatible
  #1: NVIDIA Tesla K20c, compute cap.: 3.5, ECC:  no, stat: compatible
  #2: NVIDIA GeForce GTX 580, compute cap.: 2.0, ECC:  no, stat: compatible

Table routines are used for coulomb: FALSE
Table routines are used for vdw:     TRUE
Will do PME sum in reciprocal space.

++++ PLEASE READ AND CITE THE FOLLOWING REFERENCE ++++
U. Essmann, L. Perera, M. L. Berkowitz, T. Darden, H. Lee and L. G. Pedersen 
A smooth particle mesh Ewald method
J. Chem. Phys. 103 (1995) pp. 8577-8592
-------- -------- --- Thank You --- -------- --------

Will do ordinary reciprocal space Ewald sum.
Using a Gaussian width (1/beta) of 0.240122 nm for Ewald
Using shifted Lennard-Jones, switch between 0.55 and 0.6 nm
Cut-off's:   NS: 0.75   Coulomb: 0.75   LJ: 0.6
Long Range LJ corr.: <C6> 1.3708e-03
System total charge: 0.000
Generated table with 875 data points for Ewald.
Tabscale = 500 points/nm
Generated table with 875 data points for LJ6Switch.
Tabscale = 500 points/nm
Generated table with 875 data points for LJ12Switch.
Tabscale = 500 points/nm
Generated table with 875 data points for 1-4 COUL.
Tabscale = 500 points/nm
Generated table with 875 data points for 1-4 LJ6.
Tabscale = 500 points/nm
Generated table with 875 data points for 1-4 LJ12.
Tabscale = 500 points/nm

Enabling SPC-like water optimization for 244 molecules.

Found environment variable GMX_NO_SOLV_OPT.
Disabling all solvent optimization
Potential shift: LJ r^-12: 0.000 r^-6 0.000, Ewald 0.000e+00
Initialized non-bonded Ewald correction tables, spacing: 5.71e-04 size: 3064

Removing pbc first time

Initializing LINear Constraint Solver

++++ PLEASE READ AND CITE THE FOLLOWING REFERENCE ++++
B. Hess and H. Bekker and H. J. C. Berendsen and J. G. E. M. Fraaije
LINCS: A Linear Constraint Solver for molecular simulations
J. Comp. Chem. 18 (1997) pp. 1463-1472
-------- -------- --- Thank You --- -------- --------

The number of constraints is 880
Center of mass motion removal mode is Linear
We have the following groups for center of mass motion removal:
  0:  Water
  1:  non-Water
There are: 1132 Atoms
Max number of connections per atom is 35
Total number of connections is 7424
Max number of graph edges per atom is 4
Total number of graph edges is 1760
RMS relative constraint deviation after constraining: 0.00e+00
Initial temperature: 0 K

Started mdrun on node 0 Wed Jul 23 11:44:14 2014

           Step           Time         Lambda
              0        0.00000        0.00000


Grid: 2 x 2 x 9 cells
   Energies (kJ/mol)
          Angle    Proper Dih. Ryckaert-Bell.  Improper Dih.          LJ-14
    1.54223e+03    2.72407e+02    5.19234e+02    3.34350e+01    2.45233e+02
     Coulomb-14        LJ (SR)  Disper. corr.   Coulomb (SR)   Coul. recip.
    4.95995e+02    1.10868e+03   -1.13543e+03   -1.14980e+04   -1.06387e+04
      Potential    Kinetic En.   Total Energy    Temperature Pres. DC (bar)
   -1.90549e+04    3.33697e+03   -1.57179e+04    3.19795e+02   -1.10446e+03
 Pressure (bar)   Constr. rmsd
   -3.70220e+01    4.27489e-06

           Step           Time         Lambda
            500        1.00000        0.00000

   Energies (kJ/mol)
          Angle    Proper Dih. Ryckaert-Bell.  Improper Dih.          LJ-14
    1.54166e+03    2.32778e+02    5.19273e+02    2.94508e+01    2.63793e+02
     Coulomb-14        LJ (SR)  Disper. corr.   Coulomb (SR)   Coul. recip.
    5.80333e+02    1.16570e+03   -1.14479e+03   -1.19252e+04   -1.06881e+04
      Potential    Kinetic En.   Total Energy    Temperature Pres. DC (bar)
   -1.94252e+04    3.45755e+03   -1.59676e+04    3.31351e+02   -1.12276e+03
 Pressure (bar)   Constr. rmsd
    5.83105e+02    3.22296e-06

           Step           Time         Lambda
           1000        2.00000        0.00000

   Energies (kJ/mol)
          Angle    Proper Dih. Ryckaert-Bell.  Improper Dih.          LJ-14
    1.58100e+03    2.35602e+02    4.67761e+02    2.70587e+01    2.80009e+02
     Coulomb-14        LJ (SR)  Disper. corr.   Coulomb (SR)   Coul. recip.
    5.25000e+02    1.09122e+03   -1.10372e+03   -1.17666e+04   -1.06320e+04
      Potential    Kinetic En.   Total Energy    Temperature Pres. DC (bar)
   -1.92947e+04    3.38044e+03   -1.59143e+04    3.23961e+02   -1.04364e+03
 Pressure (bar)   Constr. rmsd
   -5.18915e+02    3.81283e-06

           Step           Time         Lambda
           1500        3.00000        0.00000

   Energies (kJ/mol)
          Angle    Proper Dih. Ryckaert-Bell.  Improper Dih.          LJ-14
    1.49382e+03    2.34429e+02    5.32431e+02    2.39053e+01    2.76824e+02
     Coulomb-14        LJ (SR)  Disper. corr.   Coulomb (SR)   Coul. recip.
    5.61539e+02    9.38235e+02   -1.16132e+03   -1.13941e+04   -1.06524e+04
      Potential    Kinetic En.   Total Energy    Temperature Pres. DC (bar)
   -1.91466e+04    3.33652e+03   -1.58101e+04    3.19752e+02   -1.15541e+03
 Pressure (bar)   Constr. rmsd
    6.56484e+02    3.42751e-06

           Step           Time         Lambda
           2000        4.00000        0.00000

   Energies (kJ/mol)
          Angle    Proper Dih. Ryckaert-Bell.  Improper Dih.          LJ-14
    1.61044e+03    2.97417e+02    5.15223e+02    3.23911e+01    2.67663e+02
     Coulomb-14        LJ (SR)  Disper. corr.   Coulomb (SR)   Coul. recip.
    4.58542e+02    1.28975e+03   -1.15010e+03   -1.18995e+04   -1.05721e+04
      Potential    Kinetic En.   Total Energy    Temperature Pres. DC (bar)
   -1.91502e+04    3.43718e+03   -1.57131e+04    3.29399e+02   -1.13319e+03
 Pressure (bar)   Constr. rmsd
    1.21733e+03    3.56791e-06


	M E G A - F L O P S   A C C O U N T I N G

 NB=Group-cutoff nonbonded kernels    NxN=N-by-N cluster Verlet kernels
 RF=Reaction-Field  VdW=Van der Waals  QSTab=quadratic-spline table
 W3=SPC/TIP3p  W4=TIP4p (single or pairs)
 V&F=Potential and force  V=Potential only  F=Force only

 Computing:                               M-Number         M-Flops  % Flops
-----------------------------------------------------------------------------
 NB VdW [V&F]                             3.489812           3.490     5.9
 NB Elec. [V&F]                          26.510856          26.511    44.5
 NB VdW & Elec. [V&F]                    10.201773          10.202    17.1
 1,4 nonbonded interactions               0.001160           0.104     0.2
 Calc Weights                             0.016980           0.611     1.0
 Spread Q Bspline                         0.362240           0.724     1.2
 Gather F Bspline                         0.362240           2.173     3.6
 3D-FFT                                   0.719530           5.756     9.7
 Solve PME                                0.000720           0.046     0.1
 NS-Pairs                                 0.368285           7.734    13.0
 Reset In Box                             0.002580           0.008     0.0
 Shift-X                                  0.011320           0.068     0.1
 CG-CoM                                   0.005660           0.017     0.0
 Angles                                   0.003500           0.588     1.0
 Propers                                  0.000920           0.211     0.4
 Impropers                                0.000120           0.025     0.0
 RB-Dihedrals                             0.000960           0.237     0.4
 Virial                                   0.005885           0.106     0.2
 Stop-CM                                  0.006792           0.068     0.1
 Calc-Ekin                                0.012452           0.336     0.6
 Lincs                                    0.004400           0.264     0.4
 Lincs-Mat                                0.042000           0.168     0.3
 Constraint-V                             0.008800           0.070     0.1
 Constraint-Vir                           0.004400           0.106     0.2
-----------------------------------------------------------------------------
 Total                                                      59.624   100.0
-----------------------------------------------------------------------------


     R E A L   C Y C L E   A N D   T I M E   A C C O U N T I N G

 Computing:         Nodes   Th.     Count  Wall t (s)     G-Cycles       %
-----------------------------------------------------------------------------
 Neighbor search        1    1          5       0.007        0.027    47.9
 Force                  1    1          5       0.005        0.016    29.1
 PME mesh               1    1          5       0.001        0.004     7.2
 Write traj.            1    1          3       0.000        0.001     2.3
 Update                 1    1          5       0.000        0.001     1.4
 Constraints            1    1          5       0.000        0.001     2.2
 Rest                   1                       0.002        0.006     9.9
-----------------------------------------------------------------------------
 Total                  1                       0.016        0.056   100.0
-----------------------------------------------------------------------------
-----------------------------------------------------------------------------
 PME spread/gather      1    1         10       0.001        0.002     3.8
 PME 3D-FFT             1    1         10       0.000        0.001     1.4
 PME solve              1    1          5       0.000        0.001     1.9
-----------------------------------------------------------------------------

               Core t (s)   Wall t (s)        (%)
       Time:        0.020        0.016      129.0
                 (ns/day)    (hour/ns)
Performance:    22299.250        0.001
Finished mdrun on node 0 Wed Jul 23 11:44:14 2014
