\BOOKMARK [1][-]{section.1}{\376\377\000P\000r\000o\000j\000e\000c\000t\000\040\000R\000o\000a\000d\000m\000a\000p}{}% 1
\BOOKMARK [2][-]{subsection.1.1}{\376\377\000C\000u\000r\000r\000e\000n\000t\000\040\000D\000e\000v\000e\000l\000o\000p\000m\000e\000n\000t\000\040\000G\000o\000a\000l\000s\000:}{section.1}% 2
\BOOKMARK [2][-]{subsection.1.2}{\376\377\000L\000o\000n\000g\000t\000e\000r\000m\000\040\000D\000e\000v\000e\000l\000o\000p\000m\000e\000n\000t\000\040\000I\000d\000e\000a\000s}{section.1}% 3
\BOOKMARK [1][-]{section.2}{\376\377\000T\000o\000d\000o\000\040\000L\000i\000s\000t}{}% 4
\BOOKMARK [1][-]{section.3}{\376\377\000N\000a\000m\000e\000s\000p\000a\000c\000e\000\040\000I\000n\000d\000e\000x}{}% 5
\BOOKMARK [2][-]{subsection.3.1}{\376\377\000P\000a\000c\000k\000a\000g\000e\000s}{section.3}% 6
\BOOKMARK [1][-]{section.4}{\376\377\000H\000i\000e\000r\000a\000r\000c\000h\000i\000c\000a\000l\000\040\000I\000n\000d\000e\000x}{}% 7
\BOOKMARK [2][-]{subsection.4.1}{\376\377\000C\000l\000a\000s\000s\000\040\000H\000i\000e\000r\000a\000r\000c\000h\000y}{section.4}% 8
\BOOKMARK [1][-]{section.5}{\376\377\000C\000l\000a\000s\000s\000\040\000I\000n\000d\000e\000x}{}% 9
\BOOKMARK [2][-]{subsection.5.1}{\376\377\000C\000l\000a\000s\000s\000\040\000L\000i\000s\000t}{section.5}% 10
\BOOKMARK [1][-]{section.6}{\376\377\000F\000i\000l\000e\000\040\000I\000n\000d\000e\000x}{}% 11
\BOOKMARK [2][-]{subsection.6.1}{\376\377\000F\000i\000l\000e\000\040\000L\000i\000s\000t}{section.6}% 12
\BOOKMARK [1][-]{section.7}{\376\377\000N\000a\000m\000e\000s\000p\000a\000c\000e\000\040\000D\000o\000c\000u\000m\000e\000n\000t\000a\000t\000i\000o\000n}{}% 13
\BOOKMARK [2][-]{subsection.7.1}{\376\377\000f\000o\000r\000c\000e\000b\000a\000l\000a\000n\000c\000e\000\040\000N\000a\000m\000e\000s\000p\000a\000c\000e\000\040\000R\000e\000f\000e\000r\000e\000n\000c\000e}{section.7}% 14
\BOOKMARK [3][-]{subsubsection.7.1.1}{\376\377\000V\000a\000r\000i\000a\000b\000l\000e\000\040\000D\000o\000c\000u\000m\000e\000n\000t\000a\000t\000i\000o\000n}{subsection.7.1}% 15
\BOOKMARK [2][-]{subsection.7.2}{\376\377\000f\000o\000r\000c\000e\000b\000a\000l\000a\000n\000c\000e\000.\000a\000b\000i\000n\000i\000t\000i\000o\000\040\000N\000a\000m\000e\000s\000p\000a\000c\000e\000\040\000R\000e\000f\000e\000r\000e\000n\000c\000e}{section.7}% 16
\BOOKMARK [3][-]{subsubsection.7.2.1}{\376\377\000D\000e\000t\000a\000i\000l\000e\000d\000\040\000D\000e\000s\000c\000r\000i\000p\000t\000i\000o\000n}{subsection.7.2}% 17
\BOOKMARK [3][-]{subsubsection.7.2.2}{\376\377\000F\000u\000n\000c\000t\000i\000o\000n\000\040\000D\000o\000c\000u\000m\000e\000n\000t\000a\000t\000i\000o\000n}{subsection.7.2}% 18
\BOOKMARK [3][-]{subsubsection.7.2.3}{\376\377\000V\000a\000r\000i\000a\000b\000l\000e\000\040\000D\000o\000c\000u\000m\000e\000n\000t\000a\000t\000i\000o\000n}{subsection.7.2}% 19
\BOOKMARK [2][-]{subsection.7.3}{\376\377\000f\000o\000r\000c\000e\000b\000a\000l\000a\000n\000c\000e\000.\000a\000b\000i\000n\000i\000t\000i\000o\000\137\000i\000n\000t\000e\000r\000n\000a\000l\000\040\000N\000a\000m\000e\000s\000p\000a\000c\000e\000\040\000R\000e\000f\000e\000r\000e\000n\000c\000e}{section.7}% 20
\BOOKMARK [3][-]{subsubsection.7.3.1}{\376\377\000D\000e\000t\000a\000i\000l\000e\000d\000\040\000D\000e\000s\000c\000r\000i\000p\000t\000i\000o\000n}{subsection.7.3}% 21
\BOOKMARK [2][-]{subsection.7.4}{\376\377\000f\000o\000r\000c\000e\000b\000a\000l\000a\000n\000c\000e\000.\000a\000m\000b\000e\000r\000i\000o\000\040\000N\000a\000m\000e\000s\000p\000a\000c\000e\000\040\000R\000e\000f\000e\000r\000e\000n\000c\000e}{section.7}% 22
\BOOKMARK [3][-]{subsubsection.7.4.1}{\376\377\000D\000e\000t\000a\000i\000l\000e\000d\000\040\000D\000e\000s\000c\000r\000i\000p\000t\000i\000o\000n}{subsection.7.4}% 23
\BOOKMARK [3][-]{subsubsection.7.4.2}{\376\377\000F\000u\000n\000c\000t\000i\000o\000n\000\040\000D\000o\000c\000u\000m\000e\000n\000t\000a\000t\000i\000o\000n}{subsection.7.4}% 24
\BOOKMARK [3][-]{subsubsection.7.4.3}{\376\377\000V\000a\000r\000i\000a\000b\000l\000e\000\040\000D\000o\000c\000u\000m\000e\000n\000t\000a\000t\000i\000o\000n}{subsection.7.4}% 25
\BOOKMARK [2][-]{subsection.7.5}{\376\377\000f\000o\000r\000c\000e\000b\000a\000l\000a\000n\000c\000e\000.\000b\000i\000n\000d\000i\000n\000g\000\040\000N\000a\000m\000e\000s\000p\000a\000c\000e\000\040\000R\000e\000f\000e\000r\000e\000n\000c\000e}{section.7}% 26
\BOOKMARK [3][-]{subsubsection.7.5.1}{\376\377\000D\000e\000t\000a\000i\000l\000e\000d\000\040\000D\000e\000s\000c\000r\000i\000p\000t\000i\000o\000n}{subsection.7.5}% 27
\BOOKMARK [3][-]{subsubsection.7.5.2}{\376\377\000F\000u\000n\000c\000t\000i\000o\000n\000\040\000D\000o\000c\000u\000m\000e\000n\000t\000a\000t\000i\000o\000n}{subsection.7.5}% 28
\BOOKMARK [3][-]{subsubsection.7.5.3}{\376\377\000V\000a\000r\000i\000a\000b\000l\000e\000\040\000D\000o\000c\000u\000m\000e\000n\000t\000a\000t\000i\000o\000n}{subsection.7.5}% 29
\BOOKMARK [2][-]{subsection.7.6}{\376\377\000f\000o\000r\000c\000e\000b\000a\000l\000a\000n\000c\000e\000.\000c\000h\000e\000m\000i\000s\000t\000r\000y\000\040\000N\000a\000m\000e\000s\000p\000a\000c\000e\000\040\000R\000e\000f\000e\000r\000e\000n\000c\000e}{section.7}% 30
\BOOKMARK [3][-]{subsubsection.7.6.1}{\376\377\000F\000u\000n\000c\000t\000i\000o\000n\000\040\000D\000o\000c\000u\000m\000e\000n\000t\000a\000t\000i\000o\000n}{subsection.7.6}% 31
\BOOKMARK [3][-]{subsubsection.7.6.2}{\376\377\000V\000a\000r\000i\000a\000b\000l\000e\000\040\000D\000o\000c\000u\000m\000e\000n\000t\000a\000t\000i\000o\000n}{subsection.7.6}% 32
\BOOKMARK [2][-]{subsection.7.7}{\376\377\000f\000o\000r\000c\000e\000b\000a\000l\000a\000n\000c\000e\000.\000c\000o\000n\000t\000a\000c\000t\000\040\000N\000a\000m\000e\000s\000p\000a\000c\000e\000\040\000R\000e\000f\000e\000r\000e\000n\000c\000e}{section.7}% 33
\BOOKMARK [3][-]{subsubsection.7.7.1}{\376\377\000F\000u\000n\000c\000t\000i\000o\000n\000\040\000D\000o\000c\000u\000m\000e\000n\000t\000a\000t\000i\000o\000n}{subsection.7.7}% 34
\BOOKMARK [2][-]{subsection.7.8}{\376\377\000f\000o\000r\000c\000e\000b\000a\000l\000a\000n\000c\000e\000.\000c\000o\000u\000n\000t\000e\000r\000p\000o\000i\000s\000e\000\040\000N\000a\000m\000e\000s\000p\000a\000c\000e\000\040\000R\000e\000f\000e\000r\000e\000n\000c\000e}{section.7}% 35
\BOOKMARK [3][-]{subsubsection.7.8.1}{\376\377\000D\000e\000t\000a\000i\000l\000e\000d\000\040\000D\000e\000s\000c\000r\000i\000p\000t\000i\000o\000n}{subsection.7.8}% 36
\BOOKMARK [3][-]{subsubsection.7.8.2}{\376\377\000V\000a\000r\000i\000a\000b\000l\000e\000\040\000D\000o\000c\000u\000m\000e\000n\000t\000a\000t\000i\000o\000n}{subsection.7.8}% 37
\BOOKMARK [2][-]{subsection.7.9}{\376\377\000f\000o\000r\000c\000e\000b\000a\000l\000a\000n\000c\000e\000.\000c\000u\000s\000t\000o\000m\000\137\000i\000o\000\040\000N\000a\000m\000e\000s\000p\000a\000c\000e\000\040\000R\000e\000f\000e\000r\000e\000n\000c\000e}{section.7}% 38
\BOOKMARK [3][-]{subsubsection.7.9.1}{\376\377\000D\000e\000t\000a\000i\000l\000e\000d\000\040\000D\000e\000s\000c\000r\000i\000p\000t\000i\000o\000n}{subsection.7.9}% 39
\BOOKMARK [3][-]{subsubsection.7.9.2}{\376\377\000V\000a\000r\000i\000a\000b\000l\000e\000\040\000D\000o\000c\000u\000m\000e\000n\000t\000a\000t\000i\000o\000n}{subsection.7.9}% 40
\BOOKMARK [2][-]{subsection.7.10}{\376\377\000f\000o\000r\000c\000e\000b\000a\000l\000a\000n\000c\000e\000.\000f\000i\000n\000i\000t\000e\000\137\000d\000i\000f\000f\000e\000r\000e\000n\000c\000e\000\040\000N\000a\000m\000e\000s\000p\000a\000c\000e\000\040\000R\000e\000f\000e\000r\000e\000n\000c\000e}{section.7}% 41
\BOOKMARK [3][-]{subsubsection.7.10.1}{\376\377\000F\000u\000n\000c\000t\000i\000o\000n\000\040\000D\000o\000c\000u\000m\000e\000n\000t\000a\000t\000i\000o\000n}{subsection.7.10}% 42
\BOOKMARK [3][-]{subsubsection.7.10.2}{\376\377\000V\000a\000r\000i\000a\000b\000l\000e\000\040\000D\000o\000c\000u\000m\000e\000n\000t\000a\000t\000i\000o\000n}{subsection.7.10}% 43
\BOOKMARK [2][-]{subsection.7.11}{\376\377\000f\000o\000r\000c\000e\000b\000a\000l\000a\000n\000c\000e\000.\000f\000o\000r\000c\000e\000f\000i\000e\000l\000d\000\040\000N\000a\000m\000e\000s\000p\000a\000c\000e\000\040\000R\000e\000f\000e\000r\000e\000n\000c\000e}{section.7}% 44
\BOOKMARK [3][-]{subsubsection.7.11.1}{\376\377\000D\000e\000t\000a\000i\000l\000e\000d\000\040\000D\000e\000s\000c\000r\000i\000p\000t\000i\000o\000n}{subsection.7.11}% 45
\BOOKMARK [3][-]{subsubsection.7.11.2}{\376\377\000F\000u\000n\000c\000t\000i\000o\000n\000\040\000D\000o\000c\000u\000m\000e\000n\000t\000a\000t\000i\000o\000n}{subsection.7.11}% 46
\BOOKMARK [3][-]{subsubsection.7.11.3}{\376\377\000V\000a\000r\000i\000a\000b\000l\000e\000\040\000D\000o\000c\000u\000m\000e\000n\000t\000a\000t\000i\000o\000n}{subsection.7.11}% 47
\BOOKMARK [2][-]{subsection.7.12}{\376\377\000f\000o\000r\000c\000e\000b\000a\000l\000a\000n\000c\000e\000.\000g\000m\000x\000i\000o\000\040\000N\000a\000m\000e\000s\000p\000a\000c\000e\000\040\000R\000e\000f\000e\000r\000e\000n\000c\000e}{section.7}% 48
\BOOKMARK [3][-]{subsubsection.7.12.1}{\376\377\000D\000e\000t\000a\000i\000l\000e\000d\000\040\000D\000e\000s\000c\000r\000i\000p\000t\000i\000o\000n}{subsection.7.12}% 49
\BOOKMARK [3][-]{subsubsection.7.12.2}{\376\377\000F\000u\000n\000c\000t\000i\000o\000n\000\040\000D\000o\000c\000u\000m\000e\000n\000t\000a\000t\000i\000o\000n}{subsection.7.12}% 50
\BOOKMARK [3][-]{subsubsection.7.12.3}{\376\377\000V\000a\000r\000i\000a\000b\000l\000e\000\040\000D\000o\000c\000u\000m\000e\000n\000t\000a\000t\000i\000o\000n}{subsection.7.12}% 51
\BOOKMARK [2][-]{subsection.7.13}{\376\377\000f\000o\000r\000c\000e\000b\000a\000l\000a\000n\000c\000e\000.\000g\000m\000x\000q\000p\000i\000o\000\040\000N\000a\000m\000e\000s\000p\000a\000c\000e\000\040\000R\000e\000f\000e\000r\000e\000n\000c\000e}{section.7}% 52
\BOOKMARK [3][-]{subsubsection.7.13.1}{\376\377\000F\000u\000n\000c\000t\000i\000o\000n\000\040\000D\000o\000c\000u\000m\000e\000n\000t\000a\000t\000i\000o\000n}{subsection.7.13}% 53
\BOOKMARK [3][-]{subsubsection.7.13.2}{\376\377\000V\000a\000r\000i\000a\000b\000l\000e\000\040\000D\000o\000c\000u\000m\000e\000n\000t\000a\000t\000i\000o\000n}{subsection.7.13}% 54
\BOOKMARK [2][-]{subsection.7.14}{\376\377\000f\000o\000r\000c\000e\000b\000a\000l\000a\000n\000c\000e\000.\000i\000n\000t\000e\000r\000a\000c\000t\000i\000o\000n\000\040\000N\000a\000m\000e\000s\000p\000a\000c\000e\000\040\000R\000e\000f\000e\000r\000e\000n\000c\000e}{section.7}% 55
\BOOKMARK [3][-]{subsubsection.7.14.1}{\376\377\000D\000e\000t\000a\000i\000l\000e\000d\000\040\000D\000e\000s\000c\000r\000i\000p\000t\000i\000o\000n}{subsection.7.14}% 56
\BOOKMARK [3][-]{subsubsection.7.14.2}{\376\377\000V\000a\000r\000i\000a\000b\000l\000e\000\040\000D\000o\000c\000u\000m\000e\000n\000t\000a\000t\000i\000o\000n}{subsection.7.14}% 57
\BOOKMARK [2][-]{subsection.7.15}{\376\377\000f\000o\000r\000c\000e\000b\000a\000l\000a\000n\000c\000e\000.\000l\000e\000a\000s\000t\000s\000q\000\040\000N\000a\000m\000e\000s\000p\000a\000c\000e\000\040\000R\000e\000f\000e\000r\000e\000n\000c\000e}{section.7}% 58
\BOOKMARK [3][-]{subsubsection.7.15.1}{\376\377\000F\000u\000n\000c\000t\000i\000o\000n\000\040\000D\000o\000c\000u\000m\000e\000n\000t\000a\000t\000i\000o\000n}{subsection.7.15}% 59
\BOOKMARK [3][-]{subsubsection.7.15.2}{\376\377\000V\000a\000r\000i\000a\000b\000l\000e\000\040\000D\000o\000c\000u\000m\000e\000n\000t\000a\000t\000i\000o\000n}{subsection.7.15}% 60
\BOOKMARK [2][-]{subsection.7.16}{\376\377\000f\000o\000r\000c\000e\000b\000a\000l\000a\000n\000c\000e\000.\000l\000i\000q\000u\000i\000d\000\040\000N\000a\000m\000e\000s\000p\000a\000c\000e\000\040\000R\000e\000f\000e\000r\000e\000n\000c\000e}{section.7}% 61
\BOOKMARK [3][-]{subsubsection.7.16.1}{\376\377\000D\000e\000t\000a\000i\000l\000e\000d\000\040\000D\000e\000s\000c\000r\000i\000p\000t\000i\000o\000n}{subsection.7.16}% 62
\BOOKMARK [3][-]{subsubsection.7.16.2}{\376\377\000F\000u\000n\000c\000t\000i\000o\000n\000\040\000D\000o\000c\000u\000m\000e\000n\000t\000a\000t\000i\000o\000n}{subsection.7.16}% 63
\BOOKMARK [3][-]{subsubsection.7.16.3}{\376\377\000V\000a\000r\000i\000a\000b\000l\000e\000\040\000D\000o\000c\000u\000m\000e\000n\000t\000a\000t\000i\000o\000n}{subsection.7.16}% 64
\BOOKMARK [2][-]{subsection.7.17}{\376\377\000f\000o\000r\000c\000e\000b\000a\000l\000a\000n\000c\000e\000.\000M\000o\000l\0002\000\040\000N\000a\000m\000e\000s\000p\000a\000c\000e\000\040\000R\000e\000f\000e\000r\000e\000n\000c\000e}{section.7}% 65
\BOOKMARK [3][-]{subsubsection.7.17.1}{\376\377\000V\000a\000r\000i\000a\000b\000l\000e\000\040\000D\000o\000c\000u\000m\000e\000n\000t\000a\000t\000i\000o\000n}{subsection.7.17}% 66
\BOOKMARK [2][-]{subsection.7.18}{\376\377\000f\000o\000r\000c\000e\000b\000a\000l\000a\000n\000c\000e\000.\000m\000o\000l\0002\000i\000o\000\040\000N\000a\000m\000e\000s\000p\000a\000c\000e\000\040\000R\000e\000f\000e\000r\000e\000n\000c\000e}{section.7}% 67
\BOOKMARK [3][-]{subsubsection.7.18.1}{\376\377\000D\000e\000t\000a\000i\000l\000e\000d\000\040\000D\000e\000s\000c\000r\000i\000p\000t\000i\000o\000n}{subsection.7.18}% 68
\BOOKMARK [3][-]{subsubsection.7.18.2}{\376\377\000V\000a\000r\000i\000a\000b\000l\000e\000\040\000D\000o\000c\000u\000m\000e\000n\000t\000a\000t\000i\000o\000n}{subsection.7.18}% 69
\BOOKMARK [2][-]{subsection.7.19}{\376\377\000f\000o\000r\000c\000e\000b\000a\000l\000a\000n\000c\000e\000.\000m\000o\000l\000e\000c\000u\000l\000e\000\040\000N\000a\000m\000e\000s\000p\000a\000c\000e\000\040\000R\000e\000f\000e\000r\000e\000n\000c\000e}{section.7}% 70
\BOOKMARK [3][-]{subsubsection.7.19.1}{\376\377\000F\000u\000n\000c\000t\000i\000o\000n\000\040\000D\000o\000c\000u\000m\000e\000n\000t\000a\000t\000i\000o\000n}{subsection.7.19}% 71
\BOOKMARK [3][-]{subsubsection.7.19.2}{\376\377\000V\000a\000r\000i\000a\000b\000l\000e\000\040\000D\000o\000c\000u\000m\000e\000n\000t\000a\000t\000i\000o\000n}{subsection.7.19}% 72
\BOOKMARK [2][-]{subsection.7.20}{\376\377\000f\000o\000r\000c\000e\000b\000a\000l\000a\000n\000c\000e\000.\000m\000o\000m\000e\000n\000t\000s\000\040\000N\000a\000m\000e\000s\000p\000a\000c\000e\000\040\000R\000e\000f\000e\000r\000e\000n\000c\000e}{section.7}% 73
\BOOKMARK [3][-]{subsubsection.7.20.1}{\376\377\000D\000e\000t\000a\000i\000l\000e\000d\000\040\000D\000e\000s\000c\000r\000i\000p\000t\000i\000o\000n}{subsection.7.20}% 74
\BOOKMARK [3][-]{subsubsection.7.20.2}{\376\377\000V\000a\000r\000i\000a\000b\000l\000e\000\040\000D\000o\000c\000u\000m\000e\000n\000t\000a\000t\000i\000o\000n}{subsection.7.20}% 75
\BOOKMARK [2][-]{subsection.7.21}{\376\377\000f\000o\000r\000c\000e\000b\000a\000l\000a\000n\000c\000e\000.\000n\000i\000f\000t\000y\000\040\000N\000a\000m\000e\000s\000p\000a\000c\000e\000\040\000R\000e\000f\000e\000r\000e\000n\000c\000e}{section.7}% 76
\BOOKMARK [3][-]{subsubsection.7.21.1}{\376\377\000D\000e\000t\000a\000i\000l\000e\000d\000\040\000D\000e\000s\000c\000r\000i\000p\000t\000i\000o\000n}{subsection.7.21}% 77
\BOOKMARK [3][-]{subsubsection.7.21.2}{\376\377\000F\000u\000n\000c\000t\000i\000o\000n\000\040\000D\000o\000c\000u\000m\000e\000n\000t\000a\000t\000i\000o\000n}{subsection.7.21}% 78
\BOOKMARK [3][-]{subsubsection.7.21.3}{\376\377\000V\000a\000r\000i\000a\000b\000l\000e\000\040\000D\000o\000c\000u\000m\000e\000n\000t\000a\000t\000i\000o\000n}{subsection.7.21}% 79
\BOOKMARK [2][-]{subsection.7.22}{\376\377\000f\000o\000r\000c\000e\000b\000a\000l\000a\000n\000c\000e\000.\000o\000b\000j\000e\000c\000t\000i\000v\000e\000\040\000N\000a\000m\000e\000s\000p\000a\000c\000e\000\040\000R\000e\000f\000e\000r\000e\000n\000c\000e}{section.7}% 80
\BOOKMARK [3][-]{subsubsection.7.22.1}{\376\377\000D\000e\000t\000a\000i\000l\000e\000d\000\040\000D\000e\000s\000c\000r\000i\000p\000t\000i\000o\000n}{subsection.7.22}% 81
\BOOKMARK [3][-]{subsubsection.7.22.2}{\376\377\000V\000a\000r\000i\000a\000b\000l\000e\000\040\000D\000o\000c\000u\000m\000e\000n\000t\000a\000t\000i\000o\000n}{subsection.7.22}% 82
\BOOKMARK [2][-]{subsection.7.23}{\376\377\000f\000o\000r\000c\000e\000b\000a\000l\000a\000n\000c\000e\000.\000o\000p\000e\000n\000m\000m\000i\000o\000\040\000N\000a\000m\000e\000s\000p\000a\000c\000e\000\040\000R\000e\000f\000e\000r\000e\000n\000c\000e}{section.7}% 83
\BOOKMARK [3][-]{subsubsection.7.23.1}{\376\377\000D\000e\000t\000a\000i\000l\000e\000d\000\040\000D\000e\000s\000c\000r\000i\000p\000t\000i\000o\000n}{subsection.7.23}% 84
\BOOKMARK [3][-]{subsubsection.7.23.2}{\376\377\000F\000u\000n\000c\000t\000i\000o\000n\000\040\000D\000o\000c\000u\000m\000e\000n\000t\000a\000t\000i\000o\000n}{subsection.7.23}% 85
\BOOKMARK [3][-]{subsubsection.7.23.3}{\376\377\000V\000a\000r\000i\000a\000b\000l\000e\000\040\000D\000o\000c\000u\000m\000e\000n\000t\000a\000t\000i\000o\000n}{subsection.7.23}% 86
\BOOKMARK [2][-]{subsection.7.24}{\376\377\000f\000o\000r\000c\000e\000b\000a\000l\000a\000n\000c\000e\000.\000o\000p\000t\000i\000m\000i\000z\000e\000r\000\040\000N\000a\000m\000e\000s\000p\000a\000c\000e\000\040\000R\000e\000f\000e\000r\000e\000n\000c\000e}{section.7}% 87
\BOOKMARK [3][-]{subsubsection.7.24.1}{\376\377\000D\000e\000t\000a\000i\000l\000e\000d\000\040\000D\000e\000s\000c\000r\000i\000p\000t\000i\000o\000n}{subsection.7.24}% 88
\BOOKMARK [3][-]{subsubsection.7.24.2}{\376\377\000F\000u\000n\000c\000t\000i\000o\000n\000\040\000D\000o\000c\000u\000m\000e\000n\000t\000a\000t\000i\000o\000n}{subsection.7.24}% 89
\BOOKMARK [3][-]{subsubsection.7.24.3}{\376\377\000V\000a\000r\000i\000a\000b\000l\000e\000\040\000D\000o\000c\000u\000m\000e\000n\000t\000a\000t\000i\000o\000n}{subsection.7.24}% 90
\BOOKMARK [2][-]{subsection.7.25}{\376\377\000f\000o\000r\000c\000e\000b\000a\000l\000a\000n\000c\000e\000.\000o\000u\000t\000p\000u\000t\000\040\000N\000a\000m\000e\000s\000p\000a\000c\000e\000\040\000R\000e\000f\000e\000r\000e\000n\000c\000e}{section.7}% 91
\BOOKMARK [2][-]{subsection.7.26}{\376\377\000f\000o\000r\000c\000e\000b\000a\000l\000a\000n\000c\000e\000.\000p\000a\000r\000s\000e\000r\000\040\000N\000a\000m\000e\000s\000p\000a\000c\000e\000\040\000R\000e\000f\000e\000r\000e\000n\000c\000e}{section.7}% 92
\BOOKMARK [3][-]{subsubsection.7.26.1}{\376\377\000D\000e\000t\000a\000i\000l\000e\000d\000\040\000D\000e\000s\000c\000r\000i\000p\000t\000i\000o\000n}{subsection.7.26}% 93
\BOOKMARK [3][-]{subsubsection.7.26.2}{\376\377\000F\000u\000n\000c\000t\000i\000o\000n\000\040\000D\000o\000c\000u\000m\000e\000n\000t\000a\000t\000i\000o\000n}{subsection.7.26}% 94
\BOOKMARK [3][-]{subsubsection.7.26.3}{\376\377\000V\000a\000r\000i\000a\000b\000l\000e\000\040\000D\000o\000c\000u\000m\000e\000n\000t\000a\000t\000i\000o\000n}{subsection.7.26}% 95
\BOOKMARK [2][-]{subsection.7.27}{\376\377\000f\000o\000r\000c\000e\000b\000a\000l\000a\000n\000c\000e\000.\000p\000s\000i\0004\000i\000o\000\040\000N\000a\000m\000e\000s\000p\000a\000c\000e\000\040\000R\000e\000f\000e\000r\000e\000n\000c\000e}{section.7}% 96
\BOOKMARK [3][-]{subsubsection.7.27.1}{\376\377\000D\000e\000t\000a\000i\000l\000e\000d\000\040\000D\000e\000s\000c\000r\000i\000p\000t\000i\000o\000n}{subsection.7.27}% 97
\BOOKMARK [3][-]{subsubsection.7.27.2}{\376\377\000V\000a\000r\000i\000a\000b\000l\000e\000\040\000D\000o\000c\000u\000m\000e\000n\000t\000a\000t\000i\000o\000n}{subsection.7.27}% 98
\BOOKMARK [2][-]{subsection.7.28}{\376\377\000f\000o\000r\000c\000e\000b\000a\000l\000a\000n\000c\000e\000.\000P\000T\000\040\000N\000a\000m\000e\000s\000p\000a\000c\000e\000\040\000R\000e\000f\000e\000r\000e\000n\000c\000e}{section.7}% 99
\BOOKMARK [3][-]{subsubsection.7.28.1}{\376\377\000V\000a\000r\000i\000a\000b\000l\000e\000\040\000D\000o\000c\000u\000m\000e\000n\000t\000a\000t\000i\000o\000n}{subsection.7.28}% 100
\BOOKMARK [2][-]{subsection.7.29}{\376\377\000f\000o\000r\000c\000e\000b\000a\000l\000a\000n\000c\000e\000.\000q\000c\000h\000e\000m\000i\000o\000\040\000N\000a\000m\000e\000s\000p\000a\000c\000e\000\040\000R\000e\000f\000e\000r\000e\000n\000c\000e}{section.7}% 101
\BOOKMARK [3][-]{subsubsection.7.29.1}{\376\377\000D\000e\000t\000a\000i\000l\000e\000d\000\040\000D\000e\000s\000c\000r\000i\000p\000t\000i\000o\000n}{subsection.7.29}% 102
\BOOKMARK [3][-]{subsubsection.7.29.2}{\376\377\000F\000u\000n\000c\000t\000i\000o\000n\000\040\000D\000o\000c\000u\000m\000e\000n\000t\000a\000t\000i\000o\000n}{subsection.7.29}% 103
\BOOKMARK [3][-]{subsubsection.7.29.3}{\376\377\000V\000a\000r\000i\000a\000b\000l\000e\000\040\000D\000o\000c\000u\000m\000e\000n\000t\000a\000t\000i\000o\000n}{subsection.7.29}% 104
\BOOKMARK [2][-]{subsection.7.30}{\376\377\000f\000o\000r\000c\000e\000b\000a\000l\000a\000n\000c\000e\000.\000t\000a\000r\000g\000e\000t\000\040\000N\000a\000m\000e\000s\000p\000a\000c\000e\000\040\000R\000e\000f\000e\000r\000e\000n\000c\000e}{section.7}% 105
\BOOKMARK [3][-]{subsubsection.7.30.1}{\376\377\000V\000a\000r\000i\000a\000b\000l\000e\000\040\000D\000o\000c\000u\000m\000e\000n\000t\000a\000t\000i\000o\000n}{subsection.7.30}% 106
\BOOKMARK [2][-]{subsection.7.31}{\376\377\000f\000o\000r\000c\000e\000b\000a\000l\000a\000n\000c\000e\000.\000t\000i\000n\000k\000e\000r\000i\000o\000\040\000N\000a\000m\000e\000s\000p\000a\000c\000e\000\040\000R\000e\000f\000e\000r\000e\000n\000c\000e}{section.7}% 107
\BOOKMARK [3][-]{subsubsection.7.31.1}{\376\377\000D\000e\000t\000a\000i\000l\000e\000d\000\040\000D\000e\000s\000c\000r\000i\000p\000t\000i\000o\000n}{subsection.7.31}% 108
\BOOKMARK [3][-]{subsubsection.7.31.2}{\376\377\000F\000u\000n\000c\000t\000i\000o\000n\000\040\000D\000o\000c\000u\000m\000e\000n\000t\000a\000t\000i\000o\000n}{subsection.7.31}% 109
\BOOKMARK [3][-]{subsubsection.7.31.3}{\376\377\000V\000a\000r\000i\000a\000b\000l\000e\000\040\000D\000o\000c\000u\000m\000e\000n\000t\000a\000t\000i\000o\000n}{subsection.7.31}% 110
\BOOKMARK [2][-]{subsection.7.32}{\376\377\000f\000o\000r\000c\000e\000b\000a\000l\000a\000n\000c\000e\000.\000v\000i\000b\000r\000a\000t\000i\000o\000n\000\040\000N\000a\000m\000e\000s\000p\000a\000c\000e\000\040\000R\000e\000f\000e\000r\000e\000n\000c\000e}{section.7}% 111
\BOOKMARK [3][-]{subsubsection.7.32.1}{\376\377\000D\000e\000t\000a\000i\000l\000e\000d\000\040\000D\000e\000s\000c\000r\000i\000p\000t\000i\000o\000n}{subsection.7.32}% 112
\BOOKMARK [3][-]{subsubsection.7.32.2}{\376\377\000V\000a\000r\000i\000a\000b\000l\000e\000\040\000D\000o\000c\000u\000m\000e\000n\000t\000a\000t\000i\000o\000n}{subsection.7.32}% 113
\BOOKMARK [1][-]{section.8}{\376\377\000C\000l\000a\000s\000s\000\040\000D\000o\000c\000u\000m\000e\000n\000t\000a\000t\000i\000o\000n}{}% 114
\BOOKMARK [2][-]{subsection.8.1}{\376\377\000f\000o\000r\000c\000e\000b\000a\000l\000a\000n\000c\000e\000.\000a\000b\000i\000n\000i\000t\000i\000o\000.\000A\000b\000I\000n\000i\000t\000i\000o\000\040\000C\000l\000a\000s\000s\000\040\000R\000e\000f\000e\000r\000e\000n\000c\000e}{section.8}% 115
\BOOKMARK [3][-]{subsubsection.8.1.1}{\376\377\000D\000e\000t\000a\000i\000l\000e\000d\000\040\000D\000e\000s\000c\000r\000i\000p\000t\000i\000o\000n}{subsection.8.1}% 116
\BOOKMARK [3][-]{subsubsection.8.1.2}{\376\377\000C\000o\000n\000s\000t\000r\000u\000c\000t\000o\000r\000\040\000\046\000\040\000D\000e\000s\000t\000r\000u\000c\000t\000o\000r\000\040\000D\000o\000c\000u\000m\000e\000n\000t\000a\000t\000i\000o\000n}{subsection.8.1}% 117
\BOOKMARK [3][-]{subsubsection.8.1.3}{\376\377\000M\000e\000m\000b\000e\000r\000\040\000F\000u\000n\000c\000t\000i\000o\000n\000\040\000D\000o\000c\000u\000m\000e\000n\000t\000a\000t\000i\000o\000n}{subsection.8.1}% 118
\BOOKMARK [3][-]{subsubsection.8.1.4}{\376\377\000M\000e\000m\000b\000e\000r\000\040\000D\000a\000t\000a\000\040\000D\000o\000c\000u\000m\000e\000n\000t\000a\000t\000i\000o\000n}{subsection.8.1}% 119
\BOOKMARK [2][-]{subsection.8.2}{\376\377\000f\000o\000r\000c\000e\000b\000a\000l\000a\000n\000c\000e\000.\000a\000m\000b\000e\000r\000i\000o\000.\000A\000b\000I\000n\000i\000t\000i\000o\000\137\000A\000M\000B\000E\000R\000\040\000C\000l\000a\000s\000s\000\040\000R\000e\000f\000e\000r\000e\000n\000c\000e}{section.8}% 120
\BOOKMARK [3][-]{subsubsection.8.2.1}{\376\377\000D\000e\000t\000a\000i\000l\000e\000d\000\040\000D\000e\000s\000c\000r\000i\000p\000t\000i\000o\000n}{subsection.8.2}% 121
\BOOKMARK [3][-]{subsubsection.8.2.2}{\376\377\000C\000o\000n\000s\000t\000r\000u\000c\000t\000o\000r\000\040\000\046\000\040\000D\000e\000s\000t\000r\000u\000c\000t\000o\000r\000\040\000D\000o\000c\000u\000m\000e\000n\000t\000a\000t\000i\000o\000n}{subsection.8.2}% 122
\BOOKMARK [3][-]{subsubsection.8.2.3}{\376\377\000M\000e\000m\000b\000e\000r\000\040\000F\000u\000n\000c\000t\000i\000o\000n\000\040\000D\000o\000c\000u\000m\000e\000n\000t\000a\000t\000i\000o\000n}{subsection.8.2}% 123
\BOOKMARK [3][-]{subsubsection.8.2.4}{\376\377\000M\000e\000m\000b\000e\000r\000\040\000D\000a\000t\000a\000\040\000D\000o\000c\000u\000m\000e\000n\000t\000a\000t\000i\000o\000n}{subsection.8.2}% 124
\BOOKMARK [2][-]{subsection.8.3}{\376\377\000f\000o\000r\000c\000e\000b\000a\000l\000a\000n\000c\000e\000.\000g\000m\000x\000i\000o\000.\000A\000b\000I\000n\000i\000t\000i\000o\000\137\000G\000M\000X\000\040\000C\000l\000a\000s\000s\000\040\000R\000e\000f\000e\000r\000e\000n\000c\000e}{section.8}% 125
\BOOKMARK [3][-]{subsubsection.8.3.1}{\376\377\000D\000e\000t\000a\000i\000l\000e\000d\000\040\000D\000e\000s\000c\000r\000i\000p\000t\000i\000o\000n}{subsection.8.3}% 126
\BOOKMARK [3][-]{subsubsection.8.3.2}{\376\377\000C\000o\000n\000s\000t\000r\000u\000c\000t\000o\000r\000\040\000\046\000\040\000D\000e\000s\000t\000r\000u\000c\000t\000o\000r\000\040\000D\000o\000c\000u\000m\000e\000n\000t\000a\000t\000i\000o\000n}{subsection.8.3}% 127
\BOOKMARK [3][-]{subsubsection.8.3.3}{\376\377\000M\000e\000m\000b\000e\000r\000\040\000F\000u\000n\000c\000t\000i\000o\000n\000\040\000D\000o\000c\000u\000m\000e\000n\000t\000a\000t\000i\000o\000n}{subsection.8.3}% 128
\BOOKMARK [3][-]{subsubsection.8.3.4}{\376\377\000M\000e\000m\000b\000e\000r\000\040\000D\000a\000t\000a\000\040\000D\000o\000c\000u\000m\000e\000n\000t\000a\000t\000i\000o\000n}{subsection.8.3}% 129
\BOOKMARK [2][-]{subsection.8.4}{\376\377\000f\000o\000r\000c\000e\000b\000a\000l\000a\000n\000c\000e\000.\000a\000b\000i\000n\000i\000t\000i\000o\000\137\000i\000n\000t\000e\000r\000n\000a\000l\000.\000A\000b\000I\000n\000i\000t\000i\000o\000\137\000I\000n\000t\000e\000r\000n\000a\000l\000\040\000C\000l\000a\000s\000s\000\040\000R\000e\000f\000e\000r\000e\000n\000c\000e}{section.8}% 130
\BOOKMARK [3][-]{subsubsection.8.4.1}{\376\377\000D\000e\000t\000a\000i\000l\000e\000d\000\040\000D\000e\000s\000c\000r\000i\000p\000t\000i\000o\000n}{subsection.8.4}% 131
\BOOKMARK [3][-]{subsubsection.8.4.2}{\376\377\000C\000o\000n\000s\000t\000r\000u\000c\000t\000o\000r\000\040\000\046\000\040\000D\000e\000s\000t\000r\000u\000c\000t\000o\000r\000\040\000D\000o\000c\000u\000m\000e\000n\000t\000a\000t\000i\000o\000n}{subsection.8.4}% 132
\BOOKMARK [3][-]{subsubsection.8.4.3}{\376\377\000M\000e\000m\000b\000e\000r\000\040\000F\000u\000n\000c\000t\000i\000o\000n\000\040\000D\000o\000c\000u\000m\000e\000n\000t\000a\000t\000i\000o\000n}{subsection.8.4}% 133
\BOOKMARK [3][-]{subsubsection.8.4.4}{\376\377\000M\000e\000m\000b\000e\000r\000\040\000D\000a\000t\000a\000\040\000D\000o\000c\000u\000m\000e\000n\000t\000a\000t\000i\000o\000n}{subsection.8.4}% 134
\BOOKMARK [2][-]{subsection.8.5}{\376\377\000f\000o\000r\000c\000e\000b\000a\000l\000a\000n\000c\000e\000.\000o\000p\000e\000n\000m\000m\000i\000o\000.\000A\000b\000I\000n\000i\000t\000i\000o\000\137\000O\000p\000e\000n\000M\000M\000\040\000C\000l\000a\000s\000s\000\040\000R\000e\000f\000e\000r\000e\000n\000c\000e}{section.8}% 135
\BOOKMARK [3][-]{subsubsection.8.5.1}{\376\377\000D\000e\000t\000a\000i\000l\000e\000d\000\040\000D\000e\000s\000c\000r\000i\000p\000t\000i\000o\000n}{subsection.8.5}% 136
\BOOKMARK [3][-]{subsubsection.8.5.2}{\376\377\000C\000o\000n\000s\000t\000r\000u\000c\000t\000o\000r\000\040\000\046\000\040\000D\000e\000s\000t\000r\000u\000c\000t\000o\000r\000\040\000D\000o\000c\000u\000m\000e\000n\000t\000a\000t\000i\000o\000n}{subsection.8.5}% 137
\BOOKMARK [3][-]{subsubsection.8.5.3}{\376\377\000M\000e\000m\000b\000e\000r\000\040\000F\000u\000n\000c\000t\000i\000o\000n\000\040\000D\000o\000c\000u\000m\000e\000n\000t\000a\000t\000i\000o\000n}{subsection.8.5}% 138
\BOOKMARK [3][-]{subsubsection.8.5.4}{\376\377\000M\000e\000m\000b\000e\000r\000\040\000D\000a\000t\000a\000\040\000D\000o\000c\000u\000m\000e\000n\000t\000a\000t\000i\000o\000n}{subsection.8.5}% 139
\BOOKMARK [2][-]{subsection.8.6}{\376\377\000f\000o\000r\000c\000e\000b\000a\000l\000a\000n\000c\000e\000.\000t\000i\000n\000k\000e\000r\000i\000o\000.\000A\000b\000I\000n\000i\000t\000i\000o\000\137\000T\000I\000N\000K\000E\000R\000\040\000C\000l\000a\000s\000s\000\040\000R\000e\000f\000e\000r\000e\000n\000c\000e}{section.8}% 140
\BOOKMARK [3][-]{subsubsection.8.6.1}{\376\377\000D\000e\000t\000a\000i\000l\000e\000d\000\040\000D\000e\000s\000c\000r\000i\000p\000t\000i\000o\000n}{subsection.8.6}% 141
\BOOKMARK [3][-]{subsubsection.8.6.2}{\376\377\000C\000o\000n\000s\000t\000r\000u\000c\000t\000o\000r\000\040\000\046\000\040\000D\000e\000s\000t\000r\000u\000c\000t\000o\000r\000\040\000D\000o\000c\000u\000m\000e\000n\000t\000a\000t\000i\000o\000n}{subsection.8.6}% 142
\BOOKMARK [3][-]{subsubsection.8.6.3}{\376\377\000M\000e\000m\000b\000e\000r\000\040\000F\000u\000n\000c\000t\000i\000o\000n\000\040\000D\000o\000c\000u\000m\000e\000n\000t\000a\000t\000i\000o\000n}{subsection.8.6}% 143
\BOOKMARK [3][-]{subsubsection.8.6.4}{\376\377\000M\000e\000m\000b\000e\000r\000\040\000D\000a\000t\000a\000\040\000D\000o\000c\000u\000m\000e\000n\000t\000a\000t\000i\000o\000n}{subsection.8.6}% 144
\BOOKMARK [2][-]{subsection.8.7}{\376\377\000f\000o\000r\000c\000e\000b\000a\000l\000a\000n\000c\000e\000.\000f\000o\000r\000c\000e\000f\000i\000e\000l\000d\000.\000B\000a\000c\000k\000e\000d\000U\000p\000D\000i\000c\000t\000\040\000C\000l\000a\000s\000s\000\040\000R\000e\000f\000e\000r\000e\000n\000c\000e}{section.8}% 145
\BOOKMARK [3][-]{subsubsection.8.7.1}{\376\377\000D\000e\000t\000a\000i\000l\000e\000d\000\040\000D\000e\000s\000c\000r\000i\000p\000t\000i\000o\000n}{subsection.8.7}% 146
\BOOKMARK [3][-]{subsubsection.8.7.2}{\376\377\000C\000o\000n\000s\000t\000r\000u\000c\000t\000o\000r\000\040\000\046\000\040\000D\000e\000s\000t\000r\000u\000c\000t\000o\000r\000\040\000D\000o\000c\000u\000m\000e\000n\000t\000a\000t\000i\000o\000n}{subsection.8.7}% 147
\BOOKMARK [3][-]{subsubsection.8.7.3}{\376\377\000M\000e\000m\000b\000e\000r\000\040\000F\000u\000n\000c\000t\000i\000o\000n\000\040\000D\000o\000c\000u\000m\000e\000n\000t\000a\000t\000i\000o\000n}{subsection.8.7}% 148
\BOOKMARK [3][-]{subsubsection.8.7.4}{\376\377\000M\000e\000m\000b\000e\000r\000\040\000D\000a\000t\000a\000\040\000D\000o\000c\000u\000m\000e\000n\000t\000a\000t\000i\000o\000n}{subsection.8.7}% 149
\BOOKMARK [2][-]{subsection.8.8}{\376\377\000f\000o\000r\000c\000e\000b\000a\000l\000a\000n\000c\000e\000.\000B\000a\000s\000e\000C\000l\000a\000s\000s\000\040\000C\000l\000a\000s\000s\000\040\000R\000e\000f\000e\000r\000e\000n\000c\000e}{section.8}% 150
\BOOKMARK [3][-]{subsubsection.8.8.1}{\376\377\000D\000e\000t\000a\000i\000l\000e\000d\000\040\000D\000e\000s\000c\000r\000i\000p\000t\000i\000o\000n}{subsection.8.8}% 151
\BOOKMARK [3][-]{subsubsection.8.8.2}{\376\377\000C\000o\000n\000s\000t\000r\000u\000c\000t\000o\000r\000\040\000\046\000\040\000D\000e\000s\000t\000r\000u\000c\000t\000o\000r\000\040\000D\000o\000c\000u\000m\000e\000n\000t\000a\000t\000i\000o\000n}{subsection.8.8}% 152
\BOOKMARK [3][-]{subsubsection.8.8.3}{\376\377\000M\000e\000m\000b\000e\000r\000\040\000F\000u\000n\000c\000t\000i\000o\000n\000\040\000D\000o\000c\000u\000m\000e\000n\000t\000a\000t\000i\000o\000n}{subsection.8.8}% 153
\BOOKMARK [3][-]{subsubsection.8.8.4}{\376\377\000M\000e\000m\000b\000e\000r\000\040\000D\000a\000t\000a\000\040\000D\000o\000c\000u\000m\000e\000n\000t\000a\000t\000i\000o\000n}{subsection.8.8}% 154
\BOOKMARK [2][-]{subsection.8.9}{\376\377\000f\000o\000r\000c\000e\000b\000a\000l\000a\000n\000c\000e\000.\000B\000a\000s\000e\000R\000e\000a\000d\000e\000r\000\040\000C\000l\000a\000s\000s\000\040\000R\000e\000f\000e\000r\000e\000n\000c\000e}{section.8}% 155
\BOOKMARK [3][-]{subsubsection.8.9.1}{\376\377\000D\000e\000t\000a\000i\000l\000e\000d\000\040\000D\000e\000s\000c\000r\000i\000p\000t\000i\000o\000n}{subsection.8.9}% 156
\BOOKMARK [3][-]{subsubsection.8.9.2}{\376\377\000C\000o\000n\000s\000t\000r\000u\000c\000t\000o\000r\000\040\000\046\000\040\000D\000e\000s\000t\000r\000u\000c\000t\000o\000r\000\040\000D\000o\000c\000u\000m\000e\000n\000t\000a\000t\000i\000o\000n}{subsection.8.9}% 157
\BOOKMARK [3][-]{subsubsection.8.9.3}{\376\377\000M\000e\000m\000b\000e\000r\000\040\000F\000u\000n\000c\000t\000i\000o\000n\000\040\000D\000o\000c\000u\000m\000e\000n\000t\000a\000t\000i\000o\000n}{subsection.8.9}% 158
\BOOKMARK [3][-]{subsubsection.8.9.4}{\376\377\000M\000e\000m\000b\000e\000r\000\040\000D\000a\000t\000a\000\040\000D\000o\000c\000u\000m\000e\000n\000t\000a\000t\000i\000o\000n}{subsection.8.9}% 159
\BOOKMARK [2][-]{subsection.8.10}{\376\377\000f\000o\000r\000c\000e\000b\000a\000l\000a\000n\000c\000e\000.\000b\000i\000n\000d\000i\000n\000g\000.\000B\000i\000n\000d\000i\000n\000g\000E\000n\000e\000r\000g\000y\000\040\000C\000l\000a\000s\000s\000\040\000R\000e\000f\000e\000r\000e\000n\000c\000e}{section.8}% 160
\BOOKMARK [3][-]{subsubsection.8.10.1}{\376\377\000D\000e\000t\000a\000i\000l\000e\000d\000\040\000D\000e\000s\000c\000r\000i\000p\000t\000i\000o\000n}{subsection.8.10}% 161
\BOOKMARK [3][-]{subsubsection.8.10.2}{\376\377\000C\000o\000n\000s\000t\000r\000u\000c\000t\000o\000r\000\040\000\046\000\040\000D\000e\000s\000t\000r\000u\000c\000t\000o\000r\000\040\000D\000o\000c\000u\000m\000e\000n\000t\000a\000t\000i\000o\000n}{subsection.8.10}% 162
\BOOKMARK [3][-]{subsubsection.8.10.3}{\376\377\000M\000e\000m\000b\000e\000r\000\040\000F\000u\000n\000c\000t\000i\000o\000n\000\040\000D\000o\000c\000u\000m\000e\000n\000t\000a\000t\000i\000o\000n}{subsection.8.10}% 163
\BOOKMARK [3][-]{subsubsection.8.10.4}{\376\377\000M\000e\000m\000b\000e\000r\000\040\000D\000a\000t\000a\000\040\000D\000o\000c\000u\000m\000e\000n\000t\000a\000t\000i\000o\000n}{subsection.8.10}% 164
\BOOKMARK [2][-]{subsection.8.11}{\376\377\000f\000o\000r\000c\000e\000b\000a\000l\000a\000n\000c\000e\000.\000t\000i\000n\000k\000e\000r\000i\000o\000.\000B\000i\000n\000d\000i\000n\000g\000E\000n\000e\000r\000g\000y\000\137\000T\000I\000N\000K\000E\000R\000\040\000C\000l\000a\000s\000s\000\040\000R\000e\000f\000e\000r\000e\000n\000c\000e}{section.8}% 165
\BOOKMARK [3][-]{subsubsection.8.11.1}{\376\377\000D\000e\000t\000a\000i\000l\000e\000d\000\040\000D\000e\000s\000c\000r\000i\000p\000t\000i\000o\000n}{subsection.8.11}% 166
\BOOKMARK [3][-]{subsubsection.8.11.2}{\376\377\000C\000o\000n\000s\000t\000r\000u\000c\000t\000o\000r\000\040\000\046\000\040\000D\000e\000s\000t\000r\000u\000c\000t\000o\000r\000\040\000D\000o\000c\000u\000m\000e\000n\000t\000a\000t\000i\000o\000n}{subsection.8.11}% 167
\BOOKMARK [3][-]{subsubsection.8.11.3}{\376\377\000M\000e\000m\000b\000e\000r\000\040\000F\000u\000n\000c\000t\000i\000o\000n\000\040\000D\000o\000c\000u\000m\000e\000n\000t\000a\000t\000i\000o\000n}{subsection.8.11}% 168
\BOOKMARK [3][-]{subsubsection.8.11.4}{\376\377\000M\000e\000m\000b\000e\000r\000\040\000D\000a\000t\000a\000\040\000D\000o\000c\000u\000m\000e\000n\000t\000a\000t\000i\000o\000n}{subsection.8.11}% 169
\BOOKMARK [2][-]{subsection.8.12}{\376\377\000f\000o\000r\000c\000e\000b\000a\000l\000a\000n\000c\000e\000.\000o\000u\000t\000p\000u\000t\000.\000C\000l\000e\000a\000n\000F\000i\000l\000e\000H\000a\000n\000d\000l\000e\000r\000\040\000C\000l\000a\000s\000s\000\040\000R\000e\000f\000e\000r\000e\000n\000c\000e}{section.8}% 170
\BOOKMARK [3][-]{subsubsection.8.12.1}{\376\377\000D\000e\000t\000a\000i\000l\000e\000d\000\040\000D\000e\000s\000c\000r\000i\000p\000t\000i\000o\000n}{subsection.8.12}% 171
\BOOKMARK [3][-]{subsubsection.8.12.2}{\376\377\000M\000e\000m\000b\000e\000r\000\040\000F\000u\000n\000c\000t\000i\000o\000n\000\040\000D\000o\000c\000u\000m\000e\000n\000t\000a\000t\000i\000o\000n}{subsection.8.12}% 172
\BOOKMARK [2][-]{subsection.8.13}{\376\377\000f\000o\000r\000c\000e\000b\000a\000l\000a\000n\000c\000e\000.\000o\000u\000t\000p\000u\000t\000.\000C\000l\000e\000a\000n\000S\000t\000r\000e\000a\000m\000H\000a\000n\000d\000l\000e\000r\000\040\000C\000l\000a\000s\000s\000\040\000R\000e\000f\000e\000r\000e\000n\000c\000e}{section.8}% 173
\BOOKMARK [3][-]{subsubsection.8.13.1}{\376\377\000D\000e\000t\000a\000i\000l\000e\000d\000\040\000D\000e\000s\000c\000r\000i\000p\000t\000i\000o\000n}{subsection.8.13}% 174
\BOOKMARK [3][-]{subsubsection.8.13.2}{\376\377\000C\000o\000n\000s\000t\000r\000u\000c\000t\000o\000r\000\040\000\046\000\040\000D\000e\000s\000t\000r\000u\000c\000t\000o\000r\000\040\000D\000o\000c\000u\000m\000e\000n\000t\000a\000t\000i\000o\000n}{subsection.8.13}% 175
\BOOKMARK [3][-]{subsubsection.8.13.3}{\376\377\000M\000e\000m\000b\000e\000r\000\040\000F\000u\000n\000c\000t\000i\000o\000n\000\040\000D\000o\000c\000u\000m\000e\000n\000t\000a\000t\000i\000o\000n}{subsection.8.13}% 176
\BOOKMARK [2][-]{subsection.8.14}{\376\377\000f\000o\000r\000c\000e\000b\000a\000l\000a\000n\000c\000e\000.\000c\000o\000u\000n\000t\000e\000r\000p\000o\000i\000s\000e\000.\000C\000o\000u\000n\000t\000e\000r\000p\000o\000i\000s\000e\000\040\000C\000l\000a\000s\000s\000\040\000R\000e\000f\000e\000r\000e\000n\000c\000e}{section.8}% 177
\BOOKMARK [3][-]{subsubsection.8.14.1}{\376\377\000D\000e\000t\000a\000i\000l\000e\000d\000\040\000D\000e\000s\000c\000r\000i\000p\000t\000i\000o\000n}{subsection.8.14}% 178
\BOOKMARK [3][-]{subsubsection.8.14.2}{\376\377\000C\000o\000n\000s\000t\000r\000u\000c\000t\000o\000r\000\040\000\046\000\040\000D\000e\000s\000t\000r\000u\000c\000t\000o\000r\000\040\000D\000o\000c\000u\000m\000e\000n\000t\000a\000t\000i\000o\000n}{subsection.8.14}% 179
\BOOKMARK [3][-]{subsubsection.8.14.3}{\376\377\000M\000e\000m\000b\000e\000r\000\040\000F\000u\000n\000c\000t\000i\000o\000n\000\040\000D\000o\000c\000u\000m\000e\000n\000t\000a\000t\000i\000o\000n}{subsection.8.14}% 180
\BOOKMARK [3][-]{subsubsection.8.14.4}{\376\377\000M\000e\000m\000b\000e\000r\000\040\000D\000a\000t\000a\000\040\000D\000o\000c\000u\000m\000e\000n\000t\000a\000t\000i\000o\000n}{subsection.8.14}% 181
\BOOKMARK [2][-]{subsection.8.15}{\376\377\000f\000o\000r\000c\000e\000b\000a\000l\000a\000n\000c\000e\000.\000f\000o\000r\000c\000e\000f\000i\000e\000l\000d\000.\000F\000F\000\040\000C\000l\000a\000s\000s\000\040\000R\000e\000f\000e\000r\000e\000n\000c\000e}{section.8}% 182
\BOOKMARK [3][-]{subsubsection.8.15.1}{\376\377\000D\000e\000t\000a\000i\000l\000e\000d\000\040\000D\000e\000s\000c\000r\000i\000p\000t\000i\000o\000n}{subsection.8.15}% 183
\BOOKMARK [3][-]{subsubsection.8.15.2}{\376\377\000C\000o\000n\000s\000t\000r\000u\000c\000t\000o\000r\000\040\000\046\000\040\000D\000e\000s\000t\000r\000u\000c\000t\000o\000r\000\040\000D\000o\000c\000u\000m\000e\000n\000t\000a\000t\000i\000o\000n}{subsection.8.15}% 184
\BOOKMARK [3][-]{subsubsection.8.15.3}{\376\377\000M\000e\000m\000b\000e\000r\000\040\000F\000u\000n\000c\000t\000i\000o\000n\000\040\000D\000o\000c\000u\000m\000e\000n\000t\000a\000t\000i\000o\000n}{subsection.8.15}% 185
\BOOKMARK [3][-]{subsubsection.8.15.4}{\376\377\000M\000e\000m\000b\000e\000r\000\040\000D\000a\000t\000a\000\040\000D\000o\000c\000u\000m\000e\000n\000t\000a\000t\000i\000o\000n}{subsection.8.15}% 186
\BOOKMARK [2][-]{subsection.8.16}{\376\377\000f\000o\000r\000c\000e\000b\000a\000l\000a\000n\000c\000e\000.\000o\000u\000t\000p\000u\000t\000.\000F\000o\000r\000c\000e\000B\000a\000l\000a\000n\000c\000e\000L\000o\000g\000g\000e\000r\000\040\000C\000l\000a\000s\000s\000\040\000R\000e\000f\000e\000r\000e\000n\000c\000e}{section.8}% 187
\BOOKMARK [3][-]{subsubsection.8.16.1}{\376\377\000D\000e\000t\000a\000i\000l\000e\000d\000\040\000D\000e\000s\000c\000r\000i\000p\000t\000i\000o\000n}{subsection.8.16}% 188
\BOOKMARK [3][-]{subsubsection.8.16.2}{\376\377\000C\000o\000n\000s\000t\000r\000u\000c\000t\000o\000r\000\040\000\046\000\040\000D\000e\000s\000t\000r\000u\000c\000t\000o\000r\000\040\000D\000o\000c\000u\000m\000e\000n\000t\000a\000t\000i\000o\000n}{subsection.8.16}% 189
\BOOKMARK [3][-]{subsubsection.8.16.3}{\376\377\000M\000e\000m\000b\000e\000r\000\040\000F\000u\000n\000c\000t\000i\000o\000n\000\040\000D\000o\000c\000u\000m\000e\000n\000t\000a\000t\000i\000o\000n}{subsection.8.16}% 190
\BOOKMARK [3][-]{subsubsection.8.16.4}{\376\377\000M\000e\000m\000b\000e\000r\000\040\000D\000a\000t\000a\000\040\000D\000o\000c\000u\000m\000e\000n\000t\000a\000t\000i\000o\000n}{subsection.8.16}% 191
\BOOKMARK [2][-]{subsection.8.17}{\376\377\000f\000o\000r\000c\000e\000b\000a\000l\000a\000n\000c\000e\000.\000a\000m\000b\000e\000r\000i\000o\000.\000F\000r\000c\000M\000o\000d\000\137\000R\000e\000a\000d\000e\000r\000\040\000C\000l\000a\000s\000s\000\040\000R\000e\000f\000e\000r\000e\000n\000c\000e}{section.8}% 192
\BOOKMARK [3][-]{subsubsection.8.17.1}{\376\377\000D\000e\000t\000a\000i\000l\000e\000d\000\040\000D\000e\000s\000c\000r\000i\000p\000t\000i\000o\000n}{subsection.8.17}% 193
\BOOKMARK [3][-]{subsubsection.8.17.2}{\376\377\000C\000o\000n\000s\000t\000r\000u\000c\000t\000o\000r\000\040\000\046\000\040\000D\000e\000s\000t\000r\000u\000c\000t\000o\000r\000\040\000D\000o\000c\000u\000m\000e\000n\000t\000a\000t\000i\000o\000n}{subsection.8.17}% 194
\BOOKMARK [3][-]{subsubsection.8.17.3}{\376\377\000M\000e\000m\000b\000e\000r\000\040\000F\000u\000n\000c\000t\000i\000o\000n\000\040\000D\000o\000c\000u\000m\000e\000n\000t\000a\000t\000i\000o\000n}{subsection.8.17}% 195
\BOOKMARK [3][-]{subsubsection.8.17.4}{\376\377\000M\000e\000m\000b\000e\000r\000\040\000D\000a\000t\000a\000\040\000D\000o\000c\000u\000m\000e\000n\000t\000a\000t\000i\000o\000n}{subsection.8.17}% 196
\BOOKMARK [2][-]{subsection.8.18}{\376\377\000f\000o\000r\000c\000e\000b\000a\000l\000a\000n\000c\000e\000.\000p\000s\000i\0004\000i\000o\000.\000G\000B\000S\000\137\000R\000e\000a\000d\000e\000r\000\040\000C\000l\000a\000s\000s\000\040\000R\000e\000f\000e\000r\000e\000n\000c\000e}{section.8}% 197
\BOOKMARK [3][-]{subsubsection.8.18.1}{\376\377\000D\000e\000t\000a\000i\000l\000e\000d\000\040\000D\000e\000s\000c\000r\000i\000p\000t\000i\000o\000n}{subsection.8.18}% 198
\BOOKMARK [3][-]{subsubsection.8.18.2}{\376\377\000C\000o\000n\000s\000t\000r\000u\000c\000t\000o\000r\000\040\000\046\000\040\000D\000e\000s\000t\000r\000u\000c\000t\000o\000r\000\040\000D\000o\000c\000u\000m\000e\000n\000t\000a\000t\000i\000o\000n}{subsection.8.18}% 199
\BOOKMARK [3][-]{subsubsection.8.18.3}{\376\377\000M\000e\000m\000b\000e\000r\000\040\000F\000u\000n\000c\000t\000i\000o\000n\000\040\000D\000o\000c\000u\000m\000e\000n\000t\000a\000t\000i\000o\000n}{subsection.8.18}% 200
\BOOKMARK [3][-]{subsubsection.8.18.4}{\376\377\000M\000e\000m\000b\000e\000r\000\040\000D\000a\000t\000a\000\040\000D\000o\000c\000u\000m\000e\000n\000t\000a\000t\000i\000o\000n}{subsection.8.18}% 201
\BOOKMARK [2][-]{subsection.8.19}{\376\377\000f\000o\000r\000c\000e\000b\000a\000l\000a\000n\000c\000e\000.\000c\000u\000s\000t\000o\000m\000\137\000i\000o\000.\000G\000e\000n\000\137\000R\000e\000a\000d\000e\000r\000\040\000C\000l\000a\000s\000s\000\040\000R\000e\000f\000e\000r\000e\000n\000c\000e}{section.8}% 202
\BOOKMARK [3][-]{subsubsection.8.19.1}{\376\377\000D\000e\000t\000a\000i\000l\000e\000d\000\040\000D\000e\000s\000c\000r\000i\000p\000t\000i\000o\000n}{subsection.8.19}% 203
\BOOKMARK [3][-]{subsubsection.8.19.2}{\376\377\000C\000o\000n\000s\000t\000r\000u\000c\000t\000o\000r\000\040\000\046\000\040\000D\000e\000s\000t\000r\000u\000c\000t\000o\000r\000\040\000D\000o\000c\000u\000m\000e\000n\000t\000a\000t\000i\000o\000n}{subsection.8.19}% 204
\BOOKMARK [3][-]{subsubsection.8.19.3}{\376\377\000M\000e\000m\000b\000e\000r\000\040\000F\000u\000n\000c\000t\000i\000o\000n\000\040\000D\000o\000c\000u\000m\000e\000n\000t\000a\000t\000i\000o\000n}{subsection.8.19}% 205
\BOOKMARK [3][-]{subsubsection.8.19.4}{\376\377\000M\000e\000m\000b\000e\000r\000\040\000D\000a\000t\000a\000\040\000D\000o\000c\000u\000m\000e\000n\000t\000a\000t\000i\000o\000n}{subsection.8.19}% 206
\BOOKMARK [2][-]{subsection.8.20}{\376\377\000f\000o\000r\000c\000e\000b\000a\000l\000a\000n\000c\000e\000.\000p\000s\000i\0004\000i\000o\000.\000G\000r\000i\000d\000\137\000R\000e\000a\000d\000e\000r\000\040\000C\000l\000a\000s\000s\000\040\000R\000e\000f\000e\000r\000e\000n\000c\000e}{section.8}% 207
\BOOKMARK [3][-]{subsubsection.8.20.1}{\376\377\000D\000e\000t\000a\000i\000l\000e\000d\000\040\000D\000e\000s\000c\000r\000i\000p\000t\000i\000o\000n}{subsection.8.20}% 208
\BOOKMARK [3][-]{subsubsection.8.20.2}{\376\377\000C\000o\000n\000s\000t\000r\000u\000c\000t\000o\000r\000\040\000\046\000\040\000D\000e\000s\000t\000r\000u\000c\000t\000o\000r\000\040\000D\000o\000c\000u\000m\000e\000n\000t\000a\000t\000i\000o\000n}{subsection.8.20}% 209
\BOOKMARK [3][-]{subsubsection.8.20.3}{\376\377\000M\000e\000m\000b\000e\000r\000\040\000F\000u\000n\000c\000t\000i\000o\000n\000\040\000D\000o\000c\000u\000m\000e\000n\000t\000a\000t\000i\000o\000n}{subsection.8.20}% 210
\BOOKMARK [3][-]{subsubsection.8.20.4}{\376\377\000M\000e\000m\000b\000e\000r\000\040\000D\000a\000t\000a\000\040\000D\000o\000c\000u\000m\000e\000n\000t\000a\000t\000i\000o\000n}{subsection.8.20}% 211
\BOOKMARK [2][-]{subsection.8.21}{\376\377\000f\000o\000r\000c\000e\000b\000a\000l\000a\000n\000c\000e\000.\000i\000n\000t\000e\000r\000a\000c\000t\000i\000o\000n\000.\000I\000n\000t\000e\000r\000a\000c\000t\000i\000o\000n\000\040\000C\000l\000a\000s\000s\000\040\000R\000e\000f\000e\000r\000e\000n\000c\000e}{section.8}% 212
\BOOKMARK [3][-]{subsubsection.8.21.1}{\376\377\000D\000e\000t\000a\000i\000l\000e\000d\000\040\000D\000e\000s\000c\000r\000i\000p\000t\000i\000o\000n}{subsection.8.21}% 213
\BOOKMARK [3][-]{subsubsection.8.21.2}{\376\377\000C\000o\000n\000s\000t\000r\000u\000c\000t\000o\000r\000\040\000\046\000\040\000D\000e\000s\000t\000r\000u\000c\000t\000o\000r\000\040\000D\000o\000c\000u\000m\000e\000n\000t\000a\000t\000i\000o\000n}{subsection.8.21}% 214
\BOOKMARK [3][-]{subsubsection.8.21.3}{\376\377\000M\000e\000m\000b\000e\000r\000\040\000F\000u\000n\000c\000t\000i\000o\000n\000\040\000D\000o\000c\000u\000m\000e\000n\000t\000a\000t\000i\000o\000n}{subsection.8.21}% 215
\BOOKMARK [3][-]{subsubsection.8.21.4}{\376\377\000M\000e\000m\000b\000e\000r\000\040\000D\000a\000t\000a\000\040\000D\000o\000c\000u\000m\000e\000n\000t\000a\000t\000i\000o\000n}{subsection.8.21}% 216
\BOOKMARK [2][-]{subsection.8.22}{\376\377\000f\000o\000r\000c\000e\000b\000a\000l\000a\000n\000c\000e\000.\000g\000m\000x\000i\000o\000.\000I\000n\000t\000e\000r\000a\000c\000t\000i\000o\000n\000\137\000G\000M\000X\000\040\000C\000l\000a\000s\000s\000\040\000R\000e\000f\000e\000r\000e\000n\000c\000e}{section.8}% 217
\BOOKMARK [3][-]{subsubsection.8.22.1}{\376\377\000D\000e\000t\000a\000i\000l\000e\000d\000\040\000D\000e\000s\000c\000r\000i\000p\000t\000i\000o\000n}{subsection.8.22}% 218
\BOOKMARK [3][-]{subsubsection.8.22.2}{\376\377\000C\000o\000n\000s\000t\000r\000u\000c\000t\000o\000r\000\040\000\046\000\040\000D\000e\000s\000t\000r\000u\000c\000t\000o\000r\000\040\000D\000o\000c\000u\000m\000e\000n\000t\000a\000t\000i\000o\000n}{subsection.8.22}% 219
\BOOKMARK [3][-]{subsubsection.8.22.3}{\376\377\000M\000e\000m\000b\000e\000r\000\040\000F\000u\000n\000c\000t\000i\000o\000n\000\040\000D\000o\000c\000u\000m\000e\000n\000t\000a\000t\000i\000o\000n}{subsection.8.22}% 220
\BOOKMARK [3][-]{subsubsection.8.22.4}{\376\377\000M\000e\000m\000b\000e\000r\000\040\000D\000a\000t\000a\000\040\000D\000o\000c\000u\000m\000e\000n\000t\000a\000t\000i\000o\000n}{subsection.8.22}% 221
\BOOKMARK [2][-]{subsection.8.23}{\376\377\000f\000o\000r\000c\000e\000b\000a\000l\000a\000n\000c\000e\000.\000o\000p\000e\000n\000m\000m\000i\000o\000.\000I\000n\000t\000e\000r\000a\000c\000t\000i\000o\000n\000\137\000O\000p\000e\000n\000M\000M\000\040\000C\000l\000a\000s\000s\000\040\000R\000e\000f\000e\000r\000e\000n\000c\000e}{section.8}% 222
\BOOKMARK [3][-]{subsubsection.8.23.1}{\376\377\000D\000e\000t\000a\000i\000l\000e\000d\000\040\000D\000e\000s\000c\000r\000i\000p\000t\000i\000o\000n}{subsection.8.23}% 223
\BOOKMARK [3][-]{subsubsection.8.23.2}{\376\377\000C\000o\000n\000s\000t\000r\000u\000c\000t\000o\000r\000\040\000\046\000\040\000D\000e\000s\000t\000r\000u\000c\000t\000o\000r\000\040\000D\000o\000c\000u\000m\000e\000n\000t\000a\000t\000i\000o\000n}{subsection.8.23}% 224
\BOOKMARK [3][-]{subsubsection.8.23.3}{\376\377\000M\000e\000m\000b\000e\000r\000\040\000F\000u\000n\000c\000t\000i\000o\000n\000\040\000D\000o\000c\000u\000m\000e\000n\000t\000a\000t\000i\000o\000n}{subsection.8.23}% 225
\BOOKMARK [3][-]{subsubsection.8.23.4}{\376\377\000M\000e\000m\000b\000e\000r\000\040\000D\000a\000t\000a\000\040\000D\000o\000c\000u\000m\000e\000n\000t\000a\000t\000i\000o\000n}{subsection.8.23}% 226
\BOOKMARK [2][-]{subsection.8.24}{\376\377\000f\000o\000r\000c\000e\000b\000a\000l\000a\000n\000c\000e\000.\000t\000i\000n\000k\000e\000r\000i\000o\000.\000I\000n\000t\000e\000r\000a\000c\000t\000i\000o\000n\000\137\000T\000I\000N\000K\000E\000R\000\040\000C\000l\000a\000s\000s\000\040\000R\000e\000f\000e\000r\000e\000n\000c\000e}{section.8}% 227
\BOOKMARK [3][-]{subsubsection.8.24.1}{\376\377\000D\000e\000t\000a\000i\000l\000e\000d\000\040\000D\000e\000s\000c\000r\000i\000p\000t\000i\000o\000n}{subsection.8.24}% 228
\BOOKMARK [3][-]{subsubsection.8.24.2}{\376\377\000C\000o\000n\000s\000t\000r\000u\000c\000t\000o\000r\000\040\000\046\000\040\000D\000e\000s\000t\000r\000u\000c\000t\000o\000r\000\040\000D\000o\000c\000u\000m\000e\000n\000t\000a\000t\000i\000o\000n}{subsection.8.24}% 229
\BOOKMARK [3][-]{subsubsection.8.24.3}{\376\377\000M\000e\000m\000b\000e\000r\000\040\000F\000u\000n\000c\000t\000i\000o\000n\000\040\000D\000o\000c\000u\000m\000e\000n\000t\000a\000t\000i\000o\000n}{subsection.8.24}% 230
\BOOKMARK [3][-]{subsubsection.8.24.4}{\376\377\000M\000e\000m\000b\000e\000r\000\040\000D\000a\000t\000a\000\040\000D\000o\000c\000u\000m\000e\000n\000t\000a\000t\000i\000o\000n}{subsection.8.24}% 231
\BOOKMARK [2][-]{subsection.8.25}{\376\377\000f\000o\000r\000c\000e\000b\000a\000l\000a\000n\000c\000e\000.\000g\000m\000x\000i\000o\000.\000I\000T\000P\000\137\000R\000e\000a\000d\000e\000r\000\040\000C\000l\000a\000s\000s\000\040\000R\000e\000f\000e\000r\000e\000n\000c\000e}{section.8}% 232
\BOOKMARK [3][-]{subsubsection.8.25.1}{\376\377\000D\000e\000t\000a\000i\000l\000e\000d\000\040\000D\000e\000s\000c\000r\000i\000p\000t\000i\000o\000n}{subsection.8.25}% 233
\BOOKMARK [3][-]{subsubsection.8.25.2}{\376\377\000C\000o\000n\000s\000t\000r\000u\000c\000t\000o\000r\000\040\000\046\000\040\000D\000e\000s\000t\000r\000u\000c\000t\000o\000r\000\040\000D\000o\000c\000u\000m\000e\000n\000t\000a\000t\000i\000o\000n}{subsection.8.25}% 234
\BOOKMARK [3][-]{subsubsection.8.25.3}{\376\377\000M\000e\000m\000b\000e\000r\000\040\000F\000u\000n\000c\000t\000i\000o\000n\000\040\000D\000o\000c\000u\000m\000e\000n\000t\000a\000t\000i\000o\000n}{subsection.8.25}% 235
\BOOKMARK [3][-]{subsubsection.8.25.4}{\376\377\000M\000e\000m\000b\000e\000r\000\040\000D\000a\000t\000a\000\040\000D\000o\000c\000u\000m\000e\000n\000t\000a\000t\000i\000o\000n}{subsection.8.25}% 236
\BOOKMARK [2][-]{subsection.8.26}{\376\377\000f\000o\000r\000c\000e\000b\000a\000l\000a\000n\000c\000e\000.\000l\000e\000a\000s\000t\000s\000q\000.\000L\000e\000a\000s\000t\000S\000q\000u\000a\000r\000e\000s\000\040\000C\000l\000a\000s\000s\000\040\000R\000e\000f\000e\000r\000e\000n\000c\000e}{section.8}% 237
\BOOKMARK [3][-]{subsubsection.8.26.1}{\376\377\000D\000e\000t\000a\000i\000l\000e\000d\000\040\000D\000e\000s\000c\000r\000i\000p\000t\000i\000o\000n}{subsection.8.26}% 238
\BOOKMARK [3][-]{subsubsection.8.26.2}{\376\377\000C\000o\000n\000s\000t\000r\000u\000c\000t\000o\000r\000\040\000\046\000\040\000D\000e\000s\000t\000r\000u\000c\000t\000o\000r\000\040\000D\000o\000c\000u\000m\000e\000n\000t\000a\000t\000i\000o\000n}{subsection.8.26}% 239
\BOOKMARK [3][-]{subsubsection.8.26.3}{\376\377\000M\000e\000m\000b\000e\000r\000\040\000F\000u\000n\000c\000t\000i\000o\000n\000\040\000D\000o\000c\000u\000m\000e\000n\000t\000a\000t\000i\000o\000n}{subsection.8.26}% 240
\BOOKMARK [3][-]{subsubsection.8.26.4}{\376\377\000M\000e\000m\000b\000e\000r\000\040\000D\000a\000t\000a\000\040\000D\000o\000c\000u\000m\000e\000n\000t\000a\000t\000i\000o\000n}{subsection.8.26}% 241
\BOOKMARK [2][-]{subsection.8.27}{\376\377\000f\000o\000r\000c\000e\000b\000a\000l\000a\000n\000c\000e\000.\000l\000i\000q\000u\000i\000d\000.\000L\000i\000q\000u\000i\000d\000\040\000C\000l\000a\000s\000s\000\040\000R\000e\000f\000e\000r\000e\000n\000c\000e}{section.8}% 242
\BOOKMARK [3][-]{subsubsection.8.27.1}{\376\377\000D\000e\000t\000a\000i\000l\000e\000d\000\040\000D\000e\000s\000c\000r\000i\000p\000t\000i\000o\000n}{subsection.8.27}% 243
\BOOKMARK [3][-]{subsubsection.8.27.2}{\376\377\000C\000o\000n\000s\000t\000r\000u\000c\000t\000o\000r\000\040\000\046\000\040\000D\000e\000s\000t\000r\000u\000c\000t\000o\000r\000\040\000D\000o\000c\000u\000m\000e\000n\000t\000a\000t\000i\000o\000n}{subsection.8.27}% 244
\BOOKMARK [3][-]{subsubsection.8.27.3}{\376\377\000M\000e\000m\000b\000e\000r\000\040\000F\000u\000n\000c\000t\000i\000o\000n\000\040\000D\000o\000c\000u\000m\000e\000n\000t\000a\000t\000i\000o\000n}{subsection.8.27}% 245
\BOOKMARK [3][-]{subsubsection.8.27.4}{\376\377\000M\000e\000m\000b\000e\000r\000\040\000D\000a\000t\000a\000\040\000D\000o\000c\000u\000m\000e\000n\000t\000a\000t\000i\000o\000n}{subsection.8.27}% 246
\BOOKMARK [2][-]{subsection.8.28}{\376\377\000f\000o\000r\000c\000e\000b\000a\000l\000a\000n\000c\000e\000.\000g\000m\000x\000i\000o\000.\000L\000i\000q\000u\000i\000d\000\137\000G\000M\000X\000\040\000C\000l\000a\000s\000s\000\040\000R\000e\000f\000e\000r\000e\000n\000c\000e}{section.8}% 247
\BOOKMARK [3][-]{subsubsection.8.28.1}{\376\377\000D\000e\000t\000a\000i\000l\000e\000d\000\040\000D\000e\000s\000c\000r\000i\000p\000t\000i\000o\000n}{subsection.8.28}% 248
\BOOKMARK [3][-]{subsubsection.8.28.2}{\376\377\000C\000o\000n\000s\000t\000r\000u\000c\000t\000o\000r\000\040\000\046\000\040\000D\000e\000s\000t\000r\000u\000c\000t\000o\000r\000\040\000D\000o\000c\000u\000m\000e\000n\000t\000a\000t\000i\000o\000n}{subsection.8.28}% 249
\BOOKMARK [3][-]{subsubsection.8.28.3}{\376\377\000M\000e\000m\000b\000e\000r\000\040\000F\000u\000n\000c\000t\000i\000o\000n\000\040\000D\000o\000c\000u\000m\000e\000n\000t\000a\000t\000i\000o\000n}{subsection.8.28}% 250
\BOOKMARK [3][-]{subsubsection.8.28.4}{\376\377\000M\000e\000m\000b\000e\000r\000\040\000D\000a\000t\000a\000\040\000D\000o\000c\000u\000m\000e\000n\000t\000a\000t\000i\000o\000n}{subsection.8.28}% 251
\BOOKMARK [2][-]{subsection.8.29}{\376\377\000f\000o\000r\000c\000e\000b\000a\000l\000a\000n\000c\000e\000.\000o\000p\000e\000n\000m\000m\000i\000o\000.\000L\000i\000q\000u\000i\000d\000\137\000O\000p\000e\000n\000M\000M\000\040\000C\000l\000a\000s\000s\000\040\000R\000e\000f\000e\000r\000e\000n\000c\000e}{section.8}% 252
\BOOKMARK [3][-]{subsubsection.8.29.1}{\376\377\000D\000e\000t\000a\000i\000l\000e\000d\000\040\000D\000e\000s\000c\000r\000i\000p\000t\000i\000o\000n}{subsection.8.29}% 253
\BOOKMARK [3][-]{subsubsection.8.29.2}{\376\377\000C\000o\000n\000s\000t\000r\000u\000c\000t\000o\000r\000\040\000\046\000\040\000D\000e\000s\000t\000r\000u\000c\000t\000o\000r\000\040\000D\000o\000c\000u\000m\000e\000n\000t\000a\000t\000i\000o\000n}{subsection.8.29}% 254
\BOOKMARK [3][-]{subsubsection.8.29.3}{\376\377\000M\000e\000m\000b\000e\000r\000\040\000F\000u\000n\000c\000t\000i\000o\000n\000\040\000D\000o\000c\000u\000m\000e\000n\000t\000a\000t\000i\000o\000n}{subsection.8.29}% 255
\BOOKMARK [3][-]{subsubsection.8.29.4}{\376\377\000M\000e\000m\000b\000e\000r\000\040\000D\000a\000t\000a\000\040\000D\000o\000c\000u\000m\000e\000n\000t\000a\000t\000i\000o\000n}{subsection.8.29}% 256
\BOOKMARK [2][-]{subsection.8.30}{\376\377\000f\000o\000r\000c\000e\000b\000a\000l\000a\000n\000c\000e\000.\000t\000i\000n\000k\000e\000r\000i\000o\000.\000L\000i\000q\000u\000i\000d\000\137\000T\000I\000N\000K\000E\000R\000\040\000C\000l\000a\000s\000s\000\040\000R\000e\000f\000e\000r\000e\000n\000c\000e}{section.8}% 257
\BOOKMARK [3][-]{subsubsection.8.30.1}{\376\377\000D\000e\000t\000a\000i\000l\000e\000d\000\040\000D\000e\000s\000c\000r\000i\000p\000t\000i\000o\000n}{subsection.8.30}% 258
\BOOKMARK [3][-]{subsubsection.8.30.2}{\376\377\000C\000o\000n\000s\000t\000r\000u\000c\000t\000o\000r\000\040\000\046\000\040\000D\000e\000s\000t\000r\000u\000c\000t\000o\000r\000\040\000D\000o\000c\000u\000m\000e\000n\000t\000a\000t\000i\000o\000n}{subsection.8.30}% 259
\BOOKMARK [3][-]{subsubsection.8.30.3}{\376\377\000M\000e\000m\000b\000e\000r\000\040\000F\000u\000n\000c\000t\000i\000o\000n\000\040\000D\000o\000c\000u\000m\000e\000n\000t\000a\000t\000i\000o\000n}{subsection.8.30}% 260
\BOOKMARK [3][-]{subsubsection.8.30.4}{\376\377\000M\000e\000m\000b\000e\000r\000\040\000D\000a\000t\000a\000\040\000D\000o\000c\000u\000m\000e\000n\000t\000a\000t\000i\000o\000n}{subsection.8.30}% 261
\BOOKMARK [2][-]{subsection.8.31}{\376\377\000f\000o\000r\000c\000e\000b\000a\000l\000a\000n\000c\000e\000.\000M\000o\000l\0002\000.\000m\000o\000l\0002\000\040\000C\000l\000a\000s\000s\000\040\000R\000e\000f\000e\000r\000e\000n\000c\000e}{section.8}% 262
\BOOKMARK [3][-]{subsubsection.8.31.1}{\376\377\000D\000e\000t\000a\000i\000l\000e\000d\000\040\000D\000e\000s\000c\000r\000i\000p\000t\000i\000o\000n}{subsection.8.31}% 263
\BOOKMARK [3][-]{subsubsection.8.31.2}{\376\377\000C\000o\000n\000s\000t\000r\000u\000c\000t\000o\000r\000\040\000\046\000\040\000D\000e\000s\000t\000r\000u\000c\000t\000o\000r\000\040\000D\000o\000c\000u\000m\000e\000n\000t\000a\000t\000i\000o\000n}{subsection.8.31}% 264
\BOOKMARK [3][-]{subsubsection.8.31.3}{\376\377\000M\000e\000m\000b\000e\000r\000\040\000F\000u\000n\000c\000t\000i\000o\000n\000\040\000D\000o\000c\000u\000m\000e\000n\000t\000a\000t\000i\000o\000n}{subsection.8.31}% 265
\BOOKMARK [3][-]{subsubsection.8.31.4}{\376\377\000M\000e\000m\000b\000e\000r\000\040\000D\000a\000t\000a\000\040\000D\000o\000c\000u\000m\000e\000n\000t\000a\000t\000i\000o\000n}{subsection.8.31}% 266
\BOOKMARK [2][-]{subsection.8.32}{\376\377\000f\000o\000r\000c\000e\000b\000a\000l\000a\000n\000c\000e\000.\000M\000o\000l\0002\000.\000m\000o\000l\0002\000\137\000a\000t\000o\000m\000\040\000C\000l\000a\000s\000s\000\040\000R\000e\000f\000e\000r\000e\000n\000c\000e}{section.8}% 267
\BOOKMARK [3][-]{subsubsection.8.32.1}{\376\377\000D\000e\000t\000a\000i\000l\000e\000d\000\040\000D\000e\000s\000c\000r\000i\000p\000t\000i\000o\000n}{subsection.8.32}% 268
\BOOKMARK [3][-]{subsubsection.8.32.2}{\376\377\000C\000o\000n\000s\000t\000r\000u\000c\000t\000o\000r\000\040\000\046\000\040\000D\000e\000s\000t\000r\000u\000c\000t\000o\000r\000\040\000D\000o\000c\000u\000m\000e\000n\000t\000a\000t\000i\000o\000n}{subsection.8.32}% 269
\BOOKMARK [3][-]{subsubsection.8.32.3}{\376\377\000M\000e\000m\000b\000e\000r\000\040\000F\000u\000n\000c\000t\000i\000o\000n\000\040\000D\000o\000c\000u\000m\000e\000n\000t\000a\000t\000i\000o\000n}{subsection.8.32}% 270
\BOOKMARK [3][-]{subsubsection.8.32.4}{\376\377\000M\000e\000m\000b\000e\000r\000\040\000D\000a\000t\000a\000\040\000D\000o\000c\000u\000m\000e\000n\000t\000a\000t\000i\000o\000n}{subsection.8.32}% 271
\BOOKMARK [2][-]{subsection.8.33}{\376\377\000f\000o\000r\000c\000e\000b\000a\000l\000a\000n\000c\000e\000.\000M\000o\000l\0002\000.\000m\000o\000l\0002\000\137\000b\000o\000n\000d\000\040\000C\000l\000a\000s\000s\000\040\000R\000e\000f\000e\000r\000e\000n\000c\000e}{section.8}% 272
\BOOKMARK [3][-]{subsubsection.8.33.1}{\376\377\000D\000e\000t\000a\000i\000l\000e\000d\000\040\000D\000e\000s\000c\000r\000i\000p\000t\000i\000o\000n}{subsection.8.33}% 273
\BOOKMARK [3][-]{subsubsection.8.33.2}{\376\377\000C\000o\000n\000s\000t\000r\000u\000c\000t\000o\000r\000\040\000\046\000\040\000D\000e\000s\000t\000r\000u\000c\000t\000o\000r\000\040\000D\000o\000c\000u\000m\000e\000n\000t\000a\000t\000i\000o\000n}{subsection.8.33}% 274
\BOOKMARK [3][-]{subsubsection.8.33.3}{\376\377\000M\000e\000m\000b\000e\000r\000\040\000F\000u\000n\000c\000t\000i\000o\000n\000\040\000D\000o\000c\000u\000m\000e\000n\000t\000a\000t\000i\000o\000n}{subsection.8.33}% 275
\BOOKMARK [3][-]{subsubsection.8.33.4}{\376\377\000M\000e\000m\000b\000e\000r\000\040\000D\000a\000t\000a\000\040\000D\000o\000c\000u\000m\000e\000n\000t\000a\000t\000i\000o\000n}{subsection.8.33}% 276
\BOOKMARK [2][-]{subsection.8.34}{\376\377\000f\000o\000r\000c\000e\000b\000a\000l\000a\000n\000c\000e\000.\000a\000m\000b\000e\000r\000i\000o\000.\000M\000o\000l\0002\000\137\000R\000e\000a\000d\000e\000r\000\040\000C\000l\000a\000s\000s\000\040\000R\000e\000f\000e\000r\000e\000n\000c\000e}{section.8}% 277
\BOOKMARK [3][-]{subsubsection.8.34.1}{\376\377\000D\000e\000t\000a\000i\000l\000e\000d\000\040\000D\000e\000s\000c\000r\000i\000p\000t\000i\000o\000n}{subsection.8.34}% 278
\BOOKMARK [3][-]{subsubsection.8.34.2}{\376\377\000C\000o\000n\000s\000t\000r\000u\000c\000t\000o\000r\000\040\000\046\000\040\000D\000e\000s\000t\000r\000u\000c\000t\000o\000r\000\040\000D\000o\000c\000u\000m\000e\000n\000t\000a\000t\000i\000o\000n}{subsection.8.34}% 279
\BOOKMARK [3][-]{subsubsection.8.34.3}{\376\377\000M\000e\000m\000b\000e\000r\000\040\000F\000u\000n\000c\000t\000i\000o\000n\000\040\000D\000o\000c\000u\000m\000e\000n\000t\000a\000t\000i\000o\000n}{subsection.8.34}% 280
\BOOKMARK [3][-]{subsubsection.8.34.4}{\376\377\000M\000e\000m\000b\000e\000r\000\040\000D\000a\000t\000a\000\040\000D\000o\000c\000u\000m\000e\000n\000t\000a\000t\000i\000o\000n}{subsection.8.34}% 281
\BOOKMARK [2][-]{subsection.8.35}{\376\377\000f\000o\000r\000c\000e\000b\000a\000l\000a\000n\000c\000e\000.\000m\000o\000l\0002\000i\000o\000.\000M\000o\000l\0002\000\137\000R\000e\000a\000d\000e\000r\000\040\000C\000l\000a\000s\000s\000\040\000R\000e\000f\000e\000r\000e\000n\000c\000e}{section.8}% 282
\BOOKMARK [3][-]{subsubsection.8.35.1}{\376\377\000D\000e\000t\000a\000i\000l\000e\000d\000\040\000D\000e\000s\000c\000r\000i\000p\000t\000i\000o\000n}{subsection.8.35}% 283
\BOOKMARK [3][-]{subsubsection.8.35.2}{\376\377\000C\000o\000n\000s\000t\000r\000u\000c\000t\000o\000r\000\040\000\046\000\040\000D\000e\000s\000t\000r\000u\000c\000t\000o\000r\000\040\000D\000o\000c\000u\000m\000e\000n\000t\000a\000t\000i\000o\000n}{subsection.8.35}% 284
\BOOKMARK [3][-]{subsubsection.8.35.3}{\376\377\000M\000e\000m\000b\000e\000r\000\040\000F\000u\000n\000c\000t\000i\000o\000n\000\040\000D\000o\000c\000u\000m\000e\000n\000t\000a\000t\000i\000o\000n}{subsection.8.35}% 285
\BOOKMARK [3][-]{subsubsection.8.35.4}{\376\377\000M\000e\000m\000b\000e\000r\000\040\000D\000a\000t\000a\000\040\000D\000o\000c\000u\000m\000e\000n\000t\000a\000t\000i\000o\000n}{subsection.8.35}% 286
\BOOKMARK [2][-]{subsection.8.36}{\376\377\000f\000o\000r\000c\000e\000b\000a\000l\000a\000n\000c\000e\000.\000M\000o\000l\0002\000.\000m\000o\000l\0002\000\137\000s\000e\000t\000\040\000C\000l\000a\000s\000s\000\040\000R\000e\000f\000e\000r\000e\000n\000c\000e}{section.8}% 287
\BOOKMARK [3][-]{subsubsection.8.36.1}{\376\377\000D\000e\000t\000a\000i\000l\000e\000d\000\040\000D\000e\000s\000c\000r\000i\000p\000t\000i\000o\000n}{subsection.8.36}% 288
\BOOKMARK [3][-]{subsubsection.8.36.2}{\376\377\000C\000o\000n\000s\000t\000r\000u\000c\000t\000o\000r\000\040\000\046\000\040\000D\000e\000s\000t\000r\000u\000c\000t\000o\000r\000\040\000D\000o\000c\000u\000m\000e\000n\000t\000a\000t\000i\000o\000n}{subsection.8.36}% 289
\BOOKMARK [3][-]{subsubsection.8.36.3}{\376\377\000M\000e\000m\000b\000e\000r\000\040\000F\000u\000n\000c\000t\000i\000o\000n\000\040\000D\000o\000c\000u\000m\000e\000n\000t\000a\000t\000i\000o\000n}{subsection.8.36}% 290
\BOOKMARK [3][-]{subsubsection.8.36.4}{\376\377\000M\000e\000m\000b\000e\000r\000\040\000D\000a\000t\000a\000\040\000D\000o\000c\000u\000m\000e\000n\000t\000a\000t\000i\000o\000n}{subsection.8.36}% 291
\BOOKMARK [2][-]{subsection.8.37}{\376\377\000f\000o\000r\000c\000e\000b\000a\000l\000a\000n\000c\000e\000.\000m\000o\000l\000e\000c\000u\000l\000e\000.\000M\000o\000l\000e\000c\000u\000l\000e\000\040\000C\000l\000a\000s\000s\000\040\000R\000e\000f\000e\000r\000e\000n\000c\000e}{section.8}% 292
\BOOKMARK [3][-]{subsubsection.8.37.1}{\376\377\000D\000e\000t\000a\000i\000l\000e\000d\000\040\000D\000e\000s\000c\000r\000i\000p\000t\000i\000o\000n}{subsection.8.37}% 293
\BOOKMARK [3][-]{subsubsection.8.37.2}{\376\377\000C\000o\000n\000s\000t\000r\000u\000c\000t\000o\000r\000\040\000\046\000\040\000D\000e\000s\000t\000r\000u\000c\000t\000o\000r\000\040\000D\000o\000c\000u\000m\000e\000n\000t\000a\000t\000i\000o\000n}{subsection.8.37}% 294
\BOOKMARK [3][-]{subsubsection.8.37.3}{\376\377\000M\000e\000m\000b\000e\000r\000\040\000F\000u\000n\000c\000t\000i\000o\000n\000\040\000D\000o\000c\000u\000m\000e\000n\000t\000a\000t\000i\000o\000n}{subsection.8.37}% 295
\BOOKMARK [3][-]{subsubsection.8.37.4}{\376\377\000M\000e\000m\000b\000e\000r\000\040\000D\000a\000t\000a\000\040\000D\000o\000c\000u\000m\000e\000n\000t\000a\000t\000i\000o\000n}{subsection.8.37}% 296
\BOOKMARK [2][-]{subsection.8.38}{\376\377\000f\000o\000r\000c\000e\000b\000a\000l\000a\000n\000c\000e\000.\000m\000o\000l\000e\000c\000u\000l\000e\000.\000M\000o\000l\000f\000i\000l\000e\000T\000i\000m\000e\000s\000t\000e\000p\000\040\000C\000l\000a\000s\000s\000\040\000R\000e\000f\000e\000r\000e\000n\000c\000e}{section.8}% 297
\BOOKMARK [3][-]{subsubsection.8.38.1}{\376\377\000D\000e\000t\000a\000i\000l\000e\000d\000\040\000D\000e\000s\000c\000r\000i\000p\000t\000i\000o\000n}{subsection.8.38}% 298
\BOOKMARK [2][-]{subsection.8.39}{\376\377\000f\000o\000r\000c\000e\000b\000a\000l\000a\000n\000c\000e\000.\000m\000o\000m\000e\000n\000t\000s\000.\000M\000o\000m\000e\000n\000t\000s\000\040\000C\000l\000a\000s\000s\000\040\000R\000e\000f\000e\000r\000e\000n\000c\000e}{section.8}% 299
\BOOKMARK [3][-]{subsubsection.8.39.1}{\376\377\000D\000e\000t\000a\000i\000l\000e\000d\000\040\000D\000e\000s\000c\000r\000i\000p\000t\000i\000o\000n}{subsection.8.39}% 300
\BOOKMARK [3][-]{subsubsection.8.39.2}{\376\377\000C\000o\000n\000s\000t\000r\000u\000c\000t\000o\000r\000\040\000\046\000\040\000D\000e\000s\000t\000r\000u\000c\000t\000o\000r\000\040\000D\000o\000c\000u\000m\000e\000n\000t\000a\000t\000i\000o\000n}{subsection.8.39}% 301
\BOOKMARK [3][-]{subsubsection.8.39.3}{\376\377\000M\000e\000m\000b\000e\000r\000\040\000F\000u\000n\000c\000t\000i\000o\000n\000\040\000D\000o\000c\000u\000m\000e\000n\000t\000a\000t\000i\000o\000n}{subsection.8.39}% 302
\BOOKMARK [3][-]{subsubsection.8.39.4}{\376\377\000M\000e\000m\000b\000e\000r\000\040\000D\000a\000t\000a\000\040\000D\000o\000c\000u\000m\000e\000n\000t\000a\000t\000i\000o\000n}{subsection.8.39}% 303
\BOOKMARK [2][-]{subsection.8.40}{\376\377\000f\000o\000r\000c\000e\000b\000a\000l\000a\000n\000c\000e\000.\000t\000i\000n\000k\000e\000r\000i\000o\000.\000M\000o\000m\000e\000n\000t\000s\000\137\000T\000I\000N\000K\000E\000R\000\040\000C\000l\000a\000s\000s\000\040\000R\000e\000f\000e\000r\000e\000n\000c\000e}{section.8}% 304
\BOOKMARK [3][-]{subsubsection.8.40.1}{\376\377\000D\000e\000t\000a\000i\000l\000e\000d\000\040\000D\000e\000s\000c\000r\000i\000p\000t\000i\000o\000n}{subsection.8.40}% 305
\BOOKMARK [3][-]{subsubsection.8.40.2}{\376\377\000C\000o\000n\000s\000t\000r\000u\000c\000t\000o\000r\000\040\000\046\000\040\000D\000e\000s\000t\000r\000u\000c\000t\000o\000r\000\040\000D\000o\000c\000u\000m\000e\000n\000t\000a\000t\000i\000o\000n}{subsection.8.40}% 306
\BOOKMARK [3][-]{subsubsection.8.40.3}{\376\377\000M\000e\000m\000b\000e\000r\000\040\000F\000u\000n\000c\000t\000i\000o\000n\000\040\000D\000o\000c\000u\000m\000e\000n\000t\000a\000t\000i\000o\000n}{subsection.8.40}% 307
\BOOKMARK [3][-]{subsubsection.8.40.4}{\376\377\000M\000e\000m\000b\000e\000r\000\040\000D\000a\000t\000a\000\040\000D\000o\000c\000u\000m\000e\000n\000t\000a\000t\000i\000o\000n}{subsection.8.40}% 308
\BOOKMARK [2][-]{subsection.8.41}{\376\377\000f\000o\000r\000c\000e\000b\000a\000l\000a\000n\000c\000e\000.\000g\000m\000x\000q\000p\000i\000o\000.\000M\000o\000n\000o\000m\000e\000r\000\137\000Q\000T\000P\000I\000E\000\040\000C\000l\000a\000s\000s\000\040\000R\000e\000f\000e\000r\000e\000n\000c\000e}{section.8}% 309
\BOOKMARK [3][-]{subsubsection.8.41.1}{\376\377\000D\000e\000t\000a\000i\000l\000e\000d\000\040\000D\000e\000s\000c\000r\000i\000p\000t\000i\000o\000n}{subsection.8.41}% 310
\BOOKMARK [3][-]{subsubsection.8.41.2}{\376\377\000C\000o\000n\000s\000t\000r\000u\000c\000t\000o\000r\000\040\000\046\000\040\000D\000e\000s\000t\000r\000u\000c\000t\000o\000r\000\040\000D\000o\000c\000u\000m\000e\000n\000t\000a\000t\000i\000o\000n}{subsection.8.41}% 311
\BOOKMARK [3][-]{subsubsection.8.41.3}{\376\377\000M\000e\000m\000b\000e\000r\000\040\000F\000u\000n\000c\000t\000i\000o\000n\000\040\000D\000o\000c\000u\000m\000e\000n\000t\000a\000t\000i\000o\000n}{subsection.8.41}% 312
\BOOKMARK [3][-]{subsubsection.8.41.4}{\376\377\000M\000e\000m\000b\000e\000r\000\040\000D\000a\000t\000a\000\040\000D\000o\000c\000u\000m\000e\000n\000t\000a\000t\000i\000o\000n}{subsection.8.41}% 313
\BOOKMARK [2][-]{subsection.8.42}{\376\377\000f\000o\000r\000c\000e\000b\000a\000l\000a\000n\000c\000e\000.\000o\000b\000j\000e\000c\000t\000i\000v\000e\000.\000O\000b\000j\000e\000c\000t\000i\000v\000e\000\040\000C\000l\000a\000s\000s\000\040\000R\000e\000f\000e\000r\000e\000n\000c\000e}{section.8}% 314
\BOOKMARK [3][-]{subsubsection.8.42.1}{\376\377\000D\000e\000t\000a\000i\000l\000e\000d\000\040\000D\000e\000s\000c\000r\000i\000p\000t\000i\000o\000n}{subsection.8.42}% 315
\BOOKMARK [3][-]{subsubsection.8.42.2}{\376\377\000C\000o\000n\000s\000t\000r\000u\000c\000t\000o\000r\000\040\000\046\000\040\000D\000e\000s\000t\000r\000u\000c\000t\000o\000r\000\040\000D\000o\000c\000u\000m\000e\000n\000t\000a\000t\000i\000o\000n}{subsection.8.42}% 316
\BOOKMARK [3][-]{subsubsection.8.42.3}{\376\377\000M\000e\000m\000b\000e\000r\000\040\000F\000u\000n\000c\000t\000i\000o\000n\000\040\000D\000o\000c\000u\000m\000e\000n\000t\000a\000t\000i\000o\000n}{subsection.8.42}% 317
\BOOKMARK [3][-]{subsubsection.8.42.4}{\376\377\000M\000e\000m\000b\000e\000r\000\040\000D\000a\000t\000a\000\040\000D\000o\000c\000u\000m\000e\000n\000t\000a\000t\000i\000o\000n}{subsection.8.42}% 318
\BOOKMARK [2][-]{subsection.8.43}{\376\377\000f\000o\000r\000c\000e\000b\000a\000l\000a\000n\000c\000e\000.\000o\000p\000e\000n\000m\000m\000i\000o\000.\000O\000p\000e\000n\000M\000M\000\137\000R\000e\000a\000d\000e\000r\000\040\000C\000l\000a\000s\000s\000\040\000R\000e\000f\000e\000r\000e\000n\000c\000e}{section.8}% 319
\BOOKMARK [3][-]{subsubsection.8.43.1}{\376\377\000D\000e\000t\000a\000i\000l\000e\000d\000\040\000D\000e\000s\000c\000r\000i\000p\000t\000i\000o\000n}{subsection.8.43}% 320
\BOOKMARK [3][-]{subsubsection.8.43.2}{\376\377\000C\000o\000n\000s\000t\000r\000u\000c\000t\000o\000r\000\040\000\046\000\040\000D\000e\000s\000t\000r\000u\000c\000t\000o\000r\000\040\000D\000o\000c\000u\000m\000e\000n\000t\000a\000t\000i\000o\000n}{subsection.8.43}% 321
\BOOKMARK [3][-]{subsubsection.8.43.3}{\376\377\000M\000e\000m\000b\000e\000r\000\040\000F\000u\000n\000c\000t\000i\000o\000n\000\040\000D\000o\000c\000u\000m\000e\000n\000t\000a\000t\000i\000o\000n}{subsection.8.43}% 322
\BOOKMARK [3][-]{subsubsection.8.43.4}{\376\377\000M\000e\000m\000b\000e\000r\000\040\000D\000a\000t\000a\000\040\000D\000o\000c\000u\000m\000e\000n\000t\000a\000t\000i\000o\000n}{subsection.8.43}% 323
\BOOKMARK [2][-]{subsection.8.44}{\376\377\000f\000o\000r\000c\000e\000b\000a\000l\000a\000n\000c\000e\000.\000o\000p\000t\000i\000m\000i\000z\000e\000r\000.\000O\000p\000t\000i\000m\000i\000z\000e\000r\000\040\000C\000l\000a\000s\000s\000\040\000R\000e\000f\000e\000r\000e\000n\000c\000e}{section.8}% 324
\BOOKMARK [3][-]{subsubsection.8.44.1}{\376\377\000D\000e\000t\000a\000i\000l\000e\000d\000\040\000D\000e\000s\000c\000r\000i\000p\000t\000i\000o\000n}{subsection.8.44}% 325
\BOOKMARK [3][-]{subsubsection.8.44.2}{\376\377\000C\000o\000n\000s\000t\000r\000u\000c\000t\000o\000r\000\040\000\046\000\040\000D\000e\000s\000t\000r\000u\000c\000t\000o\000r\000\040\000D\000o\000c\000u\000m\000e\000n\000t\000a\000t\000i\000o\000n}{subsection.8.44}% 326
\BOOKMARK [3][-]{subsubsection.8.44.3}{\376\377\000M\000e\000m\000b\000e\000r\000\040\000F\000u\000n\000c\000t\000i\000o\000n\000\040\000D\000o\000c\000u\000m\000e\000n\000t\000a\000t\000i\000o\000n}{subsection.8.44}% 327
\BOOKMARK [3][-]{subsubsection.8.44.4}{\376\377\000M\000e\000m\000b\000e\000r\000\040\000D\000a\000t\000a\000\040\000D\000o\000c\000u\000m\000e\000n\000t\000a\000t\000i\000o\000n}{subsection.8.44}% 328
\BOOKMARK [2][-]{subsection.8.45}{\376\377\000f\000o\000r\000c\000e\000b\000a\000l\000a\000n\000c\000e\000.\000o\000b\000j\000e\000c\000t\000i\000v\000e\000.\000P\000e\000n\000a\000l\000t\000y\000\040\000C\000l\000a\000s\000s\000\040\000R\000e\000f\000e\000r\000e\000n\000c\000e}{section.8}% 329
\BOOKMARK [3][-]{subsubsection.8.45.1}{\376\377\000D\000e\000t\000a\000i\000l\000e\000d\000\040\000D\000e\000s\000c\000r\000i\000p\000t\000i\000o\000n}{subsection.8.45}% 330
\BOOKMARK [3][-]{subsubsection.8.45.2}{\376\377\000C\000o\000n\000s\000t\000r\000u\000c\000t\000o\000r\000\040\000\046\000\040\000D\000e\000s\000t\000r\000u\000c\000t\000o\000r\000\040\000D\000o\000c\000u\000m\000e\000n\000t\000a\000t\000i\000o\000n}{subsection.8.45}% 331
\BOOKMARK [3][-]{subsubsection.8.45.3}{\376\377\000M\000e\000m\000b\000e\000r\000\040\000F\000u\000n\000c\000t\000i\000o\000n\000\040\000D\000o\000c\000u\000m\000e\000n\000t\000a\000t\000i\000o\000n}{subsection.8.45}% 332
\BOOKMARK [3][-]{subsubsection.8.45.4}{\376\377\000M\000e\000m\000b\000e\000r\000\040\000D\000a\000t\000a\000\040\000D\000o\000c\000u\000m\000e\000n\000t\000a\000t\000i\000o\000n}{subsection.8.45}% 333
\BOOKMARK [2][-]{subsection.8.46}{\376\377\000f\000o\000r\000c\000e\000b\000a\000l\000a\000n\000c\000e\000.\000n\000i\000f\000t\000y\000.\000P\000i\000c\000k\000l\000e\000r\000\137\000L\000P\000\040\000C\000l\000a\000s\000s\000\040\000R\000e\000f\000e\000r\000e\000n\000c\000e}{section.8}% 334
\BOOKMARK [3][-]{subsubsection.8.46.1}{\376\377\000D\000e\000t\000a\000i\000l\000e\000d\000\040\000D\000e\000s\000c\000r\000i\000p\000t\000i\000o\000n}{subsection.8.46}% 335
\BOOKMARK [3][-]{subsubsection.8.46.2}{\376\377\000C\000o\000n\000s\000t\000r\000u\000c\000t\000o\000r\000\040\000\046\000\040\000D\000e\000s\000t\000r\000u\000c\000t\000o\000r\000\040\000D\000o\000c\000u\000m\000e\000n\000t\000a\000t\000i\000o\000n}{subsection.8.46}% 336
\BOOKMARK [2][-]{subsection.8.47}{\376\377\000f\000o\000r\000c\000e\000b\000a\000l\000a\000n\000c\000e\000.\000q\000c\000h\000e\000m\000i\000o\000.\000Q\000C\000I\000n\000\137\000R\000e\000a\000d\000e\000r\000\040\000C\000l\000a\000s\000s\000\040\000R\000e\000f\000e\000r\000e\000n\000c\000e}{section.8}% 337
\BOOKMARK [3][-]{subsubsection.8.47.1}{\376\377\000D\000e\000t\000a\000i\000l\000e\000d\000\040\000D\000e\000s\000c\000r\000i\000p\000t\000i\000o\000n}{subsection.8.47}% 338
\BOOKMARK [3][-]{subsubsection.8.47.2}{\376\377\000C\000o\000n\000s\000t\000r\000u\000c\000t\000o\000r\000\040\000\046\000\040\000D\000e\000s\000t\000r\000u\000c\000t\000o\000r\000\040\000D\000o\000c\000u\000m\000e\000n\000t\000a\000t\000i\000o\000n}{subsection.8.47}% 339
\BOOKMARK [3][-]{subsubsection.8.47.3}{\376\377\000M\000e\000m\000b\000e\000r\000\040\000F\000u\000n\000c\000t\000i\000o\000n\000\040\000D\000o\000c\000u\000m\000e\000n\000t\000a\000t\000i\000o\000n}{subsection.8.47}% 340
\BOOKMARK [3][-]{subsubsection.8.47.4}{\376\377\000M\000e\000m\000b\000e\000r\000\040\000D\000a\000t\000a\000\040\000D\000o\000c\000u\000m\000e\000n\000t\000a\000t\000i\000o\000n}{subsection.8.47}% 341
\BOOKMARK [2][-]{subsection.8.48}{\376\377\000f\000o\000r\000c\000e\000b\000a\000l\000a\000n\000c\000e\000.\000o\000u\000t\000p\000u\000t\000.\000R\000a\000w\000F\000i\000l\000e\000H\000a\000n\000d\000l\000e\000r\000\040\000C\000l\000a\000s\000s\000\040\000R\000e\000f\000e\000r\000e\000n\000c\000e}{section.8}% 342
\BOOKMARK [3][-]{subsubsection.8.48.1}{\376\377\000D\000e\000t\000a\000i\000l\000e\000d\000\040\000D\000e\000s\000c\000r\000i\000p\000t\000i\000o\000n}{subsection.8.48}% 343
\BOOKMARK [3][-]{subsubsection.8.48.2}{\376\377\000M\000e\000m\000b\000e\000r\000\040\000F\000u\000n\000c\000t\000i\000o\000n\000\040\000D\000o\000c\000u\000m\000e\000n\000t\000a\000t\000i\000o\000n}{subsection.8.48}% 344
\BOOKMARK [2][-]{subsection.8.49}{\376\377\000f\000o\000r\000c\000e\000b\000a\000l\000a\000n\000c\000e\000.\000o\000u\000t\000p\000u\000t\000.\000R\000a\000w\000S\000t\000r\000e\000a\000m\000H\000a\000n\000d\000l\000e\000r\000\040\000C\000l\000a\000s\000s\000\040\000R\000e\000f\000e\000r\000e\000n\000c\000e}{section.8}% 345
\BOOKMARK [3][-]{subsubsection.8.49.1}{\376\377\000D\000e\000t\000a\000i\000l\000e\000d\000\040\000D\000e\000s\000c\000r\000i\000p\000t\000i\000o\000n}{subsection.8.49}% 346
\BOOKMARK [3][-]{subsubsection.8.49.2}{\376\377\000C\000o\000n\000s\000t\000r\000u\000c\000t\000o\000r\000\040\000\046\000\040\000D\000e\000s\000t\000r\000u\000c\000t\000o\000r\000\040\000D\000o\000c\000u\000m\000e\000n\000t\000a\000t\000i\000o\000n}{subsection.8.49}% 347
\BOOKMARK [3][-]{subsubsection.8.49.3}{\376\377\000M\000e\000m\000b\000e\000r\000\040\000F\000u\000n\000c\000t\000i\000o\000n\000\040\000D\000o\000c\000u\000m\000e\000n\000t\000a\000t\000i\000o\000n}{subsection.8.49}% 348
\BOOKMARK [2][-]{subsection.8.50}{\376\377\000f\000o\000r\000c\000e\000b\000a\000l\000a\000n\000c\000e\000.\000p\000s\000i\0004\000i\000o\000.\000R\000D\000V\000R\0003\000\137\000P\000s\000i\0004\000\040\000C\000l\000a\000s\000s\000\040\000R\000e\000f\000e\000r\000e\000n\000c\000e}{section.8}% 349
\BOOKMARK [3][-]{subsubsection.8.50.1}{\376\377\000D\000e\000t\000a\000i\000l\000e\000d\000\040\000D\000e\000s\000c\000r\000i\000p\000t\000i\000o\000n}{subsection.8.50}% 350
\BOOKMARK [3][-]{subsubsection.8.50.2}{\376\377\000C\000o\000n\000s\000t\000r\000u\000c\000t\000o\000r\000\040\000\046\000\040\000D\000e\000s\000t\000r\000u\000c\000t\000o\000r\000\040\000D\000o\000c\000u\000m\000e\000n\000t\000a\000t\000i\000o\000n}{subsection.8.50}% 351
\BOOKMARK [3][-]{subsubsection.8.50.3}{\376\377\000M\000e\000m\000b\000e\000r\000\040\000F\000u\000n\000c\000t\000i\000o\000n\000\040\000D\000o\000c\000u\000m\000e\000n\000t\000a\000t\000i\000o\000n}{subsection.8.50}% 352
\BOOKMARK [3][-]{subsubsection.8.50.4}{\376\377\000M\000e\000m\000b\000e\000r\000\040\000D\000a\000t\000a\000\040\000D\000o\000c\000u\000m\000e\000n\000t\000a\000t\000i\000o\000n}{subsection.8.50}% 353
\BOOKMARK [2][-]{subsection.8.51}{\376\377\000f\000o\000r\000c\000e\000b\000a\000l\000a\000n\000c\000e\000.\000t\000a\000r\000g\000e\000t\000.\000R\000e\000m\000o\000t\000e\000T\000a\000r\000g\000e\000t\000\040\000C\000l\000a\000s\000s\000\040\000R\000e\000f\000e\000r\000e\000n\000c\000e}{section.8}% 354
\BOOKMARK [3][-]{subsubsection.8.51.1}{\376\377\000D\000e\000t\000a\000i\000l\000e\000d\000\040\000D\000e\000s\000c\000r\000i\000p\000t\000i\000o\000n}{subsection.8.51}% 355
\BOOKMARK [3][-]{subsubsection.8.51.2}{\376\377\000C\000o\000n\000s\000t\000r\000u\000c\000t\000o\000r\000\040\000\046\000\040\000D\000e\000s\000t\000r\000u\000c\000t\000o\000r\000\040\000D\000o\000c\000u\000m\000e\000n\000t\000a\000t\000i\000o\000n}{subsection.8.51}% 356
\BOOKMARK [3][-]{subsubsection.8.51.3}{\376\377\000M\000e\000m\000b\000e\000r\000\040\000F\000u\000n\000c\000t\000i\000o\000n\000\040\000D\000o\000c\000u\000m\000e\000n\000t\000a\000t\000i\000o\000n}{subsection.8.51}% 357
\BOOKMARK [3][-]{subsubsection.8.51.4}{\376\377\000M\000e\000m\000b\000e\000r\000\040\000D\000a\000t\000a\000\040\000D\000o\000c\000u\000m\000e\000n\000t\000a\000t\000i\000o\000n}{subsection.8.51}% 358
\BOOKMARK [2][-]{subsection.8.52}{\376\377\000f\000o\000r\000c\000e\000b\000a\000l\000a\000n\000c\000e\000.\000t\000a\000r\000g\000e\000t\000.\000T\000a\000r\000g\000e\000t\000\040\000C\000l\000a\000s\000s\000\040\000R\000e\000f\000e\000r\000e\000n\000c\000e}{section.8}% 359
\BOOKMARK [3][-]{subsubsection.8.52.1}{\376\377\000D\000e\000t\000a\000i\000l\000e\000d\000\040\000D\000e\000s\000c\000r\000i\000p\000t\000i\000o\000n}{subsection.8.52}% 360
\BOOKMARK [3][-]{subsubsection.8.52.2}{\376\377\000C\000o\000n\000s\000t\000r\000u\000c\000t\000o\000r\000\040\000\046\000\040\000D\000e\000s\000t\000r\000u\000c\000t\000o\000r\000\040\000D\000o\000c\000u\000m\000e\000n\000t\000a\000t\000i\000o\000n}{subsection.8.52}% 361
\BOOKMARK [3][-]{subsubsection.8.52.3}{\376\377\000M\000e\000m\000b\000e\000r\000\040\000F\000u\000n\000c\000t\000i\000o\000n\000\040\000D\000o\000c\000u\000m\000e\000n\000t\000a\000t\000i\000o\000n}{subsection.8.52}% 362
\BOOKMARK [3][-]{subsubsection.8.52.4}{\376\377\000M\000e\000m\000b\000e\000r\000\040\000D\000a\000t\000a\000\040\000D\000o\000c\000u\000m\000e\000n\000t\000a\000t\000i\000o\000n}{subsection.8.52}% 363
\BOOKMARK [2][-]{subsection.8.53}{\376\377\000f\000o\000r\000c\000e\000b\000a\000l\000a\000n\000c\000e\000.\000p\000s\000i\0004\000i\000o\000.\000T\000H\000C\000D\000F\000\137\000P\000s\000i\0004\000\040\000C\000l\000a\000s\000s\000\040\000R\000e\000f\000e\000r\000e\000n\000c\000e}{section.8}% 364
\BOOKMARK [3][-]{subsubsection.8.53.1}{\376\377\000D\000e\000t\000a\000i\000l\000e\000d\000\040\000D\000e\000s\000c\000r\000i\000p\000t\000i\000o\000n}{subsection.8.53}% 365
\BOOKMARK [3][-]{subsubsection.8.53.2}{\376\377\000C\000o\000n\000s\000t\000r\000u\000c\000t\000o\000r\000\040\000\046\000\040\000D\000e\000s\000t\000r\000u\000c\000t\000o\000r\000\040\000D\000o\000c\000u\000m\000e\000n\000t\000a\000t\000i\000o\000n}{subsection.8.53}% 366
\BOOKMARK [3][-]{subsubsection.8.53.3}{\376\377\000M\000e\000m\000b\000e\000r\000\040\000F\000u\000n\000c\000t\000i\000o\000n\000\040\000D\000o\000c\000u\000m\000e\000n\000t\000a\000t\000i\000o\000n}{subsection.8.53}% 367
\BOOKMARK [3][-]{subsubsection.8.53.4}{\376\377\000M\000e\000m\000b\000e\000r\000\040\000D\000a\000t\000a\000\040\000D\000o\000c\000u\000m\000e\000n\000t\000a\000t\000i\000o\000n}{subsection.8.53}% 368
\BOOKMARK [2][-]{subsection.8.54}{\376\377\000f\000o\000r\000c\000e\000b\000a\000l\000a\000n\000c\000e\000.\000t\000i\000n\000k\000e\000r\000i\000o\000.\000T\000i\000n\000k\000e\000r\000\137\000R\000e\000a\000d\000e\000r\000\040\000C\000l\000a\000s\000s\000\040\000R\000e\000f\000e\000r\000e\000n\000c\000e}{section.8}% 369
\BOOKMARK [3][-]{subsubsection.8.54.1}{\376\377\000D\000e\000t\000a\000i\000l\000e\000d\000\040\000D\000e\000s\000c\000r\000i\000p\000t\000i\000o\000n}{subsection.8.54}% 370
\BOOKMARK [3][-]{subsubsection.8.54.2}{\376\377\000C\000o\000n\000s\000t\000r\000u\000c\000t\000o\000r\000\040\000\046\000\040\000D\000e\000s\000t\000r\000u\000c\000t\000o\000r\000\040\000D\000o\000c\000u\000m\000e\000n\000t\000a\000t\000i\000o\000n}{subsection.8.54}% 371
\BOOKMARK [3][-]{subsubsection.8.54.3}{\376\377\000M\000e\000m\000b\000e\000r\000\040\000F\000u\000n\000c\000t\000i\000o\000n\000\040\000D\000o\000c\000u\000m\000e\000n\000t\000a\000t\000i\000o\000n}{subsection.8.54}% 372
\BOOKMARK [3][-]{subsubsection.8.54.4}{\376\377\000M\000e\000m\000b\000e\000r\000\040\000D\000a\000t\000a\000\040\000D\000o\000c\000u\000m\000e\000n\000t\000a\000t\000i\000o\000n}{subsection.8.54}% 373
\BOOKMARK [2][-]{subsection.8.55}{\376\377\000f\000o\000r\000c\000e\000b\000a\000l\000a\000n\000c\000e\000.\000n\000i\000f\000t\000y\000.\000U\000n\000p\000i\000c\000k\000l\000e\000r\000\137\000L\000P\000\040\000C\000l\000a\000s\000s\000\040\000R\000e\000f\000e\000r\000e\000n\000c\000e}{section.8}% 374
\BOOKMARK [3][-]{subsubsection.8.55.1}{\376\377\000D\000e\000t\000a\000i\000l\000e\000d\000\040\000D\000e\000s\000c\000r\000i\000p\000t\000i\000o\000n}{subsection.8.55}% 375
\BOOKMARK [3][-]{subsubsection.8.55.2}{\376\377\000C\000o\000n\000s\000t\000r\000u\000c\000t\000o\000r\000\040\000\046\000\040\000D\000e\000s\000t\000r\000u\000c\000t\000o\000r\000\040\000D\000o\000c\000u\000m\000e\000n\000t\000a\000t\000i\000o\000n}{subsection.8.55}% 376
\BOOKMARK [2][-]{subsection.8.56}{\376\377\000f\000o\000r\000c\000e\000b\000a\000l\000a\000n\000c\000e\000.\000v\000i\000b\000r\000a\000t\000i\000o\000n\000.\000V\000i\000b\000r\000a\000t\000i\000o\000n\000\040\000C\000l\000a\000s\000s\000\040\000R\000e\000f\000e\000r\000e\000n\000c\000e}{section.8}% 377
\BOOKMARK [3][-]{subsubsection.8.56.1}{\376\377\000D\000e\000t\000a\000i\000l\000e\000d\000\040\000D\000e\000s\000c\000r\000i\000p\000t\000i\000o\000n}{subsection.8.56}% 378
\BOOKMARK [3][-]{subsubsection.8.56.2}{\376\377\000C\000o\000n\000s\000t\000r\000u\000c\000t\000o\000r\000\040\000\046\000\040\000D\000e\000s\000t\000r\000u\000c\000t\000o\000r\000\040\000D\000o\000c\000u\000m\000e\000n\000t\000a\000t\000i\000o\000n}{subsection.8.56}% 379
\BOOKMARK [3][-]{subsubsection.8.56.3}{\376\377\000M\000e\000m\000b\000e\000r\000\040\000F\000u\000n\000c\000t\000i\000o\000n\000\040\000D\000o\000c\000u\000m\000e\000n\000t\000a\000t\000i\000o\000n}{subsection.8.56}% 380
\BOOKMARK [3][-]{subsubsection.8.56.4}{\376\377\000M\000e\000m\000b\000e\000r\000\040\000D\000a\000t\000a\000\040\000D\000o\000c\000u\000m\000e\000n\000t\000a\000t\000i\000o\000n}{subsection.8.56}% 381
\BOOKMARK [2][-]{subsection.8.57}{\376\377\000f\000o\000r\000c\000e\000b\000a\000l\000a\000n\000c\000e\000.\000t\000i\000n\000k\000e\000r\000i\000o\000.\000V\000i\000b\000r\000a\000t\000i\000o\000n\000\137\000T\000I\000N\000K\000E\000R\000\040\000C\000l\000a\000s\000s\000\040\000R\000e\000f\000e\000r\000e\000n\000c\000e}{section.8}% 382
\BOOKMARK [3][-]{subsubsection.8.57.1}{\376\377\000D\000e\000t\000a\000i\000l\000e\000d\000\040\000D\000e\000s\000c\000r\000i\000p\000t\000i\000o\000n}{subsection.8.57}% 383
\BOOKMARK [3][-]{subsubsection.8.57.2}{\376\377\000C\000o\000n\000s\000t\000r\000u\000c\000t\000o\000r\000\040\000\046\000\040\000D\000e\000s\000t\000r\000u\000c\000t\000o\000r\000\040\000D\000o\000c\000u\000m\000e\000n\000t\000a\000t\000i\000o\000n}{subsection.8.57}% 384
\BOOKMARK [3][-]{subsubsection.8.57.3}{\376\377\000M\000e\000m\000b\000e\000r\000\040\000F\000u\000n\000c\000t\000i\000o\000n\000\040\000D\000o\000c\000u\000m\000e\000n\000t\000a\000t\000i\000o\000n}{subsection.8.57}% 385
\BOOKMARK [1][-]{section.9}{\376\377\000F\000i\000l\000e\000\040\000D\000o\000c\000u\000m\000e\000n\000t\000a\000t\000i\000o\000n}{}% 386
\BOOKMARK [2][-]{subsection.9.1}{\376\377\000\137\000\137\000i\000n\000i\000t\000\137\000\137\000.\000p\000y\000\040\000F\000i\000l\000e\000\040\000R\000e\000f\000e\000r\000e\000n\000c\000e}{section.9}% 387
\BOOKMARK [2][-]{subsection.9.2}{\376\377\000a\000b\000i\000n\000i\000t\000i\000o\000.\000p\000y\000\040\000F\000i\000l\000e\000\040\000R\000e\000f\000e\000r\000e\000n\000c\000e}{section.9}% 388
\BOOKMARK [2][-]{subsection.9.3}{\376\377\000a\000b\000i\000n\000i\000t\000i\000o\000\137\000i\000n\000t\000e\000r\000n\000a\000l\000.\000p\000y\000\040\000F\000i\000l\000e\000\040\000R\000e\000f\000e\000r\000e\000n\000c\000e}{section.9}% 389
\BOOKMARK [2][-]{subsection.9.4}{\376\377\000a\000m\000b\000e\000r\000i\000o\000.\000p\000y\000\040\000F\000i\000l\000e\000\040\000R\000e\000f\000e\000r\000e\000n\000c\000e}{section.9}% 390
\BOOKMARK [2][-]{subsection.9.5}{\376\377\000a\000p\000i\000.\000d\000o\000x\000\040\000F\000i\000l\000e\000\040\000R\000e\000f\000e\000r\000e\000n\000c\000e}{section.9}% 391
\BOOKMARK [2][-]{subsection.9.6}{\376\377\000b\000i\000n\000d\000i\000n\000g\000.\000p\000y\000\040\000F\000i\000l\000e\000\040\000R\000e\000f\000e\000r\000e\000n\000c\000e}{section.9}% 392
\BOOKMARK [2][-]{subsection.9.7}{\376\377\000c\000h\000e\000m\000i\000s\000t\000r\000y\000.\000p\000y\000\040\000F\000i\000l\000e\000\040\000R\000e\000f\000e\000r\000e\000n\000c\000e}{section.9}% 393
\BOOKMARK [2][-]{subsection.9.8}{\376\377\000c\000o\000n\000t\000a\000c\000t\000.\000p\000y\000\040\000F\000i\000l\000e\000\040\000R\000e\000f\000e\000r\000e\000n\000c\000e}{section.9}% 394
\BOOKMARK [2][-]{subsection.9.9}{\376\377\000c\000o\000u\000n\000t\000e\000r\000p\000o\000i\000s\000e\000.\000p\000y\000\040\000F\000i\000l\000e\000\040\000R\000e\000f\000e\000r\000e\000n\000c\000e}{section.9}% 395
\BOOKMARK [2][-]{subsection.9.10}{\376\377\000c\000u\000s\000t\000o\000m\000\137\000i\000o\000.\000p\000y\000\040\000F\000i\000l\000e\000\040\000R\000e\000f\000e\000r\000e\000n\000c\000e}{section.9}% 396
\BOOKMARK [2][-]{subsection.9.11}{\376\377\000f\000i\000n\000i\000t\000e\000\137\000d\000i\000f\000f\000e\000r\000e\000n\000c\000e\000.\000p\000y\000\040\000F\000i\000l\000e\000\040\000R\000e\000f\000e\000r\000e\000n\000c\000e}{section.9}% 397
\BOOKMARK [2][-]{subsection.9.12}{\376\377\000f\000o\000r\000c\000e\000f\000i\000e\000l\000d\000.\000p\000y\000\040\000F\000i\000l\000e\000\040\000R\000e\000f\000e\000r\000e\000n\000c\000e}{section.9}% 398
\BOOKMARK [2][-]{subsection.9.13}{\376\377\000g\000m\000x\000i\000o\000.\000p\000y\000\040\000F\000i\000l\000e\000\040\000R\000e\000f\000e\000r\000e\000n\000c\000e}{section.9}% 399
\BOOKMARK [2][-]{subsection.9.14}{\376\377\000g\000m\000x\000q\000p\000i\000o\000.\000p\000y\000\040\000F\000i\000l\000e\000\040\000R\000e\000f\000e\000r\000e\000n\000c\000e}{section.9}% 400
\BOOKMARK [2][-]{subsection.9.15}{\376\377\000i\000n\000t\000e\000r\000a\000c\000t\000i\000o\000n\000.\000p\000y\000\040\000F\000i\000l\000e\000\040\000R\000e\000f\000e\000r\000e\000n\000c\000e}{section.9}% 401
\BOOKMARK [2][-]{subsection.9.16}{\376\377\000l\000e\000a\000s\000t\000s\000q\000.\000p\000y\000\040\000F\000i\000l\000e\000\040\000R\000e\000f\000e\000r\000e\000n\000c\000e}{section.9}% 402
\BOOKMARK [2][-]{subsection.9.17}{\376\377\000l\000i\000q\000u\000i\000d\000.\000p\000y\000\040\000F\000i\000l\000e\000\040\000R\000e\000f\000e\000r\000e\000n\000c\000e}{section.9}% 403
\BOOKMARK [2][-]{subsection.9.18}{\376\377\000M\000o\000l\0002\000.\000p\000y\000\040\000F\000i\000l\000e\000\040\000R\000e\000f\000e\000r\000e\000n\000c\000e}{section.9}% 404
\BOOKMARK [2][-]{subsection.9.19}{\376\377\000m\000o\000l\0002\000i\000o\000.\000p\000y\000\040\000F\000i\000l\000e\000\040\000R\000e\000f\000e\000r\000e\000n\000c\000e}{section.9}% 405
\BOOKMARK [2][-]{subsection.9.20}{\376\377\000m\000o\000l\000e\000c\000u\000l\000e\000.\000p\000y\000\040\000F\000i\000l\000e\000\040\000R\000e\000f\000e\000r\000e\000n\000c\000e}{section.9}% 406
\BOOKMARK [2][-]{subsection.9.21}{\376\377\000m\000o\000m\000e\000n\000t\000s\000.\000p\000y\000\040\000F\000i\000l\000e\000\040\000R\000e\000f\000e\000r\000e\000n\000c\000e}{section.9}% 407
\BOOKMARK [2][-]{subsection.9.22}{\376\377\000n\000i\000f\000t\000y\000.\000p\000y\000\040\000F\000i\000l\000e\000\040\000R\000e\000f\000e\000r\000e\000n\000c\000e}{section.9}% 408
\BOOKMARK [2][-]{subsection.9.23}{\376\377\000o\000b\000j\000e\000c\000t\000i\000v\000e\000.\000p\000y\000\040\000F\000i\000l\000e\000\040\000R\000e\000f\000e\000r\000e\000n\000c\000e}{section.9}% 409
\BOOKMARK [2][-]{subsection.9.24}{\376\377\000o\000p\000e\000n\000m\000m\000i\000o\000.\000p\000y\000\040\000F\000i\000l\000e\000\040\000R\000e\000f\000e\000r\000e\000n\000c\000e}{section.9}% 410
\BOOKMARK [2][-]{subsection.9.25}{\376\377\000o\000p\000t\000i\000m\000i\000z\000e\000r\000.\000p\000y\000\040\000F\000i\000l\000e\000\040\000R\000e\000f\000e\000r\000e\000n\000c\000e}{section.9}% 411
\BOOKMARK [2][-]{subsection.9.26}{\376\377\000o\000u\000t\000p\000u\000t\000.\000p\000y\000\040\000F\000i\000l\000e\000\040\000R\000e\000f\000e\000r\000e\000n\000c\000e}{section.9}% 412
\BOOKMARK [2][-]{subsection.9.27}{\376\377\000p\000a\000r\000s\000e\000r\000.\000p\000y\000\040\000F\000i\000l\000e\000\040\000R\000e\000f\000e\000r\000e\000n\000c\000e}{section.9}% 413
\BOOKMARK [2][-]{subsection.9.28}{\376\377\000p\000s\000i\0004\000i\000o\000.\000p\000y\000\040\000F\000i\000l\000e\000\040\000R\000e\000f\000e\000r\000e\000n\000c\000e}{section.9}% 414
\BOOKMARK [2][-]{subsection.9.29}{\376\377\000P\000T\000.\000p\000y\000\040\000F\000i\000l\000e\000\040\000R\000e\000f\000e\000r\000e\000n\000c\000e}{section.9}% 415
\BOOKMARK [2][-]{subsection.9.30}{\376\377\000q\000c\000h\000e\000m\000i\000o\000.\000p\000y\000\040\000F\000i\000l\000e\000\040\000R\000e\000f\000e\000r\000e\000n\000c\000e}{section.9}% 416
\BOOKMARK [2][-]{subsection.9.31}{\376\377\000t\000a\000r\000g\000e\000t\000.\000p\000y\000\040\000F\000i\000l\000e\000\040\000R\000e\000f\000e\000r\000e\000n\000c\000e}{section.9}% 417
\BOOKMARK [2][-]{subsection.9.32}{\376\377\000t\000i\000n\000k\000e\000r\000i\000o\000.\000p\000y\000\040\000F\000i\000l\000e\000\040\000R\000e\000f\000e\000r\000e\000n\000c\000e}{section.9}% 418
\BOOKMARK [2][-]{subsection.9.33}{\376\377\000v\000i\000b\000r\000a\000t\000i\000o\000n\000.\000p\000y\000\040\000F\000i\000l\000e\000\040\000R\000e\000f\000e\000r\000e\000n\000c\000e}{section.9}% 419
\BOOKMARK [0][-]{section*.290}{\376\377\000I\000n\000d\000e\000x}{}% 420
