Note: Failed to import the optional openff.evaluator package. 
#======================================================================#
#| [1m            Welcome to ForceBalance version 1.7.4! =D             [0m |#
#| [1m                 Force Field Optimization System                  [0m |#
#| [1m                                                                  [0m |#
#| [1m                             Authors:                             [0m |#
#| [1m                          Lee-Ping Wang                           [0m |#
#| [1m                  Yudong Qiu, Keri A. McKiernan                   [0m |#
#| [1m          Jeffrey R. Wagner, Hyesu Jang, Simon Boothroyd          [0m |#
#| [1m           Arthur Vigil, Erik G. Brandt, Johnny Israeli           [0m |#
#======================================================================#

                          [44m     [0m                                        
                       [44m        [0m      [43m     [0m                              
                    [44m        [0m   [44m  [0m    [43m         [0m                          
                 [44m       [0m    [44m      [0m      [43m         [0m                       
             [44m        [0m    [44m        [0m          [43m         [0m                    
          [44m        [0m    [44m        [0m                 [43m        [0m                 
       [44m        [0m    [44m       [0m                        [43m        [0m              
    [44m        [0m   [44m        [0m                              [43m         [0m          
   [44m      [0m   [44m        [0m               `.:+@@###@'          [43m         [0m       
    [44m [0m    [44m        [0m          ,;'+###############.             [43m     [0m       
      [44m        [0m         +################':`                    [43m [0m        
      [44m     [0m              `.,,...####+.                                  
                                ,#####      +##.               [44m   [0m   [44m   [0m
 [43m    [0m                            #####      ######             [44m   [0m   [44m   [0m
 [43m    [0m                ###'        ####'     :#####'             [44m   [0m   [44m   [0m
 [43m    [0m                :####@      ####.    ,####'               [44m   [0m   [44m   [0m
 [43m    [0m                 ######     ####    +###+                 [44m   [0m   [44m   [0m
 [43m    [0m                  #####     ####   ###;                   [44m   [0m   [44m   [0m
 [43m    [0m                   :##      ####  ++`                     [44m   [0m   [44m   [0m
 [43m    [0m                            ####``..:;+##############+`   [44m   [0m   [44m   [0m
 [43m    [0m             .,:;;'++##################################`  [44m   [0m   [44m   [0m
 [43m    [0m    `############################++++''';;;;;;;;;;;'';    [44m   [0m   [44m   [0m
 [43m    [0m      ,########':,.``       ####                          [44m   [0m   [44m   [0m
 [43m    [0m                            ####                          [44m   [0m   [44m   [0m
 [43m    [0m                            ####                          [44m   [0m   [44m   [0m
 [43m    [0m                            ####                          [44m   [0m   [44m   [0m
 [43m    [0m                            ####                          [44m   [0m   [44m   [0m
 [43m    [0m                            ####                          [44m   [0m   [44m   [0m
 [43m    [0m                            ####                          [44m   [0m   [44m   [0m
 [43m    [0m                            ####                          [44m   [0m   [44m   [0m
      [44m    [0m                       ####                                   
     [44m        [0m                    ####                                   
    [44m [0m    [44m       [0m                 ####                       [43m     [0m       
   [44m     [0m    [44m        [0m             ####                    [43m        [0m       
   [44m        [0m    [44m        [0m          ###                  [43m         [0m         
      [44m        [0m    [44m        [0m        +`               [43m        [0m             
          [44m        [0m   [44m        [0m                   [43m        [0m                
             [44m        [0m   [44m         [0m           [43m         [0m                   
                [44m        [0m    [44m       [0m      [43m         [0m                      
                   [44m        [0m    [44m   [0m    [43m        [0m                          
                      [44m        [0m       [43m      [0m                             
                          [44m      [0m      [43m  [0m                                
                             [44m  [0m                                         

Reading options from file: optimize.in
#========================================================#
#| [95m  Options at their default values are not printed   [0m |#
#| [95m        Use 'verbose_options True' to Enable        [0m |#
#========================================================#
Reading force field from file: forcefield.offxml
#=========================================================#
#| [92m Starting parameter indices, physical values and IDs [0m |#
#=========================================================#
   0 [  3.9300e-02 ] : ChargeIncrementModel/ChargeIncrement/charge_increment1/[#6X4:1]-[#1:2]
-----------------------------------------------------------
#=========================================================#
#| [91m Rescaling Factors by Type (Lower Takes Precedence): [0m |#
#=========================================================#
   ChargeIncrementModel/ChargeIncrement/charge_increment1  : 1.00000e+00
-----------------------------------------------------------
#========================================================#
#| [91m   Rescaling Types / Factors by Parameter Number:   [0m |#
#========================================================#
   0 [    ChargeIncrementModel/ChargeIncrement/charge_increment1  : 1.00000e+00 ] : ChargeIncrementModel/ChargeIncrement/charge_increment1/[#6X4:1]-[#1:2]
----------------------------------------------------------
#========================================================#
#| [92m               Setup for force field                [0m |#
#========================================================#
fnms                      ['forcefield.offxml'] 
priors                    OrderedDict([('ChargeIncrementModel/ChargeIncrement/charge_increment1', 1.0)]) 
----------------------------------------------------------
#========================================================#
#| [92m             Setup for target methane :             [0m |#
#========================================================#
name                      methane 
type                      RECHARGE_SMIRNOFF 
tgtdir                    targets/methane 
recharge_esp_store        esp-store.sqlite 
----------------------------------------------------------
#========================================================#
#| [92m        SMIRNOFF Parameter Coverage Analysis        [0m |#
#========================================================#
Force field assignment data written to /Users/boothros/PyCharmProjects/forcebalance/studies/025_openff_recharge/smirnoff_parameter_assignments.json
 idx Parameter                                                                                                   Count
----------------------------------------------------------------------------------------------------------------------
   0 ChargeIncrementModel/ChargeIncrement/charge_increment1/[#6X4:1]-[#1:2]                               :          0
SNIRNOFF Parameter Coverage Analysis result: 0/1 parameters are covered.
----------------------------------------------------------------------------------------------------------------------
Using parabolic regularization (Gaussian prior) with strength 1.0e+00 (+), 0.0e+00 (x)
#========================================================#
#| [92m           Setup for objective function :           [0m |#
#========================================================#
penalty_additive          1.0 
normalize_weights         False 
----------------------------------------------------------
#========================================================#
#| [92m                Setup for optimizer                 [0m |#
#========================================================#
jobtype                   OPTIMIZE 
trust0                    0.25 
mintrust                  5e-05 
eps                       0.01 
convergence_gradient      0.0001 
adapt_fac                 0.2 
adapt_damp                1.0 
print_hess                True 
err_tol                   1.0 
input_file                optimize.in 
----------------------------------------------------------
Calculation started at 2020-08-04 02:37 PM
#========================================================#
#| [1m                  Main Optimizer                    [0m |#
#| [1m   Newton-Raphson Method (Adaptive Trust Radius)    [0m |#
#| [1m                                                    [0m |#
#| [1m       [0mConvergence criteria (1 of 3 needed):        [0m |#
#| [1m          [0mObjective Function  : 1.000e-04           [0m |#
#| [1m          [0mNorm of Gradient    : 1.000e-04           [0m |#
#| [1m          [0mParameter step size : 1.000e-04           [0m |#
#========================================================#
#========================================================#
#|       Color Key for Objective Function -=X2=-        |#
#|  [1mBold[0m = Initial step                                 |#
#|  [92mGreen = Current lowest value of objective function[0m  |#
#|  [91mRed = Objective function rises, step rejected[0m       |#
#|  [0mNo color = Not at the lowest value                  |#
#========================================================#
#========================================================#
#| [94m     Iteration 0: Evaluating objective function     [0m |#
#| [94m        and derivatives through second order        [0m |#
#========================================================#

#========================================================#
#| [1;94m                       SMILES                       [0m |#
#| [1;94m                         X                          [0m |#
#========================================================#
C               -6.287e-02 
----------------------------------------------------------
#====================================================================#
#| [94m                  Objective Function Breakdown                  [0m |#
#| [94m  Target Name              Residual  x  Weight  =  Contribution [0m |#
#====================================================================#
methane                        0.00057      1.000 [94m     5.68107e-04[0m 
Regularization                 0.00000      1.000 [94m     0.00000e+00[0m 
Total                                             [94m     5.68107e-04[0m 
----------------------------------------------------------------------

  Step       |k|        |dk|       |grad|       -=X2=-     Delta(X2)    StepQual
     0   0.000e+00   0.000e+00   9.769e-03[1m   5.68107e-04[0m   0.000e+00      0.000

#========================================================#
#| [94m                   Total Gradient                   [0m |#
#========================================================#
   0 [  9.76931016e-03 ] : ChargeIncrementModel/ChargeIncrement/charge_increment1/[#6X4:1]-[#1:2]
----------------------------------------------------------
#========================================================#
#| [94m                   Total Hessian                    [0m |#
#========================================================#
 2.00004772e+00 
----------------------------------------------------------
Calculating nonlinear optimization step
Newton-Raphson step found (length 4.8845e-03)
#========================================================#
#| [95m  Mathematical Parameters (Current + Step = Next)   [0m |#
#========================================================#
   0 [  0.0000e+00 - 4.8845e-03 = -4.8845e-03 ] : ChargeIncrementModel/ChargeIncrement/charge_increment1/[#6X4:1]-[#1:2]
----------------------------------------------------------
#========================================================#
#| [95m    Physical Parameters (Current + Step = Next)     [0m |#
#========================================================#
   0 [  3.9300e-02 - 4.8845e-03 =  3.4415e-02 ] : ChargeIncrementModel/ChargeIncrement/charge_increment1/[#6X4:1]-[#1:2]
----------------------------------------------------------
Input file with saved parameters: optimize.sav
#========================================================#
#| [94m     Iteration 1: Evaluating objective function     [0m |#
#| [94m        and derivatives through second order        [0m |#
#========================================================#

#========================================================#
#| [1;94m                       SMILES                       [0m |#
#| [1;94m                         X                          [0m |#
#========================================================#
C               -5.913e-02 
----------------------------------------------------------
#===================================================================================#
#| [94m                         Objective Function Breakdown                          [0m |#
#| [94m  Target Name              Residual  x  Weight  =  Contribution (Current-Prev) [0m |#
#===================================================================================#
methane                        0.00052      1.000 [92m     5.21437e-04[0m ( -4.667e-05 ) 
Regularization                 0.00002      1.000 [91m     2.38587e-05[0m ( +2.386e-05 ) 
Total                                             [92m     5.45296e-04[0m ( -2.281e-05 ) 
-------------------------------------------------------------------------------------
Creating the directory /Users/boothros/PyCharmProjects/forcebalance/studies/025_openff_recharge/result/optimize to print the force field
#========================================================================#
#|  The force field has been written to the result/optimize directory.  |#
#|    Input file with optimization parameters saved to optimize.sav.    |#
#========================================================================#

  Step       |k|        |dk|       |grad|       -=X2=-     Delta(X2)    StepQual
     1   4.885e-03   4.885e-03   4.293e-04[92m   5.45296e-04[0m  -2.281e-05      0.956

#========================================================#
#| [94m                   Total Gradient                   [0m |#
#========================================================#
   0 [ -4.29312637e-04 ] : ChargeIncrementModel/ChargeIncrement/charge_increment1/[#6X4:1]-[#1:2]
----------------------------------------------------------
#========================================================#
#| [94m                   Total Hessian                    [0m |#
#========================================================#
 2.00004362e+00 
----------------------------------------------------------
Convergence criterion reached for objective function (1.00e-04)
#========================================================#
#| [92m               [0m[1mOptimization Converged[0m               [0m |#
#| [92m           Final objective function value           [0m |#
#| [92m  Full:  5.452961e-04  Un-penalized:  5.214374e-04  [0m |#
#========================================================#
#========================================================#
#| [94m           Final optimization parameters:           [0m |#
#========================================================#
   0 [ -4.8845e-03 ] : ChargeIncrementModel/ChargeIncrement/charge_increment1/[#6X4:1]-[#1:2]
#========================================================#
#| [94m             Final physical parameters:             [0m |#
#========================================================#
   0 [  3.4415e-02 ] : ChargeIncrementModel/ChargeIncrement/charge_increment1/[#6X4:1]-[#1:2]
----------------------------------------------------------
Backing up result/optimize/forcefield.offxml -> result/optimize/forcefield_1.offxml
#========================================================================#
#|  The force field has been written to the result/optimize directory.  |#
#|    Input file with optimization parameters saved to optimize.sav.    |#
#========================================================================#
Wall time since calculation start: 0.0 seconds
#========================================================#
#| [1;44;93m               Calculation Finished.                [0m |#
#| [1;44;93m     ---==(  May the Force be with you!  )==---     [0m |#
#========================================================#
